<html>
<head>
<title>TestNG:  Testfirefox</title>
<link href="../testng.css" rel="stylesheet" type="text/css" />
<link href="../my-testng.css" rel="stylesheet" type="text/css" />

<style type="text/css">
.log { display: none;} 
.stack-trace { display: none;} 
</style>
<script type="text/javascript">
<!--
function flip(e) {
  current = e.style.display;
  if (current == 'block') {
    e.style.display = 'none';
    return 0;
  }
  else {
    e.style.display = 'block';
    return 1;
  }
}

function toggleBox(szDivId, elem, msg1, msg2)
{
  var res = -1;  if (document.getElementById) {
    res = flip(document.getElementById(szDivId));
  }
  else if (document.all) {
    // this is the way old msie versions work
    res = flip(document.all[szDivId]);
  }
  if(elem) {
    if(res == 0) elem.innerHTML = msg1; else elem.innerHTML = msg2;
  }

}

function toggleAllBoxes() {
  if (document.getElementsByTagName) {
    d = document.getElementsByTagName('div');
    for (i = 0; i < d.length; i++) {
      if (d[i].className == 'log') {
        flip(d[i]);
      }
    }
  }
}

// -->
</script>

</head>
<body>
<h2 align='center'>Testfirefox</h2><table border='1' align="center">
<tr>
<td>Tests passed/Failed/Skipped:</td><td>191/26/0</td>
</tr><tr>
<td>Started on:</td><td>Tue Dec 17 11:57:02 CST 2024</td>
</tr>
<tr><td>Total time:</td><td>1105 seconds (1105183 ms)</td>
</tr><tr>
<td>Included groups:</td><td></td>
</tr><tr>
<td>Excluded groups:</td><td></td>
</tr>
</table><p/>
<small><i>(Hover the method name to see the test class name)</i></small><p/>
<table width='100%' border='1' class='invocation-failed'>
<tr><td colspan='4' align='center'><b>FAILED TESTS</b></td></tr>
<tr><td><b>Test method</b></td>
<td><b>Attribute(s)</b></td>
<td width="30%"><b>Exception</b></td>
<td width="10%"><b>Time (seconds)</b></td>
<td><b>Instance</b></td>
</tr>
<tr>
<td title='TestRunners.TestRunner.runScenario()'><b>runScenario</b><br>Test class: TestRunners.TestRunner<br>Test method: Runs Cucumber Scenarios<br>Parameters: "New user registration page with valid username but only numeric password and confirm password", "Registration"</td>
<td><div><pre>java.lang.AssertionError: expected [Invalid password] but found [password_mismatch:The two password fields didn’t match.]
	at StepDefinitions.Registration.the_user_is_displayed_the_appropriate_error_msg_after_entering_invalid_data_and_redirects_to_empty_confirm_password_textbox(Registration.java:112)
	at ✽.The user is displayed the appropriate error msg after entering invalid data and redirects to empty confirm password textbox(file:///C:/Projects/newFolder-3/Repo1/src/test/resources/Features/Registration.feature:39)
... Removed 6 stack frames</pre></div><a href='#' onClick='toggleBox("stack-trace755936718", this, "Click to show all stack frames", "Click to hide stack frames")'>Click to show all stack frames</a>
<div class='stack-trace' id='stack-trace755936718'><pre>java.lang.AssertionError: expected [Invalid password] but found [password_mismatch:The two password fields didn’t match.]
	at org.testng.Assert.fail(Assert.java:111)
	at org.testng.Assert.failNotEquals(Assert.java:1578)
	at org.testng.Assert.assertEqualsImpl(Assert.java:150)
	at org.testng.Assert.assertEquals(Assert.java:132)
	at org.testng.Assert.assertEquals(Assert.java:656)
	at org.testng.Assert.assertEquals(Assert.java:666)
	at StepDefinitions.Registration.the_user_is_displayed_the_appropriate_error_msg_after_entering_invalid_data_and_redirects_to_empty_confirm_password_textbox(Registration.java:112)
	at ✽.The user is displayed the appropriate error msg after entering invalid data and redirects to empty confirm password textbox(file:///C:/Projects/newFolder-3/Repo1/src/test/resources/Features/Registration.feature:39)
</pre></div></td>
<td>9</td>
<td>TestRunners.TestRunner@fbd1f6</td></tr>
<tr>
<td title='TestRunners.TestRunner.runScenario()'><b>runScenario</b><br>Test class: TestRunners.TestRunner<br>Test method: Runs Cucumber Scenarios<br>Parameters: "New user registration page with username entered with a space inbetween", "Registration"</td>
<td><div><pre>java.lang.AssertionError: expected [NumpyNinja] but found [Registration]
	at StepDefinitions.Registration.the_user_is_displayed_with_error_msg_after_entering_invalid_data_and_redirects_to_empty_username_textbox(Registration.java:94)
	at ✽.The user is displayed with error msg after entering invalid data and redirects to empty username textbox(file:///C:/Projects/newFolder-3/Repo1/src/test/resources/Features/Registration.feature:32)
... Removed 6 stack frames</pre></div><a href='#' onClick='toggleBox("stack-trace549064441", this, "Click to show all stack frames", "Click to hide stack frames")'>Click to show all stack frames</a>
<div class='stack-trace' id='stack-trace549064441'><pre>java.lang.AssertionError: expected [NumpyNinja] but found [Registration]
	at org.testng.Assert.fail(Assert.java:111)
	at org.testng.Assert.failNotEquals(Assert.java:1578)
	at org.testng.Assert.assertEqualsImpl(Assert.java:150)
	at org.testng.Assert.assertEquals(Assert.java:132)
	at org.testng.Assert.assertEquals(Assert.java:656)
	at org.testng.Assert.assertEquals(Assert.java:666)
	at StepDefinitions.Registration.the_user_is_displayed_with_error_msg_after_entering_invalid_data_and_redirects_to_empty_username_textbox(Registration.java:94)
	at ✽.The user is displayed with error msg after entering invalid data and redirects to empty username textbox(file:///C:/Projects/newFolder-3/Repo1/src/test/resources/Features/Registration.feature:32)
</pre></div></td>
<td>10</td>
<td>TestRunners.TestRunner@fbd1f6</td></tr>
<tr>
<td title='TestRunners.TestRunner.runScenario()'><b>runScenario</b><br>Test class: TestRunners.TestRunner<br>Test method: Runs Cucumber Scenarios<br>Parameters: "Error message displayed for invalid code on try Editor for Operations in Stack page", "Stack page"</td>
<td><div><pre>org.openqa.selenium.NoAlertPresentException: Build info: version: &apos;4.26.0&apos;, revision: &apos;8ccf0219d7&apos;
System info: os.name: &apos;Windows 11&apos;, os.arch: &apos;amd64&apos;, os.version: &apos;10.0&apos;, java.version: &apos;21.0.5&apos;
Driver info: org.openqa.selenium.firefox.FirefoxDriver
Command: [5be2ede1-49ff-4ceb-a3a4-4c34728e0990, getAlertText {}]
Capabilities {acceptInsecureCerts: true, browserName: firefox, browserVersion: 133.0.3, moz:accessibilityChecks: false, moz:buildID: 20241209150345, moz:debuggerAddress: 127.0.0.1:10336, moz:geckodriverVersion: 0.35.0, moz:headless: false, moz:platformVersion: 10.0, moz:processID: 12788, moz:profile: C:\Users\vamsh\AppData\Loca..., moz:shutdownTimeout: 60000, moz:webdriverClick: true, moz:windowless: false, pageLoadStrategy: normal, platformName: windows, proxy: Proxy(), se:cdp: ws://127.0.0.1:10336/devtoo..., se:cdpVersion: 85.0, setWindowRect: true, strictFileInteractability: false, timeouts: {implicit: 0, pageLoad: 300000, script: 30000}, unhandledPromptBehavior: dismiss and notify, userAgent: Mozilla/5.0 (Windows NT 10....}
Session ID: 5be2ede1-49ff-4ceb-a3a4-4c34728e0990
	at org.openqa.selenium.remote.ErrorCodec.decode(ErrorCodec.java:167)
	at org.openqa.selenium.remote.codec.w3c.W3CHttpResponseCodec.decode(W3CHttpResponseCodec.java:138)
	at org.openqa.selenium.remote.codec.w3c.W3CHttpResponseCodec.decode(W3CHttpResponseCodec.java:50)
	at org.openqa.selenium.remote.HttpCommandExecutor.execute(HttpCommandExecutor.java:190)
	at org.openqa.selenium.remote.service.DriverCommandExecutor.invokeExecute(DriverCommandExecutor.java:216)
	at org.openqa.selenium.remote.service.DriverCommandExecutor.execute(DriverCommandExecutor.java:174)
	at org.openqa.selenium.remote.RemoteWebDriver.execute(RemoteWebDriver.java:545)
	at org.openqa.selenium.remote.RemoteWebDriver.execute(RemoteWebDriver.java:618)
	at org.openqa.selenium.remote.RemoteWebDriver.execute(RemoteWebDriver.java:622)
	at org.openqa.selenium.remote.RemoteWebDriver$RemoteTargetLocator.alert(RemoteWebDriver.java:1190)
	at PageObjects.IntroductionPage.getAlertText(IntroductionPage.java:134)
	at StepDefinitions.DSIntroductionDetails.the_user_should_able_to_see_an_error_message_in_alert_window(DSIntroductionDetails.java:203)
	at ✽.The user should able to see an error message in alert window(file:///C:/Projects/newFolder-3/Repo1/src/test/resources/Features/StackPage.feature:24)
... Removed 3 stack frames</pre></div><a href='#' onClick='toggleBox("stack-trace1906433253", this, "Click to show all stack frames", "Click to hide stack frames")'>Click to show all stack frames</a>
<div class='stack-trace' id='stack-trace1906433253'><pre>org.openqa.selenium.NoAlertPresentException: Build info: version: &apos;4.26.0&apos;, revision: &apos;8ccf0219d7&apos;
System info: os.name: &apos;Windows 11&apos;, os.arch: &apos;amd64&apos;, os.version: &apos;10.0&apos;, java.version: &apos;21.0.5&apos;
Driver info: org.openqa.selenium.firefox.FirefoxDriver
Command: [5be2ede1-49ff-4ceb-a3a4-4c34728e0990, getAlertText {}]
Capabilities {acceptInsecureCerts: true, browserName: firefox, browserVersion: 133.0.3, moz:accessibilityChecks: false, moz:buildID: 20241209150345, moz:debuggerAddress: 127.0.0.1:10336, moz:geckodriverVersion: 0.35.0, moz:headless: false, moz:platformVersion: 10.0, moz:processID: 12788, moz:profile: C:\Users\vamsh\AppData\Loca..., moz:shutdownTimeout: 60000, moz:webdriverClick: true, moz:windowless: false, pageLoadStrategy: normal, platformName: windows, proxy: Proxy(), se:cdp: ws://127.0.0.1:10336/devtoo..., se:cdpVersion: 85.0, setWindowRect: true, strictFileInteractability: false, timeouts: {implicit: 0, pageLoad: 300000, script: 30000}, unhandledPromptBehavior: dismiss and notify, userAgent: Mozilla/5.0 (Windows NT 10....}
Session ID: 5be2ede1-49ff-4ceb-a3a4-4c34728e0990
	at java.base/jdk.internal.reflect.DirectConstructorHandleAccessor.newInstance(DirectConstructorHandleAccessor.java:62)
	at java.base/java.lang.reflect.Constructor.newInstanceWithCaller(Constructor.java:502)
	at java.base/java.lang.reflect.Constructor.newInstance(Constructor.java:486)
	at org.openqa.selenium.remote.ErrorCodec.decode(ErrorCodec.java:167)
	at org.openqa.selenium.remote.codec.w3c.W3CHttpResponseCodec.decode(W3CHttpResponseCodec.java:138)
	at org.openqa.selenium.remote.codec.w3c.W3CHttpResponseCodec.decode(W3CHttpResponseCodec.java:50)
	at org.openqa.selenium.remote.HttpCommandExecutor.execute(HttpCommandExecutor.java:190)
	at org.openqa.selenium.remote.service.DriverCommandExecutor.invokeExecute(DriverCommandExecutor.java:216)
	at org.openqa.selenium.remote.service.DriverCommandExecutor.execute(DriverCommandExecutor.java:174)
	at org.openqa.selenium.remote.RemoteWebDriver.execute(RemoteWebDriver.java:545)
	at org.openqa.selenium.remote.RemoteWebDriver.execute(RemoteWebDriver.java:618)
	at org.openqa.selenium.remote.RemoteWebDriver.execute(RemoteWebDriver.java:622)
	at org.openqa.selenium.remote.RemoteWebDriver$RemoteTargetLocator.alert(RemoteWebDriver.java:1190)
	at PageObjects.IntroductionPage.getAlertText(IntroductionPage.java:134)
	at StepDefinitions.DSIntroductionDetails.the_user_should_able_to_see_an_error_message_in_alert_window(DSIntroductionDetails.java:203)
	at ✽.The user should able to see an error message in alert window(file:///C:/Projects/newFolder-3/Repo1/src/test/resources/Features/StackPage.feature:24)
</pre></div></td>
<td>12</td>
<td>TestRunners.TestRunner@fbd1f6</td></tr>
<tr>
<td title='TestRunners.TestRunner.runScenario()'><b>runScenario</b><br>Test class: TestRunners.TestRunner<br>Test method: Runs Cucumber Scenarios<br>Parameters: "Error message displayed for invalid code on try editor for Time Complexity", "DS Introduction Page"</td>
<td><div><pre>org.openqa.selenium.NoAlertPresentException: Build info: version: &apos;4.26.0&apos;, revision: &apos;8ccf0219d7&apos;
System info: os.name: &apos;Windows 11&apos;, os.arch: &apos;amd64&apos;, os.version: &apos;10.0&apos;, java.version: &apos;21.0.5&apos;
Driver info: org.openqa.selenium.firefox.FirefoxDriver
Command: [d33167be-4064-41c0-b1e0-6df5db8006bb, getAlertText {}]
Capabilities {acceptInsecureCerts: true, browserName: firefox, browserVersion: 133.0.3, moz:accessibilityChecks: false, moz:buildID: 20241209150345, moz:debuggerAddress: 127.0.0.1:44424, moz:geckodriverVersion: 0.35.0, moz:headless: false, moz:platformVersion: 10.0, moz:processID: 42832, moz:profile: C:\Users\vamsh\AppData\Loca..., moz:shutdownTimeout: 60000, moz:webdriverClick: true, moz:windowless: false, pageLoadStrategy: normal, platformName: windows, proxy: Proxy(), se:cdp: ws://127.0.0.1:44424/devtoo..., se:cdpVersion: 85.0, setWindowRect: true, strictFileInteractability: false, timeouts: {implicit: 0, pageLoad: 300000, script: 30000}, unhandledPromptBehavior: dismiss and notify, userAgent: Mozilla/5.0 (Windows NT 10....}
Session ID: d33167be-4064-41c0-b1e0-6df5db8006bb
	at org.openqa.selenium.remote.ErrorCodec.decode(ErrorCodec.java:167)
	at org.openqa.selenium.remote.codec.w3c.W3CHttpResponseCodec.decode(W3CHttpResponseCodec.java:138)
	at org.openqa.selenium.remote.codec.w3c.W3CHttpResponseCodec.decode(W3CHttpResponseCodec.java:50)
	at org.openqa.selenium.remote.HttpCommandExecutor.execute(HttpCommandExecutor.java:190)
	at org.openqa.selenium.remote.service.DriverCommandExecutor.invokeExecute(DriverCommandExecutor.java:216)
	at org.openqa.selenium.remote.service.DriverCommandExecutor.execute(DriverCommandExecutor.java:174)
	at org.openqa.selenium.remote.RemoteWebDriver.execute(RemoteWebDriver.java:545)
	at org.openqa.selenium.remote.RemoteWebDriver.execute(RemoteWebDriver.java:618)
	at org.openqa.selenium.remote.RemoteWebDriver.execute(RemoteWebDriver.java:622)
	at org.openqa.selenium.remote.RemoteWebDriver$RemoteTargetLocator.alert(RemoteWebDriver.java:1190)
	at PageObjects.IntroductionPage.getAlertText(IntroductionPage.java:134)
	at StepDefinitions.DSIntroductionDetails.the_user_should_able_to_see_an_error_message_in_alert_window(DSIntroductionDetails.java:203)
	at ✽.The user should able to see an error message in alert window(file:///C:/Projects/newFolder-3/Repo1/src/test/resources/Features/DSIntroductionPage.feature:36)
... Removed 3 stack frames</pre></div><a href='#' onClick='toggleBox("stack-trace1606657670", this, "Click to show all stack frames", "Click to hide stack frames")'>Click to show all stack frames</a>
<div class='stack-trace' id='stack-trace1606657670'><pre>org.openqa.selenium.NoAlertPresentException: Build info: version: &apos;4.26.0&apos;, revision: &apos;8ccf0219d7&apos;
System info: os.name: &apos;Windows 11&apos;, os.arch: &apos;amd64&apos;, os.version: &apos;10.0&apos;, java.version: &apos;21.0.5&apos;
Driver info: org.openqa.selenium.firefox.FirefoxDriver
Command: [d33167be-4064-41c0-b1e0-6df5db8006bb, getAlertText {}]
Capabilities {acceptInsecureCerts: true, browserName: firefox, browserVersion: 133.0.3, moz:accessibilityChecks: false, moz:buildID: 20241209150345, moz:debuggerAddress: 127.0.0.1:44424, moz:geckodriverVersion: 0.35.0, moz:headless: false, moz:platformVersion: 10.0, moz:processID: 42832, moz:profile: C:\Users\vamsh\AppData\Loca..., moz:shutdownTimeout: 60000, moz:webdriverClick: true, moz:windowless: false, pageLoadStrategy: normal, platformName: windows, proxy: Proxy(), se:cdp: ws://127.0.0.1:44424/devtoo..., se:cdpVersion: 85.0, setWindowRect: true, strictFileInteractability: false, timeouts: {implicit: 0, pageLoad: 300000, script: 30000}, unhandledPromptBehavior: dismiss and notify, userAgent: Mozilla/5.0 (Windows NT 10....}
Session ID: d33167be-4064-41c0-b1e0-6df5db8006bb
	at java.base/jdk.internal.reflect.DirectConstructorHandleAccessor.newInstance(DirectConstructorHandleAccessor.java:62)
	at java.base/java.lang.reflect.Constructor.newInstanceWithCaller(Constructor.java:502)
	at java.base/java.lang.reflect.Constructor.newInstance(Constructor.java:486)
	at org.openqa.selenium.remote.ErrorCodec.decode(ErrorCodec.java:167)
	at org.openqa.selenium.remote.codec.w3c.W3CHttpResponseCodec.decode(W3CHttpResponseCodec.java:138)
	at org.openqa.selenium.remote.codec.w3c.W3CHttpResponseCodec.decode(W3CHttpResponseCodec.java:50)
	at org.openqa.selenium.remote.HttpCommandExecutor.execute(HttpCommandExecutor.java:190)
	at org.openqa.selenium.remote.service.DriverCommandExecutor.invokeExecute(DriverCommandExecutor.java:216)
	at org.openqa.selenium.remote.service.DriverCommandExecutor.execute(DriverCommandExecutor.java:174)
	at org.openqa.selenium.remote.RemoteWebDriver.execute(RemoteWebDriver.java:545)
	at org.openqa.selenium.remote.RemoteWebDriver.execute(RemoteWebDriver.java:618)
	at org.openqa.selenium.remote.RemoteWebDriver.execute(RemoteWebDriver.java:622)
	at org.openqa.selenium.remote.RemoteWebDriver$RemoteTargetLocator.alert(RemoteWebDriver.java:1190)
	at PageObjects.IntroductionPage.getAlertText(IntroductionPage.java:134)
	at StepDefinitions.DSIntroductionDetails.the_user_should_able_to_see_an_error_message_in_alert_window(DSIntroductionDetails.java:203)
	at ✽.The user should able to see an error message in alert window(file:///C:/Projects/newFolder-3/Repo1/src/test/resources/Features/DSIntroductionPage.feature:36)
</pre></div></td>
<td>18</td>
<td>TestRunners.TestRunner@fbd1f6</td></tr>
<tr>
<td title='TestRunners.TestRunner.runScenario()'><b>runScenario</b><br>Test class: TestRunners.TestRunner<br>Test method: Runs Cucumber Scenarios<br>Parameters: "Validate user lands on default home page", "DS Homepage"</td>
<td><div><pre>java.lang.AssertionError: expected [rgba(0, 0, 255, 1)] but found [rgb(0, 0, 255)]
	at StepDefinitions.HomeStepDefinitions.the_user_should_landed_on_the_ds_algo_get_started_page_with_message_you_are_at_the_right_place(HomeStepDefinitions.java:25)
	at ✽.The user should landed on the DS_Algo Get Started page with message You are at the right place(file:///C:/Projects/newFolder-3/Repo1/src/test/resources/Features/HomePage.feature:5)
... Removed 6 stack frames</pre></div><a href='#' onClick='toggleBox("stack-trace839214338", this, "Click to show all stack frames", "Click to hide stack frames")'>Click to show all stack frames</a>
<div class='stack-trace' id='stack-trace839214338'><pre>java.lang.AssertionError: expected [rgba(0, 0, 255, 1)] but found [rgb(0, 0, 255)]
	at org.testng.Assert.fail(Assert.java:111)
	at org.testng.Assert.failNotEquals(Assert.java:1578)
	at org.testng.Assert.assertEqualsImpl(Assert.java:150)
	at org.testng.Assert.assertEquals(Assert.java:132)
	at org.testng.Assert.assertEquals(Assert.java:656)
	at org.testng.Assert.assertEquals(Assert.java:666)
	at StepDefinitions.HomeStepDefinitions.the_user_should_landed_on_the_ds_algo_get_started_page_with_message_you_are_at_the_right_place(HomeStepDefinitions.java:25)
	at ✽.The user should landed on the DS_Algo Get Started page with message You are at the right place(file:///C:/Projects/newFolder-3/Repo1/src/test/resources/Features/HomePage.feature:5)
</pre></div></td>
<td>10</td>
<td>TestRunners.TestRunner@fbd1f6</td></tr>
<tr>
<td title='TestRunners.TestRunner.runScenario()'><b>runScenario</b><br>Test class: TestRunners.TestRunner<br>Test method: Runs Cucumber Scenarios<br>Parameters: "Try Here Editor page with invalid data", "Tree"</td>
<td><div><pre>org.openqa.selenium.NoAlertPresentException: Build info: version: &apos;4.26.0&apos;, revision: &apos;8ccf0219d7&apos;
System info: os.name: &apos;Windows 11&apos;, os.arch: &apos;amd64&apos;, os.version: &apos;10.0&apos;, java.version: &apos;21.0.5&apos;
Driver info: org.openqa.selenium.firefox.FirefoxDriver
Command: [bc6940bc-4301-4f42-8281-118867a984a4, getAlertText {}]
Capabilities {acceptInsecureCerts: true, browserName: firefox, browserVersion: 133.0.3, moz:accessibilityChecks: false, moz:buildID: 20241209150345, moz:debuggerAddress: 127.0.0.1:35229, moz:geckodriverVersion: 0.35.0, moz:headless: false, moz:platformVersion: 10.0, moz:processID: 41768, moz:profile: C:\Users\vamsh\AppData\Loca..., moz:shutdownTimeout: 60000, moz:webdriverClick: true, moz:windowless: false, pageLoadStrategy: normal, platformName: windows, proxy: Proxy(), se:cdp: ws://127.0.0.1:35229/devtoo..., se:cdpVersion: 85.0, setWindowRect: true, strictFileInteractability: false, timeouts: {implicit: 0, pageLoad: 300000, script: 30000}, unhandledPromptBehavior: dismiss and notify, userAgent: Mozilla/5.0 (Windows NT 10....}
Session ID: bc6940bc-4301-4f42-8281-118867a984a4
	at org.openqa.selenium.remote.ErrorCodec.decode(ErrorCodec.java:167)
	at org.openqa.selenium.remote.codec.w3c.W3CHttpResponseCodec.decode(W3CHttpResponseCodec.java:138)
	at org.openqa.selenium.remote.codec.w3c.W3CHttpResponseCodec.decode(W3CHttpResponseCodec.java:50)
	at org.openqa.selenium.remote.HttpCommandExecutor.execute(HttpCommandExecutor.java:190)
	at org.openqa.selenium.remote.service.DriverCommandExecutor.invokeExecute(DriverCommandExecutor.java:216)
	at org.openqa.selenium.remote.service.DriverCommandExecutor.execute(DriverCommandExecutor.java:174)
	at org.openqa.selenium.remote.RemoteWebDriver.execute(RemoteWebDriver.java:545)
	at org.openqa.selenium.remote.RemoteWebDriver.execute(RemoteWebDriver.java:618)
	at org.openqa.selenium.remote.RemoteWebDriver.execute(RemoteWebDriver.java:622)
	at org.openqa.selenium.remote.RemoteWebDriver$RemoteTargetLocator.alert(RemoteWebDriver.java:1190)
	at PageObjects.IntroductionPage.getAlertText(IntroductionPage.java:134)
	at StepDefinitions.Tree.the_user_see_error_msg_in_alert_window(Tree.java:113)
	at ✽.The user see error msg in alert window(file:///C:/Projects/newFolder-3/Repo1/src/test/resources/Features/Tree.feature:34)
... Removed 3 stack frames</pre></div><a href='#' onClick='toggleBox("stack-trace2111719574", this, "Click to show all stack frames", "Click to hide stack frames")'>Click to show all stack frames</a>
<div class='stack-trace' id='stack-trace2111719574'><pre>org.openqa.selenium.NoAlertPresentException: Build info: version: &apos;4.26.0&apos;, revision: &apos;8ccf0219d7&apos;
System info: os.name: &apos;Windows 11&apos;, os.arch: &apos;amd64&apos;, os.version: &apos;10.0&apos;, java.version: &apos;21.0.5&apos;
Driver info: org.openqa.selenium.firefox.FirefoxDriver
Command: [bc6940bc-4301-4f42-8281-118867a984a4, getAlertText {}]
Capabilities {acceptInsecureCerts: true, browserName: firefox, browserVersion: 133.0.3, moz:accessibilityChecks: false, moz:buildID: 20241209150345, moz:debuggerAddress: 127.0.0.1:35229, moz:geckodriverVersion: 0.35.0, moz:headless: false, moz:platformVersion: 10.0, moz:processID: 41768, moz:profile: C:\Users\vamsh\AppData\Loca..., moz:shutdownTimeout: 60000, moz:webdriverClick: true, moz:windowless: false, pageLoadStrategy: normal, platformName: windows, proxy: Proxy(), se:cdp: ws://127.0.0.1:35229/devtoo..., se:cdpVersion: 85.0, setWindowRect: true, strictFileInteractability: false, timeouts: {implicit: 0, pageLoad: 300000, script: 30000}, unhandledPromptBehavior: dismiss and notify, userAgent: Mozilla/5.0 (Windows NT 10....}
Session ID: bc6940bc-4301-4f42-8281-118867a984a4
	at java.base/jdk.internal.reflect.DirectConstructorHandleAccessor.newInstance(DirectConstructorHandleAccessor.java:62)
	at java.base/java.lang.reflect.Constructor.newInstanceWithCaller(Constructor.java:502)
	at java.base/java.lang.reflect.Constructor.newInstance(Constructor.java:486)
	at org.openqa.selenium.remote.ErrorCodec.decode(ErrorCodec.java:167)
	at org.openqa.selenium.remote.codec.w3c.W3CHttpResponseCodec.decode(W3CHttpResponseCodec.java:138)
	at org.openqa.selenium.remote.codec.w3c.W3CHttpResponseCodec.decode(W3CHttpResponseCodec.java:50)
	at org.openqa.selenium.remote.HttpCommandExecutor.execute(HttpCommandExecutor.java:190)
	at org.openqa.selenium.remote.service.DriverCommandExecutor.invokeExecute(DriverCommandExecutor.java:216)
	at org.openqa.selenium.remote.service.DriverCommandExecutor.execute(DriverCommandExecutor.java:174)
	at org.openqa.selenium.remote.RemoteWebDriver.execute(RemoteWebDriver.java:545)
	at org.openqa.selenium.remote.RemoteWebDriver.execute(RemoteWebDriver.java:618)
	at org.openqa.selenium.remote.RemoteWebDriver.execute(RemoteWebDriver.java:622)
	at org.openqa.selenium.remote.RemoteWebDriver$RemoteTargetLocator.alert(RemoteWebDriver.java:1190)
	at PageObjects.IntroductionPage.getAlertText(IntroductionPage.java:134)
	at StepDefinitions.Tree.the_user_see_error_msg_in_alert_window(Tree.java:113)
	at ✽.The user see error msg in alert window(file:///C:/Projects/newFolder-3/Repo1/src/test/resources/Features/Tree.feature:34)
</pre></div></td>
<td>14</td>
<td>TestRunners.TestRunner@fbd1f6</td></tr>
<tr>
<td title='TestRunners.TestRunner.runScenario()'><b>runScenario</b><br>Test class: TestRunners.TestRunner<br>Test method: Runs Cucumber Scenarios<br>Parameters: "Try Here Editor page with valid data", "Tree"</td>
<td><div><pre>java.lang.AssertionError: expected [hello] but found []
	at StepDefinitions.Tree.the_user_is_able_to_see_the_output_inside_the_console(Tree.java:101)
	at ✽.The user is able to see the output inside the console.(file:///C:/Projects/newFolder-3/Repo1/src/test/resources/Features/Tree.feature:118)
... Removed 6 stack frames</pre></div><a href='#' onClick='toggleBox("stack-trace267628539", this, "Click to show all stack frames", "Click to hide stack frames")'>Click to show all stack frames</a>
<div class='stack-trace' id='stack-trace267628539'><pre>java.lang.AssertionError: expected [hello] but found []
	at org.testng.Assert.fail(Assert.java:111)
	at org.testng.Assert.failNotEquals(Assert.java:1578)
	at org.testng.Assert.assertEqualsImpl(Assert.java:150)
	at org.testng.Assert.assertEquals(Assert.java:132)
	at org.testng.Assert.assertEquals(Assert.java:656)
	at org.testng.Assert.assertEquals(Assert.java:666)
	at StepDefinitions.Tree.the_user_is_able_to_see_the_output_inside_the_console(Tree.java:101)
	at ✽.The user is able to see the output inside the console.(file:///C:/Projects/newFolder-3/Repo1/src/test/resources/Features/Tree.feature:118)
</pre></div></td>
<td>40</td>
<td>TestRunners.TestRunner@fbd1f6</td></tr>
<tr>
<td title='TestRunners.TestRunner.runScenario()'><b>runScenario</b><br>Test class: TestRunners.TestRunner<br>Test method: Runs Cucumber Scenarios<br>Parameters: "Try Here Editor page with invalid data", "Tree"</td>
<td><div><pre>org.openqa.selenium.NoAlertPresentException: Build info: version: &apos;4.26.0&apos;, revision: &apos;8ccf0219d7&apos;
System info: os.name: &apos;Windows 11&apos;, os.arch: &apos;amd64&apos;, os.version: &apos;10.0&apos;, java.version: &apos;21.0.5&apos;
Driver info: org.openqa.selenium.firefox.FirefoxDriver
Command: [5386790b-3e09-46f0-aa8d-38474be79da2, getAlertText {}]
Capabilities {acceptInsecureCerts: true, browserName: firefox, browserVersion: 133.0.3, moz:accessibilityChecks: false, moz:buildID: 20241209150345, moz:debuggerAddress: 127.0.0.1:45107, moz:geckodriverVersion: 0.35.0, moz:headless: false, moz:platformVersion: 10.0, moz:processID: 24476, moz:profile: C:\Users\vamsh\AppData\Loca..., moz:shutdownTimeout: 60000, moz:webdriverClick: true, moz:windowless: false, pageLoadStrategy: normal, platformName: windows, proxy: Proxy(), se:cdp: ws://127.0.0.1:45107/devtoo..., se:cdpVersion: 85.0, setWindowRect: true, strictFileInteractability: false, timeouts: {implicit: 0, pageLoad: 300000, script: 30000}, unhandledPromptBehavior: dismiss and notify, userAgent: Mozilla/5.0 (Windows NT 10....}
Session ID: 5386790b-3e09-46f0-aa8d-38474be79da2
	at org.openqa.selenium.remote.ErrorCodec.decode(ErrorCodec.java:167)
	at org.openqa.selenium.remote.codec.w3c.W3CHttpResponseCodec.decode(W3CHttpResponseCodec.java:138)
	at org.openqa.selenium.remote.codec.w3c.W3CHttpResponseCodec.decode(W3CHttpResponseCodec.java:50)
	at org.openqa.selenium.remote.HttpCommandExecutor.execute(HttpCommandExecutor.java:190)
	at org.openqa.selenium.remote.service.DriverCommandExecutor.invokeExecute(DriverCommandExecutor.java:216)
	at org.openqa.selenium.remote.service.DriverCommandExecutor.execute(DriverCommandExecutor.java:174)
	at org.openqa.selenium.remote.RemoteWebDriver.execute(RemoteWebDriver.java:545)
	at org.openqa.selenium.remote.RemoteWebDriver.execute(RemoteWebDriver.java:618)
	at org.openqa.selenium.remote.RemoteWebDriver.execute(RemoteWebDriver.java:622)
	at org.openqa.selenium.remote.RemoteWebDriver$RemoteTargetLocator.alert(RemoteWebDriver.java:1190)
	at PageObjects.IntroductionPage.getAlertText(IntroductionPage.java:134)
	at StepDefinitions.Tree.the_user_see_error_msg_in_alert_window(Tree.java:113)
	at ✽.The user see error msg in alert window(file:///C:/Projects/newFolder-3/Repo1/src/test/resources/Features/Tree.feature:403)
... Removed 3 stack frames</pre></div><a href='#' onClick='toggleBox("stack-trace305892599", this, "Click to show all stack frames", "Click to hide stack frames")'>Click to show all stack frames</a>
<div class='stack-trace' id='stack-trace305892599'><pre>org.openqa.selenium.NoAlertPresentException: Build info: version: &apos;4.26.0&apos;, revision: &apos;8ccf0219d7&apos;
System info: os.name: &apos;Windows 11&apos;, os.arch: &apos;amd64&apos;, os.version: &apos;10.0&apos;, java.version: &apos;21.0.5&apos;
Driver info: org.openqa.selenium.firefox.FirefoxDriver
Command: [5386790b-3e09-46f0-aa8d-38474be79da2, getAlertText {}]
Capabilities {acceptInsecureCerts: true, browserName: firefox, browserVersion: 133.0.3, moz:accessibilityChecks: false, moz:buildID: 20241209150345, moz:debuggerAddress: 127.0.0.1:45107, moz:geckodriverVersion: 0.35.0, moz:headless: false, moz:platformVersion: 10.0, moz:processID: 24476, moz:profile: C:\Users\vamsh\AppData\Loca..., moz:shutdownTimeout: 60000, moz:webdriverClick: true, moz:windowless: false, pageLoadStrategy: normal, platformName: windows, proxy: Proxy(), se:cdp: ws://127.0.0.1:45107/devtoo..., se:cdpVersion: 85.0, setWindowRect: true, strictFileInteractability: false, timeouts: {implicit: 0, pageLoad: 300000, script: 30000}, unhandledPromptBehavior: dismiss and notify, userAgent: Mozilla/5.0 (Windows NT 10....}
Session ID: 5386790b-3e09-46f0-aa8d-38474be79da2
	at java.base/jdk.internal.reflect.DirectConstructorHandleAccessor.newInstance(DirectConstructorHandleAccessor.java:62)
	at java.base/java.lang.reflect.Constructor.newInstanceWithCaller(Constructor.java:502)
	at java.base/java.lang.reflect.Constructor.newInstance(Constructor.java:486)
	at org.openqa.selenium.remote.ErrorCodec.decode(ErrorCodec.java:167)
	at org.openqa.selenium.remote.codec.w3c.W3CHttpResponseCodec.decode(W3CHttpResponseCodec.java:138)
	at org.openqa.selenium.remote.codec.w3c.W3CHttpResponseCodec.decode(W3CHttpResponseCodec.java:50)
	at org.openqa.selenium.remote.HttpCommandExecutor.execute(HttpCommandExecutor.java:190)
	at org.openqa.selenium.remote.service.DriverCommandExecutor.invokeExecute(DriverCommandExecutor.java:216)
	at org.openqa.selenium.remote.service.DriverCommandExecutor.execute(DriverCommandExecutor.java:174)
	at org.openqa.selenium.remote.RemoteWebDriver.execute(RemoteWebDriver.java:545)
	at org.openqa.selenium.remote.RemoteWebDriver.execute(RemoteWebDriver.java:618)
	at org.openqa.selenium.remote.RemoteWebDriver.execute(RemoteWebDriver.java:622)
	at org.openqa.selenium.remote.RemoteWebDriver$RemoteTargetLocator.alert(RemoteWebDriver.java:1190)
	at PageObjects.IntroductionPage.getAlertText(IntroductionPage.java:134)
	at StepDefinitions.Tree.the_user_see_error_msg_in_alert_window(Tree.java:113)
	at ✽.The user see error msg in alert window(file:///C:/Projects/newFolder-3/Repo1/src/test/resources/Features/Tree.feature:403)
</pre></div></td>
<td>7</td>
<td>TestRunners.TestRunner@fbd1f6</td></tr>
<tr>
<td title='TestRunners.TestRunner.runScenario()'><b>runScenario</b><br>Test class: TestRunners.TestRunner<br>Test method: Runs Cucumber Scenarios<br>Parameters: "Validate user is able to Submit the code in tryEditor for Max Consecutive Ones", "Array detail page"</td>
<td><div><pre>java.lang.AssertionError: expected [ Some Tests failed. Please review code] but found [Error occurred during submission]
	at StepDefinitions.ArrayStepDefintions.the_user_should_be_presented_with_the_run_result(ArrayStepDefintions.java:159)
	at ✽.the user should be presented with the Run result from sheet &quot;pythonCode&quot; and row 3(file:///C:/Projects/newFolder-3/Repo1/src/test/resources/Features/ArrayDetailsPage.feature:165)
... Removed 6 stack frames</pre></div><a href='#' onClick='toggleBox("stack-trace1062215069", this, "Click to show all stack frames", "Click to hide stack frames")'>Click to show all stack frames</a>
<div class='stack-trace' id='stack-trace1062215069'><pre>java.lang.AssertionError: expected [ Some Tests failed. Please review code] but found [Error occurred during submission]
	at org.testng.Assert.fail(Assert.java:111)
	at org.testng.Assert.failNotEquals(Assert.java:1578)
	at org.testng.Assert.assertEqualsImpl(Assert.java:150)
	at org.testng.Assert.assertEquals(Assert.java:132)
	at org.testng.Assert.assertEquals(Assert.java:656)
	at org.testng.Assert.assertEquals(Assert.java:666)
	at StepDefinitions.ArrayStepDefintions.the_user_should_be_presented_with_the_run_result(ArrayStepDefintions.java:159)
	at ✽.the user should be presented with the Run result from sheet &quot;pythonCode&quot; and row 3(file:///C:/Projects/newFolder-3/Repo1/src/test/resources/Features/ArrayDetailsPage.feature:165)
</pre></div></td>
<td>15</td>
<td>TestRunners.TestRunner@fbd1f6</td></tr>
<tr>
<td title='TestRunners.TestRunner.runScenario()'><b>runScenario</b><br>Test class: TestRunners.TestRunner<br>Test method: Runs Cucumber Scenarios<br>Parameters: "Validate user is able to Submit the code in tryEditor for Search the array link", "Array detail page"</td>
<td><div><pre>java.lang.AssertionError: expected [ Some Tests failed. Please review code] but found [Error occurred during submission]
	at StepDefinitions.ArrayStepDefintions.the_user_should_be_presented_with_the_run_result(ArrayStepDefintions.java:159)
	at ✽.the user should be presented with the Run result from sheet &quot;pythonCode&quot; and row 1(file:///C:/Projects/newFolder-3/Repo1/src/test/resources/Features/ArrayDetailsPage.feature:142)
... Removed 6 stack frames</pre></div><a href='#' onClick='toggleBox("stack-trace1162402584", this, "Click to show all stack frames", "Click to hide stack frames")'>Click to show all stack frames</a>
<div class='stack-trace' id='stack-trace1162402584'><pre>java.lang.AssertionError: expected [ Some Tests failed. Please review code] but found [Error occurred during submission]
	at org.testng.Assert.fail(Assert.java:111)
	at org.testng.Assert.failNotEquals(Assert.java:1578)
	at org.testng.Assert.assertEqualsImpl(Assert.java:150)
	at org.testng.Assert.assertEquals(Assert.java:132)
	at org.testng.Assert.assertEquals(Assert.java:656)
	at org.testng.Assert.assertEquals(Assert.java:666)
	at StepDefinitions.ArrayStepDefintions.the_user_should_be_presented_with_the_run_result(ArrayStepDefintions.java:159)
	at ✽.the user should be presented with the Run result from sheet &quot;pythonCode&quot; and row 1(file:///C:/Projects/newFolder-3/Repo1/src/test/resources/Features/ArrayDetailsPage.feature:142)
</pre></div></td>
<td>14</td>
<td>TestRunners.TestRunner@fbd1f6</td></tr>
<tr>
<td title='TestRunners.TestRunner.runScenario()'><b>runScenario</b><br>Test class: TestRunners.TestRunner<br>Test method: Runs Cucumber Scenarios<br>Parameters: "New user registration page with valid username but password and confirm password fields has less than eight characters", "Registration"</td>
<td><div><pre>java.lang.AssertionError: expected [Invalid password] but found [password_mismatch:The two password fields didn’t match.]
	at StepDefinitions.Registration.the_user_is_displayed_the_appropriate_error_msg_after_entering_invalid_data_and_redirects_to_empty_password_confirm_textbox(Registration.java:131)
	at ✽.The user is displayed the appropriate error msg after entering invalid data and  redirects to empty password confirm textbox(file:///C:/Projects/newFolder-3/Repo1/src/test/resources/Features/Registration.feature:47)
... Removed 6 stack frames</pre></div><a href='#' onClick='toggleBox("stack-trace1586399135", this, "Click to show all stack frames", "Click to hide stack frames")'>Click to show all stack frames</a>
<div class='stack-trace' id='stack-trace1586399135'><pre>java.lang.AssertionError: expected [Invalid password] but found [password_mismatch:The two password fields didn’t match.]
	at org.testng.Assert.fail(Assert.java:111)
	at org.testng.Assert.failNotEquals(Assert.java:1578)
	at org.testng.Assert.assertEqualsImpl(Assert.java:150)
	at org.testng.Assert.assertEquals(Assert.java:132)
	at org.testng.Assert.assertEquals(Assert.java:656)
	at org.testng.Assert.assertEquals(Assert.java:666)
	at StepDefinitions.Registration.the_user_is_displayed_the_appropriate_error_msg_after_entering_invalid_data_and_redirects_to_empty_password_confirm_textbox(Registration.java:131)
	at ✽.The user is displayed the appropriate error msg after entering invalid data and  redirects to empty password confirm textbox(file:///C:/Projects/newFolder-3/Repo1/src/test/resources/Features/Registration.feature:47)
</pre></div></td>
<td>9</td>
<td>TestRunners.TestRunner@fbd1f6</td></tr>
<tr>
<td title='TestRunners.TestRunner.runScenario()'><b>runScenario</b><br>Test class: TestRunners.TestRunner<br>Test method: Runs Cucumber Scenarios<br>Parameters: "Try Here Editor page with valid data", "Tree"</td>
<td><div><pre>java.lang.AssertionError: expected [hello] but found []
	at StepDefinitions.Tree.the_user_is_able_to_see_the_output_inside_the_console(Tree.java:101)
	at ✽.The user is able to see the output inside the console.(file:///C:/Projects/newFolder-3/Repo1/src/test/resources/Features/Tree.feature:29)
... Removed 6 stack frames</pre></div><a href='#' onClick='toggleBox("stack-trace1299564007", this, "Click to show all stack frames", "Click to hide stack frames")'>Click to show all stack frames</a>
<div class='stack-trace' id='stack-trace1299564007'><pre>java.lang.AssertionError: expected [hello] but found []
	at org.testng.Assert.fail(Assert.java:111)
	at org.testng.Assert.failNotEquals(Assert.java:1578)
	at org.testng.Assert.assertEqualsImpl(Assert.java:150)
	at org.testng.Assert.assertEquals(Assert.java:132)
	at org.testng.Assert.assertEquals(Assert.java:656)
	at org.testng.Assert.assertEquals(Assert.java:666)
	at StepDefinitions.Tree.the_user_is_able_to_see_the_output_inside_the_console(Tree.java:101)
	at ✽.The user is able to see the output inside the console.(file:///C:/Projects/newFolder-3/Repo1/src/test/resources/Features/Tree.feature:29)
</pre></div></td>
<td>44</td>
<td>TestRunners.TestRunner@fbd1f6</td></tr>
<tr>
<td title='TestRunners.TestRunner.runScenario()'><b>runScenario</b><br>Test class: TestRunners.TestRunner<br>Test method: Runs Cucumber Scenarios<br>Parameters: "Try Here Editor page with invalid data", "Tree"</td>
<td><div><pre>org.openqa.selenium.NoAlertPresentException: Build info: version: &apos;4.26.0&apos;, revision: &apos;8ccf0219d7&apos;
System info: os.name: &apos;Windows 11&apos;, os.arch: &apos;amd64&apos;, os.version: &apos;10.0&apos;, java.version: &apos;21.0.5&apos;
Driver info: org.openqa.selenium.firefox.FirefoxDriver
Command: [298ed02d-21ad-44bc-a03b-5ffbc77ae0d5, getAlertText {}]
Capabilities {acceptInsecureCerts: true, browserName: firefox, browserVersion: 133.0.3, moz:accessibilityChecks: false, moz:buildID: 20241209150345, moz:debuggerAddress: 127.0.0.1:19017, moz:geckodriverVersion: 0.35.0, moz:headless: false, moz:platformVersion: 10.0, moz:processID: 26228, moz:profile: C:\Users\vamsh\AppData\Loca..., moz:shutdownTimeout: 60000, moz:webdriverClick: true, moz:windowless: false, pageLoadStrategy: normal, platformName: windows, proxy: Proxy(), se:cdp: ws://127.0.0.1:19017/devtoo..., se:cdpVersion: 85.0, setWindowRect: true, strictFileInteractability: false, timeouts: {implicit: 0, pageLoad: 300000, script: 30000}, unhandledPromptBehavior: dismiss and notify, userAgent: Mozilla/5.0 (Windows NT 10....}
Session ID: 298ed02d-21ad-44bc-a03b-5ffbc77ae0d5
	at org.openqa.selenium.remote.ErrorCodec.decode(ErrorCodec.java:167)
	at org.openqa.selenium.remote.codec.w3c.W3CHttpResponseCodec.decode(W3CHttpResponseCodec.java:138)
	at org.openqa.selenium.remote.codec.w3c.W3CHttpResponseCodec.decode(W3CHttpResponseCodec.java:50)
	at org.openqa.selenium.remote.HttpCommandExecutor.execute(HttpCommandExecutor.java:190)
	at org.openqa.selenium.remote.service.DriverCommandExecutor.invokeExecute(DriverCommandExecutor.java:216)
	at org.openqa.selenium.remote.service.DriverCommandExecutor.execute(DriverCommandExecutor.java:174)
	at org.openqa.selenium.remote.RemoteWebDriver.execute(RemoteWebDriver.java:545)
	at org.openqa.selenium.remote.RemoteWebDriver.execute(RemoteWebDriver.java:618)
	at org.openqa.selenium.remote.RemoteWebDriver.execute(RemoteWebDriver.java:622)
	at org.openqa.selenium.remote.RemoteWebDriver$RemoteTargetLocator.alert(RemoteWebDriver.java:1190)
	at PageObjects.IntroductionPage.getAlertText(IntroductionPage.java:134)
	at StepDefinitions.Tree.the_user_see_error_msg_in_alert_window(Tree.java:113)
	at ✽.The user see error msg in alert window(file:///C:/Projects/newFolder-3/Repo1/src/test/resources/Features/Tree.feature:341)
... Removed 3 stack frames</pre></div><a href='#' onClick='toggleBox("stack-trace1689848171", this, "Click to show all stack frames", "Click to hide stack frames")'>Click to show all stack frames</a>
<div class='stack-trace' id='stack-trace1689848171'><pre>org.openqa.selenium.NoAlertPresentException: Build info: version: &apos;4.26.0&apos;, revision: &apos;8ccf0219d7&apos;
System info: os.name: &apos;Windows 11&apos;, os.arch: &apos;amd64&apos;, os.version: &apos;10.0&apos;, java.version: &apos;21.0.5&apos;
Driver info: org.openqa.selenium.firefox.FirefoxDriver
Command: [298ed02d-21ad-44bc-a03b-5ffbc77ae0d5, getAlertText {}]
Capabilities {acceptInsecureCerts: true, browserName: firefox, browserVersion: 133.0.3, moz:accessibilityChecks: false, moz:buildID: 20241209150345, moz:debuggerAddress: 127.0.0.1:19017, moz:geckodriverVersion: 0.35.0, moz:headless: false, moz:platformVersion: 10.0, moz:processID: 26228, moz:profile: C:\Users\vamsh\AppData\Loca..., moz:shutdownTimeout: 60000, moz:webdriverClick: true, moz:windowless: false, pageLoadStrategy: normal, platformName: windows, proxy: Proxy(), se:cdp: ws://127.0.0.1:19017/devtoo..., se:cdpVersion: 85.0, setWindowRect: true, strictFileInteractability: false, timeouts: {implicit: 0, pageLoad: 300000, script: 30000}, unhandledPromptBehavior: dismiss and notify, userAgent: Mozilla/5.0 (Windows NT 10....}
Session ID: 298ed02d-21ad-44bc-a03b-5ffbc77ae0d5
	at java.base/jdk.internal.reflect.DirectConstructorHandleAccessor.newInstance(DirectConstructorHandleAccessor.java:62)
	at java.base/java.lang.reflect.Constructor.newInstanceWithCaller(Constructor.java:502)
	at java.base/java.lang.reflect.Constructor.newInstance(Constructor.java:486)
	at org.openqa.selenium.remote.ErrorCodec.decode(ErrorCodec.java:167)
	at org.openqa.selenium.remote.codec.w3c.W3CHttpResponseCodec.decode(W3CHttpResponseCodec.java:138)
	at org.openqa.selenium.remote.codec.w3c.W3CHttpResponseCodec.decode(W3CHttpResponseCodec.java:50)
	at org.openqa.selenium.remote.HttpCommandExecutor.execute(HttpCommandExecutor.java:190)
	at org.openqa.selenium.remote.service.DriverCommandExecutor.invokeExecute(DriverCommandExecutor.java:216)
	at org.openqa.selenium.remote.service.DriverCommandExecutor.execute(DriverCommandExecutor.java:174)
	at org.openqa.selenium.remote.RemoteWebDriver.execute(RemoteWebDriver.java:545)
	at org.openqa.selenium.remote.RemoteWebDriver.execute(RemoteWebDriver.java:618)
	at org.openqa.selenium.remote.RemoteWebDriver.execute(RemoteWebDriver.java:622)
	at org.openqa.selenium.remote.RemoteWebDriver$RemoteTargetLocator.alert(RemoteWebDriver.java:1190)
	at PageObjects.IntroductionPage.getAlertText(IntroductionPage.java:134)
	at StepDefinitions.Tree.the_user_see_error_msg_in_alert_window(Tree.java:113)
	at ✽.The user see error msg in alert window(file:///C:/Projects/newFolder-3/Repo1/src/test/resources/Features/Tree.feature:341)
</pre></div></td>
<td>7</td>
<td>TestRunners.TestRunner@fbd1f6</td></tr>
<tr>
<td title='TestRunners.TestRunner.runScenario()'><b>runScenario</b><br>Test class: TestRunners.TestRunner<br>Test method: Runs Cucumber Scenarios<br>Parameters: "Try Here Editor page with invalid data", "Tree"</td>
<td><div><pre>org.openqa.selenium.NoAlertPresentException: Build info: version: &apos;4.26.0&apos;, revision: &apos;8ccf0219d7&apos;
System info: os.name: &apos;Windows 11&apos;, os.arch: &apos;amd64&apos;, os.version: &apos;10.0&apos;, java.version: &apos;21.0.5&apos;
Driver info: org.openqa.selenium.firefox.FirefoxDriver
Command: [aea4a818-6cbd-4d9f-88e6-e8a1d5767046, getAlertText {}]
Capabilities {acceptInsecureCerts: true, browserName: firefox, browserVersion: 133.0.3, moz:accessibilityChecks: false, moz:buildID: 20241209150345, moz:debuggerAddress: 127.0.0.1:32764, moz:geckodriverVersion: 0.35.0, moz:headless: false, moz:platformVersion: 10.0, moz:processID: 32112, moz:profile: C:\Users\vamsh\AppData\Loca..., moz:shutdownTimeout: 60000, moz:webdriverClick: true, moz:windowless: false, pageLoadStrategy: normal, platformName: windows, proxy: Proxy(), se:cdp: ws://127.0.0.1:32764/devtoo..., se:cdpVersion: 85.0, setWindowRect: true, strictFileInteractability: false, timeouts: {implicit: 0, pageLoad: 300000, script: 30000}, unhandledPromptBehavior: dismiss and notify, userAgent: Mozilla/5.0 (Windows NT 10....}
Session ID: aea4a818-6cbd-4d9f-88e6-e8a1d5767046
	at org.openqa.selenium.remote.ErrorCodec.decode(ErrorCodec.java:167)
	at org.openqa.selenium.remote.codec.w3c.W3CHttpResponseCodec.decode(W3CHttpResponseCodec.java:138)
	at org.openqa.selenium.remote.codec.w3c.W3CHttpResponseCodec.decode(W3CHttpResponseCodec.java:50)
	at org.openqa.selenium.remote.HttpCommandExecutor.execute(HttpCommandExecutor.java:190)
	at org.openqa.selenium.remote.service.DriverCommandExecutor.invokeExecute(DriverCommandExecutor.java:216)
	at org.openqa.selenium.remote.service.DriverCommandExecutor.execute(DriverCommandExecutor.java:174)
	at org.openqa.selenium.remote.RemoteWebDriver.execute(RemoteWebDriver.java:545)
	at org.openqa.selenium.remote.RemoteWebDriver.execute(RemoteWebDriver.java:618)
	at org.openqa.selenium.remote.RemoteWebDriver.execute(RemoteWebDriver.java:622)
	at org.openqa.selenium.remote.RemoteWebDriver$RemoteTargetLocator.alert(RemoteWebDriver.java:1190)
	at PageObjects.IntroductionPage.getAlertText(IntroductionPage.java:134)
	at StepDefinitions.Tree.the_user_see_error_msg_in_alert_window(Tree.java:113)
	at ✽.The user see error msg in alert window(file:///C:/Projects/newFolder-3/Repo1/src/test/resources/Features/Tree.feature:63)
... Removed 3 stack frames</pre></div><a href='#' onClick='toggleBox("stack-trace1992151080", this, "Click to show all stack frames", "Click to hide stack frames")'>Click to show all stack frames</a>
<div class='stack-trace' id='stack-trace1992151080'><pre>org.openqa.selenium.NoAlertPresentException: Build info: version: &apos;4.26.0&apos;, revision: &apos;8ccf0219d7&apos;
System info: os.name: &apos;Windows 11&apos;, os.arch: &apos;amd64&apos;, os.version: &apos;10.0&apos;, java.version: &apos;21.0.5&apos;
Driver info: org.openqa.selenium.firefox.FirefoxDriver
Command: [aea4a818-6cbd-4d9f-88e6-e8a1d5767046, getAlertText {}]
Capabilities {acceptInsecureCerts: true, browserName: firefox, browserVersion: 133.0.3, moz:accessibilityChecks: false, moz:buildID: 20241209150345, moz:debuggerAddress: 127.0.0.1:32764, moz:geckodriverVersion: 0.35.0, moz:headless: false, moz:platformVersion: 10.0, moz:processID: 32112, moz:profile: C:\Users\vamsh\AppData\Loca..., moz:shutdownTimeout: 60000, moz:webdriverClick: true, moz:windowless: false, pageLoadStrategy: normal, platformName: windows, proxy: Proxy(), se:cdp: ws://127.0.0.1:32764/devtoo..., se:cdpVersion: 85.0, setWindowRect: true, strictFileInteractability: false, timeouts: {implicit: 0, pageLoad: 300000, script: 30000}, unhandledPromptBehavior: dismiss and notify, userAgent: Mozilla/5.0 (Windows NT 10....}
Session ID: aea4a818-6cbd-4d9f-88e6-e8a1d5767046
	at java.base/jdk.internal.reflect.DirectConstructorHandleAccessor.newInstance(DirectConstructorHandleAccessor.java:62)
	at java.base/java.lang.reflect.Constructor.newInstanceWithCaller(Constructor.java:502)
	at java.base/java.lang.reflect.Constructor.newInstance(Constructor.java:486)
	at org.openqa.selenium.remote.ErrorCodec.decode(ErrorCodec.java:167)
	at org.openqa.selenium.remote.codec.w3c.W3CHttpResponseCodec.decode(W3CHttpResponseCodec.java:138)
	at org.openqa.selenium.remote.codec.w3c.W3CHttpResponseCodec.decode(W3CHttpResponseCodec.java:50)
	at org.openqa.selenium.remote.HttpCommandExecutor.execute(HttpCommandExecutor.java:190)
	at org.openqa.selenium.remote.service.DriverCommandExecutor.invokeExecute(DriverCommandExecutor.java:216)
	at org.openqa.selenium.remote.service.DriverCommandExecutor.execute(DriverCommandExecutor.java:174)
	at org.openqa.selenium.remote.RemoteWebDriver.execute(RemoteWebDriver.java:545)
	at org.openqa.selenium.remote.RemoteWebDriver.execute(RemoteWebDriver.java:618)
	at org.openqa.selenium.remote.RemoteWebDriver.execute(RemoteWebDriver.java:622)
	at org.openqa.selenium.remote.RemoteWebDriver$RemoteTargetLocator.alert(RemoteWebDriver.java:1190)
	at PageObjects.IntroductionPage.getAlertText(IntroductionPage.java:134)
	at StepDefinitions.Tree.the_user_see_error_msg_in_alert_window(Tree.java:113)
	at ✽.The user see error msg in alert window(file:///C:/Projects/newFolder-3/Repo1/src/test/resources/Features/Tree.feature:63)
</pre></div></td>
<td>7</td>
<td>TestRunners.TestRunner@fbd1f6</td></tr>
<tr>
<td title='TestRunners.TestRunner.runScenario()'><b>runScenario</b><br>Test class: TestRunners.TestRunner<br>Test method: Runs Cucumber Scenarios<br>Parameters: "Validate user is able to run the code in tryEditor for Max Consecutive Ones", "Array detail page"</td>
<td><div><pre>org.openqa.selenium.UnhandledAlertException: Unexpected alert dialog detected. Performed handler &quot;dismiss&quot;. Dialog text: SyntaxError: bad input on line 2: 
Build info: version: &apos;4.26.0&apos;, revision: &apos;8ccf0219d7&apos;
System info: os.name: &apos;Windows 11&apos;, os.arch: &apos;amd64&apos;, os.version: &apos;10.0&apos;, java.version: &apos;21.0.5&apos;
Driver info: org.openqa.selenium.firefox.FirefoxDriver
Command: [87ed5cb9-8aea-4ee4-bb65-7310427d9d7f, findElement {value=#output, using=css selector}]
Capabilities {acceptInsecureCerts: true, browserName: firefox, browserVersion: 133.0.3, moz:accessibilityChecks: false, moz:buildID: 20241209150345, moz:debuggerAddress: 127.0.0.1:16781, moz:geckodriverVersion: 0.35.0, moz:headless: false, moz:platformVersion: 10.0, moz:processID: 41104, moz:profile: C:\Users\vamsh\AppData\Loca..., moz:shutdownTimeout: 60000, moz:webdriverClick: true, moz:windowless: false, pageLoadStrategy: normal, platformName: windows, proxy: Proxy(), se:cdp: ws://127.0.0.1:16781/devtoo..., se:cdpVersion: 85.0, setWindowRect: true, strictFileInteractability: false, timeouts: {implicit: 0, pageLoad: 300000, script: 30000}, unhandledPromptBehavior: dismiss and notify, userAgent: Mozilla/5.0 (Windows NT 10....}
Session ID: 87ed5cb9-8aea-4ee4-bb65-7310427d9d7f
	at org.openqa.selenium.remote.codec.w3c.W3CHttpResponseCodec.decode(W3CHttpResponseCodec.java:136)
	at org.openqa.selenium.remote.codec.w3c.W3CHttpResponseCodec.decode(W3CHttpResponseCodec.java:50)
	at org.openqa.selenium.remote.HttpCommandExecutor.execute(HttpCommandExecutor.java:190)
	at org.openqa.selenium.remote.service.DriverCommandExecutor.invokeExecute(DriverCommandExecutor.java:216)
	at org.openqa.selenium.remote.service.DriverCommandExecutor.execute(DriverCommandExecutor.java:174)
	at org.openqa.selenium.remote.RemoteWebDriver.execute(RemoteWebDriver.java:545)
	at org.openqa.selenium.remote.ElementLocation$ElementFinder$2.findElement(ElementLocation.java:165)
	at org.openqa.selenium.remote.ElementLocation.findElement(ElementLocation.java:59)
	at org.openqa.selenium.remote.RemoteWebDriver.findElement(RemoteWebDriver.java:368)
	at org.openqa.selenium.remote.RemoteWebDriver.findElement(RemoteWebDriver.java:362)
	at PageObjects.IntroductionPage.getTextForElement(IntroductionPage.java:106)
	at StepDefinitions.ArrayStepDefintions.the_user_should_be_presented_with_the_run_result(ArrayStepDefintions.java:159)
	at ✽.the user should be presented with the Run result from sheet &quot;pythonCode&quot; and row 2(file:///C:/Projects/newFolder-3/Repo1/src/test/resources/Features/ArrayDetailsPage.feature:156)
</pre></div><a href='#' onClick='toggleBox("stack-trace1344572787", this, "Click to show all stack frames", "Click to hide stack frames")'>Click to show all stack frames</a>
<div class='stack-trace' id='stack-trace1344572787'><pre>org.openqa.selenium.UnhandledAlertException: Unexpected alert dialog detected. Performed handler &quot;dismiss&quot;. Dialog text: SyntaxError: bad input on line 2: 
Build info: version: &apos;4.26.0&apos;, revision: &apos;8ccf0219d7&apos;
System info: os.name: &apos;Windows 11&apos;, os.arch: &apos;amd64&apos;, os.version: &apos;10.0&apos;, java.version: &apos;21.0.5&apos;
Driver info: org.openqa.selenium.firefox.FirefoxDriver
Command: [87ed5cb9-8aea-4ee4-bb65-7310427d9d7f, findElement {value=#output, using=css selector}]
Capabilities {acceptInsecureCerts: true, browserName: firefox, browserVersion: 133.0.3, moz:accessibilityChecks: false, moz:buildID: 20241209150345, moz:debuggerAddress: 127.0.0.1:16781, moz:geckodriverVersion: 0.35.0, moz:headless: false, moz:platformVersion: 10.0, moz:processID: 41104, moz:profile: C:\Users\vamsh\AppData\Loca..., moz:shutdownTimeout: 60000, moz:webdriverClick: true, moz:windowless: false, pageLoadStrategy: normal, platformName: windows, proxy: Proxy(), se:cdp: ws://127.0.0.1:16781/devtoo..., se:cdpVersion: 85.0, setWindowRect: true, strictFileInteractability: false, timeouts: {implicit: 0, pageLoad: 300000, script: 30000}, unhandledPromptBehavior: dismiss and notify, userAgent: Mozilla/5.0 (Windows NT 10....}
Session ID: 87ed5cb9-8aea-4ee4-bb65-7310427d9d7f
	at org.openqa.selenium.remote.codec.w3c.W3CHttpResponseCodec.decode(W3CHttpResponseCodec.java:136)
	at org.openqa.selenium.remote.codec.w3c.W3CHttpResponseCodec.decode(W3CHttpResponseCodec.java:50)
	at org.openqa.selenium.remote.HttpCommandExecutor.execute(HttpCommandExecutor.java:190)
	at org.openqa.selenium.remote.service.DriverCommandExecutor.invokeExecute(DriverCommandExecutor.java:216)
	at org.openqa.selenium.remote.service.DriverCommandExecutor.execute(DriverCommandExecutor.java:174)
	at org.openqa.selenium.remote.RemoteWebDriver.execute(RemoteWebDriver.java:545)
	at org.openqa.selenium.remote.ElementLocation$ElementFinder$2.findElement(ElementLocation.java:165)
	at org.openqa.selenium.remote.ElementLocation.findElement(ElementLocation.java:59)
	at org.openqa.selenium.remote.RemoteWebDriver.findElement(RemoteWebDriver.java:368)
	at org.openqa.selenium.remote.RemoteWebDriver.findElement(RemoteWebDriver.java:362)
	at PageObjects.IntroductionPage.getTextForElement(IntroductionPage.java:106)
	at StepDefinitions.ArrayStepDefintions.the_user_should_be_presented_with_the_run_result(ArrayStepDefintions.java:159)
	at ✽.the user should be presented with the Run result from sheet &quot;pythonCode&quot; and row 2(file:///C:/Projects/newFolder-3/Repo1/src/test/resources/Features/ArrayDetailsPage.feature:156)
</pre></div></td>
<td>15</td>
<td>TestRunners.TestRunner@fbd1f6</td></tr>
<tr>
<td title='TestRunners.TestRunner.runScenario()'><b>runScenario</b><br>Test class: TestRunners.TestRunner<br>Test method: Runs Cucumber Scenarios<br>Parameters: "LL_Try Here Editor page with valid data", "Linked List"</td>
<td><div><pre>java.lang.AssertionError: expected [hello] but found []
	at StepDefinitions.Tree.the_user_is_able_to_see_the_output_inside_the_console(Tree.java:101)
	at ✽.The user is able to see the output inside the console.(file:///C:/Projects/newFolder-3/Repo1/src/test/resources/Features/LinkedList.feature:56)
... Removed 6 stack frames</pre></div><a href='#' onClick='toggleBox("stack-trace1477760776", this, "Click to show all stack frames", "Click to hide stack frames")'>Click to show all stack frames</a>
<div class='stack-trace' id='stack-trace1477760776'><pre>java.lang.AssertionError: expected [hello] but found []
	at org.testng.Assert.fail(Assert.java:111)
	at org.testng.Assert.failNotEquals(Assert.java:1578)
	at org.testng.Assert.assertEqualsImpl(Assert.java:150)
	at org.testng.Assert.assertEquals(Assert.java:132)
	at org.testng.Assert.assertEquals(Assert.java:656)
	at org.testng.Assert.assertEquals(Assert.java:666)
	at StepDefinitions.Tree.the_user_is_able_to_see_the_output_inside_the_console(Tree.java:101)
	at ✽.The user is able to see the output inside the console.(file:///C:/Projects/newFolder-3/Repo1/src/test/resources/Features/LinkedList.feature:56)
</pre></div></td>
<td>41</td>
<td>TestRunners.TestRunner@fbd1f6</td></tr>
<tr>
<td title='TestRunners.TestRunner.runScenario()'><b>runScenario</b><br>Test class: TestRunners.TestRunner<br>Test method: Runs Cucumber Scenarios<br>Parameters: "Try Here Editor page with invalid data", "Tree"</td>
<td><div><pre>org.openqa.selenium.NoAlertPresentException: Build info: version: &apos;4.26.0&apos;, revision: &apos;8ccf0219d7&apos;
System info: os.name: &apos;Windows 11&apos;, os.arch: &apos;amd64&apos;, os.version: &apos;10.0&apos;, java.version: &apos;21.0.5&apos;
Driver info: org.openqa.selenium.firefox.FirefoxDriver
Command: [bfda9af2-aaf4-481a-8d85-c14eb4222e3d, getAlertText {}]
Capabilities {acceptInsecureCerts: true, browserName: firefox, browserVersion: 133.0.3, moz:accessibilityChecks: false, moz:buildID: 20241209150345, moz:debuggerAddress: 127.0.0.1:36401, moz:geckodriverVersion: 0.35.0, moz:headless: false, moz:platformVersion: 10.0, moz:processID: 11492, moz:profile: C:\Users\vamsh\AppData\Loca..., moz:shutdownTimeout: 60000, moz:webdriverClick: true, moz:windowless: false, pageLoadStrategy: normal, platformName: windows, proxy: Proxy(), se:cdp: ws://127.0.0.1:36401/devtoo..., se:cdpVersion: 85.0, setWindowRect: true, strictFileInteractability: false, timeouts: {implicit: 0, pageLoad: 300000, script: 30000}, unhandledPromptBehavior: dismiss and notify, userAgent: Mozilla/5.0 (Windows NT 10....}
Session ID: bfda9af2-aaf4-481a-8d85-c14eb4222e3d
	at org.openqa.selenium.remote.ErrorCodec.decode(ErrorCodec.java:167)
	at org.openqa.selenium.remote.codec.w3c.W3CHttpResponseCodec.decode(W3CHttpResponseCodec.java:138)
	at org.openqa.selenium.remote.codec.w3c.W3CHttpResponseCodec.decode(W3CHttpResponseCodec.java:50)
	at org.openqa.selenium.remote.HttpCommandExecutor.execute(HttpCommandExecutor.java:190)
	at org.openqa.selenium.remote.service.DriverCommandExecutor.invokeExecute(DriverCommandExecutor.java:216)
	at org.openqa.selenium.remote.service.DriverCommandExecutor.execute(DriverCommandExecutor.java:174)
	at org.openqa.selenium.remote.RemoteWebDriver.execute(RemoteWebDriver.java:545)
	at org.openqa.selenium.remote.RemoteWebDriver.execute(RemoteWebDriver.java:618)
	at org.openqa.selenium.remote.RemoteWebDriver.execute(RemoteWebDriver.java:622)
	at org.openqa.selenium.remote.RemoteWebDriver$RemoteTargetLocator.alert(RemoteWebDriver.java:1190)
	at PageObjects.IntroductionPage.getAlertText(IntroductionPage.java:134)
	at StepDefinitions.Tree.the_user_see_error_msg_in_alert_window(Tree.java:113)
	at ✽.The user see error msg in alert window(file:///C:/Projects/newFolder-3/Repo1/src/test/resources/Features/Tree.feature:93)
... Removed 3 stack frames</pre></div><a href='#' onClick='toggleBox("stack-trace221557097", this, "Click to show all stack frames", "Click to hide stack frames")'>Click to show all stack frames</a>
<div class='stack-trace' id='stack-trace221557097'><pre>org.openqa.selenium.NoAlertPresentException: Build info: version: &apos;4.26.0&apos;, revision: &apos;8ccf0219d7&apos;
System info: os.name: &apos;Windows 11&apos;, os.arch: &apos;amd64&apos;, os.version: &apos;10.0&apos;, java.version: &apos;21.0.5&apos;
Driver info: org.openqa.selenium.firefox.FirefoxDriver
Command: [bfda9af2-aaf4-481a-8d85-c14eb4222e3d, getAlertText {}]
Capabilities {acceptInsecureCerts: true, browserName: firefox, browserVersion: 133.0.3, moz:accessibilityChecks: false, moz:buildID: 20241209150345, moz:debuggerAddress: 127.0.0.1:36401, moz:geckodriverVersion: 0.35.0, moz:headless: false, moz:platformVersion: 10.0, moz:processID: 11492, moz:profile: C:\Users\vamsh\AppData\Loca..., moz:shutdownTimeout: 60000, moz:webdriverClick: true, moz:windowless: false, pageLoadStrategy: normal, platformName: windows, proxy: Proxy(), se:cdp: ws://127.0.0.1:36401/devtoo..., se:cdpVersion: 85.0, setWindowRect: true, strictFileInteractability: false, timeouts: {implicit: 0, pageLoad: 300000, script: 30000}, unhandledPromptBehavior: dismiss and notify, userAgent: Mozilla/5.0 (Windows NT 10....}
Session ID: bfda9af2-aaf4-481a-8d85-c14eb4222e3d
	at java.base/jdk.internal.reflect.DirectConstructorHandleAccessor.newInstance(DirectConstructorHandleAccessor.java:62)
	at java.base/java.lang.reflect.Constructor.newInstanceWithCaller(Constructor.java:502)
	at java.base/java.lang.reflect.Constructor.newInstance(Constructor.java:486)
	at org.openqa.selenium.remote.ErrorCodec.decode(ErrorCodec.java:167)
	at org.openqa.selenium.remote.codec.w3c.W3CHttpResponseCodec.decode(W3CHttpResponseCodec.java:138)
	at org.openqa.selenium.remote.codec.w3c.W3CHttpResponseCodec.decode(W3CHttpResponseCodec.java:50)
	at org.openqa.selenium.remote.HttpCommandExecutor.execute(HttpCommandExecutor.java:190)
	at org.openqa.selenium.remote.service.DriverCommandExecutor.invokeExecute(DriverCommandExecutor.java:216)
	at org.openqa.selenium.remote.service.DriverCommandExecutor.execute(DriverCommandExecutor.java:174)
	at org.openqa.selenium.remote.RemoteWebDriver.execute(RemoteWebDriver.java:545)
	at org.openqa.selenium.remote.RemoteWebDriver.execute(RemoteWebDriver.java:618)
	at org.openqa.selenium.remote.RemoteWebDriver.execute(RemoteWebDriver.java:622)
	at org.openqa.selenium.remote.RemoteWebDriver$RemoteTargetLocator.alert(RemoteWebDriver.java:1190)
	at PageObjects.IntroductionPage.getAlertText(IntroductionPage.java:134)
	at StepDefinitions.Tree.the_user_see_error_msg_in_alert_window(Tree.java:113)
	at ✽.The user see error msg in alert window(file:///C:/Projects/newFolder-3/Repo1/src/test/resources/Features/Tree.feature:93)
</pre></div></td>
<td>10</td>
<td>TestRunners.TestRunner@fbd1f6</td></tr>
<tr>
<td title='TestRunners.TestRunner.runScenario()'><b>runScenario</b><br>Test class: TestRunners.TestRunner<br>Test method: Runs Cucumber Scenarios<br>Parameters: "New user registration page with all valid credentials entered", "Registration"</td>
<td><div><pre>java.lang.AssertionError: expected [New Account Created. You are logged in as 11111dddfrtfg] but found [password_mismatch:The two password fields didn’t match.]
	at StepDefinitions.Registration.the_user_is_redirected_to_home_page_of_ds_algo_with_success_message_new_account_created_you_are_logged_in_as_username_on_the_ds_algo_home_page(Registration.java:167)
	at ✽.The user is redirected to Home Page of DS Algo with success message - New Account Created. You are logged in as username on the DS Algo Home Page(file:///C:/Projects/newFolder-3/Repo1/src/test/resources/Features/Registration.feature:62)
... Removed 6 stack frames</pre></div><a href='#' onClick='toggleBox("stack-trace820297914", this, "Click to show all stack frames", "Click to hide stack frames")'>Click to show all stack frames</a>
<div class='stack-trace' id='stack-trace820297914'><pre>java.lang.AssertionError: expected [New Account Created. You are logged in as 11111dddfrtfg] but found [password_mismatch:The two password fields didn’t match.]
	at org.testng.Assert.fail(Assert.java:111)
	at org.testng.Assert.failNotEquals(Assert.java:1578)
	at org.testng.Assert.assertEqualsImpl(Assert.java:150)
	at org.testng.Assert.assertEquals(Assert.java:132)
	at org.testng.Assert.assertEquals(Assert.java:656)
	at org.testng.Assert.assertEquals(Assert.java:666)
	at StepDefinitions.Registration.the_user_is_redirected_to_home_page_of_ds_algo_with_success_message_new_account_created_you_are_logged_in_as_username_on_the_ds_algo_home_page(Registration.java:167)
	at ✽.The user is redirected to Home Page of DS Algo with success message - New Account Created. You are logged in as username on the DS Algo Home Page(file:///C:/Projects/newFolder-3/Repo1/src/test/resources/Features/Registration.feature:62)
</pre></div></td>
<td>9</td>
<td>TestRunners.TestRunner@fbd1f6</td></tr>
<tr>
<td title='TestRunners.TestRunner.runScenario()'><b>runScenario</b><br>Test class: TestRunners.TestRunner<br>Test method: Runs Cucumber Scenarios<br>Parameters: "LL_Try Here Editor page with valid data", "Linked List"</td>
<td><div><pre>java.lang.AssertionError: expected [hello] but found []
	at StepDefinitions.Tree.the_user_is_able_to_see_the_output_inside_the_console(Tree.java:101)
	at ✽.The user is able to see the output inside the console.(file:///C:/Projects/newFolder-3/Repo1/src/test/resources/Features/LinkedList.feature:31)
... Removed 6 stack frames</pre></div><a href='#' onClick='toggleBox("stack-trace1923402693", this, "Click to show all stack frames", "Click to hide stack frames")'>Click to show all stack frames</a>
<div class='stack-trace' id='stack-trace1923402693'><pre>java.lang.AssertionError: expected [hello] but found []
	at org.testng.Assert.fail(Assert.java:111)
	at org.testng.Assert.failNotEquals(Assert.java:1578)
	at org.testng.Assert.assertEqualsImpl(Assert.java:150)
	at org.testng.Assert.assertEquals(Assert.java:132)
	at org.testng.Assert.assertEquals(Assert.java:656)
	at org.testng.Assert.assertEquals(Assert.java:666)
	at StepDefinitions.Tree.the_user_is_able_to_see_the_output_inside_the_console(Tree.java:101)
	at ✽.The user is able to see the output inside the console.(file:///C:/Projects/newFolder-3/Repo1/src/test/resources/Features/LinkedList.feature:31)
</pre></div></td>
<td>44</td>
<td>TestRunners.TestRunner@fbd1f6</td></tr>
<tr>
<td title='TestRunners.TestRunner.runScenario()'><b>runScenario</b><br>Test class: TestRunners.TestRunner<br>Test method: Runs Cucumber Scenarios<br>Parameters: "Try Here Editor page with invalid data", "Tree"</td>
<td><div><pre>org.openqa.selenium.NoAlertPresentException: Build info: version: &apos;4.26.0&apos;, revision: &apos;8ccf0219d7&apos;
System info: os.name: &apos;Windows 11&apos;, os.arch: &apos;amd64&apos;, os.version: &apos;10.0&apos;, java.version: &apos;21.0.5&apos;
Driver info: org.openqa.selenium.firefox.FirefoxDriver
Command: [b795eb52-e0dd-46c2-bb58-75ce7856bf81, getAlertText {}]
Capabilities {acceptInsecureCerts: true, browserName: firefox, browserVersion: 133.0.3, moz:accessibilityChecks: false, moz:buildID: 20241209150345, moz:debuggerAddress: 127.0.0.1:27059, moz:geckodriverVersion: 0.35.0, moz:headless: false, moz:platformVersion: 10.0, moz:processID: 44800, moz:profile: C:\Users\vamsh\AppData\Loca..., moz:shutdownTimeout: 60000, moz:webdriverClick: true, moz:windowless: false, pageLoadStrategy: normal, platformName: windows, proxy: Proxy(), se:cdp: ws://127.0.0.1:27059/devtoo..., se:cdpVersion: 85.0, setWindowRect: true, strictFileInteractability: false, timeouts: {implicit: 0, pageLoad: 300000, script: 30000}, unhandledPromptBehavior: dismiss and notify, userAgent: Mozilla/5.0 (Windows NT 10....}
Session ID: b795eb52-e0dd-46c2-bb58-75ce7856bf81
	at org.openqa.selenium.remote.ErrorCodec.decode(ErrorCodec.java:167)
	at org.openqa.selenium.remote.codec.w3c.W3CHttpResponseCodec.decode(W3CHttpResponseCodec.java:138)
	at org.openqa.selenium.remote.codec.w3c.W3CHttpResponseCodec.decode(W3CHttpResponseCodec.java:50)
	at org.openqa.selenium.remote.HttpCommandExecutor.execute(HttpCommandExecutor.java:190)
	at org.openqa.selenium.remote.service.DriverCommandExecutor.invokeExecute(DriverCommandExecutor.java:216)
	at org.openqa.selenium.remote.service.DriverCommandExecutor.execute(DriverCommandExecutor.java:174)
	at org.openqa.selenium.remote.RemoteWebDriver.execute(RemoteWebDriver.java:545)
	at org.openqa.selenium.remote.RemoteWebDriver.execute(RemoteWebDriver.java:618)
	at org.openqa.selenium.remote.RemoteWebDriver.execute(RemoteWebDriver.java:622)
	at org.openqa.selenium.remote.RemoteWebDriver$RemoteTargetLocator.alert(RemoteWebDriver.java:1190)
	at PageObjects.IntroductionPage.getAlertText(IntroductionPage.java:134)
	at StepDefinitions.Tree.the_user_see_error_msg_in_alert_window(Tree.java:113)
	at ✽.The user see error msg in alert window(file:///C:/Projects/newFolder-3/Repo1/src/test/resources/Features/Tree.feature:248)
... Removed 3 stack frames</pre></div><a href='#' onClick='toggleBox("stack-trace1045163367", this, "Click to show all stack frames", "Click to hide stack frames")'>Click to show all stack frames</a>
<div class='stack-trace' id='stack-trace1045163367'><pre>org.openqa.selenium.NoAlertPresentException: Build info: version: &apos;4.26.0&apos;, revision: &apos;8ccf0219d7&apos;
System info: os.name: &apos;Windows 11&apos;, os.arch: &apos;amd64&apos;, os.version: &apos;10.0&apos;, java.version: &apos;21.0.5&apos;
Driver info: org.openqa.selenium.firefox.FirefoxDriver
Command: [b795eb52-e0dd-46c2-bb58-75ce7856bf81, getAlertText {}]
Capabilities {acceptInsecureCerts: true, browserName: firefox, browserVersion: 133.0.3, moz:accessibilityChecks: false, moz:buildID: 20241209150345, moz:debuggerAddress: 127.0.0.1:27059, moz:geckodriverVersion: 0.35.0, moz:headless: false, moz:platformVersion: 10.0, moz:processID: 44800, moz:profile: C:\Users\vamsh\AppData\Loca..., moz:shutdownTimeout: 60000, moz:webdriverClick: true, moz:windowless: false, pageLoadStrategy: normal, platformName: windows, proxy: Proxy(), se:cdp: ws://127.0.0.1:27059/devtoo..., se:cdpVersion: 85.0, setWindowRect: true, strictFileInteractability: false, timeouts: {implicit: 0, pageLoad: 300000, script: 30000}, unhandledPromptBehavior: dismiss and notify, userAgent: Mozilla/5.0 (Windows NT 10....}
Session ID: b795eb52-e0dd-46c2-bb58-75ce7856bf81
	at java.base/jdk.internal.reflect.DirectConstructorHandleAccessor.newInstance(DirectConstructorHandleAccessor.java:62)
	at java.base/java.lang.reflect.Constructor.newInstanceWithCaller(Constructor.java:502)
	at java.base/java.lang.reflect.Constructor.newInstance(Constructor.java:486)
	at org.openqa.selenium.remote.ErrorCodec.decode(ErrorCodec.java:167)
	at org.openqa.selenium.remote.codec.w3c.W3CHttpResponseCodec.decode(W3CHttpResponseCodec.java:138)
	at org.openqa.selenium.remote.codec.w3c.W3CHttpResponseCodec.decode(W3CHttpResponseCodec.java:50)
	at org.openqa.selenium.remote.HttpCommandExecutor.execute(HttpCommandExecutor.java:190)
	at org.openqa.selenium.remote.service.DriverCommandExecutor.invokeExecute(DriverCommandExecutor.java:216)
	at org.openqa.selenium.remote.service.DriverCommandExecutor.execute(DriverCommandExecutor.java:174)
	at org.openqa.selenium.remote.RemoteWebDriver.execute(RemoteWebDriver.java:545)
	at org.openqa.selenium.remote.RemoteWebDriver.execute(RemoteWebDriver.java:618)
	at org.openqa.selenium.remote.RemoteWebDriver.execute(RemoteWebDriver.java:622)
	at org.openqa.selenium.remote.RemoteWebDriver$RemoteTargetLocator.alert(RemoteWebDriver.java:1190)
	at PageObjects.IntroductionPage.getAlertText(IntroductionPage.java:134)
	at StepDefinitions.Tree.the_user_see_error_msg_in_alert_window(Tree.java:113)
	at ✽.The user see error msg in alert window(file:///C:/Projects/newFolder-3/Repo1/src/test/resources/Features/Tree.feature:248)
</pre></div></td>
<td>7</td>
<td>TestRunners.TestRunner@fbd1f6</td></tr>
<tr>
<td title='TestRunners.TestRunner.runScenario()'><b>runScenario</b><br>Test class: TestRunners.TestRunner<br>Test method: Runs Cucumber Scenarios<br>Parameters: "Validate user is able to run the code in tryEditor for Even number of digits", "Array detail page"</td>
<td><div><pre>org.openqa.selenium.UnhandledAlertException: Unexpected alert dialog detected. Performed handler &quot;dismiss&quot;. Dialog text: SyntaxError: bad input on line 2: 
Build info: version: &apos;4.26.0&apos;, revision: &apos;8ccf0219d7&apos;
System info: os.name: &apos;Windows 11&apos;, os.arch: &apos;amd64&apos;, os.version: &apos;10.0&apos;, java.version: &apos;21.0.5&apos;
Driver info: org.openqa.selenium.firefox.FirefoxDriver
Command: [cd69d270-4d58-4d76-a91f-f7d63a36f376, findElement {value=#output, using=css selector}]
Capabilities {acceptInsecureCerts: true, browserName: firefox, browserVersion: 133.0.3, moz:accessibilityChecks: false, moz:buildID: 20241209150345, moz:debuggerAddress: 127.0.0.1:13977, moz:geckodriverVersion: 0.35.0, moz:headless: false, moz:platformVersion: 10.0, moz:processID: 38008, moz:profile: C:\Users\vamsh\AppData\Loca..., moz:shutdownTimeout: 60000, moz:webdriverClick: true, moz:windowless: false, pageLoadStrategy: normal, platformName: windows, proxy: Proxy(), se:cdp: ws://127.0.0.1:13977/devtoo..., se:cdpVersion: 85.0, setWindowRect: true, strictFileInteractability: false, timeouts: {implicit: 0, pageLoad: 300000, script: 30000}, unhandledPromptBehavior: dismiss and notify, userAgent: Mozilla/5.0 (Windows NT 10....}
Session ID: cd69d270-4d58-4d76-a91f-f7d63a36f376
	at org.openqa.selenium.remote.codec.w3c.W3CHttpResponseCodec.decode(W3CHttpResponseCodec.java:136)
	at org.openqa.selenium.remote.codec.w3c.W3CHttpResponseCodec.decode(W3CHttpResponseCodec.java:50)
	at org.openqa.selenium.remote.HttpCommandExecutor.execute(HttpCommandExecutor.java:190)
	at org.openqa.selenium.remote.service.DriverCommandExecutor.invokeExecute(DriverCommandExecutor.java:216)
	at org.openqa.selenium.remote.service.DriverCommandExecutor.execute(DriverCommandExecutor.java:174)
	at org.openqa.selenium.remote.RemoteWebDriver.execute(RemoteWebDriver.java:545)
	at org.openqa.selenium.remote.ElementLocation$ElementFinder$2.findElement(ElementLocation.java:165)
	at org.openqa.selenium.remote.ElementLocation.findElement(ElementLocation.java:59)
	at org.openqa.selenium.remote.RemoteWebDriver.findElement(RemoteWebDriver.java:368)
	at org.openqa.selenium.remote.RemoteWebDriver.findElement(RemoteWebDriver.java:362)
	at PageObjects.IntroductionPage.getTextForElement(IntroductionPage.java:106)
	at StepDefinitions.ArrayStepDefintions.the_user_should_be_presented_with_the_run_result(ArrayStepDefintions.java:159)
	at ✽.the user should be presented with the Run result from sheet &quot;pythonCode&quot; and row 4(file:///C:/Projects/newFolder-3/Repo1/src/test/resources/Features/ArrayDetailsPage.feature:179)
</pre></div><a href='#' onClick='toggleBox("stack-trace1550541124", this, "Click to show all stack frames", "Click to hide stack frames")'>Click to show all stack frames</a>
<div class='stack-trace' id='stack-trace1550541124'><pre>org.openqa.selenium.UnhandledAlertException: Unexpected alert dialog detected. Performed handler &quot;dismiss&quot;. Dialog text: SyntaxError: bad input on line 2: 
Build info: version: &apos;4.26.0&apos;, revision: &apos;8ccf0219d7&apos;
System info: os.name: &apos;Windows 11&apos;, os.arch: &apos;amd64&apos;, os.version: &apos;10.0&apos;, java.version: &apos;21.0.5&apos;
Driver info: org.openqa.selenium.firefox.FirefoxDriver
Command: [cd69d270-4d58-4d76-a91f-f7d63a36f376, findElement {value=#output, using=css selector}]
Capabilities {acceptInsecureCerts: true, browserName: firefox, browserVersion: 133.0.3, moz:accessibilityChecks: false, moz:buildID: 20241209150345, moz:debuggerAddress: 127.0.0.1:13977, moz:geckodriverVersion: 0.35.0, moz:headless: false, moz:platformVersion: 10.0, moz:processID: 38008, moz:profile: C:\Users\vamsh\AppData\Loca..., moz:shutdownTimeout: 60000, moz:webdriverClick: true, moz:windowless: false, pageLoadStrategy: normal, platformName: windows, proxy: Proxy(), se:cdp: ws://127.0.0.1:13977/devtoo..., se:cdpVersion: 85.0, setWindowRect: true, strictFileInteractability: false, timeouts: {implicit: 0, pageLoad: 300000, script: 30000}, unhandledPromptBehavior: dismiss and notify, userAgent: Mozilla/5.0 (Windows NT 10....}
Session ID: cd69d270-4d58-4d76-a91f-f7d63a36f376
	at org.openqa.selenium.remote.codec.w3c.W3CHttpResponseCodec.decode(W3CHttpResponseCodec.java:136)
	at org.openqa.selenium.remote.codec.w3c.W3CHttpResponseCodec.decode(W3CHttpResponseCodec.java:50)
	at org.openqa.selenium.remote.HttpCommandExecutor.execute(HttpCommandExecutor.java:190)
	at org.openqa.selenium.remote.service.DriverCommandExecutor.invokeExecute(DriverCommandExecutor.java:216)
	at org.openqa.selenium.remote.service.DriverCommandExecutor.execute(DriverCommandExecutor.java:174)
	at org.openqa.selenium.remote.RemoteWebDriver.execute(RemoteWebDriver.java:545)
	at org.openqa.selenium.remote.ElementLocation$ElementFinder$2.findElement(ElementLocation.java:165)
	at org.openqa.selenium.remote.ElementLocation.findElement(ElementLocation.java:59)
	at org.openqa.selenium.remote.RemoteWebDriver.findElement(RemoteWebDriver.java:368)
	at org.openqa.selenium.remote.RemoteWebDriver.findElement(RemoteWebDriver.java:362)
	at PageObjects.IntroductionPage.getTextForElement(IntroductionPage.java:106)
	at StepDefinitions.ArrayStepDefintions.the_user_should_be_presented_with_the_run_result(ArrayStepDefintions.java:159)
	at ✽.the user should be presented with the Run result from sheet &quot;pythonCode&quot; and row 4(file:///C:/Projects/newFolder-3/Repo1/src/test/resources/Features/ArrayDetailsPage.feature:179)
</pre></div></td>
<td>17</td>
<td>TestRunners.TestRunner@fbd1f6</td></tr>
<tr>
<td title='TestRunners.TestRunner.runScenario()'><b>runScenario</b><br>Test class: TestRunners.TestRunner<br>Test method: Runs Cucumber Scenarios<br>Parameters: "Validate user is able to run the code in tryEditor for Squares of a Sorted Array", "Array detail page"</td>
<td><div><pre>org.openqa.selenium.UnhandledAlertException: Unexpected alert dialog detected. Performed handler &quot;dismiss&quot;. Dialog text: SyntaxError: bad input on line 2: 
Build info: version: &apos;4.26.0&apos;, revision: &apos;8ccf0219d7&apos;
System info: os.name: &apos;Windows 11&apos;, os.arch: &apos;amd64&apos;, os.version: &apos;10.0&apos;, java.version: &apos;21.0.5&apos;
Driver info: org.openqa.selenium.firefox.FirefoxDriver
Command: [be1dce06-24ce-41dc-81e0-68376549a383, findElement {value=#output, using=css selector}]
Capabilities {acceptInsecureCerts: true, browserName: firefox, browserVersion: 133.0.3, moz:accessibilityChecks: false, moz:buildID: 20241209150345, moz:debuggerAddress: 127.0.0.1:8153, moz:geckodriverVersion: 0.35.0, moz:headless: false, moz:platformVersion: 10.0, moz:processID: 19260, moz:profile: C:\Users\vamsh\AppData\Loca..., moz:shutdownTimeout: 60000, moz:webdriverClick: true, moz:windowless: false, pageLoadStrategy: normal, platformName: windows, proxy: Proxy(), se:cdp: ws://127.0.0.1:8153/devtool..., se:cdpVersion: 85.0, setWindowRect: true, strictFileInteractability: false, timeouts: {implicit: 0, pageLoad: 300000, script: 30000}, unhandledPromptBehavior: dismiss and notify, userAgent: Mozilla/5.0 (Windows NT 10....}
Session ID: be1dce06-24ce-41dc-81e0-68376549a383
	at org.openqa.selenium.remote.codec.w3c.W3CHttpResponseCodec.decode(W3CHttpResponseCodec.java:136)
	at org.openqa.selenium.remote.codec.w3c.W3CHttpResponseCodec.decode(W3CHttpResponseCodec.java:50)
	at org.openqa.selenium.remote.HttpCommandExecutor.execute(HttpCommandExecutor.java:190)
	at org.openqa.selenium.remote.service.DriverCommandExecutor.invokeExecute(DriverCommandExecutor.java:216)
	at org.openqa.selenium.remote.service.DriverCommandExecutor.execute(DriverCommandExecutor.java:174)
	at org.openqa.selenium.remote.RemoteWebDriver.execute(RemoteWebDriver.java:545)
	at org.openqa.selenium.remote.ElementLocation$ElementFinder$2.findElement(ElementLocation.java:165)
	at org.openqa.selenium.remote.ElementLocation.findElement(ElementLocation.java:59)
	at org.openqa.selenium.remote.RemoteWebDriver.findElement(RemoteWebDriver.java:368)
	at org.openqa.selenium.remote.RemoteWebDriver.findElement(RemoteWebDriver.java:362)
	at PageObjects.IntroductionPage.getTextForElement(IntroductionPage.java:106)
	at StepDefinitions.ArrayStepDefintions.the_user_should_be_presented_with_the_run_result(ArrayStepDefintions.java:159)
	at ✽.the user should be presented with the Run result from sheet &quot;pythonCode&quot; and row 6(file:///C:/Projects/newFolder-3/Repo1/src/test/resources/Features/ArrayDetailsPage.feature:202)
</pre></div><a href='#' onClick='toggleBox("stack-trace1711334127", this, "Click to show all stack frames", "Click to hide stack frames")'>Click to show all stack frames</a>
<div class='stack-trace' id='stack-trace1711334127'><pre>org.openqa.selenium.UnhandledAlertException: Unexpected alert dialog detected. Performed handler &quot;dismiss&quot;. Dialog text: SyntaxError: bad input on line 2: 
Build info: version: &apos;4.26.0&apos;, revision: &apos;8ccf0219d7&apos;
System info: os.name: &apos;Windows 11&apos;, os.arch: &apos;amd64&apos;, os.version: &apos;10.0&apos;, java.version: &apos;21.0.5&apos;
Driver info: org.openqa.selenium.firefox.FirefoxDriver
Command: [be1dce06-24ce-41dc-81e0-68376549a383, findElement {value=#output, using=css selector}]
Capabilities {acceptInsecureCerts: true, browserName: firefox, browserVersion: 133.0.3, moz:accessibilityChecks: false, moz:buildID: 20241209150345, moz:debuggerAddress: 127.0.0.1:8153, moz:geckodriverVersion: 0.35.0, moz:headless: false, moz:platformVersion: 10.0, moz:processID: 19260, moz:profile: C:\Users\vamsh\AppData\Loca..., moz:shutdownTimeout: 60000, moz:webdriverClick: true, moz:windowless: false, pageLoadStrategy: normal, platformName: windows, proxy: Proxy(), se:cdp: ws://127.0.0.1:8153/devtool..., se:cdpVersion: 85.0, setWindowRect: true, strictFileInteractability: false, timeouts: {implicit: 0, pageLoad: 300000, script: 30000}, unhandledPromptBehavior: dismiss and notify, userAgent: Mozilla/5.0 (Windows NT 10....}
Session ID: be1dce06-24ce-41dc-81e0-68376549a383
	at org.openqa.selenium.remote.codec.w3c.W3CHttpResponseCodec.decode(W3CHttpResponseCodec.java:136)
	at org.openqa.selenium.remote.codec.w3c.W3CHttpResponseCodec.decode(W3CHttpResponseCodec.java:50)
	at org.openqa.selenium.remote.HttpCommandExecutor.execute(HttpCommandExecutor.java:190)
	at org.openqa.selenium.remote.service.DriverCommandExecutor.invokeExecute(DriverCommandExecutor.java:216)
	at org.openqa.selenium.remote.service.DriverCommandExecutor.execute(DriverCommandExecutor.java:174)
	at org.openqa.selenium.remote.RemoteWebDriver.execute(RemoteWebDriver.java:545)
	at org.openqa.selenium.remote.ElementLocation$ElementFinder$2.findElement(ElementLocation.java:165)
	at org.openqa.selenium.remote.ElementLocation.findElement(ElementLocation.java:59)
	at org.openqa.selenium.remote.RemoteWebDriver.findElement(RemoteWebDriver.java:368)
	at org.openqa.selenium.remote.RemoteWebDriver.findElement(RemoteWebDriver.java:362)
	at PageObjects.IntroductionPage.getTextForElement(IntroductionPage.java:106)
	at StepDefinitions.ArrayStepDefintions.the_user_should_be_presented_with_the_run_result(ArrayStepDefintions.java:159)
	at ✽.the user should be presented with the Run result from sheet &quot;pythonCode&quot; and row 6(file:///C:/Projects/newFolder-3/Repo1/src/test/resources/Features/ArrayDetailsPage.feature:202)
</pre></div></td>
<td>21</td>
<td>TestRunners.TestRunner@fbd1f6</td></tr>
<tr>
<td title='TestRunners.TestRunner.runScenario()'><b>runScenario</b><br>Test class: TestRunners.TestRunner<br>Test method: Runs Cucumber Scenarios<br>Parameters: "Error message displayed for invalid code on try editor for Implementation using collections.deque", "Queue Details page"</td>
<td><div><pre>org.openqa.selenium.NoAlertPresentException: Build info: version: &apos;4.26.0&apos;, revision: &apos;8ccf0219d7&apos;
System info: os.name: &apos;Windows 11&apos;, os.arch: &apos;amd64&apos;, os.version: &apos;10.0&apos;, java.version: &apos;21.0.5&apos;
Driver info: org.openqa.selenium.firefox.FirefoxDriver
Command: [03e1abcc-f1a3-4d77-8167-a6c26be6d862, getAlertText {}]
Capabilities {acceptInsecureCerts: true, browserName: firefox, browserVersion: 133.0.3, moz:accessibilityChecks: false, moz:buildID: 20241209150345, moz:debuggerAddress: 127.0.0.1:35119, moz:geckodriverVersion: 0.35.0, moz:headless: false, moz:platformVersion: 10.0, moz:processID: 42112, moz:profile: C:\Users\vamsh\AppData\Loca..., moz:shutdownTimeout: 60000, moz:webdriverClick: true, moz:windowless: false, pageLoadStrategy: normal, platformName: windows, proxy: Proxy(), se:cdp: ws://127.0.0.1:35119/devtoo..., se:cdpVersion: 85.0, setWindowRect: true, strictFileInteractability: false, timeouts: {implicit: 0, pageLoad: 300000, script: 30000}, unhandledPromptBehavior: dismiss and notify, userAgent: Mozilla/5.0 (Windows NT 10....}
Session ID: 03e1abcc-f1a3-4d77-8167-a6c26be6d862
	at org.openqa.selenium.remote.ErrorCodec.decode(ErrorCodec.java:167)
	at org.openqa.selenium.remote.codec.w3c.W3CHttpResponseCodec.decode(W3CHttpResponseCodec.java:138)
	at org.openqa.selenium.remote.codec.w3c.W3CHttpResponseCodec.decode(W3CHttpResponseCodec.java:50)
	at org.openqa.selenium.remote.HttpCommandExecutor.execute(HttpCommandExecutor.java:190)
	at org.openqa.selenium.remote.service.DriverCommandExecutor.invokeExecute(DriverCommandExecutor.java:216)
	at org.openqa.selenium.remote.service.DriverCommandExecutor.execute(DriverCommandExecutor.java:174)
	at org.openqa.selenium.remote.RemoteWebDriver.execute(RemoteWebDriver.java:545)
	at org.openqa.selenium.remote.RemoteWebDriver.execute(RemoteWebDriver.java:618)
	at org.openqa.selenium.remote.RemoteWebDriver.execute(RemoteWebDriver.java:622)
	at org.openqa.selenium.remote.RemoteWebDriver$RemoteTargetLocator.alert(RemoteWebDriver.java:1190)
	at PageObjects.IntroductionPage.getAlertText(IntroductionPage.java:134)
	at StepDefinitions.DSIntroductionDetails.the_user_should_able_to_see_an_error_message_in_alert_window(DSIntroductionDetails.java:203)
	at ✽.The user should able to see an error message in alert window(file:///C:/Projects/newFolder-3/Repo1/src/test/resources/Features/QueueDetails.feature:73)
... Removed 3 stack frames</pre></div><a href='#' onClick='toggleBox("stack-trace46590836", this, "Click to show all stack frames", "Click to hide stack frames")'>Click to show all stack frames</a>
<div class='stack-trace' id='stack-trace46590836'><pre>org.openqa.selenium.NoAlertPresentException: Build info: version: &apos;4.26.0&apos;, revision: &apos;8ccf0219d7&apos;
System info: os.name: &apos;Windows 11&apos;, os.arch: &apos;amd64&apos;, os.version: &apos;10.0&apos;, java.version: &apos;21.0.5&apos;
Driver info: org.openqa.selenium.firefox.FirefoxDriver
Command: [03e1abcc-f1a3-4d77-8167-a6c26be6d862, getAlertText {}]
Capabilities {acceptInsecureCerts: true, browserName: firefox, browserVersion: 133.0.3, moz:accessibilityChecks: false, moz:buildID: 20241209150345, moz:debuggerAddress: 127.0.0.1:35119, moz:geckodriverVersion: 0.35.0, moz:headless: false, moz:platformVersion: 10.0, moz:processID: 42112, moz:profile: C:\Users\vamsh\AppData\Loca..., moz:shutdownTimeout: 60000, moz:webdriverClick: true, moz:windowless: false, pageLoadStrategy: normal, platformName: windows, proxy: Proxy(), se:cdp: ws://127.0.0.1:35119/devtoo..., se:cdpVersion: 85.0, setWindowRect: true, strictFileInteractability: false, timeouts: {implicit: 0, pageLoad: 300000, script: 30000}, unhandledPromptBehavior: dismiss and notify, userAgent: Mozilla/5.0 (Windows NT 10....}
Session ID: 03e1abcc-f1a3-4d77-8167-a6c26be6d862
	at java.base/jdk.internal.reflect.DirectConstructorHandleAccessor.newInstance(DirectConstructorHandleAccessor.java:62)
	at java.base/java.lang.reflect.Constructor.newInstanceWithCaller(Constructor.java:502)
	at java.base/java.lang.reflect.Constructor.newInstance(Constructor.java:486)
	at org.openqa.selenium.remote.ErrorCodec.decode(ErrorCodec.java:167)
	at org.openqa.selenium.remote.codec.w3c.W3CHttpResponseCodec.decode(W3CHttpResponseCodec.java:138)
	at org.openqa.selenium.remote.codec.w3c.W3CHttpResponseCodec.decode(W3CHttpResponseCodec.java:50)
	at org.openqa.selenium.remote.HttpCommandExecutor.execute(HttpCommandExecutor.java:190)
	at org.openqa.selenium.remote.service.DriverCommandExecutor.invokeExecute(DriverCommandExecutor.java:216)
	at org.openqa.selenium.remote.service.DriverCommandExecutor.execute(DriverCommandExecutor.java:174)
	at org.openqa.selenium.remote.RemoteWebDriver.execute(RemoteWebDriver.java:545)
	at org.openqa.selenium.remote.RemoteWebDriver.execute(RemoteWebDriver.java:618)
	at org.openqa.selenium.remote.RemoteWebDriver.execute(RemoteWebDriver.java:622)
	at org.openqa.selenium.remote.RemoteWebDriver$RemoteTargetLocator.alert(RemoteWebDriver.java:1190)
	at PageObjects.IntroductionPage.getAlertText(IntroductionPage.java:134)
	at StepDefinitions.DSIntroductionDetails.the_user_should_able_to_see_an_error_message_in_alert_window(DSIntroductionDetails.java:203)
	at ✽.The user should able to see an error message in alert window(file:///C:/Projects/newFolder-3/Repo1/src/test/resources/Features/QueueDetails.feature:73)
</pre></div></td>
<td>11</td>
<td>TestRunners.TestRunner@fbd1f6</td></tr>
<tr>
<td title='TestRunners.TestRunner.runScenario()'><b>runScenario</b><br>Test class: TestRunners.TestRunner<br>Test method: Runs Cucumber Scenarios<br>Parameters: "Validate user is able to run the code in tryEditor for Search the array link", "Array detail page"</td>
<td><div><pre>org.openqa.selenium.UnhandledAlertException: Unexpected alert dialog detected. Performed handler &quot;dismiss&quot;. Dialog text: SyntaxError: bad input on line 2: 
Build info: version: &apos;4.26.0&apos;, revision: &apos;8ccf0219d7&apos;
System info: os.name: &apos;Windows 11&apos;, os.arch: &apos;amd64&apos;, os.version: &apos;10.0&apos;, java.version: &apos;21.0.5&apos;
Driver info: org.openqa.selenium.firefox.FirefoxDriver
Command: [4987ec6d-ae72-49b4-a049-42a30cfa8eab, findElement {value=#output, using=css selector}]
Capabilities {acceptInsecureCerts: true, browserName: firefox, browserVersion: 133.0.3, moz:accessibilityChecks: false, moz:buildID: 20241209150345, moz:debuggerAddress: 127.0.0.1:29934, moz:geckodriverVersion: 0.35.0, moz:headless: false, moz:platformVersion: 10.0, moz:processID: 23148, moz:profile: C:\Users\vamsh\AppData\Loca..., moz:shutdownTimeout: 60000, moz:webdriverClick: true, moz:windowless: false, pageLoadStrategy: normal, platformName: windows, proxy: Proxy(), se:cdp: ws://127.0.0.1:29934/devtoo..., se:cdpVersion: 85.0, setWindowRect: true, strictFileInteractability: false, timeouts: {implicit: 0, pageLoad: 300000, script: 30000}, unhandledPromptBehavior: dismiss and notify, userAgent: Mozilla/5.0 (Windows NT 10....}
Session ID: 4987ec6d-ae72-49b4-a049-42a30cfa8eab
	at org.openqa.selenium.remote.codec.w3c.W3CHttpResponseCodec.decode(W3CHttpResponseCodec.java:136)
	at org.openqa.selenium.remote.codec.w3c.W3CHttpResponseCodec.decode(W3CHttpResponseCodec.java:50)
	at org.openqa.selenium.remote.HttpCommandExecutor.execute(HttpCommandExecutor.java:190)
	at org.openqa.selenium.remote.service.DriverCommandExecutor.invokeExecute(DriverCommandExecutor.java:216)
	at org.openqa.selenium.remote.service.DriverCommandExecutor.execute(DriverCommandExecutor.java:174)
	at org.openqa.selenium.remote.RemoteWebDriver.execute(RemoteWebDriver.java:545)
	at org.openqa.selenium.remote.ElementLocation$ElementFinder$2.findElement(ElementLocation.java:165)
	at org.openqa.selenium.remote.ElementLocation.findElement(ElementLocation.java:59)
	at org.openqa.selenium.remote.RemoteWebDriver.findElement(RemoteWebDriver.java:368)
	at org.openqa.selenium.remote.RemoteWebDriver.findElement(RemoteWebDriver.java:362)
	at PageObjects.IntroductionPage.getTextForElement(IntroductionPage.java:106)
	at StepDefinitions.ArrayStepDefintions.the_user_should_be_presented_with_the_run_result(ArrayStepDefintions.java:159)
	at ✽.the user should be presented with the Run result from sheet &quot;pythonCode&quot; and row 0(file:///C:/Projects/newFolder-3/Repo1/src/test/resources/Features/ArrayDetailsPage.feature:133)
</pre></div><a href='#' onClick='toggleBox("stack-trace309263962", this, "Click to show all stack frames", "Click to hide stack frames")'>Click to show all stack frames</a>
<div class='stack-trace' id='stack-trace309263962'><pre>org.openqa.selenium.UnhandledAlertException: Unexpected alert dialog detected. Performed handler &quot;dismiss&quot;. Dialog text: SyntaxError: bad input on line 2: 
Build info: version: &apos;4.26.0&apos;, revision: &apos;8ccf0219d7&apos;
System info: os.name: &apos;Windows 11&apos;, os.arch: &apos;amd64&apos;, os.version: &apos;10.0&apos;, java.version: &apos;21.0.5&apos;
Driver info: org.openqa.selenium.firefox.FirefoxDriver
Command: [4987ec6d-ae72-49b4-a049-42a30cfa8eab, findElement {value=#output, using=css selector}]
Capabilities {acceptInsecureCerts: true, browserName: firefox, browserVersion: 133.0.3, moz:accessibilityChecks: false, moz:buildID: 20241209150345, moz:debuggerAddress: 127.0.0.1:29934, moz:geckodriverVersion: 0.35.0, moz:headless: false, moz:platformVersion: 10.0, moz:processID: 23148, moz:profile: C:\Users\vamsh\AppData\Loca..., moz:shutdownTimeout: 60000, moz:webdriverClick: true, moz:windowless: false, pageLoadStrategy: normal, platformName: windows, proxy: Proxy(), se:cdp: ws://127.0.0.1:29934/devtoo..., se:cdpVersion: 85.0, setWindowRect: true, strictFileInteractability: false, timeouts: {implicit: 0, pageLoad: 300000, script: 30000}, unhandledPromptBehavior: dismiss and notify, userAgent: Mozilla/5.0 (Windows NT 10....}
Session ID: 4987ec6d-ae72-49b4-a049-42a30cfa8eab
	at org.openqa.selenium.remote.codec.w3c.W3CHttpResponseCodec.decode(W3CHttpResponseCodec.java:136)
	at org.openqa.selenium.remote.codec.w3c.W3CHttpResponseCodec.decode(W3CHttpResponseCodec.java:50)
	at org.openqa.selenium.remote.HttpCommandExecutor.execute(HttpCommandExecutor.java:190)
	at org.openqa.selenium.remote.service.DriverCommandExecutor.invokeExecute(DriverCommandExecutor.java:216)
	at org.openqa.selenium.remote.service.DriverCommandExecutor.execute(DriverCommandExecutor.java:174)
	at org.openqa.selenium.remote.RemoteWebDriver.execute(RemoteWebDriver.java:545)
	at org.openqa.selenium.remote.ElementLocation$ElementFinder$2.findElement(ElementLocation.java:165)
	at org.openqa.selenium.remote.ElementLocation.findElement(ElementLocation.java:59)
	at org.openqa.selenium.remote.RemoteWebDriver.findElement(RemoteWebDriver.java:368)
	at org.openqa.selenium.remote.RemoteWebDriver.findElement(RemoteWebDriver.java:362)
	at PageObjects.IntroductionPage.getTextForElement(IntroductionPage.java:106)
	at StepDefinitions.ArrayStepDefintions.the_user_should_be_presented_with_the_run_result(ArrayStepDefintions.java:159)
	at ✽.the user should be presented with the Run result from sheet &quot;pythonCode&quot; and row 0(file:///C:/Projects/newFolder-3/Repo1/src/test/resources/Features/ArrayDetailsPage.feature:133)
</pre></div></td>
<td>15</td>
<td>TestRunners.TestRunner@fbd1f6</td></tr>
<tr>
<td title='TestRunners.TestRunner.runScenario()'><b>runScenario</b><br>Test class: TestRunners.TestRunner<br>Test method: Runs Cucumber Scenarios<br>Parameters: "Try Here Editor page with invalid data", "Tree"</td>
<td><div><pre>org.openqa.selenium.NoAlertPresentException: Build info: version: &apos;4.26.0&apos;, revision: &apos;8ccf0219d7&apos;
System info: os.name: &apos;Windows 11&apos;, os.arch: &apos;amd64&apos;, os.version: &apos;10.0&apos;, java.version: &apos;21.0.5&apos;
Driver info: org.openqa.selenium.firefox.FirefoxDriver
Command: [c87ef1a5-ed54-40a4-8896-b7f4ea5ac86c, getAlertText {}]
Capabilities {acceptInsecureCerts: true, browserName: firefox, browserVersion: 133.0.3, moz:accessibilityChecks: false, moz:buildID: 20241209150345, moz:debuggerAddress: 127.0.0.1:1095, moz:geckodriverVersion: 0.35.0, moz:headless: false, moz:platformVersion: 10.0, moz:processID: 12224, moz:profile: C:\Users\vamsh\AppData\Loca..., moz:shutdownTimeout: 60000, moz:webdriverClick: true, moz:windowless: false, pageLoadStrategy: normal, platformName: windows, proxy: Proxy(), se:cdp: ws://127.0.0.1:1095/devtool..., se:cdpVersion: 85.0, setWindowRect: true, strictFileInteractability: false, timeouts: {implicit: 0, pageLoad: 300000, script: 30000}, unhandledPromptBehavior: dismiss and notify, userAgent: Mozilla/5.0 (Windows NT 10....}
Session ID: c87ef1a5-ed54-40a4-8896-b7f4ea5ac86c
	at org.openqa.selenium.remote.ErrorCodec.decode(ErrorCodec.java:167)
	at org.openqa.selenium.remote.codec.w3c.W3CHttpResponseCodec.decode(W3CHttpResponseCodec.java:138)
	at org.openqa.selenium.remote.codec.w3c.W3CHttpResponseCodec.decode(W3CHttpResponseCodec.java:50)
	at org.openqa.selenium.remote.HttpCommandExecutor.execute(HttpCommandExecutor.java:190)
	at org.openqa.selenium.remote.service.DriverCommandExecutor.invokeExecute(DriverCommandExecutor.java:216)
	at org.openqa.selenium.remote.service.DriverCommandExecutor.execute(DriverCommandExecutor.java:174)
	at org.openqa.selenium.remote.RemoteWebDriver.execute(RemoteWebDriver.java:545)
	at org.openqa.selenium.remote.RemoteWebDriver.execute(RemoteWebDriver.java:618)
	at org.openqa.selenium.remote.RemoteWebDriver.execute(RemoteWebDriver.java:622)
	at org.openqa.selenium.remote.RemoteWebDriver$RemoteTargetLocator.alert(RemoteWebDriver.java:1190)
	at PageObjects.IntroductionPage.getAlertText(IntroductionPage.java:134)
	at StepDefinitions.Tree.the_user_see_error_msg_in_alert_window(Tree.java:113)
	at ✽.The user see error msg in alert window(file:///C:/Projects/newFolder-3/Repo1/src/test/resources/Features/Tree.feature:279)
... Removed 3 stack frames</pre></div><a href='#' onClick='toggleBox("stack-trace1399811667", this, "Click to show all stack frames", "Click to hide stack frames")'>Click to show all stack frames</a>
<div class='stack-trace' id='stack-trace1399811667'><pre>org.openqa.selenium.NoAlertPresentException: Build info: version: &apos;4.26.0&apos;, revision: &apos;8ccf0219d7&apos;
System info: os.name: &apos;Windows 11&apos;, os.arch: &apos;amd64&apos;, os.version: &apos;10.0&apos;, java.version: &apos;21.0.5&apos;
Driver info: org.openqa.selenium.firefox.FirefoxDriver
Command: [c87ef1a5-ed54-40a4-8896-b7f4ea5ac86c, getAlertText {}]
Capabilities {acceptInsecureCerts: true, browserName: firefox, browserVersion: 133.0.3, moz:accessibilityChecks: false, moz:buildID: 20241209150345, moz:debuggerAddress: 127.0.0.1:1095, moz:geckodriverVersion: 0.35.0, moz:headless: false, moz:platformVersion: 10.0, moz:processID: 12224, moz:profile: C:\Users\vamsh\AppData\Loca..., moz:shutdownTimeout: 60000, moz:webdriverClick: true, moz:windowless: false, pageLoadStrategy: normal, platformName: windows, proxy: Proxy(), se:cdp: ws://127.0.0.1:1095/devtool..., se:cdpVersion: 85.0, setWindowRect: true, strictFileInteractability: false, timeouts: {implicit: 0, pageLoad: 300000, script: 30000}, unhandledPromptBehavior: dismiss and notify, userAgent: Mozilla/5.0 (Windows NT 10....}
Session ID: c87ef1a5-ed54-40a4-8896-b7f4ea5ac86c
	at java.base/jdk.internal.reflect.DirectConstructorHandleAccessor.newInstance(DirectConstructorHandleAccessor.java:62)
	at java.base/java.lang.reflect.Constructor.newInstanceWithCaller(Constructor.java:502)
	at java.base/java.lang.reflect.Constructor.newInstance(Constructor.java:486)
	at org.openqa.selenium.remote.ErrorCodec.decode(ErrorCodec.java:167)
	at org.openqa.selenium.remote.codec.w3c.W3CHttpResponseCodec.decode(W3CHttpResponseCodec.java:138)
	at org.openqa.selenium.remote.codec.w3c.W3CHttpResponseCodec.decode(W3CHttpResponseCodec.java:50)
	at org.openqa.selenium.remote.HttpCommandExecutor.execute(HttpCommandExecutor.java:190)
	at org.openqa.selenium.remote.service.DriverCommandExecutor.invokeExecute(DriverCommandExecutor.java:216)
	at org.openqa.selenium.remote.service.DriverCommandExecutor.execute(DriverCommandExecutor.java:174)
	at org.openqa.selenium.remote.RemoteWebDriver.execute(RemoteWebDriver.java:545)
	at org.openqa.selenium.remote.RemoteWebDriver.execute(RemoteWebDriver.java:618)
	at org.openqa.selenium.remote.RemoteWebDriver.execute(RemoteWebDriver.java:622)
	at org.openqa.selenium.remote.RemoteWebDriver$RemoteTargetLocator.alert(RemoteWebDriver.java:1190)
	at PageObjects.IntroductionPage.getAlertText(IntroductionPage.java:134)
	at StepDefinitions.Tree.the_user_see_error_msg_in_alert_window(Tree.java:113)
	at ✽.The user see error msg in alert window(file:///C:/Projects/newFolder-3/Repo1/src/test/resources/Features/Tree.feature:279)
</pre></div></td>
<td>7</td>
<td>TestRunners.TestRunner@fbd1f6</td></tr>
<tr>
<td title='TestRunners.TestRunner.runScenario()'><b>runScenario</b><br>Test class: TestRunners.TestRunner<br>Test method: Runs Cucumber Scenarios<br>Parameters: "Try Here Editor page with invalid data", "Tree"</td>
<td><div><pre>org.openqa.selenium.NoAlertPresentException: Build info: version: &apos;4.26.0&apos;, revision: &apos;8ccf0219d7&apos;
System info: os.name: &apos;Windows 11&apos;, os.arch: &apos;amd64&apos;, os.version: &apos;10.0&apos;, java.version: &apos;21.0.5&apos;
Driver info: org.openqa.selenium.firefox.FirefoxDriver
Command: [20d705aa-089b-4719-9d54-a05647a6665b, getAlertText {}]
Capabilities {acceptInsecureCerts: true, browserName: firefox, browserVersion: 133.0.3, moz:accessibilityChecks: false, moz:buildID: 20241209150345, moz:debuggerAddress: 127.0.0.1:9756, moz:geckodriverVersion: 0.35.0, moz:headless: false, moz:platformVersion: 10.0, moz:processID: 22952, moz:profile: C:\Users\vamsh\AppData\Loca..., moz:shutdownTimeout: 60000, moz:webdriverClick: true, moz:windowless: false, pageLoadStrategy: normal, platformName: windows, proxy: Proxy(), se:cdp: ws://127.0.0.1:9756/devtool..., se:cdpVersion: 85.0, setWindowRect: true, strictFileInteractability: false, timeouts: {implicit: 0, pageLoad: 300000, script: 30000}, unhandledPromptBehavior: dismiss and notify, userAgent: Mozilla/5.0 (Windows NT 10....}
Session ID: 20d705aa-089b-4719-9d54-a05647a6665b
	at org.openqa.selenium.remote.ErrorCodec.decode(ErrorCodec.java:167)
	at org.openqa.selenium.remote.codec.w3c.W3CHttpResponseCodec.decode(W3CHttpResponseCodec.java:138)
	at org.openqa.selenium.remote.codec.w3c.W3CHttpResponseCodec.decode(W3CHttpResponseCodec.java:50)
	at org.openqa.selenium.remote.HttpCommandExecutor.execute(HttpCommandExecutor.java:190)
	at org.openqa.selenium.remote.service.DriverCommandExecutor.invokeExecute(DriverCommandExecutor.java:216)
	at org.openqa.selenium.remote.service.DriverCommandExecutor.execute(DriverCommandExecutor.java:174)
	at org.openqa.selenium.remote.RemoteWebDriver.execute(RemoteWebDriver.java:545)
	at org.openqa.selenium.remote.RemoteWebDriver.execute(RemoteWebDriver.java:618)
	at org.openqa.selenium.remote.RemoteWebDriver.execute(RemoteWebDriver.java:622)
	at org.openqa.selenium.remote.RemoteWebDriver$RemoteTargetLocator.alert(RemoteWebDriver.java:1190)
	at PageObjects.IntroductionPage.getAlertText(IntroductionPage.java:134)
	at StepDefinitions.Tree.the_user_see_error_msg_in_alert_window(Tree.java:113)
	at ✽.The user see error msg in alert window(file:///C:/Projects/newFolder-3/Repo1/src/test/resources/Features/Tree.feature:372)
... Removed 3 stack frames</pre></div><a href='#' onClick='toggleBox("stack-trace1780104422", this, "Click to show all stack frames", "Click to hide stack frames")'>Click to show all stack frames</a>
<div class='stack-trace' id='stack-trace1780104422'><pre>org.openqa.selenium.NoAlertPresentException: Build info: version: &apos;4.26.0&apos;, revision: &apos;8ccf0219d7&apos;
System info: os.name: &apos;Windows 11&apos;, os.arch: &apos;amd64&apos;, os.version: &apos;10.0&apos;, java.version: &apos;21.0.5&apos;
Driver info: org.openqa.selenium.firefox.FirefoxDriver
Command: [20d705aa-089b-4719-9d54-a05647a6665b, getAlertText {}]
Capabilities {acceptInsecureCerts: true, browserName: firefox, browserVersion: 133.0.3, moz:accessibilityChecks: false, moz:buildID: 20241209150345, moz:debuggerAddress: 127.0.0.1:9756, moz:geckodriverVersion: 0.35.0, moz:headless: false, moz:platformVersion: 10.0, moz:processID: 22952, moz:profile: C:\Users\vamsh\AppData\Loca..., moz:shutdownTimeout: 60000, moz:webdriverClick: true, moz:windowless: false, pageLoadStrategy: normal, platformName: windows, proxy: Proxy(), se:cdp: ws://127.0.0.1:9756/devtool..., se:cdpVersion: 85.0, setWindowRect: true, strictFileInteractability: false, timeouts: {implicit: 0, pageLoad: 300000, script: 30000}, unhandledPromptBehavior: dismiss and notify, userAgent: Mozilla/5.0 (Windows NT 10....}
Session ID: 20d705aa-089b-4719-9d54-a05647a6665b
	at java.base/jdk.internal.reflect.DirectConstructorHandleAccessor.newInstance(DirectConstructorHandleAccessor.java:62)
	at java.base/java.lang.reflect.Constructor.newInstanceWithCaller(Constructor.java:502)
	at java.base/java.lang.reflect.Constructor.newInstance(Constructor.java:486)
	at org.openqa.selenium.remote.ErrorCodec.decode(ErrorCodec.java:167)
	at org.openqa.selenium.remote.codec.w3c.W3CHttpResponseCodec.decode(W3CHttpResponseCodec.java:138)
	at org.openqa.selenium.remote.codec.w3c.W3CHttpResponseCodec.decode(W3CHttpResponseCodec.java:50)
	at org.openqa.selenium.remote.HttpCommandExecutor.execute(HttpCommandExecutor.java:190)
	at org.openqa.selenium.remote.service.DriverCommandExecutor.invokeExecute(DriverCommandExecutor.java:216)
	at org.openqa.selenium.remote.service.DriverCommandExecutor.execute(DriverCommandExecutor.java:174)
	at org.openqa.selenium.remote.RemoteWebDriver.execute(RemoteWebDriver.java:545)
	at org.openqa.selenium.remote.RemoteWebDriver.execute(RemoteWebDriver.java:618)
	at org.openqa.selenium.remote.RemoteWebDriver.execute(RemoteWebDriver.java:622)
	at org.openqa.selenium.remote.RemoteWebDriver$RemoteTargetLocator.alert(RemoteWebDriver.java:1190)
	at PageObjects.IntroductionPage.getAlertText(IntroductionPage.java:134)
	at StepDefinitions.Tree.the_user_see_error_msg_in_alert_window(Tree.java:113)
	at ✽.The user see error msg in alert window(file:///C:/Projects/newFolder-3/Repo1/src/test/resources/Features/Tree.feature:372)
</pre></div></td>
<td>10</td>
<td>TestRunners.TestRunner@fbd1f6</td></tr>
</table><p>
<table width='100%' border='1' class='invocation-passed'>
<tr><td colspan='4' align='center'><b>PASSED TESTS</b></td></tr>
<tr><td><b>Test method</b></td>
<td><b>Attribute(s)</b></td>
<td width="30%"><b>Exception</b></td>
<td width="10%"><b>Time (seconds)</b></td>
<td><b>Instance</b></td>
</tr>
<tr>
<td title='TestRunners.TestRunner.runScenario()'><b>runScenario</b><br>Test class: TestRunners.TestRunner<br>Test method: Runs Cucumber Scenarios<br>Parameters: "Binary Tree Traversals", "Tree"</td>
<td></td>
<td>10</td>
<td>TestRunners.TestRunner@fbd1f6</td></tr>
<tr>
<td title='TestRunners.TestRunner.runScenario()'><b>runScenario</b><br>Test class: TestRunners.TestRunner<br>Test method: Runs Cucumber Scenarios<br>Parameters: "Validate user can Try here link page from Arrays in python", "Array detail page"</td>
<td></td>
<td>15</td>
<td>TestRunners.TestRunner@fbd1f6</td></tr>
<tr>
<td title='TestRunners.TestRunner.runScenario()'><b>runScenario</b><br>Test class: TestRunners.TestRunner<br>Test method: Runs Cucumber Scenarios<br>Parameters: "Linked List home page", "Linked List"</td>
<td></td>
<td>7</td>
<td>TestRunners.TestRunner@fbd1f6</td></tr>
<tr>
<td title='TestRunners.TestRunner.runScenario()'><b>runScenario</b><br>Test class: TestRunners.TestRunner<br>Test method: Runs Cucumber Scenarios<br>Parameters: "Try Here Editor page with empty code", "Tree"</td>
<td></td>
<td>11</td>
<td>TestRunners.TestRunner@fbd1f6</td></tr>
<tr>
<td title='TestRunners.TestRunner.runScenario()'><b>runScenario</b><br>Test class: TestRunners.TestRunner<br>Test method: Runs Cucumber Scenarios<br>Parameters: "LL_Try Here Editor page with valid data", "Linked List"</td>
<td></td>
<td>40</td>
<td>TestRunners.TestRunner@fbd1f6</td></tr>
<tr>
<td title='TestRunners.TestRunner.runScenario()'><b>runScenario</b><br>Test class: TestRunners.TestRunner<br>Test method: Runs Cucumber Scenarios<br>Parameters: "LL_Try Here Editor page with invalid data", "Linked List"</td>
<td></td>
<td>10</td>
<td>TestRunners.TestRunner@fbd1f6</td></tr>
<tr>
<td title='TestRunners.TestRunner.runScenario()'><b>runScenario</b><br>Test class: TestRunners.TestRunner<br>Test method: Runs Cucumber Scenarios<br>Parameters: "Validate user can navigate to Implementation page", "Stack page"</td>
<td></td>
<td>11</td>
<td>TestRunners.TestRunner@fbd1f6</td></tr>
<tr>
<td title='TestRunners.TestRunner.runScenario()'><b>runScenario</b><br>Test class: TestRunners.TestRunner<br>Test method: Runs Cucumber Scenarios<br>Parameters: "Terminologies", "Tree"</td>
<td></td>
<td>10</td>
<td>TestRunners.TestRunner@fbd1f6</td></tr>
<tr>
<td title='TestRunners.TestRunner.runScenario()'><b>runScenario</b><br>Test class: TestRunners.TestRunner<br>Test method: Runs Cucumber Scenarios<br>Parameters: "Try Here Editor page with invalid data", "Tree"</td>
<td></td>
<td>10</td>
<td>TestRunners.TestRunner@fbd1f6</td></tr>
<tr>
<td title='TestRunners.TestRunner.runScenario()'><b>runScenario</b><br>Test class: TestRunners.TestRunner<br>Test method: Runs Cucumber Scenarios<br>Parameters: "Validate user navigate to DS Intro Page", "DS Homepage"</td>
<td></td>
<td>11</td>
<td>TestRunners.TestRunner@fbd1f6</td></tr>
<tr>
<td title='TestRunners.TestRunner.runScenario()'><b>runScenario</b><br>Test class: TestRunners.TestRunner<br>Test method: Runs Cucumber Scenarios<br>Parameters: "Valid code on try editor for applications of array runs successfully", "Array detail page"</td>
<td></td>
<td>22</td>
<td>TestRunners.TestRunner@fbd1f6</td></tr>
<tr>
<td title='TestRunners.TestRunner.runScenario()'><b>runScenario</b><br>Test class: TestRunners.TestRunner<br>Test method: Runs Cucumber Scenarios<br>Parameters: "LL_Try Here Editor page with invalid data", "Linked List"</td>
<td></td>
<td>9</td>
<td>TestRunners.TestRunner@fbd1f6</td></tr>
<tr>
<td title='TestRunners.TestRunner.runScenario()'><b>runScenario</b><br>Test class: TestRunners.TestRunner<br>Test method: Runs Cucumber Scenarios<br>Parameters: "Validate user can navigate to Implementation using collections.deque", "Queue Details page"</td>
<td></td>
<td>12</td>
<td>TestRunners.TestRunner@fbd1f6</td></tr>
<tr>
<td title='TestRunners.TestRunner.runScenario()'><b>runScenario</b><br>Test class: TestRunners.TestRunner<br>Test method: Runs Cucumber Scenarios<br>Parameters: "Try Here Editor page with valid data", "Tree"</td>
<td></td>
<td>39</td>
<td>TestRunners.TestRunner@fbd1f6</td></tr>
<tr>
<td title='TestRunners.TestRunner.runScenario()'><b>runScenario</b><br>Test class: TestRunners.TestRunner<br>Test method: Runs Cucumber Scenarios<br>Parameters: "Try Here Editor page with empty code", "Tree"</td>
<td></td>
<td>9</td>
<td>TestRunners.TestRunner@fbd1f6</td></tr>
<tr>
<td title='TestRunners.TestRunner.runScenario()'><b>runScenario</b><br>Test class: TestRunners.TestRunner<br>Test method: Runs Cucumber Scenarios<br>Parameters: "Try Here Editor page with valid data", "Tree"</td>
<td></td>
<td>39</td>
<td>TestRunners.TestRunner@fbd1f6</td></tr>
<tr>
<td title='TestRunners.TestRunner.runScenario()'><b>runScenario</b><br>Test class: TestRunners.TestRunner<br>Test method: Runs Cucumber Scenarios<br>Parameters: "Clicking on get started for data structers lands on Data Structers details page", "DS Introduction Page"</td>
<td></td>
<td>17</td>
<td>TestRunners.TestRunner@fbd1f6</td></tr>
<tr>
<td title='TestRunners.TestRunner.runScenario()'><b>runScenario</b><br>Test class: TestRunners.TestRunner<br>Test method: Runs Cucumber Scenarios<br>Parameters: "Error message displayed for invalid code on try editor for Implementation of Queue in python", "Queue Details page"</td>
<td></td>
<td>13</td>
<td>TestRunners.TestRunner@fbd1f6</td></tr>
<tr>
<td title='TestRunners.TestRunner.runScenario()'><b>runScenario</b><br>Test class: TestRunners.TestRunner<br>Test method: Runs Cucumber Scenarios<br>Parameters: "Validate user can navigate to Arrays in python", "Array detail page"</td>
<td></td>
<td>12</td>
<td>TestRunners.TestRunner@fbd1f6</td></tr>
<tr>
<td title='TestRunners.TestRunner.runScenario()'><b>runScenario</b><br>Test class: TestRunners.TestRunner<br>Test method: Runs Cucumber Scenarios<br>Parameters: "Linked List home page", "Linked List"</td>
<td></td>
<td>14</td>
<td>TestRunners.TestRunner@fbd1f6</td></tr>
<tr>
<td title='TestRunners.TestRunner.runScenario()'><b>runScenario</b><br>Test class: TestRunners.TestRunner<br>Test method: Runs Cucumber Scenarios<br>Parameters: "Try Here Editor page with empty code", "Tree"</td>
<td></td>
<td>10</td>
<td>TestRunners.TestRunner@fbd1f6</td></tr>
<tr>
<td title='TestRunners.TestRunner.runScenario()'><b>runScenario</b><br>Test class: TestRunners.TestRunner<br>Test method: Runs Cucumber Scenarios<br>Parameters: "Validate user can navigate to Implementation using collections.deque", "Queue Details page"</td>
<td></td>
<td>12</td>
<td>TestRunners.TestRunner@fbd1f6</td></tr>
<tr>
<td title='TestRunners.TestRunner.runScenario()'><b>runScenario</b><br>Test class: TestRunners.TestRunner<br>Test method: Runs Cucumber Scenarios<br>Parameters: "DS_algo Home page", "Linked List"</td>
<td></td>
<td>12</td>
<td>TestRunners.TestRunner@fbd1f6</td></tr>
<tr>
<td title='TestRunners.TestRunner.runScenario()'><b>runScenario</b><br>Test class: TestRunners.TestRunner<br>Test method: Runs Cucumber Scenarios<br>Parameters: "validate user able to navigate to practice question page for search the array question", "Array detail page"</td>
<td></td>
<td>16</td>
<td>TestRunners.TestRunner@fbd1f6</td></tr>
<tr>
<td title='TestRunners.TestRunner.runScenario()'><b>runScenario</b><br>Test class: TestRunners.TestRunner<br>Test method: Runs Cucumber Scenarios<br>Parameters: "validate user able to navigate to practice question page for even number question", "Array detail page"</td>
<td></td>
<td>15</td>
<td>TestRunners.TestRunner@fbd1f6</td></tr>
<tr>
<td title='TestRunners.TestRunner.runScenario()'><b>runScenario</b><br>Test class: TestRunners.TestRunner<br>Test method: Runs Cucumber Scenarios<br>Parameters: "No error message displayed for empty code on try editor for Implementation of Queue in python", "Queue Details page"</td>
<td></td>
<td>12</td>
<td>TestRunners.TestRunner@fbd1f6</td></tr>
<tr>
<td title='TestRunners.TestRunner.runScenario()'><b>runScenario</b><br>Test class: TestRunners.TestRunner<br>Test method: Runs Cucumber Scenarios<br>Parameters: "No error message displayed for empty code on try editor for Operations in Stack page", "Stack page"</td>
<td></td>
<td>14</td>
<td>TestRunners.TestRunner@fbd1f6</td></tr>
<tr>
<td title='TestRunners.TestRunner.runScenario()'><b>runScenario</b><br>Test class: TestRunners.TestRunner<br>Test method: Runs Cucumber Scenarios<br>Parameters: "New user registration page where login button is clicked", "Registration"</td>
<td></td>
<td>10</td>
<td>TestRunners.TestRunner@fbd1f6</td></tr>
<tr>
<td title='TestRunners.TestRunner.runScenario()'><b>runScenario</b><br>Test class: TestRunners.TestRunner<br>Test method: Runs Cucumber Scenarios<br>Parameters: "LL_Try Here Editor page with empty data", "Linked List"</td>
<td></td>
<td>13</td>
<td>TestRunners.TestRunner@fbd1f6</td></tr>
<tr>
<td title='TestRunners.TestRunner.runScenario()'><b>runScenario</b><br>Test class: TestRunners.TestRunner<br>Test method: Runs Cucumber Scenarios<br>Parameters: "No error message displayed for empty code on try editor for applications of array", "Array detail page"</td>
<td></td>
<td>23</td>
<td>TestRunners.TestRunner@fbd1f6</td></tr>
<tr>
<td title='TestRunners.TestRunner.runScenario()'><b>runScenario</b><br>Test class: TestRunners.TestRunner<br>Test method: Runs Cucumber Scenarios<br>Parameters: "Validate user can Try here link page from Array using list", "Array detail page"</td>
<td></td>
<td>13</td>
<td>TestRunners.TestRunner@fbd1f6</td></tr>
<tr>
<td title='TestRunners.TestRunner.runScenario()'><b>runScenario</b><br>Test class: TestRunners.TestRunner<br>Test method: Runs Cucumber Scenarios<br>Parameters: "LL_Try Here Editor page with empty data", "Linked List"</td>
<td></td>
<td>10</td>
<td>TestRunners.TestRunner@fbd1f6</td></tr>
<tr>
<td title='TestRunners.TestRunner.runScenario()'><b>runScenario</b><br>Test class: TestRunners.TestRunner<br>Test method: Runs Cucumber Scenarios<br>Parameters: "LL_Try Here Editor page with empty data", "Linked List"</td>
<td></td>
<td>10</td>
<td>TestRunners.TestRunner@fbd1f6</td></tr>
<tr>
<td title='TestRunners.TestRunner.runScenario()'><b>runScenario</b><br>Test class: TestRunners.TestRunner<br>Test method: Runs Cucumber Scenarios<br>Parameters: "Validate user is presented with error message for the code with the invalid syntax in tryEditor for Even number of digits", "Array detail page"</td>
<td></td>
<td>15</td>
<td>TestRunners.TestRunner@fbd1f6</td></tr>
<tr>
<td title='TestRunners.TestRunner.runScenario()'><b>runScenario</b><br>Test class: TestRunners.TestRunner<br>Test method: Runs Cucumber Scenarios<br>Parameters: "Try Here Editor page with valid data", "Tree"</td>
<td></td>
<td>41</td>
<td>TestRunners.TestRunner@fbd1f6</td></tr>
<tr>
<td title='TestRunners.TestRunner.runScenario()'><b>runScenario</b><br>Test class: TestRunners.TestRunner<br>Test method: Runs Cucumber Scenarios<br>Parameters: "Valid code on try editor for basic operations in lists runs successfully", "Array detail page"</td>
<td></td>
<td>13</td>
<td>TestRunners.TestRunner@fbd1f6</td></tr>
<tr>
<td title='TestRunners.TestRunner.runScenario()'><b>runScenario</b><br>Test class: TestRunners.TestRunner<br>Test method: Runs Cucumber Scenarios<br>Parameters: "Valid code on try editor for Time Complexity runs successfully", "DS Introduction Page"</td>
<td></td>
<td>18</td>
<td>TestRunners.TestRunner@fbd1f6</td></tr>
<tr>
<td title='TestRunners.TestRunner.runScenario()'><b>runScenario</b><br>Test class: TestRunners.TestRunner<br>Test method: Runs Cucumber Scenarios<br>Parameters: "Validate user can click on Try here link from Implementation page", "Stack page"</td>
<td></td>
<td>12</td>
<td>TestRunners.TestRunner@fbd1f6</td></tr>
<tr>
<td title='TestRunners.TestRunner.runScenario()'><b>runScenario</b><br>Test class: TestRunners.TestRunner<br>Test method: Runs Cucumber Scenarios<br>Parameters: "Validate user can navigate to basic opertaions in lists", "Array detail page"</td>
<td></td>
<td>11</td>
<td>TestRunners.TestRunner@fbd1f6</td></tr>
<tr>
<td title='TestRunners.TestRunner.runScenario()'><b>runScenario</b><br>Test class: TestRunners.TestRunner<br>Test method: Runs Cucumber Scenarios<br>Parameters: "Tree Traversals", "Tree"</td>
<td></td>
<td>9</td>
<td>TestRunners.TestRunner@fbd1f6</td></tr>
<tr>
<td title='TestRunners.TestRunner.runScenario()'><b>runScenario</b><br>Test class: TestRunners.TestRunner<br>Test method: Runs Cucumber Scenarios<br>Parameters: "LL_Try Here Editor page with empty data", "Linked List"</td>
<td></td>
<td>9</td>
<td>TestRunners.TestRunner@fbd1f6</td></tr>
<tr>
<td title='TestRunners.TestRunner.runScenario()'><b>runScenario</b><br>Test class: TestRunners.TestRunner<br>Test method: Runs Cucumber Scenarios<br>Parameters: "Error message displayed for invalid code on try Editor for graph representations page", "Title of your feature"</td>
<td></td>
<td>15</td>
<td>TestRunners.TestRunner@fbd1f6</td></tr>
<tr>
<td title='TestRunners.TestRunner.runScenario()'><b>runScenario</b><br>Test class: TestRunners.TestRunner<br>Test method: Runs Cucumber Scenarios<br>Parameters: "Validate user navigated to array details page when clicked on get started", "Array detail page"</td>
<td></td>
<td>12</td>
<td>TestRunners.TestRunner@fbd1f6</td></tr>
<tr>
<td title='TestRunners.TestRunner.runScenario()'><b>runScenario</b><br>Test class: TestRunners.TestRunner<br>Test method: Runs Cucumber Scenarios<br>Parameters: "Terminologies", "Tree"</td>
<td></td>
<td>8</td>
<td>TestRunners.TestRunner@fbd1f6</td></tr>
<tr>
<td title='TestRunners.TestRunner.runScenario()'><b>runScenario</b><br>Test class: TestRunners.TestRunner<br>Test method: Runs Cucumber Scenarios<br>Parameters: "Try Here Editor page with invalid data", "Tree"</td>
<td></td>
<td>11</td>
<td>TestRunners.TestRunner@fbd1f6</td></tr>
<tr>
<td title='TestRunners.TestRunner.runScenario()'><b>runScenario</b><br>Test class: TestRunners.TestRunner<br>Test method: Runs Cucumber Scenarios<br>Parameters: "New user registration page on registration with different passwords entered in password and confirm password fields", "Registration"</td>
<td></td>
<td>10</td>
<td>TestRunners.TestRunner@fbd1f6</td></tr>
<tr>
<td title='TestRunners.TestRunner.runScenario()'><b>runScenario</b><br>Test class: TestRunners.TestRunner<br>Test method: Runs Cucumber Scenarios<br>Parameters: "Validate user can Try here link page from Basic operations in lists", "Array detail page"</td>
<td></td>
<td>13</td>
<td>TestRunners.TestRunner@fbd1f6</td></tr>
<tr>
<td title='TestRunners.TestRunner.runScenario()'><b>runScenario</b><br>Test class: TestRunners.TestRunner<br>Test method: Runs Cucumber Scenarios<br>Parameters: "Linked List home page", "Linked List"</td>
<td></td>
<td>8</td>
<td>TestRunners.TestRunner@fbd1f6</td></tr>
<tr>
<td title='TestRunners.TestRunner.runScenario()'><b>runScenario</b><br>Test class: TestRunners.TestRunner<br>Test method: Runs Cucumber Scenarios<br>Parameters: "Validate user can open try editor page from Implementation using collections.deque", "Queue Details page"</td>
<td></td>
<td>13</td>
<td>TestRunners.TestRunner@fbd1f6</td></tr>
<tr>
<td title='TestRunners.TestRunner.runScenario()'><b>runScenario</b><br>Test class: TestRunners.TestRunner<br>Test method: Runs Cucumber Scenarios<br>Parameters: "Valid code on try editor for graph representations runs successfully", "Title of your feature"</td>
<td></td>
<td>13</td>
<td>TestRunners.TestRunner@fbd1f6</td></tr>
<tr>
<td title='TestRunners.TestRunner.runScenario()'><b>runScenario</b><br>Test class: TestRunners.TestRunner<br>Test method: Runs Cucumber Scenarios<br>Parameters: "Implementation in Python", "Tree"</td>
<td></td>
<td>10</td>
<td>TestRunners.TestRunner@fbd1f6</td></tr>
<tr>
<td title='TestRunners.TestRunner.runScenario()'><b>runScenario</b><br>Test class: TestRunners.TestRunner<br>Test method: Runs Cucumber Scenarios<br>Parameters: "LL_Try Here Editor page with invalid data", "Linked List"</td>
<td></td>
<td>7</td>
<td>TestRunners.TestRunner@fbd1f6</td></tr>
<tr>
<td title='TestRunners.TestRunner.runScenario()'><b>runScenario</b><br>Test class: TestRunners.TestRunner<br>Test method: Runs Cucumber Scenarios<br>Parameters: "Error message displayed for invalid code on try Editor for Applications page", "Stack page"</td>
<td></td>
<td>13</td>
<td>TestRunners.TestRunner@fbd1f6</td></tr>
<tr>
<td title='TestRunners.TestRunner.runScenario()'><b>runScenario</b><br>Test class: TestRunners.TestRunner<br>Test method: Runs Cucumber Scenarios<br>Parameters: "Tree home page", "Tree"</td>
<td></td>
<td>12</td>
<td>TestRunners.TestRunner@fbd1f6</td></tr>
<tr>
<td title='TestRunners.TestRunner.runScenario()'><b>runScenario</b><br>Test class: TestRunners.TestRunner<br>Test method: Runs Cucumber Scenarios<br>Parameters: "Error message displayed for invalid code on try Editor for graphs page", "Title of your feature"</td>
<td></td>
<td>18</td>
<td>TestRunners.TestRunner@fbd1f6</td></tr>
<tr>
<td title='TestRunners.TestRunner.runScenario()'><b>runScenario</b><br>Test class: TestRunners.TestRunner<br>Test method: Runs Cucumber Scenarios<br>Parameters: "Valid code on try editor for graphs runs successfully", "Title of your feature"</td>
<td></td>
<td>18</td>
<td>TestRunners.TestRunner@fbd1f6</td></tr>
<tr>
<td title='TestRunners.TestRunner.runScenario()'><b>runScenario</b><br>Test class: TestRunners.TestRunner<br>Test method: Runs Cucumber Scenarios<br>Parameters: "Valid code on try editor for Implementation runs successfully", "Stack page"</td>
<td></td>
<td>13</td>
<td>TestRunners.TestRunner@fbd1f6</td></tr>
<tr>
<td title='TestRunners.TestRunner.runScenario()'><b>runScenario</b><br>Test class: TestRunners.TestRunner<br>Test method: Runs Cucumber Scenarios<br>Parameters: "Validate user can click on Try here link from graph representations page", "Title of your feature"</td>
<td></td>
<td>14</td>
<td>TestRunners.TestRunner@fbd1f6</td></tr>
<tr>
<td title='TestRunners.TestRunner.runScenario()'><b>runScenario</b><br>Test class: TestRunners.TestRunner<br>Test method: Runs Cucumber Scenarios<br>Parameters: "LL_Try Here Editor page with empty data", "Linked List"</td>
<td></td>
<td>10</td>
<td>TestRunners.TestRunner@fbd1f6</td></tr>
<tr>
<td title='TestRunners.TestRunner.runScenario()'><b>runScenario</b><br>Test class: TestRunners.TestRunner<br>Test method: Runs Cucumber Scenarios<br>Parameters: "Validate user can navigate to applications of array", "Array detail page"</td>
<td></td>
<td>11</td>
<td>TestRunners.TestRunner@fbd1f6</td></tr>
<tr>
<td title='TestRunners.TestRunner.runScenario()'><b>runScenario</b><br>Test class: TestRunners.TestRunner<br>Test method: Runs Cucumber Scenarios<br>Parameters: "New user registration page with only username and password fields entered", "Registration"</td>
<td></td>
<td>10</td>
<td>TestRunners.TestRunner@fbd1f6</td></tr>
<tr>
<td title='TestRunners.TestRunner.runScenario()'><b>runScenario</b><br>Test class: TestRunners.TestRunner<br>Test method: Runs Cucumber Scenarios<br>Parameters: "validate user able to navigate to practice question page for max consecutive ones question", "Array detail page"</td>
<td></td>
<td>14</td>
<td>TestRunners.TestRunner@fbd1f6</td></tr>
<tr>
<td title='TestRunners.TestRunner.runScenario()'><b>runScenario</b><br>Test class: TestRunners.TestRunner<br>Test method: Runs Cucumber Scenarios<br>Parameters: "Try Here Editor page with empty code", "Tree"</td>
<td></td>
<td>10</td>
<td>TestRunners.TestRunner@fbd1f6</td></tr>
<tr>
<td title='TestRunners.TestRunner.runScenario()'><b>runScenario</b><br>Test class: TestRunners.TestRunner<br>Test method: Runs Cucumber Scenarios<br>Parameters: "Validate user can navigate to Implementations of Queue in Python", "Queue Details page"</td>
<td></td>
<td>10</td>
<td>TestRunners.TestRunner@fbd1f6</td></tr>
<tr>
<td title='TestRunners.TestRunner.runScenario()'><b>runScenario</b><br>Test class: TestRunners.TestRunner<br>Test method: Runs Cucumber Scenarios<br>Parameters: "New user registration page where SignIn button is clicked", "Registration"</td>
<td></td>
<td>9</td>
<td>TestRunners.TestRunner@fbd1f6</td></tr>
<tr>
<td title='TestRunners.TestRunner.runScenario()'><b>runScenario</b><br>Test class: TestRunners.TestRunner<br>Test method: Runs Cucumber Scenarios<br>Parameters: "Binary Trees", "Tree"</td>
<td></td>
<td>9</td>
<td>TestRunners.TestRunner@fbd1f6</td></tr>
<tr>
<td title='TestRunners.TestRunner.runScenario()'><b>runScenario</b><br>Test class: TestRunners.TestRunner<br>Test method: Runs Cucumber Scenarios<br>Parameters: "Try Here Editor page with empty code", "Tree"</td>
<td></td>
<td>9</td>
<td>TestRunners.TestRunner@fbd1f6</td></tr>
<tr>
<td title='TestRunners.TestRunner.runScenario()'><b>runScenario</b><br>Test class: TestRunners.TestRunner<br>Test method: Runs Cucumber Scenarios<br>Parameters: "Traversals-Illustration", "Tree"</td>
<td></td>
<td>9</td>
<td>TestRunners.TestRunner@fbd1f6</td></tr>
<tr>
<td title='TestRunners.TestRunner.runScenario()'><b>runScenario</b><br>Test class: TestRunners.TestRunner<br>Test method: Runs Cucumber Scenarios<br>Parameters: "Clicking on Try Here on time complexity opens python editor", "DS Introduction Page"</td>
<td></td>
<td>16</td>
<td>TestRunners.TestRunner@fbd1f6</td></tr>
<tr>
<td title='TestRunners.TestRunner.runScenario()'><b>runScenario</b><br>Test class: TestRunners.TestRunner<br>Test method: Runs Cucumber Scenarios<br>Parameters: "DS Algo Sign in Page with valid username and invalid password", "Login Feature"</td>
<td></td>
<td>8</td>
<td>TestRunners.TestRunner@fbd1f6</td></tr>
<tr>
<td title='TestRunners.TestRunner.runScenario()'><b>runScenario</b><br>Test class: TestRunners.TestRunner<br>Test method: Runs Cucumber Scenarios<br>Parameters: "Types of Binary Trees", "Tree"</td>
<td></td>
<td>12</td>
<td>TestRunners.TestRunner@fbd1f6</td></tr>
<tr>
<td title='TestRunners.TestRunner.runScenario()'><b>runScenario</b><br>Test class: TestRunners.TestRunner<br>Test method: Runs Cucumber Scenarios<br>Parameters: "Binary Tree Traversals", "Tree"</td>
<td></td>
<td>8</td>
<td>TestRunners.TestRunner@fbd1f6</td></tr>
<tr>
<td title='TestRunners.TestRunner.runScenario()'><b>runScenario</b><br>Test class: TestRunners.TestRunner<br>Test method: Runs Cucumber Scenarios<br>Parameters: "Error message displayed for invalid code on try Editor for Queue operations", "Array detail page"</td>
<td></td>
<td>12</td>
<td>TestRunners.TestRunner@fbd1f6</td></tr>
<tr>
<td title='TestRunners.TestRunner.runScenario()'><b>runScenario</b><br>Test class: TestRunners.TestRunner<br>Test method: Runs Cucumber Scenarios<br>Parameters: "Error message displayed for invalid code on try Editor for Implementation page", "Stack page"</td>
<td></td>
<td>13</td>
<td>TestRunners.TestRunner@fbd1f6</td></tr>
<tr>
<td title='TestRunners.TestRunner.runScenario()'><b>runScenario</b><br>Test class: TestRunners.TestRunner<br>Test method: Runs Cucumber Scenarios<br>Parameters: "Overview of Trees", "Tree"</td>
<td></td>
<td>10</td>
<td>TestRunners.TestRunner@fbd1f6</td></tr>
<tr>
<td title='TestRunners.TestRunner.runScenario()'><b>runScenario</b><br>Test class: TestRunners.TestRunner<br>Test method: Runs Cucumber Scenarios<br>Parameters: "LL_Try Here Editor page with valid data", "Linked List"</td>
<td></td>
<td>41</td>
<td>TestRunners.TestRunner@fbd1f6</td></tr>
<tr>
<td title='TestRunners.TestRunner.runScenario()'><b>runScenario</b><br>Test class: TestRunners.TestRunner<br>Test method: Runs Cucumber Scenarios<br>Parameters: "Try Here Editor page with empty code", "Tree"</td>
<td></td>
<td>9</td>
<td>TestRunners.TestRunner@fbd1f6</td></tr>
<tr>
<td title='TestRunners.TestRunner.runScenario()'><b>runScenario</b><br>Test class: TestRunners.TestRunner<br>Test method: Runs Cucumber Scenarios<br>Parameters: "Traversal", "Linked List"</td>
<td></td>
<td>9</td>
<td>TestRunners.TestRunner@fbd1f6</td></tr>
<tr>
<td title='TestRunners.TestRunner.runScenario()'><b>runScenario</b><br>Test class: TestRunners.TestRunner<br>Test method: Runs Cucumber Scenarios<br>Parameters: "Validate user navigated to stack details page when clicked on get started", "Stack page"</td>
<td></td>
<td>10</td>
<td>TestRunners.TestRunner@fbd1f6</td></tr>
<tr>
<td title='TestRunners.TestRunner.runScenario()'><b>runScenario</b><br>Test class: TestRunners.TestRunner<br>Test method: Runs Cucumber Scenarios<br>Parameters: "Validate user can Try here link page from graphs", "Title of your feature"</td>
<td></td>
<td>17</td>
<td>TestRunners.TestRunner@fbd1f6</td></tr>
<tr>
<td title='TestRunners.TestRunner.runScenario()'><b>runScenario</b><br>Test class: TestRunners.TestRunner<br>Test method: Runs Cucumber Scenarios<br>Parameters: "DS Algo Sign in Page with invalid username and password", "Login Feature"</td>
<td></td>
<td>8</td>
<td>TestRunners.TestRunner@fbd1f6</td></tr>
<tr>
<td title='TestRunners.TestRunner.runScenario()'><b>runScenario</b><br>Test class: TestRunners.TestRunner<br>Test method: Runs Cucumber Scenarios<br>Parameters: "Valid code on try editor for Array using list runs successfully", "Array detail page"</td>
<td></td>
<td>13</td>
<td>TestRunners.TestRunner@fbd1f6</td></tr>
<tr>
<td title='TestRunners.TestRunner.runScenario()'><b>runScenario</b><br>Test class: TestRunners.TestRunner<br>Test method: Runs Cucumber Scenarios<br>Parameters: "Insertion", "Linked List"</td>
<td></td>
<td>9</td>
<td>TestRunners.TestRunner@fbd1f6</td></tr>
<tr>
<td title='TestRunners.TestRunner.runScenario()'><b>runScenario</b><br>Test class: TestRunners.TestRunner<br>Test method: Runs Cucumber Scenarios<br>Parameters: "Validate user can navigate to Applications page", "Stack page"</td>
<td></td>
<td>11</td>
<td>TestRunners.TestRunner@fbd1f6</td></tr>
<tr>
<td title='TestRunners.TestRunner.runScenario()'><b>runScenario</b><br>Test class: TestRunners.TestRunner<br>Test method: Runs Cucumber Scenarios<br>Parameters: "Types of Trees", "Tree"</td>
<td></td>
<td>8</td>
<td>TestRunners.TestRunner@fbd1f6</td></tr>
<tr>
<td title='TestRunners.TestRunner.runScenario()'><b>runScenario</b><br>Test class: TestRunners.TestRunner<br>Test method: Runs Cucumber Scenarios<br>Parameters: "DS_algo Home page", "Tree"</td>
<td></td>
<td>12</td>
<td>TestRunners.TestRunner@fbd1f6</td></tr>
<tr>
<td title='TestRunners.TestRunner.runScenario()'><b>runScenario</b><br>Test class: TestRunners.TestRunner<br>Test method: Runs Cucumber Scenarios<br>Parameters: "Error message displayed for invalid code on try Editor for applications of array", "Array detail page"</td>
<td></td>
<td>23</td>
<td>TestRunners.TestRunner@fbd1f6</td></tr>
<tr>
<td title='TestRunners.TestRunner.runScenario()'><b>runScenario</b><br>Test class: TestRunners.TestRunner<br>Test method: Runs Cucumber Scenarios<br>Parameters: "Implementation Of BST", "Tree"</td>
<td></td>
<td>9</td>
<td>TestRunners.TestRunner@fbd1f6</td></tr>
<tr>
<td title='TestRunners.TestRunner.runScenario()'><b>runScenario</b><br>Test class: TestRunners.TestRunner<br>Test method: Runs Cucumber Scenarios<br>Parameters: "Linked List home page", "Linked List"</td>
<td></td>
<td>9</td>
<td>TestRunners.TestRunner@fbd1f6</td></tr>
<tr>
<td title='TestRunners.TestRunner.runScenario()'><b>runScenario</b><br>Test class: TestRunners.TestRunner<br>Test method: Runs Cucumber Scenarios<br>Parameters: "DS Algo Sign in Page  with valid username and Valid password", "Login Feature"</td>
<td></td>
<td>10</td>
<td>TestRunners.TestRunner@fbd1f6</td></tr>
<tr>
<td title='TestRunners.TestRunner.runScenario()'><b>runScenario</b><br>Test class: TestRunners.TestRunner<br>Test method: Runs Cucumber Scenarios<br>Parameters: "Valid code on try editor for Implementation using collections.deque runs successfully", "Queue Details page"</td>
<td></td>
<td>12</td>
<td>TestRunners.TestRunner@fbd1f6</td></tr>
<tr>
<td title='TestRunners.TestRunner.runScenario()'><b>runScenario</b><br>Test class: TestRunners.TestRunner<br>Test method: Runs Cucumber Scenarios<br>Parameters: "Error message displayed for invalid code on try Editor for Basic operations in lists", "Array detail page"</td>
<td></td>
<td>13</td>
<td>TestRunners.TestRunner@fbd1f6</td></tr>
<tr>
<td title='TestRunners.TestRunner.runScenario()'><b>runScenario</b><br>Test class: TestRunners.TestRunner<br>Test method: Runs Cucumber Scenarios<br>Parameters: "Validate user can navigate to Implementation using collections.deque", "Queue Details page"</td>
<td></td>
<td>11</td>
<td>TestRunners.TestRunner@fbd1f6</td></tr>
<tr>
<td title='TestRunners.TestRunner.runScenario()'><b>runScenario</b><br>Test class: TestRunners.TestRunner<br>Test method: Runs Cucumber Scenarios<br>Parameters: "Try Here Editor page with valid data", "Tree"</td>
<td></td>
<td>40</td>
<td>TestRunners.TestRunner@fbd1f6</td></tr>
<tr>
<td title='TestRunners.TestRunner.runScenario()'><b>runScenario</b><br>Test class: TestRunners.TestRunner<br>Test method: Runs Cucumber Scenarios<br>Parameters: "No error message displayed for empty code on try editor for Implementation using collections.deque", "Queue Details page"</td>
<td></td>
<td>13</td>
<td>TestRunners.TestRunner@fbd1f6</td></tr>
<tr>
<td title='TestRunners.TestRunner.runScenario()'><b>runScenario</b><br>Test class: TestRunners.TestRunner<br>Test method: Runs Cucumber Scenarios<br>Parameters: "Verify warning message when user navigate to DS details page without signIn", "DS Introduction Page"</td>
<td></td>
<td>14</td>
<td>TestRunners.TestRunner@fbd1f6</td></tr>
<tr>
<td title='TestRunners.TestRunner.runScenario()'><b>runScenario</b><br>Test class: TestRunners.TestRunner<br>Test method: Runs Cucumber Scenarios<br>Parameters: "Creating Linked LIst", "Linked List"</td>
<td></td>
<td>12</td>
<td>TestRunners.TestRunner@fbd1f6</td></tr>
<tr>
<td title='TestRunners.TestRunner.runScenario()'><b>runScenario</b><br>Test class: TestRunners.TestRunner<br>Test method: Runs Cucumber Scenarios<br>Parameters: "Try Here Editor page with empty code", "Tree"</td>
<td></td>
<td>11</td>
<td>TestRunners.TestRunner@fbd1f6</td></tr>
<tr>
<td title='TestRunners.TestRunner.runScenario()'><b>runScenario</b><br>Test class: TestRunners.TestRunner<br>Test method: Runs Cucumber Scenarios<br>Parameters: "Validate user can navigate to Arrays using list", "Array detail page"</td>
<td></td>
<td>12</td>
<td>TestRunners.TestRunner@fbd1f6</td></tr>
<tr>
<td title='TestRunners.TestRunner.runScenario()'><b>runScenario</b><br>Test class: TestRunners.TestRunner<br>Test method: Runs Cucumber Scenarios<br>Parameters: "Try Here Editor page with valid data", "Tree"</td>
<td></td>
<td>41</td>
<td>TestRunners.TestRunner@fbd1f6</td></tr>
<tr>
<td title='TestRunners.TestRunner.runScenario()'><b>runScenario</b><br>Test class: TestRunners.TestRunner<br>Test method: Runs Cucumber Scenarios<br>Parameters: "Try Here Editor page with valid data", "Tree"</td>
<td></td>
<td>41</td>
<td>TestRunners.TestRunner@fbd1f6</td></tr>
<tr>
<td title='TestRunners.TestRunner.runScenario()'><b>runScenario</b><br>Test class: TestRunners.TestRunner<br>Test method: Runs Cucumber Scenarios<br>Parameters: "Validate user can Try here link page from applications of array", "Array detail page"</td>
<td></td>
<td>11</td>
<td>TestRunners.TestRunner@fbd1f6</td></tr>
<tr>
<td title='TestRunners.TestRunner.runScenario()'><b>runScenario</b><br>Test class: TestRunners.TestRunner<br>Test method: Runs Cucumber Scenarios<br>Parameters: "Deletion", "Linked List"</td>
<td></td>
<td>9</td>
<td>TestRunners.TestRunner@fbd1f6</td></tr>
<tr>
<td title='TestRunners.TestRunner.runScenario()'><b>runScenario</b><br>Test class: TestRunners.TestRunner<br>Test method: Runs Cucumber Scenarios<br>Parameters: "Validate the DS dropdown without signIN", "DS Introduction Page"</td>
<td></td>
<td>15</td>
<td>TestRunners.TestRunner@fbd1f6</td></tr>
<tr>
<td title='TestRunners.TestRunner.runScenario()'><b>runScenario</b><br>Test class: TestRunners.TestRunner<br>Test method: Runs Cucumber Scenarios<br>Parameters: "Validate user navigated to graph details page when clicked on get started", "Title of your feature"</td>
<td></td>
<td>15</td>
<td>TestRunners.TestRunner@fbd1f6</td></tr>
<tr>
<td title='TestRunners.TestRunner.runScenario()'><b>runScenario</b><br>Test class: TestRunners.TestRunner<br>Test method: Runs Cucumber Scenarios<br>Parameters: "Try Here Editor page with invalid data", "Tree"</td>
<td></td>
<td>9</td>
<td>TestRunners.TestRunner@fbd1f6</td></tr>
<tr>
<td title='TestRunners.TestRunner.runScenario()'><b>runScenario</b><br>Test class: TestRunners.TestRunner<br>Test method: Runs Cucumber Scenarios<br>Parameters: "LL_Try Here Editor page with empty data", "Linked List"</td>
<td></td>
<td>11</td>
<td>TestRunners.TestRunner@fbd1f6</td></tr>
<tr>
<td title='TestRunners.TestRunner.runScenario()'><b>runScenario</b><br>Test class: TestRunners.TestRunner<br>Test method: Runs Cucumber Scenarios<br>Parameters: "Implementation of Binary Trees", "Tree"</td>
<td></td>
<td>8</td>
<td>TestRunners.TestRunner@fbd1f6</td></tr>
<tr>
<td title='TestRunners.TestRunner.runScenario()'><b>runScenario</b><br>Test class: TestRunners.TestRunner<br>Test method: Runs Cucumber Scenarios<br>Parameters: "Validate user can navigate to Graph in Graph page", "Title of your feature"</td>
<td></td>
<td>15</td>
<td>TestRunners.TestRunner@fbd1f6</td></tr>
<tr>
<td title='TestRunners.TestRunner.runScenario()'><b>runScenario</b><br>Test class: TestRunners.TestRunner<br>Test method: Runs Cucumber Scenarios<br>Parameters: "Validate user can click on Try here link from Applications page", "Stack page"</td>
<td></td>
<td>11</td>
<td>TestRunners.TestRunner@fbd1f6</td></tr>
<tr>
<td title='TestRunners.TestRunner.runScenario()'><b>runScenario</b><br>Test class: TestRunners.TestRunner<br>Test method: Runs Cucumber Scenarios<br>Parameters: "Applications of Binary trees", "Tree"</td>
<td></td>
<td>9</td>
<td>TestRunners.TestRunner@fbd1f6</td></tr>
<tr>
<td title='TestRunners.TestRunner.runScenario()'><b>runScenario</b><br>Test class: TestRunners.TestRunner<br>Test method: Runs Cucumber Scenarios<br>Parameters: "Linked List home page", "Linked List"</td>
<td></td>
<td>8</td>
<td>TestRunners.TestRunner@fbd1f6</td></tr>
<tr>
<td title='TestRunners.TestRunner.runScenario()'><b>runScenario</b><br>Test class: TestRunners.TestRunner<br>Test method: Runs Cucumber Scenarios<br>Parameters: "DS Algo Sign in Page with blank password", "Login Feature"</td>
<td></td>
<td>8</td>
<td>TestRunners.TestRunner@fbd1f6</td></tr>
<tr>
<td title='TestRunners.TestRunner.runScenario()'><b>runScenario</b><br>Test class: TestRunners.TestRunner<br>Test method: Runs Cucumber Scenarios<br>Parameters: "Error message displayed for invalid code on try editor for Implementation using collections.deque", "Queue Details page"</td>
<td></td>
<td>13</td>
<td>TestRunners.TestRunner@fbd1f6</td></tr>
<tr>
<td title='TestRunners.TestRunner.runScenario()'><b>runScenario</b><br>Test class: TestRunners.TestRunner<br>Test method: Runs Cucumber Scenarios<br>Parameters: "Linked List home page", "Linked List"</td>
<td></td>
<td>11</td>
<td>TestRunners.TestRunner@fbd1f6</td></tr>
<tr>
<td title='TestRunners.TestRunner.runScenario()'><b>runScenario</b><br>Test class: TestRunners.TestRunner<br>Test method: Runs Cucumber Scenarios<br>Parameters: "Binary Search Trees", "Tree"</td>
<td></td>
<td>9</td>
<td>TestRunners.TestRunner@fbd1f6</td></tr>
<tr>
<td title='TestRunners.TestRunner.runScenario()'><b>runScenario</b><br>Test class: TestRunners.TestRunner<br>Test method: Runs Cucumber Scenarios<br>Parameters: "Overview of Trees", "Tree"</td>
<td></td>
<td>12</td>
<td>TestRunners.TestRunner@fbd1f6</td></tr>
<tr>
<td title='TestRunners.TestRunner.runScenario()'><b>runScenario</b><br>Test class: TestRunners.TestRunner<br>Test method: Runs Cucumber Scenarios<br>Parameters: "LL_Try Here Editor page with invalid data", "Linked List"</td>
<td></td>
<td>8</td>
<td>TestRunners.TestRunner@fbd1f6</td></tr>
<tr>
<td title='TestRunners.TestRunner.runScenario()'><b>runScenario</b><br>Test class: TestRunners.TestRunner<br>Test method: Runs Cucumber Scenarios<br>Parameters: "Try Here Editor page with valid data", "Tree"</td>
<td></td>
<td>39</td>
<td>TestRunners.TestRunner@fbd1f6</td></tr>
<tr>
<td title='TestRunners.TestRunner.runScenario()'><b>runScenario</b><br>Test class: TestRunners.TestRunner<br>Test method: Runs Cucumber Scenarios<br>Parameters: "Error message displayed for invalid code on try editor for Implementation using collections.deque", "Queue Details page"</td>
<td></td>
<td>13</td>
<td>TestRunners.TestRunner@fbd1f6</td></tr>
<tr>
<td title='TestRunners.TestRunner.runScenario()'><b>runScenario</b><br>Test class: TestRunners.TestRunner<br>Test method: Runs Cucumber Scenarios<br>Parameters: "Valid code on try editor for Implementation using collections.deque runs successfully", "Queue Details page"</td>
<td></td>
<td>12</td>
<td>TestRunners.TestRunner@fbd1f6</td></tr>
<tr>
<td title='TestRunners.TestRunner.runScenario()'><b>runScenario</b><br>Test class: TestRunners.TestRunner<br>Test method: Runs Cucumber Scenarios<br>Parameters: "New user registration page with all fields empty and Register button is clicked", "Registration"</td>
<td></td>
<td>11</td>
<td>TestRunners.TestRunner@fbd1f6</td></tr>
<tr>
<td title='TestRunners.TestRunner.runScenario()'><b>runScenario</b><br>Test class: TestRunners.TestRunner<br>Test method: Runs Cucumber Scenarios<br>Parameters: "Validate user can navigate to Graph Representations page", "Title of your feature"</td>
<td></td>
<td>15</td>
<td>TestRunners.TestRunner@fbd1f6</td></tr>
<tr>
<td title='TestRunners.TestRunner.runScenario()'><b>runScenario</b><br>Test class: TestRunners.TestRunner<br>Test method: Runs Cucumber Scenarios<br>Parameters: "Try Here Editor page with empty code", "Tree"</td>
<td></td>
<td>14</td>
<td>TestRunners.TestRunner@fbd1f6</td></tr>
<tr>
<td title='TestRunners.TestRunner.runScenario()'><b>runScenario</b><br>Test class: TestRunners.TestRunner<br>Test method: Runs Cucumber Scenarios<br>Parameters: "Try Here Editor page with valid data", "Tree"</td>
<td></td>
<td>41</td>
<td>TestRunners.TestRunner@fbd1f6</td></tr>
<tr>
<td title='TestRunners.TestRunner.runScenario()'><b>runScenario</b><br>Test class: TestRunners.TestRunner<br>Test method: Runs Cucumber Scenarios<br>Parameters: "Types of Linked List", "Linked List"</td>
<td></td>
<td>10</td>
<td>TestRunners.TestRunner@fbd1f6</td></tr>
<tr>
<td title='TestRunners.TestRunner.runScenario()'><b>runScenario</b><br>Test class: TestRunners.TestRunner<br>Test method: Runs Cucumber Scenarios<br>Parameters: "Validate user is presented with error message for the code with the invalid syntax in tryEditor for search the array link", "Array detail page"</td>
<td></td>
<td>14</td>
<td>TestRunners.TestRunner@fbd1f6</td></tr>
<tr>
<td title='TestRunners.TestRunner.runScenario()'><b>runScenario</b><br>Test class: TestRunners.TestRunner<br>Test method: Runs Cucumber Scenarios<br>Parameters: "Types of Trees", "Tree"</td>
<td></td>
<td>9</td>
<td>TestRunners.TestRunner@fbd1f6</td></tr>
<tr>
<td title='TestRunners.TestRunner.runScenario()'><b>runScenario</b><br>Test class: TestRunners.TestRunner<br>Test method: Runs Cucumber Scenarios<br>Parameters: "Linked List home page", "Linked List"</td>
<td></td>
<td>9</td>
<td>TestRunners.TestRunner@fbd1f6</td></tr>
<tr>
<td title='TestRunners.TestRunner.runScenario()'><b>runScenario</b><br>Test class: TestRunners.TestRunner<br>Test method: Runs Cucumber Scenarios<br>Parameters: "New user registration page with only username entered", "Registration"</td>
<td></td>
<td>10</td>
<td>TestRunners.TestRunner@fbd1f6</td></tr>
<tr>
<td title='TestRunners.TestRunner.runScenario()'><b>runScenario</b><br>Test class: TestRunners.TestRunner<br>Test method: Runs Cucumber Scenarios<br>Parameters: "Implementation of Binary Trees", "Tree"</td>
<td></td>
<td>10</td>
<td>TestRunners.TestRunner@fbd1f6</td></tr>
<tr>
<td title='TestRunners.TestRunner.runScenario()'><b>runScenario</b><br>Test class: TestRunners.TestRunner<br>Test method: Runs Cucumber Scenarios<br>Parameters: "No error message displayed for empty code on try editor for Array using list", "Array detail page"</td>
<td></td>
<td>12</td>
<td>TestRunners.TestRunner@fbd1f6</td></tr>
<tr>
<td title='TestRunners.TestRunner.runScenario()'><b>runScenario</b><br>Test class: TestRunners.TestRunner<br>Test method: Runs Cucumber Scenarios<br>Parameters: "Validate user is able to Submit the code in tryEditor for Even number of digits", "Array detail page"</td>
<td></td>
<td>17</td>
<td>TestRunners.TestRunner@fbd1f6</td></tr>
<tr>
<td title='TestRunners.TestRunner.runScenario()'><b>runScenario</b><br>Test class: TestRunners.TestRunner<br>Test method: Runs Cucumber Scenarios<br>Parameters: "Validate user is able to Submit the code in tryEditor for Squares of a Sorted Array", "Array detail page"</td>
<td></td>
<td>22</td>
<td>TestRunners.TestRunner@fbd1f6</td></tr>
<tr>
<td title='TestRunners.TestRunner.runScenario()'><b>runScenario</b><br>Test class: TestRunners.TestRunner<br>Test method: Runs Cucumber Scenarios<br>Parameters: "No error message displayed for empty code on try editor for Implementation page", "Stack page"</td>
<td></td>
<td>12</td>
<td>TestRunners.TestRunner@fbd1f6</td></tr>
<tr>
<td title='TestRunners.TestRunner.runScenario()'><b>runScenario</b><br>Test class: TestRunners.TestRunner<br>Test method: Runs Cucumber Scenarios<br>Parameters: "Binary Trees", "Tree"</td>
<td></td>
<td>10</td>
<td>TestRunners.TestRunner@fbd1f6</td></tr>
<tr>
<td title='TestRunners.TestRunner.runScenario()'><b>runScenario</b><br>Test class: TestRunners.TestRunner<br>Test method: Runs Cucumber Scenarios<br>Parameters: "Valid code on try editor for Operations in Stack runs successfully", "Stack page"</td>
<td></td>
<td>13</td>
<td>TestRunners.TestRunner@fbd1f6</td></tr>
<tr>
<td title='TestRunners.TestRunner.runScenario()'><b>runScenario</b><br>Test class: TestRunners.TestRunner<br>Test method: Runs Cucumber Scenarios<br>Parameters: "No error message displayed for empty code on try editor for graphs page", "Title of your feature"</td>
<td></td>
<td>16</td>
<td>TestRunners.TestRunner@fbd1f6</td></tr>
<tr>
<td title='TestRunners.TestRunner.runScenario()'><b>runScenario</b><br>Test class: TestRunners.TestRunner<br>Test method: Runs Cucumber Scenarios<br>Parameters: "LL_Try Here Editor page with valid data", "Linked List"</td>
<td></td>
<td>40</td>
<td>TestRunners.TestRunner@fbd1f6</td></tr>
<tr>
<td title='TestRunners.TestRunner.runScenario()'><b>runScenario</b><br>Test class: TestRunners.TestRunner<br>Test method: Runs Cucumber Scenarios<br>Parameters: "Valid code on try editor for Implementation of Queue in python runs successfully", "Queue Details page"</td>
<td></td>
<td>13</td>
<td>TestRunners.TestRunner@fbd1f6</td></tr>
<tr>
<td title='TestRunners.TestRunner.runScenario()'><b>runScenario</b><br>Test class: TestRunners.TestRunner<br>Test method: Runs Cucumber Scenarios<br>Parameters: "Tree Traversals", "Tree"</td>
<td></td>
<td>7</td>
<td>TestRunners.TestRunner@fbd1f6</td></tr>
<tr>
<td title='TestRunners.TestRunner.runScenario()'><b>runScenario</b><br>Test class: TestRunners.TestRunner<br>Test method: Runs Cucumber Scenarios<br>Parameters: "Implementation in Python", "Tree"</td>
<td></td>
<td>9</td>
<td>TestRunners.TestRunner@fbd1f6</td></tr>
<tr>
<td title='TestRunners.TestRunner.runScenario()'><b>runScenario</b><br>Test class: TestRunners.TestRunner<br>Test method: Runs Cucumber Scenarios<br>Parameters: "Try Here Editor page with invalid data", "Tree"</td>
<td></td>
<td>9</td>
<td>TestRunners.TestRunner@fbd1f6</td></tr>
<tr>
<td title='TestRunners.TestRunner.runScenario()'><b>runScenario</b><br>Test class: TestRunners.TestRunner<br>Test method: Runs Cucumber Scenarios<br>Parameters: "Clicking on time complexity navigate to the page", "DS Introduction Page"</td>
<td></td>
<td>16</td>
<td>TestRunners.TestRunner@fbd1f6</td></tr>
<tr>
<td title='TestRunners.TestRunner.runScenario()'><b>runScenario</b><br>Test class: TestRunners.TestRunner<br>Test method: Runs Cucumber Scenarios<br>Parameters: "Try Here Editor page with empty code", "Tree"</td>
<td></td>
<td>9</td>
<td>TestRunners.TestRunner@fbd1f6</td></tr>
<tr>
<td title='TestRunners.TestRunner.runScenario()'><b>runScenario</b><br>Test class: TestRunners.TestRunner<br>Test method: Runs Cucumber Scenarios<br>Parameters: "No error message displayed for empty code on try editor for array in python", "Array detail page"</td>
<td></td>
<td>14</td>
<td>TestRunners.TestRunner@fbd1f6</td></tr>
<tr>
<td title='TestRunners.TestRunner.runScenario()'><b>runScenario</b><br>Test class: TestRunners.TestRunner<br>Test method: Runs Cucumber Scenarios<br>Parameters: "LL_Try Here Editor page with invalid data", "Linked List"</td>
<td></td>
<td>14</td>
<td>TestRunners.TestRunner@fbd1f6</td></tr>
<tr>
<td title='TestRunners.TestRunner.runScenario()'><b>runScenario</b><br>Test class: TestRunners.TestRunner<br>Test method: Runs Cucumber Scenarios<br>Parameters: "LL_Try Here Editor page with empty data", "Linked List"</td>
<td></td>
<td>10</td>
<td>TestRunners.TestRunner@fbd1f6</td></tr>
<tr>
<td title='TestRunners.TestRunner.runScenario()'><b>runScenario</b><br>Test class: TestRunners.TestRunner<br>Test method: Runs Cucumber Scenarios<br>Parameters: "validate user able to navigate to practice question page for sorted array question", "Array detail page"</td>
<td></td>
<td>14</td>
<td>TestRunners.TestRunner@fbd1f6</td></tr>
<tr>
<td title='TestRunners.TestRunner.runScenario()'><b>runScenario</b><br>Test class: TestRunners.TestRunner<br>Test method: Runs Cucumber Scenarios<br>Parameters: "No error message displayed for empty code on try editor for Applications page", "Stack page"</td>
<td></td>
<td>13</td>
<td>TestRunners.TestRunner@fbd1f6</td></tr>
<tr>
<td title='TestRunners.TestRunner.runScenario()'><b>runScenario</b><br>Test class: TestRunners.TestRunner<br>Test method: Runs Cucumber Scenarios<br>Parameters: "Linked List home page", "Linked List"</td>
<td></td>
<td>11</td>
<td>TestRunners.TestRunner@fbd1f6</td></tr>
<tr>
<td title='TestRunners.TestRunner.runScenario()'><b>runScenario</b><br>Test class: TestRunners.TestRunner<br>Test method: Runs Cucumber Scenarios<br>Parameters: "Validate user is presented with error message for the code with the invalid syntax in tryEditor for Max Consecutive Ones", "Array detail page"</td>
<td></td>
<td>14</td>
<td>TestRunners.TestRunner@fbd1f6</td></tr>
<tr>
<td title='TestRunners.TestRunner.runScenario()'><b>runScenario</b><br>Test class: TestRunners.TestRunner<br>Test method: Runs Cucumber Scenarios<br>Parameters: "Valid code on try editor for arrays in python runs successfully", "Array detail page"</td>
<td></td>
<td>12</td>
<td>TestRunners.TestRunner@fbd1f6</td></tr>
<tr>
<td title='TestRunners.TestRunner.runScenario()'><b>runScenario</b><br>Test class: TestRunners.TestRunner<br>Test method: Runs Cucumber Scenarios<br>Parameters: "Introduction page", "Linked List"</td>
<td></td>
<td>8</td>
<td>TestRunners.TestRunner@fbd1f6</td></tr>
<tr>
<td title='TestRunners.TestRunner.runScenario()'><b>runScenario</b><br>Test class: TestRunners.TestRunner<br>Test method: Runs Cucumber Scenarios<br>Parameters: "DS Algo Sign in Page with blank info", "Login Feature"</td>
<td></td>
<td>7</td>
<td>TestRunners.TestRunner@fbd1f6</td></tr>
<tr>
<td title='TestRunners.TestRunner.runScenario()'><b>runScenario</b><br>Test class: TestRunners.TestRunner<br>Test method: Runs Cucumber Scenarios<br>Parameters: "Applications of Binary trees", "Tree"</td>
<td></td>
<td>7</td>
<td>TestRunners.TestRunner@fbd1f6</td></tr>
<tr>
<td title='TestRunners.TestRunner.runScenario()'><b>runScenario</b><br>Test class: TestRunners.TestRunner<br>Test method: Runs Cucumber Scenarios<br>Parameters: "Try Here Editor page with empty code", "Tree"</td>
<td></td>
<td>11</td>
<td>TestRunners.TestRunner@fbd1f6</td></tr>
<tr>
<td title='TestRunners.TestRunner.runScenario()'><b>runScenario</b><br>Test class: TestRunners.TestRunner<br>Test method: Runs Cucumber Scenarios<br>Parameters: "No error message displayed for empty code on try editor for Time Complexity", "DS Introduction Page"</td>
<td></td>
<td>17</td>
<td>TestRunners.TestRunner@fbd1f6</td></tr>
<tr>
<td title='TestRunners.TestRunner.runScenario()'><b>runScenario</b><br>Test class: TestRunners.TestRunner<br>Test method: Runs Cucumber Scenarios<br>Parameters: "Validate user can open try editor page from Implementation using collections.deque", "Queue Details page"</td>
<td></td>
<td>14</td>
<td>TestRunners.TestRunner@fbd1f6</td></tr>
<tr>
<td title='TestRunners.TestRunner.runScenario()'><b>runScenario</b><br>Test class: TestRunners.TestRunner<br>Test method: Runs Cucumber Scenarios<br>Parameters: "No error message displayed for empty code on try editor for Implementation using collections.deque", "Queue Details page"</td>
<td></td>
<td>11</td>
<td>TestRunners.TestRunner@fbd1f6</td></tr>
<tr>
<td title='TestRunners.TestRunner.runScenario()'><b>runScenario</b><br>Test class: TestRunners.TestRunner<br>Test method: Runs Cucumber Scenarios<br>Parameters: "No error message displayed for empty code on try editor for basic operations in lists", "Array detail page"</td>
<td></td>
<td>12</td>
<td>TestRunners.TestRunner@fbd1f6</td></tr>
<tr>
<td title='TestRunners.TestRunner.runScenario()'><b>runScenario</b><br>Test class: TestRunners.TestRunner<br>Test method: Runs Cucumber Scenarios<br>Parameters: "Validate user can open try editor page from Implementation using collections.deque", "Queue Details page"</td>
<td></td>
<td>12</td>
<td>TestRunners.TestRunner@fbd1f6</td></tr>
<tr>
<td title='TestRunners.TestRunner.runScenario()'><b>runScenario</b><br>Test class: TestRunners.TestRunner<br>Test method: Runs Cucumber Scenarios<br>Parameters: "Implementation Of BST", "Tree"</td>
<td></td>
<td>6</td>
<td>TestRunners.TestRunner@fbd1f6</td></tr>
<tr>
<td title='TestRunners.TestRunner.runScenario()'><b>runScenario</b><br>Test class: TestRunners.TestRunner<br>Test method: Runs Cucumber Scenarios<br>Parameters: "Try Here Editor page with valid data", "Tree"</td>
<td></td>
<td>40</td>
<td>TestRunners.TestRunner@fbd1f6</td></tr>
<tr>
<td title='TestRunners.TestRunner.runScenario()'><b>runScenario</b><br>Test class: TestRunners.TestRunner<br>Test method: Runs Cucumber Scenarios<br>Parameters: "Validate user can navigate to Operations in Stack page", "Stack page"</td>
<td></td>
<td>12</td>
<td>TestRunners.TestRunner@fbd1f6</td></tr>
<tr>
<td title='TestRunners.TestRunner.runScenario()'><b>runScenario</b><br>Test class: TestRunners.TestRunner<br>Test method: Runs Cucumber Scenarios<br>Parameters: "Valid code on try editor for Applications runs successfully", "Stack page"</td>
<td></td>
<td>14</td>
<td>TestRunners.TestRunner@fbd1f6</td></tr>
<tr>
<td title='TestRunners.TestRunner.runScenario()'><b>runScenario</b><br>Test class: TestRunners.TestRunner<br>Test method: Runs Cucumber Scenarios<br>Parameters: "Binary Search Trees", "Tree"</td>
<td></td>
<td>9</td>
<td>TestRunners.TestRunner@fbd1f6</td></tr>
<tr>
<td title='TestRunners.TestRunner.runScenario()'><b>runScenario</b><br>Test class: TestRunners.TestRunner<br>Test method: Runs Cucumber Scenarios<br>Parameters: "Validate user is presented with error message for the code with the invalid syntax in tryEditor for Squares of a Sorted Array", "Array detail page"</td>
<td></td>
<td>15</td>
<td>TestRunners.TestRunner@fbd1f6</td></tr>
<tr>
<td title='TestRunners.TestRunner.runScenario()'><b>runScenario</b><br>Test class: TestRunners.TestRunner<br>Test method: Runs Cucumber Scenarios<br>Parameters: "LL_Try Here Editor page with invalid data", "Linked List"</td>
<td></td>
<td>10</td>
<td>TestRunners.TestRunner@fbd1f6</td></tr>
<tr>
<td title='TestRunners.TestRunner.runScenario()'><b>runScenario</b><br>Test class: TestRunners.TestRunner<br>Test method: Runs Cucumber Scenarios<br>Parameters: "Valid code on try editor for Implementation using collections.deque runs successfully", "Queue Details page"</td>
<td></td>
<td>13</td>
<td>TestRunners.TestRunner@fbd1f6</td></tr>
<tr>
<td title='TestRunners.TestRunner.runScenario()'><b>runScenario</b><br>Test class: TestRunners.TestRunner<br>Test method: Runs Cucumber Scenarios<br>Parameters: "Implement Linked List in Python", "Linked List"</td>
<td></td>
<td>9</td>
<td>TestRunners.TestRunner@fbd1f6</td></tr>
<tr>
<td title='TestRunners.TestRunner.runScenario()'><b>runScenario</b><br>Test class: TestRunners.TestRunner<br>Test method: Runs Cucumber Scenarios<br>Parameters: "Validate user navigated to queue details page when clicked on get started", "Queue Details page"</td>
<td></td>
<td>10</td>
<td>TestRunners.TestRunner@fbd1f6</td></tr>
<tr>
<td title='TestRunners.TestRunner.runScenario()'><b>runScenario</b><br>Test class: TestRunners.TestRunner<br>Test method: Runs Cucumber Scenarios<br>Parameters: "Validate user can Try here link page from Operations in Stack", "Stack page"</td>
<td></td>
<td>14</td>
<td>TestRunners.TestRunner@fbd1f6</td></tr>
<tr>
<td title='TestRunners.TestRunner.runScenario()'><b>runScenario</b><br>Test class: TestRunners.TestRunner<br>Test method: Runs Cucumber Scenarios<br>Parameters: "Error message displayed for invalid code on try Editor for Array using list", "Array detail page"</td>
<td></td>
<td>12</td>
<td>TestRunners.TestRunner@fbd1f6</td></tr>
<tr>
<td title='TestRunners.TestRunner.runScenario()'><b>runScenario</b><br>Test class: TestRunners.TestRunner<br>Test method: Runs Cucumber Scenarios<br>Parameters: "DS Algo Sign in Page  with blank username", "Login Feature"</td>
<td></td>
<td>7</td>
<td>TestRunners.TestRunner@fbd1f6</td></tr>
<tr>
<td title='TestRunners.TestRunner.runScenario()'><b>runScenario</b><br>Test class: TestRunners.TestRunner<br>Test method: Runs Cucumber Scenarios<br>Parameters: "Try Here Editor page with empty code", "Tree"</td>
<td></td>
<td>10</td>
<td>TestRunners.TestRunner@fbd1f6</td></tr>
<tr>
<td title='TestRunners.TestRunner.runScenario()'><b>runScenario</b><br>Test class: TestRunners.TestRunner<br>Test method: Runs Cucumber Scenarios<br>Parameters: "Validate user lands on register page when clicked on register", "DS Introduction Page"</td>
<td></td>
<td>12</td>
<td>TestRunners.TestRunner@fbd1f6</td></tr>
<tr>
<td title='TestRunners.TestRunner.runScenario()'><b>runScenario</b><br>Test class: TestRunners.TestRunner<br>Test method: Runs Cucumber Scenarios<br>Parameters: "No error message displayed for empty code on try editor for graph representations page", "Title of your feature"</td>
<td></td>
<td>14</td>
<td>TestRunners.TestRunner@fbd1f6</td></tr>
<tr>
<td title='TestRunners.TestRunner.runScenario()'><b>runScenario</b><br>Test class: TestRunners.TestRunner<br>Test method: Runs Cucumber Scenarios<br>Parameters: "LL_Try Here Editor page with invalid data", "Linked List"</td>
<td></td>
<td>10</td>
<td>TestRunners.TestRunner@fbd1f6</td></tr>
<tr>
<td title='TestRunners.TestRunner.runScenario()'><b>runScenario</b><br>Test class: TestRunners.TestRunner<br>Test method: Runs Cucumber Scenarios<br>Parameters: "Try Here Editor page with empty code", "Tree"</td>
<td></td>
<td>9</td>
<td>TestRunners.TestRunner@fbd1f6</td></tr>
<tr>
<td title='TestRunners.TestRunner.runScenario()'><b>runScenario</b><br>Test class: TestRunners.TestRunner<br>Test method: Runs Cucumber Scenarios<br>Parameters: "Try Here Editor page with valid data", "Tree"</td>
<td></td>
<td>41</td>
<td>TestRunners.TestRunner@fbd1f6</td></tr>
<tr>
<td title='TestRunners.TestRunner.runScenario()'><b>runScenario</b><br>Test class: TestRunners.TestRunner<br>Test method: Runs Cucumber Scenarios<br>Parameters: "Try Here Editor page with invalid data", "Tree"</td>
<td></td>
<td>9</td>
<td>TestRunners.TestRunner@fbd1f6</td></tr>
<tr>
<td title='TestRunners.TestRunner.runScenario()'><b>runScenario</b><br>Test class: TestRunners.TestRunner<br>Test method: Runs Cucumber Scenarios<br>Parameters: "Validate user can open try editor page from Implementation of Queue in python", "Queue Details page"</td>
<td></td>
<td>13</td>
<td>TestRunners.TestRunner@fbd1f6</td></tr>
<tr>
<td title='TestRunners.TestRunner.runScenario()'><b>runScenario</b><br>Test class: TestRunners.TestRunner<br>Test method: Runs Cucumber Scenarios<br>Parameters: "LL_Try Here Editor page with valid data", "Linked List"</td>
<td></td>
<td>41</td>
<td>TestRunners.TestRunner@fbd1f6</td></tr>
<tr>
<td title='TestRunners.TestRunner.runScenario()'><b>runScenario</b><br>Test class: TestRunners.TestRunner<br>Test method: Runs Cucumber Scenarios<br>Parameters: "Traversals-Illustration", "Tree"</td>
<td></td>
<td>9</td>
<td>TestRunners.TestRunner@fbd1f6</td></tr>
<tr>
<td title='TestRunners.TestRunner.runScenario()'><b>runScenario</b><br>Test class: TestRunners.TestRunner<br>Test method: Runs Cucumber Scenarios<br>Parameters: "No error message displayed for empty code on try editor for Implementation using collections.deque", "Queue Details page"</td>
<td></td>
<td>12</td>
<td>TestRunners.TestRunner@fbd1f6</td></tr>
<tr>
<td title='TestRunners.TestRunner.runScenario()'><b>runScenario</b><br>Test class: TestRunners.TestRunner<br>Test method: Runs Cucumber Scenarios<br>Parameters: "Try Here Editor page with empty code", "Tree"</td>
<td></td>
<td>9</td>
<td>TestRunners.TestRunner@fbd1f6</td></tr>
<tr>
<td title='TestRunners.TestRunner.runScenario()'><b>runScenario</b><br>Test class: TestRunners.TestRunner<br>Test method: Runs Cucumber Scenarios<br>Parameters: "LL_Try Here Editor page with valid data", "Linked List"</td>
<td></td>
<td>41</td>
<td>TestRunners.TestRunner@fbd1f6</td></tr>
<tr>
<td title='TestRunners.TestRunner.runScenario()'><b>runScenario</b><br>Test class: TestRunners.TestRunner<br>Test method: Runs Cucumber Scenarios<br>Parameters: "Linked List home page", "Linked List"</td>
<td></td>
<td>12</td>
<td>TestRunners.TestRunner@fbd1f6</td></tr>
<tr>
<td title='TestRunners.TestRunner.runScenario()'><b>runScenario</b><br>Test class: TestRunners.TestRunner<br>Test method: Runs Cucumber Scenarios<br>Parameters: "Try Here Editor page with valid data", "Tree"</td>
<td></td>
<td>40</td>
<td>TestRunners.TestRunner@fbd1f6</td></tr>
<tr>
<td title='TestRunners.TestRunner.runScenario()'><b>runScenario</b><br>Test class: TestRunners.TestRunner<br>Test method: Runs Cucumber Scenarios<br>Parameters: "Types of Binary Trees", "Tree"</td>
<td></td>
<td>11</td>
<td>TestRunners.TestRunner@fbd1f6</td></tr>
</table><p>
</body>
</html>