<html>
<head>
<title>TestNG:  Testedge</title>
<link href="../testng.css" rel="stylesheet" type="text/css" />
<link href="../my-testng.css" rel="stylesheet" type="text/css" />

<style type="text/css">
.log { display: none;} 
.stack-trace { display: none;} 
</style>
<script type="text/javascript">
<!--
function flip(e) {
  current = e.style.display;
  if (current == 'block') {
    e.style.display = 'none';
    return 0;
  }
  else {
    e.style.display = 'block';
    return 1;
  }
}

function toggleBox(szDivId, elem, msg1, msg2)
{
  var res = -1;  if (document.getElementById) {
    res = flip(document.getElementById(szDivId));
  }
  else if (document.all) {
    // this is the way old msie versions work
    res = flip(document.all[szDivId]);
  }
  if(elem) {
    if(res == 0) elem.innerHTML = msg1; else elem.innerHTML = msg2;
  }

}

function toggleAllBoxes() {
  if (document.getElementsByTagName) {
    d = document.getElementsByTagName('div');
    for (i = 0; i < d.length; i++) {
      if (d[i].className == 'log') {
        flip(d[i]);
      }
    }
  }
}

// -->
</script>

</head>
<body>
<h2 align='center'>Testedge</h2><table border='1' align="center">
<tr>
<td>Tests passed/Failed/Skipped:</td><td>213/4/0</td>
</tr><tr>
<td>Started on:</td><td>Tue Dec 17 10:11:33 CST 2024</td>
</tr>
<tr><td>Total time:</td><td>843 seconds (843460 ms)</td>
</tr><tr>
<td>Included groups:</td><td></td>
</tr><tr>
<td>Excluded groups:</td><td></td>
</tr>
</table><p/>
<small><i>(Hover the method name to see the test class name)</i></small><p/>
<table width='100%' border='1' class='invocation-failed'>
<tr><td colspan='4' align='center'><b>FAILED TESTS</b></td></tr>
<tr><td><b>Test method</b></td>
<td><b>Attribute(s)</b></td>
<td width="30%"><b>Exception</b></td>
<td width="10%"><b>Time (seconds)</b></td>
<td><b>Instance</b></td>
</tr>
<tr>
<td title='TestRunners.TestRunner.runScenario()'><b>runScenario</b><br>Test class: TestRunners.TestRunner<br>Test method: Runs Cucumber Scenarios<br>Parameters: "New user registration page with valid username but only numeric password and confirm password", "Registration"</td>
<td><div><pre>java.lang.AssertionError: expected [Invalid password] but found [password_mismatch:The two password fields didn’t match.]
	at StepDefinitions.Registration.the_user_is_displayed_the_appropriate_error_msg_after_entering_invalid_data_and_redirects_to_empty_confirm_password_textbox(Registration.java:112)
	at ✽.The user is displayed the appropriate error msg after entering invalid data and redirects to empty confirm password textbox(file:///C:/Projects/newFolder-3/Repo1/src/test/resources/Features/Registration.feature:39)
... Removed 6 stack frames</pre></div><a href='#' onClick='toggleBox("stack-trace1866171784", this, "Click to show all stack frames", "Click to hide stack frames")'>Click to show all stack frames</a>
<div class='stack-trace' id='stack-trace1866171784'><pre>java.lang.AssertionError: expected [Invalid password] but found [password_mismatch:The two password fields didn’t match.]
	at org.testng.Assert.fail(Assert.java:111)
	at org.testng.Assert.failNotEquals(Assert.java:1578)
	at org.testng.Assert.assertEqualsImpl(Assert.java:150)
	at org.testng.Assert.assertEquals(Assert.java:132)
	at org.testng.Assert.assertEquals(Assert.java:656)
	at org.testng.Assert.assertEquals(Assert.java:666)
	at StepDefinitions.Registration.the_user_is_displayed_the_appropriate_error_msg_after_entering_invalid_data_and_redirects_to_empty_confirm_password_textbox(Registration.java:112)
	at ✽.The user is displayed the appropriate error msg after entering invalid data and redirects to empty confirm password textbox(file:///C:/Projects/newFolder-3/Repo1/src/test/resources/Features/Registration.feature:39)
</pre></div></td>
<td>7</td>
<td>TestRunners.TestRunner@fbd1f6</td></tr>
<tr>
<td title='TestRunners.TestRunner.runScenario()'><b>runScenario</b><br>Test class: TestRunners.TestRunner<br>Test method: Runs Cucumber Scenarios<br>Parameters: "New user registration page with username entered with a space inbetween", "Registration"</td>
<td><div><pre>java.lang.AssertionError: expected [NumpyNinja] but found [Registration]
	at StepDefinitions.Registration.the_user_is_displayed_with_error_msg_after_entering_invalid_data_and_redirects_to_empty_username_textbox(Registration.java:94)
	at ✽.The user is displayed with error msg after entering invalid data and redirects to empty username textbox(file:///C:/Projects/newFolder-3/Repo1/src/test/resources/Features/Registration.feature:32)
... Removed 6 stack frames</pre></div><a href='#' onClick='toggleBox("stack-trace2065346159", this, "Click to show all stack frames", "Click to hide stack frames")'>Click to show all stack frames</a>
<div class='stack-trace' id='stack-trace2065346159'><pre>java.lang.AssertionError: expected [NumpyNinja] but found [Registration]
	at org.testng.Assert.fail(Assert.java:111)
	at org.testng.Assert.failNotEquals(Assert.java:1578)
	at org.testng.Assert.assertEqualsImpl(Assert.java:150)
	at org.testng.Assert.assertEquals(Assert.java:132)
	at org.testng.Assert.assertEquals(Assert.java:656)
	at org.testng.Assert.assertEquals(Assert.java:666)
	at StepDefinitions.Registration.the_user_is_displayed_with_error_msg_after_entering_invalid_data_and_redirects_to_empty_username_textbox(Registration.java:94)
	at ✽.The user is displayed with error msg after entering invalid data and redirects to empty username textbox(file:///C:/Projects/newFolder-3/Repo1/src/test/resources/Features/Registration.feature:32)
</pre></div></td>
<td>8</td>
<td>TestRunners.TestRunner@fbd1f6</td></tr>
<tr>
<td title='TestRunners.TestRunner.runScenario()'><b>runScenario</b><br>Test class: TestRunners.TestRunner<br>Test method: Runs Cucumber Scenarios<br>Parameters: "New user registration page with all valid credentials entered", "Registration"</td>
<td><div><pre>java.lang.AssertionError: expected [New Account Created. You are logged in as 11111dddfrtfg] but found [password_mismatch:The two password fields didn’t match.]
	at StepDefinitions.Registration.the_user_is_redirected_to_home_page_of_ds_algo_with_success_message_new_account_created_you_are_logged_in_as_username_on_the_ds_algo_home_page(Registration.java:167)
	at ✽.The user is redirected to Home Page of DS Algo with success message - New Account Created. You are logged in as username on the DS Algo Home Page(file:///C:/Projects/newFolder-3/Repo1/src/test/resources/Features/Registration.feature:62)
... Removed 6 stack frames</pre></div><a href='#' onClick='toggleBox("stack-trace385506944", this, "Click to show all stack frames", "Click to hide stack frames")'>Click to show all stack frames</a>
<div class='stack-trace' id='stack-trace385506944'><pre>java.lang.AssertionError: expected [New Account Created. You are logged in as 11111dddfrtfg] but found [password_mismatch:The two password fields didn’t match.]
	at org.testng.Assert.fail(Assert.java:111)
	at org.testng.Assert.failNotEquals(Assert.java:1578)
	at org.testng.Assert.assertEqualsImpl(Assert.java:150)
	at org.testng.Assert.assertEquals(Assert.java:132)
	at org.testng.Assert.assertEquals(Assert.java:656)
	at org.testng.Assert.assertEquals(Assert.java:666)
	at StepDefinitions.Registration.the_user_is_redirected_to_home_page_of_ds_algo_with_success_message_new_account_created_you_are_logged_in_as_username_on_the_ds_algo_home_page(Registration.java:167)
	at ✽.The user is redirected to Home Page of DS Algo with success message - New Account Created. You are logged in as username on the DS Algo Home Page(file:///C:/Projects/newFolder-3/Repo1/src/test/resources/Features/Registration.feature:62)
</pre></div></td>
<td>7</td>
<td>TestRunners.TestRunner@fbd1f6</td></tr>
<tr>
<td title='TestRunners.TestRunner.runScenario()'><b>runScenario</b><br>Test class: TestRunners.TestRunner<br>Test method: Runs Cucumber Scenarios<br>Parameters: "New user registration page with valid username but password and confirm password fields has less than eight characters", "Registration"</td>
<td><div><pre>java.lang.AssertionError: expected [Invalid password] but found [password_mismatch:The two password fields didn’t match.]
	at StepDefinitions.Registration.the_user_is_displayed_the_appropriate_error_msg_after_entering_invalid_data_and_redirects_to_empty_password_confirm_textbox(Registration.java:131)
	at ✽.The user is displayed the appropriate error msg after entering invalid data and  redirects to empty password confirm textbox(file:///C:/Projects/newFolder-3/Repo1/src/test/resources/Features/Registration.feature:47)
... Removed 6 stack frames</pre></div><a href='#' onClick='toggleBox("stack-trace1981199949", this, "Click to show all stack frames", "Click to hide stack frames")'>Click to show all stack frames</a>
<div class='stack-trace' id='stack-trace1981199949'><pre>java.lang.AssertionError: expected [Invalid password] but found [password_mismatch:The two password fields didn’t match.]
	at org.testng.Assert.fail(Assert.java:111)
	at org.testng.Assert.failNotEquals(Assert.java:1578)
	at org.testng.Assert.assertEqualsImpl(Assert.java:150)
	at org.testng.Assert.assertEquals(Assert.java:132)
	at org.testng.Assert.assertEquals(Assert.java:656)
	at org.testng.Assert.assertEquals(Assert.java:666)
	at StepDefinitions.Registration.the_user_is_displayed_the_appropriate_error_msg_after_entering_invalid_data_and_redirects_to_empty_password_confirm_textbox(Registration.java:131)
	at ✽.The user is displayed the appropriate error msg after entering invalid data and  redirects to empty password confirm textbox(file:///C:/Projects/newFolder-3/Repo1/src/test/resources/Features/Registration.feature:47)
</pre></div></td>
<td>7</td>
<td>TestRunners.TestRunner@fbd1f6</td></tr>
</table><p>
<table width='100%' border='1' class='invocation-passed'>
<tr><td colspan='4' align='center'><b>PASSED TESTS</b></td></tr>
<tr><td><b>Test method</b></td>
<td><b>Attribute(s)</b></td>
<td width="30%"><b>Exception</b></td>
<td width="10%"><b>Time (seconds)</b></td>
<td><b>Instance</b></td>
</tr>
<tr>
<td title='TestRunners.TestRunner.runScenario()'><b>runScenario</b><br>Test class: TestRunners.TestRunner<br>Test method: Runs Cucumber Scenarios<br>Parameters: "Validate user can open try editor page from Implementation using collections.deque", "Queue Details page"</td>
<td></td>
<td>8</td>
<td>TestRunners.TestRunner@fbd1f6</td></tr>
<tr>
<td title='TestRunners.TestRunner.runScenario()'><b>runScenario</b><br>Test class: TestRunners.TestRunner<br>Test method: Runs Cucumber Scenarios<br>Parameters: "Validate user can navigate to basic opertaions in lists", "Array detail page"</td>
<td></td>
<td>8</td>
<td>TestRunners.TestRunner@fbd1f6</td></tr>
<tr>
<td title='TestRunners.TestRunner.runScenario()'><b>runScenario</b><br>Test class: TestRunners.TestRunner<br>Test method: Runs Cucumber Scenarios<br>Parameters: "Terminologies", "Tree"</td>
<td></td>
<td>7</td>
<td>TestRunners.TestRunner@fbd1f6</td></tr>
<tr>
<td title='TestRunners.TestRunner.runScenario()'><b>runScenario</b><br>Test class: TestRunners.TestRunner<br>Test method: Runs Cucumber Scenarios<br>Parameters: "Validate user can Try here link page from Arrays in python", "Array detail page"</td>
<td></td>
<td>13</td>
<td>TestRunners.TestRunner@fbd1f6</td></tr>
<tr>
<td title='TestRunners.TestRunner.runScenario()'><b>runScenario</b><br>Test class: TestRunners.TestRunner<br>Test method: Runs Cucumber Scenarios<br>Parameters: "Validate user can click on Try here link from Implementation page", "Stack page"</td>
<td></td>
<td>8</td>
<td>TestRunners.TestRunner@fbd1f6</td></tr>
<tr>
<td title='TestRunners.TestRunner.runScenario()'><b>runScenario</b><br>Test class: TestRunners.TestRunner<br>Test method: Runs Cucumber Scenarios<br>Parameters: "Validate user can open try editor page from Implementation of Queue in python", "Queue Details page"</td>
<td></td>
<td>10</td>
<td>TestRunners.TestRunner@fbd1f6</td></tr>
<tr>
<td title='TestRunners.TestRunner.runScenario()'><b>runScenario</b><br>Test class: TestRunners.TestRunner<br>Test method: Runs Cucumber Scenarios<br>Parameters: "Validate user can navigate to Implementation using collections.deque", "Queue Details page"</td>
<td></td>
<td>10</td>
<td>TestRunners.TestRunner@fbd1f6</td></tr>
<tr>
<td title='TestRunners.TestRunner.runScenario()'><b>runScenario</b><br>Test class: TestRunners.TestRunner<br>Test method: Runs Cucumber Scenarios<br>Parameters: "Valid code on try editor for graphs runs successfully", "Title of your feature"</td>
<td></td>
<td>8</td>
<td>TestRunners.TestRunner@fbd1f6</td></tr>
<tr>
<td title='TestRunners.TestRunner.runScenario()'><b>runScenario</b><br>Test class: TestRunners.TestRunner<br>Test method: Runs Cucumber Scenarios<br>Parameters: "Validate user navigated to stack details page when clicked on get started", "Stack page"</td>
<td></td>
<td>8</td>
<td>TestRunners.TestRunner@fbd1f6</td></tr>
<tr>
<td title='TestRunners.TestRunner.runScenario()'><b>runScenario</b><br>Test class: TestRunners.TestRunner<br>Test method: Runs Cucumber Scenarios<br>Parameters: "No error message displayed for empty code on try editor for Implementation using collections.deque", "Queue Details page"</td>
<td></td>
<td>9</td>
<td>TestRunners.TestRunner@fbd1f6</td></tr>
<tr>
<td title='TestRunners.TestRunner.runScenario()'><b>runScenario</b><br>Test class: TestRunners.TestRunner<br>Test method: Runs Cucumber Scenarios<br>Parameters: "Try Here Editor page with valid data", "Tree"</td>
<td></td>
<td>37</td>
<td>TestRunners.TestRunner@fbd1f6</td></tr>
<tr>
<td title='TestRunners.TestRunner.runScenario()'><b>runScenario</b><br>Test class: TestRunners.TestRunner<br>Test method: Runs Cucumber Scenarios<br>Parameters: "Error message displayed for invalid code on try Editor for Basic operations in lists", "Array detail page"</td>
<td></td>
<td>10</td>
<td>TestRunners.TestRunner@fbd1f6</td></tr>
<tr>
<td title='TestRunners.TestRunner.runScenario()'><b>runScenario</b><br>Test class: TestRunners.TestRunner<br>Test method: Runs Cucumber Scenarios<br>Parameters: "Validate user can Try here link page from applications of array", "Array detail page"</td>
<td></td>
<td>9</td>
<td>TestRunners.TestRunner@fbd1f6</td></tr>
<tr>
<td title='TestRunners.TestRunner.runScenario()'><b>runScenario</b><br>Test class: TestRunners.TestRunner<br>Test method: Runs Cucumber Scenarios<br>Parameters: "No error message displayed for empty code on try editor for Implementation using collections.deque", "Queue Details page"</td>
<td></td>
<td>8</td>
<td>TestRunners.TestRunner@fbd1f6</td></tr>
<tr>
<td title='TestRunners.TestRunner.runScenario()'><b>runScenario</b><br>Test class: TestRunners.TestRunner<br>Test method: Runs Cucumber Scenarios<br>Parameters: "Valid code on try editor for Implementation using collections.deque runs successfully", "Queue Details page"</td>
<td></td>
<td>8</td>
<td>TestRunners.TestRunner@fbd1f6</td></tr>
<tr>
<td title='TestRunners.TestRunner.runScenario()'><b>runScenario</b><br>Test class: TestRunners.TestRunner<br>Test method: Runs Cucumber Scenarios<br>Parameters: "Try Here Editor page with empty code", "Tree"</td>
<td></td>
<td>8</td>
<td>TestRunners.TestRunner@fbd1f6</td></tr>
<tr>
<td title='TestRunners.TestRunner.runScenario()'><b>runScenario</b><br>Test class: TestRunners.TestRunner<br>Test method: Runs Cucumber Scenarios<br>Parameters: "New user registration page with all fields empty and Register button is clicked", "Registration"</td>
<td></td>
<td>7</td>
<td>TestRunners.TestRunner@fbd1f6</td></tr>
<tr>
<td title='TestRunners.TestRunner.runScenario()'><b>runScenario</b><br>Test class: TestRunners.TestRunner<br>Test method: Runs Cucumber Scenarios<br>Parameters: "DS Algo Sign in Page with invalid username and password", "Login Feature"</td>
<td></td>
<td>7</td>
<td>TestRunners.TestRunner@fbd1f6</td></tr>
<tr>
<td title='TestRunners.TestRunner.runScenario()'><b>runScenario</b><br>Test class: TestRunners.TestRunner<br>Test method: Runs Cucumber Scenarios<br>Parameters: "Clicking on Try Here on time complexity opens python editor", "DS Introduction Page"</td>
<td></td>
<td>8</td>
<td>TestRunners.TestRunner@fbd1f6</td></tr>
<tr>
<td title='TestRunners.TestRunner.runScenario()'><b>runScenario</b><br>Test class: TestRunners.TestRunner<br>Test method: Runs Cucumber Scenarios<br>Parameters: "Try Here Editor page with invalid data", "Tree"</td>
<td></td>
<td>7</td>
<td>TestRunners.TestRunner@fbd1f6</td></tr>
<tr>
<td title='TestRunners.TestRunner.runScenario()'><b>runScenario</b><br>Test class: TestRunners.TestRunner<br>Test method: Runs Cucumber Scenarios<br>Parameters: "DS Algo Sign in Page with blank info", "Login Feature"</td>
<td></td>
<td>6</td>
<td>TestRunners.TestRunner@fbd1f6</td></tr>
<tr>
<td title='TestRunners.TestRunner.runScenario()'><b>runScenario</b><br>Test class: TestRunners.TestRunner<br>Test method: Runs Cucumber Scenarios<br>Parameters: "Try Here Editor page with valid data", "Tree"</td>
<td></td>
<td>38</td>
<td>TestRunners.TestRunner@fbd1f6</td></tr>
<tr>
<td title='TestRunners.TestRunner.runScenario()'><b>runScenario</b><br>Test class: TestRunners.TestRunner<br>Test method: Runs Cucumber Scenarios<br>Parameters: "Try Here Editor page with invalid data", "Tree"</td>
<td></td>
<td>8</td>
<td>TestRunners.TestRunner@fbd1f6</td></tr>
<tr>
<td title='TestRunners.TestRunner.runScenario()'><b>runScenario</b><br>Test class: TestRunners.TestRunner<br>Test method: Runs Cucumber Scenarios<br>Parameters: "No error message displayed for empty code on try editor for Time Complexity", "DS Introduction Page"</td>
<td></td>
<td>9</td>
<td>TestRunners.TestRunner@fbd1f6</td></tr>
<tr>
<td title='TestRunners.TestRunner.runScenario()'><b>runScenario</b><br>Test class: TestRunners.TestRunner<br>Test method: Runs Cucumber Scenarios<br>Parameters: "Validate user is able to run the code in tryEditor for Even number of digits", "Array detail page"</td>
<td></td>
<td>12</td>
<td>TestRunners.TestRunner@fbd1f6</td></tr>
<tr>
<td title='TestRunners.TestRunner.runScenario()'><b>runScenario</b><br>Test class: TestRunners.TestRunner<br>Test method: Runs Cucumber Scenarios<br>Parameters: "DS Algo Sign in Page  with valid username and Valid password", "Login Feature"</td>
<td></td>
<td>7</td>
<td>TestRunners.TestRunner@fbd1f6</td></tr>
<tr>
<td title='TestRunners.TestRunner.runScenario()'><b>runScenario</b><br>Test class: TestRunners.TestRunner<br>Test method: Runs Cucumber Scenarios<br>Parameters: "No error message displayed for empty code on try editor for basic operations in lists", "Array detail page"</td>
<td></td>
<td>10</td>
<td>TestRunners.TestRunner@fbd1f6</td></tr>
<tr>
<td title='TestRunners.TestRunner.runScenario()'><b>runScenario</b><br>Test class: TestRunners.TestRunner<br>Test method: Runs Cucumber Scenarios<br>Parameters: "Binary Tree Traversals", "Tree"</td>
<td></td>
<td>7</td>
<td>TestRunners.TestRunner@fbd1f6</td></tr>
<tr>
<td title='TestRunners.TestRunner.runScenario()'><b>runScenario</b><br>Test class: TestRunners.TestRunner<br>Test method: Runs Cucumber Scenarios<br>Parameters: "Try Here Editor page with empty code", "Tree"</td>
<td></td>
<td>7</td>
<td>TestRunners.TestRunner@fbd1f6</td></tr>
<tr>
<td title='TestRunners.TestRunner.runScenario()'><b>runScenario</b><br>Test class: TestRunners.TestRunner<br>Test method: Runs Cucumber Scenarios<br>Parameters: "Try Here Editor page with invalid data", "Tree"</td>
<td></td>
<td>7</td>
<td>TestRunners.TestRunner@fbd1f6</td></tr>
<tr>
<td title='TestRunners.TestRunner.runScenario()'><b>runScenario</b><br>Test class: TestRunners.TestRunner<br>Test method: Runs Cucumber Scenarios<br>Parameters: "Linked List home page", "Linked List"</td>
<td></td>
<td>8</td>
<td>TestRunners.TestRunner@fbd1f6</td></tr>
<tr>
<td title='TestRunners.TestRunner.runScenario()'><b>runScenario</b><br>Test class: TestRunners.TestRunner<br>Test method: Runs Cucumber Scenarios<br>Parameters: "Try Here Editor page with valid data", "Tree"</td>
<td></td>
<td>38</td>
<td>TestRunners.TestRunner@fbd1f6</td></tr>
<tr>
<td title='TestRunners.TestRunner.runScenario()'><b>runScenario</b><br>Test class: TestRunners.TestRunner<br>Test method: Runs Cucumber Scenarios<br>Parameters: "Validate user navigated to queue details page when clicked on get started", "Queue Details page"</td>
<td></td>
<td>8</td>
<td>TestRunners.TestRunner@fbd1f6</td></tr>
<tr>
<td title='TestRunners.TestRunner.runScenario()'><b>runScenario</b><br>Test class: TestRunners.TestRunner<br>Test method: Runs Cucumber Scenarios<br>Parameters: "Validate user is presented with error message for the code with the invalid syntax in tryEditor for search the array link", "Array detail page"</td>
<td></td>
<td>9</td>
<td>TestRunners.TestRunner@fbd1f6</td></tr>
<tr>
<td title='TestRunners.TestRunner.runScenario()'><b>runScenario</b><br>Test class: TestRunners.TestRunner<br>Test method: Runs Cucumber Scenarios<br>Parameters: "Validate user is able to Submit the code in tryEditor for Search the array link", "Array detail page"</td>
<td></td>
<td>12</td>
<td>TestRunners.TestRunner@fbd1f6</td></tr>
<tr>
<td title='TestRunners.TestRunner.runScenario()'><b>runScenario</b><br>Test class: TestRunners.TestRunner<br>Test method: Runs Cucumber Scenarios<br>Parameters: "LL_Try Here Editor page with valid data", "Linked List"</td>
<td></td>
<td>39</td>
<td>TestRunners.TestRunner@fbd1f6</td></tr>
<tr>
<td title='TestRunners.TestRunner.runScenario()'><b>runScenario</b><br>Test class: TestRunners.TestRunner<br>Test method: Runs Cucumber Scenarios<br>Parameters: "Verify warning message when user navigate to DS details page without signIn", "DS Introduction Page"</td>
<td></td>
<td>6</td>
<td>TestRunners.TestRunner@fbd1f6</td></tr>
<tr>
<td title='TestRunners.TestRunner.runScenario()'><b>runScenario</b><br>Test class: TestRunners.TestRunner<br>Test method: Runs Cucumber Scenarios<br>Parameters: "No error message displayed for empty code on try editor for Array using list", "Array detail page"</td>
<td></td>
<td>9</td>
<td>TestRunners.TestRunner@fbd1f6</td></tr>
<tr>
<td title='TestRunners.TestRunner.runScenario()'><b>runScenario</b><br>Test class: TestRunners.TestRunner<br>Test method: Runs Cucumber Scenarios<br>Parameters: "Linked List home page", "Linked List"</td>
<td></td>
<td>5</td>
<td>TestRunners.TestRunner@fbd1f6</td></tr>
<tr>
<td title='TestRunners.TestRunner.runScenario()'><b>runScenario</b><br>Test class: TestRunners.TestRunner<br>Test method: Runs Cucumber Scenarios<br>Parameters: "LL_Try Here Editor page with invalid data", "Linked List"</td>
<td></td>
<td>9</td>
<td>TestRunners.TestRunner@fbd1f6</td></tr>
<tr>
<td title='TestRunners.TestRunner.runScenario()'><b>runScenario</b><br>Test class: TestRunners.TestRunner<br>Test method: Runs Cucumber Scenarios<br>Parameters: "Try Here Editor page with invalid data", "Tree"</td>
<td></td>
<td>7</td>
<td>TestRunners.TestRunner@fbd1f6</td></tr>
<tr>
<td title='TestRunners.TestRunner.runScenario()'><b>runScenario</b><br>Test class: TestRunners.TestRunner<br>Test method: Runs Cucumber Scenarios<br>Parameters: "LL_Try Here Editor page with empty data", "Linked List"</td>
<td></td>
<td>7</td>
<td>TestRunners.TestRunner@fbd1f6</td></tr>
<tr>
<td title='TestRunners.TestRunner.runScenario()'><b>runScenario</b><br>Test class: TestRunners.TestRunner<br>Test method: Runs Cucumber Scenarios<br>Parameters: "Linked List home page", "Linked List"</td>
<td></td>
<td>7</td>
<td>TestRunners.TestRunner@fbd1f6</td></tr>
<tr>
<td title='TestRunners.TestRunner.runScenario()'><b>runScenario</b><br>Test class: TestRunners.TestRunner<br>Test method: Runs Cucumber Scenarios<br>Parameters: "Applications of Binary trees", "Tree"</td>
<td></td>
<td>7</td>
<td>TestRunners.TestRunner@fbd1f6</td></tr>
<tr>
<td title='TestRunners.TestRunner.runScenario()'><b>runScenario</b><br>Test class: TestRunners.TestRunner<br>Test method: Runs Cucumber Scenarios<br>Parameters: "Validate user can Try here link page from graphs", "Title of your feature"</td>
<td></td>
<td>9</td>
<td>TestRunners.TestRunner@fbd1f6</td></tr>
<tr>
<td title='TestRunners.TestRunner.runScenario()'><b>runScenario</b><br>Test class: TestRunners.TestRunner<br>Test method: Runs Cucumber Scenarios<br>Parameters: "Try Here Editor page with valid data", "Tree"</td>
<td></td>
<td>40</td>
<td>TestRunners.TestRunner@fbd1f6</td></tr>
<tr>
<td title='TestRunners.TestRunner.runScenario()'><b>runScenario</b><br>Test class: TestRunners.TestRunner<br>Test method: Runs Cucumber Scenarios<br>Parameters: "Try Here Editor page with empty code", "Tree"</td>
<td></td>
<td>7</td>
<td>TestRunners.TestRunner@fbd1f6</td></tr>
<tr>
<td title='TestRunners.TestRunner.runScenario()'><b>runScenario</b><br>Test class: TestRunners.TestRunner<br>Test method: Runs Cucumber Scenarios<br>Parameters: "Terminologies", "Tree"</td>
<td></td>
<td>7</td>
<td>TestRunners.TestRunner@fbd1f6</td></tr>
<tr>
<td title='TestRunners.TestRunner.runScenario()'><b>runScenario</b><br>Test class: TestRunners.TestRunner<br>Test method: Runs Cucumber Scenarios<br>Parameters: "Types of Linked List", "Linked List"</td>
<td></td>
<td>11</td>
<td>TestRunners.TestRunner@fbd1f6</td></tr>
<tr>
<td title='TestRunners.TestRunner.runScenario()'><b>runScenario</b><br>Test class: TestRunners.TestRunner<br>Test method: Runs Cucumber Scenarios<br>Parameters: "LL_Try Here Editor page with valid data", "Linked List"</td>
<td></td>
<td>40</td>
<td>TestRunners.TestRunner@fbd1f6</td></tr>
<tr>
<td title='TestRunners.TestRunner.runScenario()'><b>runScenario</b><br>Test class: TestRunners.TestRunner<br>Test method: Runs Cucumber Scenarios<br>Parameters: "Try Here Editor page with valid data", "Tree"</td>
<td></td>
<td>37</td>
<td>TestRunners.TestRunner@fbd1f6</td></tr>
<tr>
<td title='TestRunners.TestRunner.runScenario()'><b>runScenario</b><br>Test class: TestRunners.TestRunner<br>Test method: Runs Cucumber Scenarios<br>Parameters: "New user registration page on registration with different passwords entered in password and confirm password fields", "Registration"</td>
<td></td>
<td>7</td>
<td>TestRunners.TestRunner@fbd1f6</td></tr>
<tr>
<td title='TestRunners.TestRunner.runScenario()'><b>runScenario</b><br>Test class: TestRunners.TestRunner<br>Test method: Runs Cucumber Scenarios<br>Parameters: "Types of Trees", "Tree"</td>
<td></td>
<td>6</td>
<td>TestRunners.TestRunner@fbd1f6</td></tr>
<tr>
<td title='TestRunners.TestRunner.runScenario()'><b>runScenario</b><br>Test class: TestRunners.TestRunner<br>Test method: Runs Cucumber Scenarios<br>Parameters: "Valid code on try editor for Applications runs successfully", "Stack page"</td>
<td></td>
<td>9</td>
<td>TestRunners.TestRunner@fbd1f6</td></tr>
<tr>
<td title='TestRunners.TestRunner.runScenario()'><b>runScenario</b><br>Test class: TestRunners.TestRunner<br>Test method: Runs Cucumber Scenarios<br>Parameters: "No error message displayed for empty code on try editor for graphs page", "Title of your feature"</td>
<td></td>
<td>9</td>
<td>TestRunners.TestRunner@fbd1f6</td></tr>
<tr>
<td title='TestRunners.TestRunner.runScenario()'><b>runScenario</b><br>Test class: TestRunners.TestRunner<br>Test method: Runs Cucumber Scenarios<br>Parameters: "Valid code on try editor for Implementation using collections.deque runs successfully", "Queue Details page"</td>
<td></td>
<td>9</td>
<td>TestRunners.TestRunner@fbd1f6</td></tr>
<tr>
<td title='TestRunners.TestRunner.runScenario()'><b>runScenario</b><br>Test class: TestRunners.TestRunner<br>Test method: Runs Cucumber Scenarios<br>Parameters: "Error message displayed for invalid code on try editor for Implementation of Queue in python", "Queue Details page"</td>
<td></td>
<td>10</td>
<td>TestRunners.TestRunner@fbd1f6</td></tr>
<tr>
<td title='TestRunners.TestRunner.runScenario()'><b>runScenario</b><br>Test class: TestRunners.TestRunner<br>Test method: Runs Cucumber Scenarios<br>Parameters: "Types of Binary Trees", "Tree"</td>
<td></td>
<td>6</td>
<td>TestRunners.TestRunner@fbd1f6</td></tr>
<tr>
<td title='TestRunners.TestRunner.runScenario()'><b>runScenario</b><br>Test class: TestRunners.TestRunner<br>Test method: Runs Cucumber Scenarios<br>Parameters: "Valid code on try editor for Implementation of Queue in python runs successfully", "Queue Details page"</td>
<td></td>
<td>11</td>
<td>TestRunners.TestRunner@fbd1f6</td></tr>
<tr>
<td title='TestRunners.TestRunner.runScenario()'><b>runScenario</b><br>Test class: TestRunners.TestRunner<br>Test method: Runs Cucumber Scenarios<br>Parameters: "LL_Try Here Editor page with valid data", "Linked List"</td>
<td></td>
<td>39</td>
<td>TestRunners.TestRunner@fbd1f6</td></tr>
<tr>
<td title='TestRunners.TestRunner.runScenario()'><b>runScenario</b><br>Test class: TestRunners.TestRunner<br>Test method: Runs Cucumber Scenarios<br>Parameters: "LL_Try Here Editor page with valid data", "Linked List"</td>
<td></td>
<td>38</td>
<td>TestRunners.TestRunner@fbd1f6</td></tr>
<tr>
<td title='TestRunners.TestRunner.runScenario()'><b>runScenario</b><br>Test class: TestRunners.TestRunner<br>Test method: Runs Cucumber Scenarios<br>Parameters: "LL_Try Here Editor page with empty data", "Linked List"</td>
<td></td>
<td>9</td>
<td>TestRunners.TestRunner@fbd1f6</td></tr>
<tr>
<td title='TestRunners.TestRunner.runScenario()'><b>runScenario</b><br>Test class: TestRunners.TestRunner<br>Test method: Runs Cucumber Scenarios<br>Parameters: "Try Here Editor page with invalid data", "Tree"</td>
<td></td>
<td>8</td>
<td>TestRunners.TestRunner@fbd1f6</td></tr>
<tr>
<td title='TestRunners.TestRunner.runScenario()'><b>runScenario</b><br>Test class: TestRunners.TestRunner<br>Test method: Runs Cucumber Scenarios<br>Parameters: "LL_Try Here Editor page with invalid data", "Linked List"</td>
<td></td>
<td>9</td>
<td>TestRunners.TestRunner@fbd1f6</td></tr>
<tr>
<td title='TestRunners.TestRunner.runScenario()'><b>runScenario</b><br>Test class: TestRunners.TestRunner<br>Test method: Runs Cucumber Scenarios<br>Parameters: "Linked List home page", "Linked List"</td>
<td></td>
<td>7</td>
<td>TestRunners.TestRunner@fbd1f6</td></tr>
<tr>
<td title='TestRunners.TestRunner.runScenario()'><b>runScenario</b><br>Test class: TestRunners.TestRunner<br>Test method: Runs Cucumber Scenarios<br>Parameters: "Try Here Editor page with valid data", "Tree"</td>
<td></td>
<td>37</td>
<td>TestRunners.TestRunner@fbd1f6</td></tr>
<tr>
<td title='TestRunners.TestRunner.runScenario()'><b>runScenario</b><br>Test class: TestRunners.TestRunner<br>Test method: Runs Cucumber Scenarios<br>Parameters: "Deletion", "Linked List"</td>
<td></td>
<td>8</td>
<td>TestRunners.TestRunner@fbd1f6</td></tr>
<tr>
<td title='TestRunners.TestRunner.runScenario()'><b>runScenario</b><br>Test class: TestRunners.TestRunner<br>Test method: Runs Cucumber Scenarios<br>Parameters: "No error message displayed for empty code on try editor for Implementation of Queue in python", "Queue Details page"</td>
<td></td>
<td>11</td>
<td>TestRunners.TestRunner@fbd1f6</td></tr>
<tr>
<td title='TestRunners.TestRunner.runScenario()'><b>runScenario</b><br>Test class: TestRunners.TestRunner<br>Test method: Runs Cucumber Scenarios<br>Parameters: "No error message displayed for empty code on try editor for graph representations page", "Title of your feature"</td>
<td></td>
<td>10</td>
<td>TestRunners.TestRunner@fbd1f6</td></tr>
<tr>
<td title='TestRunners.TestRunner.runScenario()'><b>runScenario</b><br>Test class: TestRunners.TestRunner<br>Test method: Runs Cucumber Scenarios<br>Parameters: "Implementation Of BST", "Tree"</td>
<td></td>
<td>8</td>
<td>TestRunners.TestRunner@fbd1f6</td></tr>
<tr>
<td title='TestRunners.TestRunner.runScenario()'><b>runScenario</b><br>Test class: TestRunners.TestRunner<br>Test method: Runs Cucumber Scenarios<br>Parameters: "Try Here Editor page with empty code", "Tree"</td>
<td></td>
<td>7</td>
<td>TestRunners.TestRunner@fbd1f6</td></tr>
<tr>
<td title='TestRunners.TestRunner.runScenario()'><b>runScenario</b><br>Test class: TestRunners.TestRunner<br>Test method: Runs Cucumber Scenarios<br>Parameters: "Error message displayed for invalid code on try Editor for graph representations page", "Title of your feature"</td>
<td></td>
<td>10</td>
<td>TestRunners.TestRunner@fbd1f6</td></tr>
<tr>
<td title='TestRunners.TestRunner.runScenario()'><b>runScenario</b><br>Test class: TestRunners.TestRunner<br>Test method: Runs Cucumber Scenarios<br>Parameters: "LL_Try Here Editor page with invalid data", "Linked List"</td>
<td></td>
<td>7</td>
<td>TestRunners.TestRunner@fbd1f6</td></tr>
<tr>
<td title='TestRunners.TestRunner.runScenario()'><b>runScenario</b><br>Test class: TestRunners.TestRunner<br>Test method: Runs Cucumber Scenarios<br>Parameters: "Validate user can navigate to Implementations of Queue in Python", "Queue Details page"</td>
<td></td>
<td>10</td>
<td>TestRunners.TestRunner@fbd1f6</td></tr>
<tr>
<td title='TestRunners.TestRunner.runScenario()'><b>runScenario</b><br>Test class: TestRunners.TestRunner<br>Test method: Runs Cucumber Scenarios<br>Parameters: "validate user able to navigate to practice question page for max consecutive ones question", "Array detail page"</td>
<td></td>
<td>9</td>
<td>TestRunners.TestRunner@fbd1f6</td></tr>
<tr>
<td title='TestRunners.TestRunner.runScenario()'><b>runScenario</b><br>Test class: TestRunners.TestRunner<br>Test method: Runs Cucumber Scenarios<br>Parameters: "Valid code on try editor for graph representations runs successfully", "Title of your feature"</td>
<td></td>
<td>10</td>
<td>TestRunners.TestRunner@fbd1f6</td></tr>
<tr>
<td title='TestRunners.TestRunner.runScenario()'><b>runScenario</b><br>Test class: TestRunners.TestRunner<br>Test method: Runs Cucumber Scenarios<br>Parameters: "LL_Try Here Editor page with invalid data", "Linked List"</td>
<td></td>
<td>8</td>
<td>TestRunners.TestRunner@fbd1f6</td></tr>
<tr>
<td title='TestRunners.TestRunner.runScenario()'><b>runScenario</b><br>Test class: TestRunners.TestRunner<br>Test method: Runs Cucumber Scenarios<br>Parameters: "Validate user can click on Try here link from Applications page", "Stack page"</td>
<td></td>
<td>9</td>
<td>TestRunners.TestRunner@fbd1f6</td></tr>
<tr>
<td title='TestRunners.TestRunner.runScenario()'><b>runScenario</b><br>Test class: TestRunners.TestRunner<br>Test method: Runs Cucumber Scenarios<br>Parameters: "Error message displayed for invalid code on try Editor for Operations in Stack page", "Stack page"</td>
<td></td>
<td>9</td>
<td>TestRunners.TestRunner@fbd1f6</td></tr>
<tr>
<td title='TestRunners.TestRunner.runScenario()'><b>runScenario</b><br>Test class: TestRunners.TestRunner<br>Test method: Runs Cucumber Scenarios<br>Parameters: "Validate user is presented with error message for the code with the invalid syntax in tryEditor for Max Consecutive Ones", "Array detail page"</td>
<td></td>
<td>9</td>
<td>TestRunners.TestRunner@fbd1f6</td></tr>
<tr>
<td title='TestRunners.TestRunner.runScenario()'><b>runScenario</b><br>Test class: TestRunners.TestRunner<br>Test method: Runs Cucumber Scenarios<br>Parameters: "Try Here Editor page with empty code", "Tree"</td>
<td></td>
<td>7</td>
<td>TestRunners.TestRunner@fbd1f6</td></tr>
<tr>
<td title='TestRunners.TestRunner.runScenario()'><b>runScenario</b><br>Test class: TestRunners.TestRunner<br>Test method: Runs Cucumber Scenarios<br>Parameters: "Tree Traversals", "Tree"</td>
<td></td>
<td>6</td>
<td>TestRunners.TestRunner@fbd1f6</td></tr>
<tr>
<td title='TestRunners.TestRunner.runScenario()'><b>runScenario</b><br>Test class: TestRunners.TestRunner<br>Test method: Runs Cucumber Scenarios<br>Parameters: "Valid code on try editor for Array using list runs successfully", "Array detail page"</td>
<td></td>
<td>9</td>
<td>TestRunners.TestRunner@fbd1f6</td></tr>
<tr>
<td title='TestRunners.TestRunner.runScenario()'><b>runScenario</b><br>Test class: TestRunners.TestRunner<br>Test method: Runs Cucumber Scenarios<br>Parameters: "Try Here Editor page with empty code", "Tree"</td>
<td></td>
<td>7</td>
<td>TestRunners.TestRunner@fbd1f6</td></tr>
<tr>
<td title='TestRunners.TestRunner.runScenario()'><b>runScenario</b><br>Test class: TestRunners.TestRunner<br>Test method: Runs Cucumber Scenarios<br>Parameters: "Valid code on try editor for Operations in Stack runs successfully", "Stack page"</td>
<td></td>
<td>9</td>
<td>TestRunners.TestRunner@fbd1f6</td></tr>
<tr>
<td title='TestRunners.TestRunner.runScenario()'><b>runScenario</b><br>Test class: TestRunners.TestRunner<br>Test method: Runs Cucumber Scenarios<br>Parameters: "Validate user can navigate to Applications page", "Stack page"</td>
<td></td>
<td>8</td>
<td>TestRunners.TestRunner@fbd1f6</td></tr>
<tr>
<td title='TestRunners.TestRunner.runScenario()'><b>runScenario</b><br>Test class: TestRunners.TestRunner<br>Test method: Runs Cucumber Scenarios<br>Parameters: "LL_Try Here Editor page with invalid data", "Linked List"</td>
<td></td>
<td>8</td>
<td>TestRunners.TestRunner@fbd1f6</td></tr>
<tr>
<td title='TestRunners.TestRunner.runScenario()'><b>runScenario</b><br>Test class: TestRunners.TestRunner<br>Test method: Runs Cucumber Scenarios<br>Parameters: "Validate user can Try here link page from Array using list", "Array detail page"</td>
<td></td>
<td>8</td>
<td>TestRunners.TestRunner@fbd1f6</td></tr>
<tr>
<td title='TestRunners.TestRunner.runScenario()'><b>runScenario</b><br>Test class: TestRunners.TestRunner<br>Test method: Runs Cucumber Scenarios<br>Parameters: "validate user able to navigate to practice question page for sorted array question", "Array detail page"</td>
<td></td>
<td>11</td>
<td>TestRunners.TestRunner@fbd1f6</td></tr>
<tr>
<td title='TestRunners.TestRunner.runScenario()'><b>runScenario</b><br>Test class: TestRunners.TestRunner<br>Test method: Runs Cucumber Scenarios<br>Parameters: "Validate user is presented with error message for the code with the invalid syntax in tryEditor for Even number of digits", "Array detail page"</td>
<td></td>
<td>9</td>
<td>TestRunners.TestRunner@fbd1f6</td></tr>
<tr>
<td title='TestRunners.TestRunner.runScenario()'><b>runScenario</b><br>Test class: TestRunners.TestRunner<br>Test method: Runs Cucumber Scenarios<br>Parameters: "Error message displayed for invalid code on try editor for Implementation using collections.deque", "Queue Details page"</td>
<td></td>
<td>9</td>
<td>TestRunners.TestRunner@fbd1f6</td></tr>
<tr>
<td title='TestRunners.TestRunner.runScenario()'><b>runScenario</b><br>Test class: TestRunners.TestRunner<br>Test method: Runs Cucumber Scenarios<br>Parameters: "Validate user is presented with error message for the code with the invalid syntax in tryEditor for Squares of a Sorted Array", "Array detail page"</td>
<td></td>
<td>9</td>
<td>TestRunners.TestRunner@fbd1f6</td></tr>
<tr>
<td title='TestRunners.TestRunner.runScenario()'><b>runScenario</b><br>Test class: TestRunners.TestRunner<br>Test method: Runs Cucumber Scenarios<br>Parameters: "No error message displayed for empty code on try editor for Applications page", "Stack page"</td>
<td></td>
<td>9</td>
<td>TestRunners.TestRunner@fbd1f6</td></tr>
<tr>
<td title='TestRunners.TestRunner.runScenario()'><b>runScenario</b><br>Test class: TestRunners.TestRunner<br>Test method: Runs Cucumber Scenarios<br>Parameters: "Valid code on try editor for Implementation using collections.deque runs successfully", "Queue Details page"</td>
<td></td>
<td>9</td>
<td>TestRunners.TestRunner@fbd1f6</td></tr>
<tr>
<td title='TestRunners.TestRunner.runScenario()'><b>runScenario</b><br>Test class: TestRunners.TestRunner<br>Test method: Runs Cucumber Scenarios<br>Parameters: "Linked List home page", "Linked List"</td>
<td></td>
<td>8</td>
<td>TestRunners.TestRunner@fbd1f6</td></tr>
<tr>
<td title='TestRunners.TestRunner.runScenario()'><b>runScenario</b><br>Test class: TestRunners.TestRunner<br>Test method: Runs Cucumber Scenarios<br>Parameters: "Try Here Editor page with valid data", "Tree"</td>
<td></td>
<td>38</td>
<td>TestRunners.TestRunner@fbd1f6</td></tr>
<tr>
<td title='TestRunners.TestRunner.runScenario()'><b>runScenario</b><br>Test class: TestRunners.TestRunner<br>Test method: Runs Cucumber Scenarios<br>Parameters: "Validate user navigated to graph details page when clicked on get started", "Title of your feature"</td>
<td></td>
<td>8</td>
<td>TestRunners.TestRunner@fbd1f6</td></tr>
<tr>
<td title='TestRunners.TestRunner.runScenario()'><b>runScenario</b><br>Test class: TestRunners.TestRunner<br>Test method: Runs Cucumber Scenarios<br>Parameters: "Binary Trees", "Tree"</td>
<td></td>
<td>7</td>
<td>TestRunners.TestRunner@fbd1f6</td></tr>
<tr>
<td title='TestRunners.TestRunner.runScenario()'><b>runScenario</b><br>Test class: TestRunners.TestRunner<br>Test method: Runs Cucumber Scenarios<br>Parameters: "Validate user can Try here link page from Basic operations in lists", "Array detail page"</td>
<td></td>
<td>9</td>
<td>TestRunners.TestRunner@fbd1f6</td></tr>
<tr>
<td title='TestRunners.TestRunner.runScenario()'><b>runScenario</b><br>Test class: TestRunners.TestRunner<br>Test method: Runs Cucumber Scenarios<br>Parameters: "LL_Try Here Editor page with empty data", "Linked List"</td>
<td></td>
<td>9</td>
<td>TestRunners.TestRunner@fbd1f6</td></tr>
<tr>
<td title='TestRunners.TestRunner.runScenario()'><b>runScenario</b><br>Test class: TestRunners.TestRunner<br>Test method: Runs Cucumber Scenarios<br>Parameters: "DS Algo Sign in Page with blank password", "Login Feature"</td>
<td></td>
<td>6</td>
<td>TestRunners.TestRunner@fbd1f6</td></tr>
<tr>
<td title='TestRunners.TestRunner.runScenario()'><b>runScenario</b><br>Test class: TestRunners.TestRunner<br>Test method: Runs Cucumber Scenarios<br>Parameters: "Error message displayed for invalid code on try Editor for Applications page", "Stack page"</td>
<td></td>
<td>9</td>
<td>TestRunners.TestRunner@fbd1f6</td></tr>
<tr>
<td title='TestRunners.TestRunner.runScenario()'><b>runScenario</b><br>Test class: TestRunners.TestRunner<br>Test method: Runs Cucumber Scenarios<br>Parameters: "Creating Linked LIst", "Linked List"</td>
<td></td>
<td>7</td>
<td>TestRunners.TestRunner@fbd1f6</td></tr>
<tr>
<td title='TestRunners.TestRunner.runScenario()'><b>runScenario</b><br>Test class: TestRunners.TestRunner<br>Test method: Runs Cucumber Scenarios<br>Parameters: "Validate user can Try here link page from Operations in Stack", "Stack page"</td>
<td></td>
<td>9</td>
<td>TestRunners.TestRunner@fbd1f6</td></tr>
<tr>
<td title='TestRunners.TestRunner.runScenario()'><b>runScenario</b><br>Test class: TestRunners.TestRunner<br>Test method: Runs Cucumber Scenarios<br>Parameters: "Validate user is able to run the code in tryEditor for Squares of a Sorted Array", "Array detail page"</td>
<td></td>
<td>11</td>
<td>TestRunners.TestRunner@fbd1f6</td></tr>
<tr>
<td title='TestRunners.TestRunner.runScenario()'><b>runScenario</b><br>Test class: TestRunners.TestRunner<br>Test method: Runs Cucumber Scenarios<br>Parameters: "Validate user can click on Try here link from graph representations page", "Title of your feature"</td>
<td></td>
<td>9</td>
<td>TestRunners.TestRunner@fbd1f6</td></tr>
<tr>
<td title='TestRunners.TestRunner.runScenario()'><b>runScenario</b><br>Test class: TestRunners.TestRunner<br>Test method: Runs Cucumber Scenarios<br>Parameters: "LL_Try Here Editor page with valid data", "Linked List"</td>
<td></td>
<td>38</td>
<td>TestRunners.TestRunner@fbd1f6</td></tr>
<tr>
<td title='TestRunners.TestRunner.runScenario()'><b>runScenario</b><br>Test class: TestRunners.TestRunner<br>Test method: Runs Cucumber Scenarios<br>Parameters: "Try Here Editor page with invalid data", "Tree"</td>
<td></td>
<td>7</td>
<td>TestRunners.TestRunner@fbd1f6</td></tr>
<tr>
<td title='TestRunners.TestRunner.runScenario()'><b>runScenario</b><br>Test class: TestRunners.TestRunner<br>Test method: Runs Cucumber Scenarios<br>Parameters: "LL_Try Here Editor page with valid data", "Linked List"</td>
<td></td>
<td>39</td>
<td>TestRunners.TestRunner@fbd1f6</td></tr>
<tr>
<td title='TestRunners.TestRunner.runScenario()'><b>runScenario</b><br>Test class: TestRunners.TestRunner<br>Test method: Runs Cucumber Scenarios<br>Parameters: "Validate user can navigate to Implementation using collections.deque", "Queue Details page"</td>
<td></td>
<td>8</td>
<td>TestRunners.TestRunner@fbd1f6</td></tr>
<tr>
<td title='TestRunners.TestRunner.runScenario()'><b>runScenario</b><br>Test class: TestRunners.TestRunner<br>Test method: Runs Cucumber Scenarios<br>Parameters: "Try Here Editor page with empty code", "Tree"</td>
<td></td>
<td>7</td>
<td>TestRunners.TestRunner@fbd1f6</td></tr>
<tr>
<td title='TestRunners.TestRunner.runScenario()'><b>runScenario</b><br>Test class: TestRunners.TestRunner<br>Test method: Runs Cucumber Scenarios<br>Parameters: "Binary Search Trees", "Tree"</td>
<td></td>
<td>7</td>
<td>TestRunners.TestRunner@fbd1f6</td></tr>
<tr>
<td title='TestRunners.TestRunner.runScenario()'><b>runScenario</b><br>Test class: TestRunners.TestRunner<br>Test method: Runs Cucumber Scenarios<br>Parameters: "Validate user can navigate to Arrays using list", "Array detail page"</td>
<td></td>
<td>8</td>
<td>TestRunners.TestRunner@fbd1f6</td></tr>
<tr>
<td title='TestRunners.TestRunner.runScenario()'><b>runScenario</b><br>Test class: TestRunners.TestRunner<br>Test method: Runs Cucumber Scenarios<br>Parameters: "Try Here Editor page with invalid data", "Tree"</td>
<td></td>
<td>7</td>
<td>TestRunners.TestRunner@fbd1f6</td></tr>
<tr>
<td title='TestRunners.TestRunner.runScenario()'><b>runScenario</b><br>Test class: TestRunners.TestRunner<br>Test method: Runs Cucumber Scenarios<br>Parameters: "Linked List home page", "Linked List"</td>
<td></td>
<td>10</td>
<td>TestRunners.TestRunner@fbd1f6</td></tr>
<tr>
<td title='TestRunners.TestRunner.runScenario()'><b>runScenario</b><br>Test class: TestRunners.TestRunner<br>Test method: Runs Cucumber Scenarios<br>Parameters: "Validate user lands on default home page", "DS Homepage"</td>
<td></td>
<td>5</td>
<td>TestRunners.TestRunner@fbd1f6</td></tr>
<tr>
<td title='TestRunners.TestRunner.runScenario()'><b>runScenario</b><br>Test class: TestRunners.TestRunner<br>Test method: Runs Cucumber Scenarios<br>Parameters: "Traversal", "Linked List"</td>
<td></td>
<td>9</td>
<td>TestRunners.TestRunner@fbd1f6</td></tr>
<tr>
<td title='TestRunners.TestRunner.runScenario()'><b>runScenario</b><br>Test class: TestRunners.TestRunner<br>Test method: Runs Cucumber Scenarios<br>Parameters: "No error message displayed for empty code on try editor for array in python", "Array detail page"</td>
<td></td>
<td>10</td>
<td>TestRunners.TestRunner@fbd1f6</td></tr>
<tr>
<td title='TestRunners.TestRunner.runScenario()'><b>runScenario</b><br>Test class: TestRunners.TestRunner<br>Test method: Runs Cucumber Scenarios<br>Parameters: "Binary Tree Traversals", "Tree"</td>
<td></td>
<td>6</td>
<td>TestRunners.TestRunner@fbd1f6</td></tr>
<tr>
<td title='TestRunners.TestRunner.runScenario()'><b>runScenario</b><br>Test class: TestRunners.TestRunner<br>Test method: Runs Cucumber Scenarios<br>Parameters: "validate user able to navigate to practice question page for search the array question", "Array detail page"</td>
<td></td>
<td>9</td>
<td>TestRunners.TestRunner@fbd1f6</td></tr>
<tr>
<td title='TestRunners.TestRunner.runScenario()'><b>runScenario</b><br>Test class: TestRunners.TestRunner<br>Test method: Runs Cucumber Scenarios<br>Parameters: "Applications of Binary trees", "Tree"</td>
<td></td>
<td>7</td>
<td>TestRunners.TestRunner@fbd1f6</td></tr>
<tr>
<td title='TestRunners.TestRunner.runScenario()'><b>runScenario</b><br>Test class: TestRunners.TestRunner<br>Test method: Runs Cucumber Scenarios<br>Parameters: "Validate user is able to Submit the code in tryEditor for Max Consecutive Ones", "Array detail page"</td>
<td></td>
<td>11</td>
<td>TestRunners.TestRunner@fbd1f6</td></tr>
<tr>
<td title='TestRunners.TestRunner.runScenario()'><b>runScenario</b><br>Test class: TestRunners.TestRunner<br>Test method: Runs Cucumber Scenarios<br>Parameters: "Valid code on try editor for Time Complexity runs successfully", "DS Introduction Page"</td>
<td></td>
<td>9</td>
<td>TestRunners.TestRunner@fbd1f6</td></tr>
<tr>
<td title='TestRunners.TestRunner.runScenario()'><b>runScenario</b><br>Test class: TestRunners.TestRunner<br>Test method: Runs Cucumber Scenarios<br>Parameters: "Try Here Editor page with empty code", "Tree"</td>
<td></td>
<td>7</td>
<td>TestRunners.TestRunner@fbd1f6</td></tr>
<tr>
<td title='TestRunners.TestRunner.runScenario()'><b>runScenario</b><br>Test class: TestRunners.TestRunner<br>Test method: Runs Cucumber Scenarios<br>Parameters: "Clicking on time complexity navigate to the page", "DS Introduction Page"</td>
<td></td>
<td>8</td>
<td>TestRunners.TestRunner@fbd1f6</td></tr>
<tr>
<td title='TestRunners.TestRunner.runScenario()'><b>runScenario</b><br>Test class: TestRunners.TestRunner<br>Test method: Runs Cucumber Scenarios<br>Parameters: "validate user able to navigate to practice question page for even number question", "Array detail page"</td>
<td></td>
<td>9</td>
<td>TestRunners.TestRunner@fbd1f6</td></tr>
<tr>
<td title='TestRunners.TestRunner.runScenario()'><b>runScenario</b><br>Test class: TestRunners.TestRunner<br>Test method: Runs Cucumber Scenarios<br>Parameters: "Error message displayed for invalid code on try Editor for Implementation page", "Stack page"</td>
<td></td>
<td>8</td>
<td>TestRunners.TestRunner@fbd1f6</td></tr>
<tr>
<td title='TestRunners.TestRunner.runScenario()'><b>runScenario</b><br>Test class: TestRunners.TestRunner<br>Test method: Runs Cucumber Scenarios<br>Parameters: "LL_Try Here Editor page with empty data", "Linked List"</td>
<td></td>
<td>8</td>
<td>TestRunners.TestRunner@fbd1f6</td></tr>
<tr>
<td title='TestRunners.TestRunner.runScenario()'><b>runScenario</b><br>Test class: TestRunners.TestRunner<br>Test method: Runs Cucumber Scenarios<br>Parameters: "Error message displayed for invalid code on try editor for Time Complexity", "DS Introduction Page"</td>
<td></td>
<td>8</td>
<td>TestRunners.TestRunner@fbd1f6</td></tr>
<tr>
<td title='TestRunners.TestRunner.runScenario()'><b>runScenario</b><br>Test class: TestRunners.TestRunner<br>Test method: Runs Cucumber Scenarios<br>Parameters: "Introduction page", "Linked List"</td>
<td></td>
<td>8</td>
<td>TestRunners.TestRunner@fbd1f6</td></tr>
<tr>
<td title='TestRunners.TestRunner.runScenario()'><b>runScenario</b><br>Test class: TestRunners.TestRunner<br>Test method: Runs Cucumber Scenarios<br>Parameters: "Validate user is able to Submit the code in tryEditor for Even number of digits", "Array detail page"</td>
<td></td>
<td>12</td>
<td>TestRunners.TestRunner@fbd1f6</td></tr>
<tr>
<td title='TestRunners.TestRunner.runScenario()'><b>runScenario</b><br>Test class: TestRunners.TestRunner<br>Test method: Runs Cucumber Scenarios<br>Parameters: "Try Here Editor page with invalid data", "Tree"</td>
<td></td>
<td>7</td>
<td>TestRunners.TestRunner@fbd1f6</td></tr>
<tr>
<td title='TestRunners.TestRunner.runScenario()'><b>runScenario</b><br>Test class: TestRunners.TestRunner<br>Test method: Runs Cucumber Scenarios<br>Parameters: "Validate user navigate to DS Intro Page", "DS Homepage"</td>
<td></td>
<td>6</td>
<td>TestRunners.TestRunner@fbd1f6</td></tr>
<tr>
<td title='TestRunners.TestRunner.runScenario()'><b>runScenario</b><br>Test class: TestRunners.TestRunner<br>Test method: Runs Cucumber Scenarios<br>Parameters: "Try Here Editor page with empty code", "Tree"</td>
<td></td>
<td>7</td>
<td>TestRunners.TestRunner@fbd1f6</td></tr>
<tr>
<td title='TestRunners.TestRunner.runScenario()'><b>runScenario</b><br>Test class: TestRunners.TestRunner<br>Test method: Runs Cucumber Scenarios<br>Parameters: "Overview of Trees", "Tree"</td>
<td></td>
<td>10</td>
<td>TestRunners.TestRunner@fbd1f6</td></tr>
<tr>
<td title='TestRunners.TestRunner.runScenario()'><b>runScenario</b><br>Test class: TestRunners.TestRunner<br>Test method: Runs Cucumber Scenarios<br>Parameters: "Try Here Editor page with valid data", "Tree"</td>
<td></td>
<td>37</td>
<td>TestRunners.TestRunner@fbd1f6</td></tr>
<tr>
<td title='TestRunners.TestRunner.runScenario()'><b>runScenario</b><br>Test class: TestRunners.TestRunner<br>Test method: Runs Cucumber Scenarios<br>Parameters: "Validate user is able to run the code in tryEditor for Max Consecutive Ones", "Array detail page"</td>
<td></td>
<td>11</td>
<td>TestRunners.TestRunner@fbd1f6</td></tr>
<tr>
<td title='TestRunners.TestRunner.runScenario()'><b>runScenario</b><br>Test class: TestRunners.TestRunner<br>Test method: Runs Cucumber Scenarios<br>Parameters: "Implementation in Python", "Tree"</td>
<td></td>
<td>6</td>
<td>TestRunners.TestRunner@fbd1f6</td></tr>
<tr>
<td title='TestRunners.TestRunner.runScenario()'><b>runScenario</b><br>Test class: TestRunners.TestRunner<br>Test method: Runs Cucumber Scenarios<br>Parameters: "Traversals-Illustration", "Tree"</td>
<td></td>
<td>7</td>
<td>TestRunners.TestRunner@fbd1f6</td></tr>
<tr>
<td title='TestRunners.TestRunner.runScenario()'><b>runScenario</b><br>Test class: TestRunners.TestRunner<br>Test method: Runs Cucumber Scenarios<br>Parameters: "Valid code on try editor for applications of array runs successfully", "Array detail page"</td>
<td></td>
<td>9</td>
<td>TestRunners.TestRunner@fbd1f6</td></tr>
<tr>
<td title='TestRunners.TestRunner.runScenario()'><b>runScenario</b><br>Test class: TestRunners.TestRunner<br>Test method: Runs Cucumber Scenarios<br>Parameters: "Linked List home page", "Linked List"</td>
<td></td>
<td>8</td>
<td>TestRunners.TestRunner@fbd1f6</td></tr>
<tr>
<td title='TestRunners.TestRunner.runScenario()'><b>runScenario</b><br>Test class: TestRunners.TestRunner<br>Test method: Runs Cucumber Scenarios<br>Parameters: "No error message displayed for empty code on try editor for Implementation page", "Stack page"</td>
<td></td>
<td>9</td>
<td>TestRunners.TestRunner@fbd1f6</td></tr>
<tr>
<td title='TestRunners.TestRunner.runScenario()'><b>runScenario</b><br>Test class: TestRunners.TestRunner<br>Test method: Runs Cucumber Scenarios<br>Parameters: "Error message displayed for invalid code on try Editor for graphs page", "Title of your feature"</td>
<td></td>
<td>9</td>
<td>TestRunners.TestRunner@fbd1f6</td></tr>
<tr>
<td title='TestRunners.TestRunner.runScenario()'><b>runScenario</b><br>Test class: TestRunners.TestRunner<br>Test method: Runs Cucumber Scenarios<br>Parameters: "Try Here Editor page with empty code", "Tree"</td>
<td></td>
<td>7</td>
<td>TestRunners.TestRunner@fbd1f6</td></tr>
<tr>
<td title='TestRunners.TestRunner.runScenario()'><b>runScenario</b><br>Test class: TestRunners.TestRunner<br>Test method: Runs Cucumber Scenarios<br>Parameters: "Validate user is able to Submit the code in tryEditor for Squares of a Sorted Array", "Array detail page"</td>
<td></td>
<td>11</td>
<td>TestRunners.TestRunner@fbd1f6</td></tr>
<tr>
<td title='TestRunners.TestRunner.runScenario()'><b>runScenario</b><br>Test class: TestRunners.TestRunner<br>Test method: Runs Cucumber Scenarios<br>Parameters: "Valid code on try editor for Implementation runs successfully", "Stack page"</td>
<td></td>
<td>9</td>
<td>TestRunners.TestRunner@fbd1f6</td></tr>
<tr>
<td title='TestRunners.TestRunner.runScenario()'><b>runScenario</b><br>Test class: TestRunners.TestRunner<br>Test method: Runs Cucumber Scenarios<br>Parameters: "Linked List home page", "Linked List"</td>
<td></td>
<td>7</td>
<td>TestRunners.TestRunner@fbd1f6</td></tr>
<tr>
<td title='TestRunners.TestRunner.runScenario()'><b>runScenario</b><br>Test class: TestRunners.TestRunner<br>Test method: Runs Cucumber Scenarios<br>Parameters: "Validate user can navigate to applications of array", "Array detail page"</td>
<td></td>
<td>8</td>
<td>TestRunners.TestRunner@fbd1f6</td></tr>
<tr>
<td title='TestRunners.TestRunner.runScenario()'><b>runScenario</b><br>Test class: TestRunners.TestRunner<br>Test method: Runs Cucumber Scenarios<br>Parameters: "Error message displayed for invalid code on try Editor for Queue operations", "Array detail page"</td>
<td></td>
<td>10</td>
<td>TestRunners.TestRunner@fbd1f6</td></tr>
<tr>
<td title='TestRunners.TestRunner.runScenario()'><b>runScenario</b><br>Test class: TestRunners.TestRunner<br>Test method: Runs Cucumber Scenarios<br>Parameters: "Validate user can open try editor page from Implementation using collections.deque", "Queue Details page"</td>
<td></td>
<td>8</td>
<td>TestRunners.TestRunner@fbd1f6</td></tr>
<tr>
<td title='TestRunners.TestRunner.runScenario()'><b>runScenario</b><br>Test class: TestRunners.TestRunner<br>Test method: Runs Cucumber Scenarios<br>Parameters: "Try Here Editor page with invalid data", "Tree"</td>
<td></td>
<td>7</td>
<td>TestRunners.TestRunner@fbd1f6</td></tr>
<tr>
<td title='TestRunners.TestRunner.runScenario()'><b>runScenario</b><br>Test class: TestRunners.TestRunner<br>Test method: Runs Cucumber Scenarios<br>Parameters: "Validate the DS dropdown without signIN", "DS Introduction Page"</td>
<td></td>
<td>5</td>
<td>TestRunners.TestRunner@fbd1f6</td></tr>
<tr>
<td title='TestRunners.TestRunner.runScenario()'><b>runScenario</b><br>Test class: TestRunners.TestRunner<br>Test method: Runs Cucumber Scenarios<br>Parameters: "Validate user can navigate to Operations in Stack page", "Stack page"</td>
<td></td>
<td>8</td>
<td>TestRunners.TestRunner@fbd1f6</td></tr>
<tr>
<td title='TestRunners.TestRunner.runScenario()'><b>runScenario</b><br>Test class: TestRunners.TestRunner<br>Test method: Runs Cucumber Scenarios<br>Parameters: "Error message displayed for invalid code on try editor for Implementation using collections.deque", "Queue Details page"</td>
<td></td>
<td>9</td>
<td>TestRunners.TestRunner@fbd1f6</td></tr>
<tr>
<td title='TestRunners.TestRunner.runScenario()'><b>runScenario</b><br>Test class: TestRunners.TestRunner<br>Test method: Runs Cucumber Scenarios<br>Parameters: "Types of Trees", "Tree"</td>
<td></td>
<td>7</td>
<td>TestRunners.TestRunner@fbd1f6</td></tr>
<tr>
<td title='TestRunners.TestRunner.runScenario()'><b>runScenario</b><br>Test class: TestRunners.TestRunner<br>Test method: Runs Cucumber Scenarios<br>Parameters: "Binary Trees", "Tree"</td>
<td></td>
<td>6</td>
<td>TestRunners.TestRunner@fbd1f6</td></tr>
<tr>
<td title='TestRunners.TestRunner.runScenario()'><b>runScenario</b><br>Test class: TestRunners.TestRunner<br>Test method: Runs Cucumber Scenarios<br>Parameters: "Traversals-Illustration", "Tree"</td>
<td></td>
<td>6</td>
<td>TestRunners.TestRunner@fbd1f6</td></tr>
<tr>
<td title='TestRunners.TestRunner.runScenario()'><b>runScenario</b><br>Test class: TestRunners.TestRunner<br>Test method: Runs Cucumber Scenarios<br>Parameters: "New user registration page where login button is clicked", "Registration"</td>
<td></td>
<td>7</td>
<td>TestRunners.TestRunner@fbd1f6</td></tr>
<tr>
<td title='TestRunners.TestRunner.runScenario()'><b>runScenario</b><br>Test class: TestRunners.TestRunner<br>Test method: Runs Cucumber Scenarios<br>Parameters: "Try Here Editor page with empty code", "Tree"</td>
<td></td>
<td>7</td>
<td>TestRunners.TestRunner@fbd1f6</td></tr>
<tr>
<td title='TestRunners.TestRunner.runScenario()'><b>runScenario</b><br>Test class: TestRunners.TestRunner<br>Test method: Runs Cucumber Scenarios<br>Parameters: "Error message displayed for invalid code on try Editor for applications of array", "Array detail page"</td>
<td></td>
<td>9</td>
<td>TestRunners.TestRunner@fbd1f6</td></tr>
<tr>
<td title='TestRunners.TestRunner.runScenario()'><b>runScenario</b><br>Test class: TestRunners.TestRunner<br>Test method: Runs Cucumber Scenarios<br>Parameters: "DS_algo Home page", "Tree"</td>
<td></td>
<td>8</td>
<td>TestRunners.TestRunner@fbd1f6</td></tr>
<tr>
<td title='TestRunners.TestRunner.runScenario()'><b>runScenario</b><br>Test class: TestRunners.TestRunner<br>Test method: Runs Cucumber Scenarios<br>Parameters: "Binary Search Trees", "Tree"</td>
<td></td>
<td>7</td>
<td>TestRunners.TestRunner@fbd1f6</td></tr>
<tr>
<td title='TestRunners.TestRunner.runScenario()'><b>runScenario</b><br>Test class: TestRunners.TestRunner<br>Test method: Runs Cucumber Scenarios<br>Parameters: "Validate user can navigate to Graph in Graph page", "Title of your feature"</td>
<td></td>
<td>9</td>
<td>TestRunners.TestRunner@fbd1f6</td></tr>
<tr>
<td title='TestRunners.TestRunner.runScenario()'><b>runScenario</b><br>Test class: TestRunners.TestRunner<br>Test method: Runs Cucumber Scenarios<br>Parameters: "Try Here Editor page with invalid data", "Tree"</td>
<td></td>
<td>7</td>
<td>TestRunners.TestRunner@fbd1f6</td></tr>
<tr>
<td title='TestRunners.TestRunner.runScenario()'><b>runScenario</b><br>Test class: TestRunners.TestRunner<br>Test method: Runs Cucumber Scenarios<br>Parameters: "Valid code on try editor for arrays in python runs successfully", "Array detail page"</td>
<td></td>
<td>10</td>
<td>TestRunners.TestRunner@fbd1f6</td></tr>
<tr>
<td title='TestRunners.TestRunner.runScenario()'><b>runScenario</b><br>Test class: TestRunners.TestRunner<br>Test method: Runs Cucumber Scenarios<br>Parameters: "Try Here Editor page with empty code", "Tree"</td>
<td></td>
<td>7</td>
<td>TestRunners.TestRunner@fbd1f6</td></tr>
<tr>
<td title='TestRunners.TestRunner.runScenario()'><b>runScenario</b><br>Test class: TestRunners.TestRunner<br>Test method: Runs Cucumber Scenarios<br>Parameters: "Try Here Editor page with empty code", "Tree"</td>
<td></td>
<td>10</td>
<td>TestRunners.TestRunner@fbd1f6</td></tr>
<tr>
<td title='TestRunners.TestRunner.runScenario()'><b>runScenario</b><br>Test class: TestRunners.TestRunner<br>Test method: Runs Cucumber Scenarios<br>Parameters: "Validate user can open try editor page from Implementation using collections.deque", "Queue Details page"</td>
<td></td>
<td>9</td>
<td>TestRunners.TestRunner@fbd1f6</td></tr>
<tr>
<td title='TestRunners.TestRunner.runScenario()'><b>runScenario</b><br>Test class: TestRunners.TestRunner<br>Test method: Runs Cucumber Scenarios<br>Parameters: "DS Algo Sign in Page with valid username and invalid password", "Login Feature"</td>
<td></td>
<td>7</td>
<td>TestRunners.TestRunner@fbd1f6</td></tr>
<tr>
<td title='TestRunners.TestRunner.runScenario()'><b>runScenario</b><br>Test class: TestRunners.TestRunner<br>Test method: Runs Cucumber Scenarios<br>Parameters: "LL_Try Here Editor page with empty data", "Linked List"</td>
<td></td>
<td>8</td>
<td>TestRunners.TestRunner@fbd1f6</td></tr>
<tr>
<td title='TestRunners.TestRunner.runScenario()'><b>runScenario</b><br>Test class: TestRunners.TestRunner<br>Test method: Runs Cucumber Scenarios<br>Parameters: "Types of Binary Trees", "Tree"</td>
<td></td>
<td>7</td>
<td>TestRunners.TestRunner@fbd1f6</td></tr>
<tr>
<td title='TestRunners.TestRunner.runScenario()'><b>runScenario</b><br>Test class: TestRunners.TestRunner<br>Test method: Runs Cucumber Scenarios<br>Parameters: "Try Here Editor page with invalid data", "Tree"</td>
<td></td>
<td>8</td>
<td>TestRunners.TestRunner@fbd1f6</td></tr>
<tr>
<td title='TestRunners.TestRunner.runScenario()'><b>runScenario</b><br>Test class: TestRunners.TestRunner<br>Test method: Runs Cucumber Scenarios<br>Parameters: "Implementation Of BST", "Tree"</td>
<td></td>
<td>6</td>
<td>TestRunners.TestRunner@fbd1f6</td></tr>
<tr>
<td title='TestRunners.TestRunner.runScenario()'><b>runScenario</b><br>Test class: TestRunners.TestRunner<br>Test method: Runs Cucumber Scenarios<br>Parameters: "Validate user is able to run the code in tryEditor for Search the array link", "Array detail page"</td>
<td></td>
<td>11</td>
<td>TestRunners.TestRunner@fbd1f6</td></tr>
<tr>
<td title='TestRunners.TestRunner.runScenario()'><b>runScenario</b><br>Test class: TestRunners.TestRunner<br>Test method: Runs Cucumber Scenarios<br>Parameters: "Tree home page", "Tree"</td>
<td></td>
<td>8</td>
<td>TestRunners.TestRunner@fbd1f6</td></tr>
<tr>
<td title='TestRunners.TestRunner.runScenario()'><b>runScenario</b><br>Test class: TestRunners.TestRunner<br>Test method: Runs Cucumber Scenarios<br>Parameters: "Insertion", "Linked List"</td>
<td></td>
<td>8</td>
<td>TestRunners.TestRunner@fbd1f6</td></tr>
<tr>
<td title='TestRunners.TestRunner.runScenario()'><b>runScenario</b><br>Test class: TestRunners.TestRunner<br>Test method: Runs Cucumber Scenarios<br>Parameters: "No error message displayed for empty code on try editor for Operations in Stack page", "Stack page"</td>
<td></td>
<td>9</td>
<td>TestRunners.TestRunner@fbd1f6</td></tr>
<tr>
<td title='TestRunners.TestRunner.runScenario()'><b>runScenario</b><br>Test class: TestRunners.TestRunner<br>Test method: Runs Cucumber Scenarios<br>Parameters: "Valid code on try editor for basic operations in lists runs successfully", "Array detail page"</td>
<td></td>
<td>9</td>
<td>TestRunners.TestRunner@fbd1f6</td></tr>
<tr>
<td title='TestRunners.TestRunner.runScenario()'><b>runScenario</b><br>Test class: TestRunners.TestRunner<br>Test method: Runs Cucumber Scenarios<br>Parameters: "Try Here Editor page with valid data", "Tree"</td>
<td></td>
<td>39</td>
<td>TestRunners.TestRunner@fbd1f6</td></tr>
<tr>
<td title='TestRunners.TestRunner.runScenario()'><b>runScenario</b><br>Test class: TestRunners.TestRunner<br>Test method: Runs Cucumber Scenarios<br>Parameters: "LL_Try Here Editor page with invalid data", "Linked List"</td>
<td></td>
<td>8</td>
<td>TestRunners.TestRunner@fbd1f6</td></tr>
<tr>
<td title='TestRunners.TestRunner.runScenario()'><b>runScenario</b><br>Test class: TestRunners.TestRunner<br>Test method: Runs Cucumber Scenarios<br>Parameters: "LL_Try Here Editor page with valid data", "Linked List"</td>
<td></td>
<td>37</td>
<td>TestRunners.TestRunner@fbd1f6</td></tr>
<tr>
<td title='TestRunners.TestRunner.runScenario()'><b>runScenario</b><br>Test class: TestRunners.TestRunner<br>Test method: Runs Cucumber Scenarios<br>Parameters: "Error message displayed for invalid code on try Editor for Array using list", "Array detail page"</td>
<td></td>
<td>9</td>
<td>TestRunners.TestRunner@fbd1f6</td></tr>
<tr>
<td title='TestRunners.TestRunner.runScenario()'><b>runScenario</b><br>Test class: TestRunners.TestRunner<br>Test method: Runs Cucumber Scenarios<br>Parameters: "LL_Try Here Editor page with empty data", "Linked List"</td>
<td></td>
<td>9</td>
<td>TestRunners.TestRunner@fbd1f6</td></tr>
<tr>
<td title='TestRunners.TestRunner.runScenario()'><b>runScenario</b><br>Test class: TestRunners.TestRunner<br>Test method: Runs Cucumber Scenarios<br>Parameters: "LL_Try Here Editor page with invalid data", "Linked List"</td>
<td></td>
<td>8</td>
<td>TestRunners.TestRunner@fbd1f6</td></tr>
<tr>
<td title='TestRunners.TestRunner.runScenario()'><b>runScenario</b><br>Test class: TestRunners.TestRunner<br>Test method: Runs Cucumber Scenarios<br>Parameters: "Try Here Editor page with valid data", "Tree"</td>
<td></td>
<td>37</td>
<td>TestRunners.TestRunner@fbd1f6</td></tr>
<tr>
<td title='TestRunners.TestRunner.runScenario()'><b>runScenario</b><br>Test class: TestRunners.TestRunner<br>Test method: Runs Cucumber Scenarios<br>Parameters: "Validate user can navigate to Implementation using collections.deque", "Queue Details page"</td>
<td></td>
<td>8</td>
<td>TestRunners.TestRunner@fbd1f6</td></tr>
<tr>
<td title='TestRunners.TestRunner.runScenario()'><b>runScenario</b><br>Test class: TestRunners.TestRunner<br>Test method: Runs Cucumber Scenarios<br>Parameters: "Validate user can navigate to Arrays in python", "Array detail page"</td>
<td></td>
<td>12</td>
<td>TestRunners.TestRunner@fbd1f6</td></tr>
<tr>
<td title='TestRunners.TestRunner.runScenario()'><b>runScenario</b><br>Test class: TestRunners.TestRunner<br>Test method: Runs Cucumber Scenarios<br>Parameters: "Try Here Editor page with invalid data", "Tree"</td>
<td></td>
<td>8</td>
<td>TestRunners.TestRunner@fbd1f6</td></tr>
<tr>
<td title='TestRunners.TestRunner.runScenario()'><b>runScenario</b><br>Test class: TestRunners.TestRunner<br>Test method: Runs Cucumber Scenarios<br>Parameters: "No error message displayed for empty code on try editor for Implementation using collections.deque", "Queue Details page"</td>
<td></td>
<td>10</td>
<td>TestRunners.TestRunner@fbd1f6</td></tr>
<tr>
<td title='TestRunners.TestRunner.runScenario()'><b>runScenario</b><br>Test class: TestRunners.TestRunner<br>Test method: Runs Cucumber Scenarios<br>Parameters: "No error message displayed for empty code on try editor for applications of array", "Array detail page"</td>
<td></td>
<td>9</td>
<td>TestRunners.TestRunner@fbd1f6</td></tr>
<tr>
<td title='TestRunners.TestRunner.runScenario()'><b>runScenario</b><br>Test class: TestRunners.TestRunner<br>Test method: Runs Cucumber Scenarios<br>Parameters: "Validate user can navigate to Graph Representations page", "Title of your feature"</td>
<td></td>
<td>8</td>
<td>TestRunners.TestRunner@fbd1f6</td></tr>
<tr>
<td title='TestRunners.TestRunner.runScenario()'><b>runScenario</b><br>Test class: TestRunners.TestRunner<br>Test method: Runs Cucumber Scenarios<br>Parameters: "Clicking on get started for data structers lands on Data Structers details page", "DS Introduction Page"</td>
<td></td>
<td>6</td>
<td>TestRunners.TestRunner@fbd1f6</td></tr>
<tr>
<td title='TestRunners.TestRunner.runScenario()'><b>runScenario</b><br>Test class: TestRunners.TestRunner<br>Test method: Runs Cucumber Scenarios<br>Parameters: "Tree Traversals", "Tree"</td>
<td></td>
<td>7</td>
<td>TestRunners.TestRunner@fbd1f6</td></tr>
<tr>
<td title='TestRunners.TestRunner.runScenario()'><b>runScenario</b><br>Test class: TestRunners.TestRunner<br>Test method: Runs Cucumber Scenarios<br>Parameters: "New user registration page with only username entered", "Registration"</td>
<td></td>
<td>7</td>
<td>TestRunners.TestRunner@fbd1f6</td></tr>
<tr>
<td title='TestRunners.TestRunner.runScenario()'><b>runScenario</b><br>Test class: TestRunners.TestRunner<br>Test method: Runs Cucumber Scenarios<br>Parameters: "Validate user lands on register page when clicked on register", "DS Introduction Page"</td>
<td></td>
<td>6</td>
<td>TestRunners.TestRunner@fbd1f6</td></tr>
<tr>
<td title='TestRunners.TestRunner.runScenario()'><b>runScenario</b><br>Test class: TestRunners.TestRunner<br>Test method: Runs Cucumber Scenarios<br>Parameters: "Implementation of Binary Trees", "Tree"</td>
<td></td>
<td>6</td>
<td>TestRunners.TestRunner@fbd1f6</td></tr>
<tr>
<td title='TestRunners.TestRunner.runScenario()'><b>runScenario</b><br>Test class: TestRunners.TestRunner<br>Test method: Runs Cucumber Scenarios<br>Parameters: "Try Here Editor page with valid data", "Tree"</td>
<td></td>
<td>37</td>
<td>TestRunners.TestRunner@fbd1f6</td></tr>
<tr>
<td title='TestRunners.TestRunner.runScenario()'><b>runScenario</b><br>Test class: TestRunners.TestRunner<br>Test method: Runs Cucumber Scenarios<br>Parameters: "Implementation in Python", "Tree"</td>
<td></td>
<td>7</td>
<td>TestRunners.TestRunner@fbd1f6</td></tr>
<tr>
<td title='TestRunners.TestRunner.runScenario()'><b>runScenario</b><br>Test class: TestRunners.TestRunner<br>Test method: Runs Cucumber Scenarios<br>Parameters: "Try Here Editor page with invalid data", "Tree"</td>
<td></td>
<td>7</td>
<td>TestRunners.TestRunner@fbd1f6</td></tr>
<tr>
<td title='TestRunners.TestRunner.runScenario()'><b>runScenario</b><br>Test class: TestRunners.TestRunner<br>Test method: Runs Cucumber Scenarios<br>Parameters: "Try Here Editor page with valid data", "Tree"</td>
<td></td>
<td>37</td>
<td>TestRunners.TestRunner@fbd1f6</td></tr>
<tr>
<td title='TestRunners.TestRunner.runScenario()'><b>runScenario</b><br>Test class: TestRunners.TestRunner<br>Test method: Runs Cucumber Scenarios<br>Parameters: "New user registration page with only username and password fields entered", "Registration"</td>
<td></td>
<td>7</td>
<td>TestRunners.TestRunner@fbd1f6</td></tr>
<tr>
<td title='TestRunners.TestRunner.runScenario()'><b>runScenario</b><br>Test class: TestRunners.TestRunner<br>Test method: Runs Cucumber Scenarios<br>Parameters: "Implementation of Binary Trees", "Tree"</td>
<td></td>
<td>7</td>
<td>TestRunners.TestRunner@fbd1f6</td></tr>
<tr>
<td title='TestRunners.TestRunner.runScenario()'><b>runScenario</b><br>Test class: TestRunners.TestRunner<br>Test method: Runs Cucumber Scenarios<br>Parameters: "Overview of Trees", "Tree"</td>
<td></td>
<td>8</td>
<td>TestRunners.TestRunner@fbd1f6</td></tr>
<tr>
<td title='TestRunners.TestRunner.runScenario()'><b>runScenario</b><br>Test class: TestRunners.TestRunner<br>Test method: Runs Cucumber Scenarios<br>Parameters: "Validate user can navigate to Implementation page", "Stack page"</td>
<td></td>
<td>8</td>
<td>TestRunners.TestRunner@fbd1f6</td></tr>
<tr>
<td title='TestRunners.TestRunner.runScenario()'><b>runScenario</b><br>Test class: TestRunners.TestRunner<br>Test method: Runs Cucumber Scenarios<br>Parameters: "Implement Linked List in Python", "Linked List"</td>
<td></td>
<td>7</td>
<td>TestRunners.TestRunner@fbd1f6</td></tr>
<tr>
<td title='TestRunners.TestRunner.runScenario()'><b>runScenario</b><br>Test class: TestRunners.TestRunner<br>Test method: Runs Cucumber Scenarios<br>Parameters: "DS_algo Home page", "Linked List"</td>
<td></td>
<td>7</td>
<td>TestRunners.TestRunner@fbd1f6</td></tr>
<tr>
<td title='TestRunners.TestRunner.runScenario()'><b>runScenario</b><br>Test class: TestRunners.TestRunner<br>Test method: Runs Cucumber Scenarios<br>Parameters: "LL_Try Here Editor page with empty data", "Linked List"</td>
<td></td>
<td>8</td>
<td>TestRunners.TestRunner@fbd1f6</td></tr>
<tr>
<td title='TestRunners.TestRunner.runScenario()'><b>runScenario</b><br>Test class: TestRunners.TestRunner<br>Test method: Runs Cucumber Scenarios<br>Parameters: "New user registration page where SignIn button is clicked", "Registration"</td>
<td></td>
<td>7</td>
<td>TestRunners.TestRunner@fbd1f6</td></tr>
<tr>
<td title='TestRunners.TestRunner.runScenario()'><b>runScenario</b><br>Test class: TestRunners.TestRunner<br>Test method: Runs Cucumber Scenarios<br>Parameters: "Try Here Editor page with valid data", "Tree"</td>
<td></td>
<td>38</td>
<td>TestRunners.TestRunner@fbd1f6</td></tr>
<tr>
<td title='TestRunners.TestRunner.runScenario()'><b>runScenario</b><br>Test class: TestRunners.TestRunner<br>Test method: Runs Cucumber Scenarios<br>Parameters: "Error message displayed for invalid code on try editor for Implementation using collections.deque", "Queue Details page"</td>
<td></td>
<td>9</td>
<td>TestRunners.TestRunner@fbd1f6</td></tr>
<tr>
<td title='TestRunners.TestRunner.runScenario()'><b>runScenario</b><br>Test class: TestRunners.TestRunner<br>Test method: Runs Cucumber Scenarios<br>Parameters: "Linked List home page", "Linked List"</td>
<td></td>
<td>6</td>
<td>TestRunners.TestRunner@fbd1f6</td></tr>
<tr>
<td title='TestRunners.TestRunner.runScenario()'><b>runScenario</b><br>Test class: TestRunners.TestRunner<br>Test method: Runs Cucumber Scenarios<br>Parameters: "DS Algo Sign in Page  with blank username", "Login Feature"</td>
<td></td>
<td>7</td>
<td>TestRunners.TestRunner@fbd1f6</td></tr>
<tr>
<td title='TestRunners.TestRunner.runScenario()'><b>runScenario</b><br>Test class: TestRunners.TestRunner<br>Test method: Runs Cucumber Scenarios<br>Parameters: "Validate user navigated to array details page when clicked on get started", "Array detail page"</td>
<td></td>
<td>11</td>
<td>TestRunners.TestRunner@fbd1f6</td></tr>
</table><p>
</body>
</html>