<html>
<head>
<title>TestNG:  TestChrome</title>
<link href="../testng.css" rel="stylesheet" type="text/css" />
<link href="../my-testng.css" rel="stylesheet" type="text/css" />

<style type="text/css">
.log { display: none;} 
.stack-trace { display: none;} 
</style>
<script type="text/javascript">
<!--
function flip(e) {
  current = e.style.display;
  if (current == 'block') {
    e.style.display = 'none';
    return 0;
  }
  else {
    e.style.display = 'block';
    return 1;
  }
}

function toggleBox(szDivId, elem, msg1, msg2)
{
  var res = -1;  if (document.getElementById) {
    res = flip(document.getElementById(szDivId));
  }
  else if (document.all) {
    // this is the way old msie versions work
    res = flip(document.all[szDivId]);
  }
  if(elem) {
    if(res == 0) elem.innerHTML = msg1; else elem.innerHTML = msg2;
  }

}

function toggleAllBoxes() {
  if (document.getElementsByTagName) {
    d = document.getElementsByTagName('div');
    for (i = 0; i < d.length; i++) {
      if (d[i].className == 'log') {
        flip(d[i]);
      }
    }
  }
}

// -->
</script>

</head>
<body>
<h2 align='center'>TestChrome</h2><table border='1' align="center">
<tr>
<td>Tests passed/Failed/Skipped:</td><td>203/14/0</td>
</tr><tr>
<td>Started on:</td><td>Tue Dec 17 09:43:45 CST 2024</td>
</tr>
<tr><td>Total time:</td><td>645 seconds (645045 ms)</td>
</tr><tr>
<td>Included groups:</td><td></td>
</tr><tr>
<td>Excluded groups:</td><td></td>
</tr>
</table><p/>
<small><i>(Hover the method name to see the test class name)</i></small><p/>
<table width='100%' border='1' class='invocation-failed'>
<tr><td colspan='4' align='center'><b>FAILED TESTS</b></td></tr>
<tr><td><b>Test method</b></td>
<td><b>Attribute(s)</b></td>
<td width="30%"><b>Exception</b></td>
<td width="10%"><b>Time (seconds)</b></td>
<td><b>Instance</b></td>
</tr>
<tr>
<td title='TestRunners.TestRunner.runScenario()'><b>runScenario</b><br>Test class: TestRunners.TestRunner<br>Test method: Runs Cucumber Scenarios<br>Parameters: "Error message displayed for invalid code on try Editor for graphs page", "Title of your feature"</td>
<td><div><pre>org.openqa.selenium.ElementNotInteractableException: element not interactable
  (Session info: chrome=131.0.6778.140)
Build info: version: &apos;4.26.0&apos;, revision: &apos;8ccf0219d7&apos;
System info: os.name: &apos;Windows 11&apos;, os.arch: &apos;amd64&apos;, os.version: &apos;10.0&apos;, java.version: &apos;21.0.5&apos;
Driver info: org.openqa.selenium.chrome.ChromeDriver
Command: [1e4a6db735c4d41f4fc6119fbbdd9999, sendKeysToElement {id=f.EE14D467F59E7A20091F8327C63E36B8.d.FAC85149312621757C7E211731F07ABA.e.50, value=[Ljava.lang.CharSequence;@562ea8bd}]
Capabilities {acceptInsecureCerts: false, browserName: chrome, browserVersion: 131.0.6778.140, chrome: {chromedriverVersion: 131.0.6778.108 (3b014839fbc..., userDataDir: C:\Users\vamsh\AppData\Loca...}, fedcm:accounts: true, goog:chromeOptions: {debuggerAddress: localhost:49315}, networkConnectionEnabled: false, pageLoadStrategy: normal, platformName: windows, proxy: Proxy(), se:cdp: ws://localhost:49315/devtoo..., se:cdpVersion: 131.0.6778.140, setWindowRect: true, strictFileInteractability: false, timeouts: {implicit: 0, pageLoad: 300000, script: 30000}, unhandledPromptBehavior: dismiss and notify, webauthn:extension:credBlob: true, webauthn:extension:largeBlob: true, webauthn:extension:minPinLength: true, webauthn:extension:prf: true, webauthn:virtualAuthenticators: true}
Element: [[ChromeDriver: chrome on windows (1e4a6db735c4d41f4fc6119fbbdd9999)] -&gt; css selector: .CodeMirror textarea]
Session ID: 1e4a6db735c4d41f4fc6119fbbdd9999
	at org.openqa.selenium.remote.ErrorCodec.decode(ErrorCodec.java:167)
	at org.openqa.selenium.remote.codec.w3c.W3CHttpResponseCodec.decode(W3CHttpResponseCodec.java:138)
	at org.openqa.selenium.remote.codec.w3c.W3CHttpResponseCodec.decode(W3CHttpResponseCodec.java:50)
	at org.openqa.selenium.remote.HttpCommandExecutor.execute(HttpCommandExecutor.java:190)
	at org.openqa.selenium.remote.service.DriverCommandExecutor.invokeExecute(DriverCommandExecutor.java:216)
	at org.openqa.selenium.remote.service.DriverCommandExecutor.execute(DriverCommandExecutor.java:174)
	at org.openqa.selenium.remote.RemoteWebDriver.execute(RemoteWebDriver.java:545)
	at org.openqa.selenium.remote.RemoteWebElement.execute(RemoteWebElement.java:223)
	at org.openqa.selenium.remote.RemoteWebElement.sendKeys(RemoteWebElement.java:110)
	at PageObjects.IntroductionPage.enterCodeInEditor(IntroductionPage.java:82)
	at StepDefinitions.DSIntroductionDetails.user_writes_invalid_code_and_clicks_run_button(DSIntroductionDetails.java:184)
	at ✽.User writes invalid code and clicks run button(file:///C:/Projects/newFolder-3/Repo1/src/test/resources/Features/GraphHomepage.feature:23)
... Removed 3 stack frames</pre></div><a href='#' onClick='toggleBox("stack-trace1267433666", this, "Click to show all stack frames", "Click to hide stack frames")'>Click to show all stack frames</a>
<div class='stack-trace' id='stack-trace1267433666'><pre>org.openqa.selenium.ElementNotInteractableException: element not interactable
  (Session info: chrome=131.0.6778.140)
Build info: version: &apos;4.26.0&apos;, revision: &apos;8ccf0219d7&apos;
System info: os.name: &apos;Windows 11&apos;, os.arch: &apos;amd64&apos;, os.version: &apos;10.0&apos;, java.version: &apos;21.0.5&apos;
Driver info: org.openqa.selenium.chrome.ChromeDriver
Command: [1e4a6db735c4d41f4fc6119fbbdd9999, sendKeysToElement {id=f.EE14D467F59E7A20091F8327C63E36B8.d.FAC85149312621757C7E211731F07ABA.e.50, value=[Ljava.lang.CharSequence;@562ea8bd}]
Capabilities {acceptInsecureCerts: false, browserName: chrome, browserVersion: 131.0.6778.140, chrome: {chromedriverVersion: 131.0.6778.108 (3b014839fbc..., userDataDir: C:\Users\vamsh\AppData\Loca...}, fedcm:accounts: true, goog:chromeOptions: {debuggerAddress: localhost:49315}, networkConnectionEnabled: false, pageLoadStrategy: normal, platformName: windows, proxy: Proxy(), se:cdp: ws://localhost:49315/devtoo..., se:cdpVersion: 131.0.6778.140, setWindowRect: true, strictFileInteractability: false, timeouts: {implicit: 0, pageLoad: 300000, script: 30000}, unhandledPromptBehavior: dismiss and notify, webauthn:extension:credBlob: true, webauthn:extension:largeBlob: true, webauthn:extension:minPinLength: true, webauthn:extension:prf: true, webauthn:virtualAuthenticators: true}
Element: [[ChromeDriver: chrome on windows (1e4a6db735c4d41f4fc6119fbbdd9999)] -&gt; css selector: .CodeMirror textarea]
Session ID: 1e4a6db735c4d41f4fc6119fbbdd9999
	at java.base/jdk.internal.reflect.DirectConstructorHandleAccessor.newInstance(DirectConstructorHandleAccessor.java:62)
	at java.base/java.lang.reflect.Constructor.newInstanceWithCaller(Constructor.java:502)
	at java.base/java.lang.reflect.Constructor.newInstance(Constructor.java:486)
	at org.openqa.selenium.remote.ErrorCodec.decode(ErrorCodec.java:167)
	at org.openqa.selenium.remote.codec.w3c.W3CHttpResponseCodec.decode(W3CHttpResponseCodec.java:138)
	at org.openqa.selenium.remote.codec.w3c.W3CHttpResponseCodec.decode(W3CHttpResponseCodec.java:50)
	at org.openqa.selenium.remote.HttpCommandExecutor.execute(HttpCommandExecutor.java:190)
	at org.openqa.selenium.remote.service.DriverCommandExecutor.invokeExecute(DriverCommandExecutor.java:216)
	at org.openqa.selenium.remote.service.DriverCommandExecutor.execute(DriverCommandExecutor.java:174)
	at org.openqa.selenium.remote.RemoteWebDriver.execute(RemoteWebDriver.java:545)
	at org.openqa.selenium.remote.RemoteWebElement.execute(RemoteWebElement.java:223)
	at org.openqa.selenium.remote.RemoteWebElement.sendKeys(RemoteWebElement.java:110)
	at PageObjects.IntroductionPage.enterCodeInEditor(IntroductionPage.java:82)
	at StepDefinitions.DSIntroductionDetails.user_writes_invalid_code_and_clicks_run_button(DSIntroductionDetails.java:184)
	at ✽.User writes invalid code and clicks run button(file:///C:/Projects/newFolder-3/Repo1/src/test/resources/Features/GraphHomepage.feature:23)
</pre></div></td>
<td>8</td>
<td>TestRunners.TestRunner@4c402120</td></tr>
<tr>
<td title='TestRunners.TestRunner.runScenario()'><b>runScenario</b><br>Test class: TestRunners.TestRunner<br>Test method: Runs Cucumber Scenarios<br>Parameters: "Error message displayed for invalid code on try Editor for Queue operations", "Array detail page"</td>
<td><div><pre>org.openqa.selenium.ElementNotInteractableException: element not interactable
  (Session info: chrome=131.0.6778.140)
Build info: version: &apos;4.26.0&apos;, revision: &apos;8ccf0219d7&apos;
System info: os.name: &apos;Windows 11&apos;, os.arch: &apos;amd64&apos;, os.version: &apos;10.0&apos;, java.version: &apos;21.0.5&apos;
Driver info: org.openqa.selenium.chrome.ChromeDriver
Command: [61c43d27e13ba2bab0f057ee7af77edf, sendKeysToElement {id=f.DA7ECBC4B1CB8C14F2FB222D2EF0DC8C.d.F11C88D82C8C9F00AB41867914138599.e.49, value=[Ljava.lang.CharSequence;@43a0798b}]
Capabilities {acceptInsecureCerts: false, browserName: chrome, browserVersion: 131.0.6778.140, chrome: {chromedriverVersion: 131.0.6778.108 (3b014839fbc..., userDataDir: C:\Users\vamsh\AppData\Loca...}, fedcm:accounts: true, goog:chromeOptions: {debuggerAddress: localhost:61627}, networkConnectionEnabled: false, pageLoadStrategy: normal, platformName: windows, proxy: Proxy(), se:cdp: ws://localhost:61627/devtoo..., se:cdpVersion: 131.0.6778.140, setWindowRect: true, strictFileInteractability: false, timeouts: {implicit: 0, pageLoad: 300000, script: 30000}, unhandledPromptBehavior: dismiss and notify, webauthn:extension:credBlob: true, webauthn:extension:largeBlob: true, webauthn:extension:minPinLength: true, webauthn:extension:prf: true, webauthn:virtualAuthenticators: true}
Element: [[ChromeDriver: chrome on windows (61c43d27e13ba2bab0f057ee7af77edf)] -&gt; css selector: .CodeMirror textarea]
Session ID: 61c43d27e13ba2bab0f057ee7af77edf
	at org.openqa.selenium.remote.ErrorCodec.decode(ErrorCodec.java:167)
	at org.openqa.selenium.remote.codec.w3c.W3CHttpResponseCodec.decode(W3CHttpResponseCodec.java:138)
	at org.openqa.selenium.remote.codec.w3c.W3CHttpResponseCodec.decode(W3CHttpResponseCodec.java:50)
	at org.openqa.selenium.remote.HttpCommandExecutor.execute(HttpCommandExecutor.java:190)
	at org.openqa.selenium.remote.service.DriverCommandExecutor.invokeExecute(DriverCommandExecutor.java:216)
	at org.openqa.selenium.remote.service.DriverCommandExecutor.execute(DriverCommandExecutor.java:174)
	at org.openqa.selenium.remote.RemoteWebDriver.execute(RemoteWebDriver.java:545)
	at org.openqa.selenium.remote.RemoteWebElement.execute(RemoteWebElement.java:223)
	at org.openqa.selenium.remote.RemoteWebElement.sendKeys(RemoteWebElement.java:110)
	at PageObjects.IntroductionPage.enterCodeInEditor(IntroductionPage.java:82)
	at StepDefinitions.DSIntroductionDetails.user_writes_invalid_code_and_clicks_run_button(DSIntroductionDetails.java:184)
	at ✽.User writes invalid code and clicks run button(file:///C:/Projects/newFolder-3/Repo1/src/test/resources/Features/ArrayDetailsPage.feature:22)
... Removed 3 stack frames</pre></div><a href='#' onClick='toggleBox("stack-trace1237923810", this, "Click to show all stack frames", "Click to hide stack frames")'>Click to show all stack frames</a>
<div class='stack-trace' id='stack-trace1237923810'><pre>org.openqa.selenium.ElementNotInteractableException: element not interactable
  (Session info: chrome=131.0.6778.140)
Build info: version: &apos;4.26.0&apos;, revision: &apos;8ccf0219d7&apos;
System info: os.name: &apos;Windows 11&apos;, os.arch: &apos;amd64&apos;, os.version: &apos;10.0&apos;, java.version: &apos;21.0.5&apos;
Driver info: org.openqa.selenium.chrome.ChromeDriver
Command: [61c43d27e13ba2bab0f057ee7af77edf, sendKeysToElement {id=f.DA7ECBC4B1CB8C14F2FB222D2EF0DC8C.d.F11C88D82C8C9F00AB41867914138599.e.49, value=[Ljava.lang.CharSequence;@43a0798b}]
Capabilities {acceptInsecureCerts: false, browserName: chrome, browserVersion: 131.0.6778.140, chrome: {chromedriverVersion: 131.0.6778.108 (3b014839fbc..., userDataDir: C:\Users\vamsh\AppData\Loca...}, fedcm:accounts: true, goog:chromeOptions: {debuggerAddress: localhost:61627}, networkConnectionEnabled: false, pageLoadStrategy: normal, platformName: windows, proxy: Proxy(), se:cdp: ws://localhost:61627/devtoo..., se:cdpVersion: 131.0.6778.140, setWindowRect: true, strictFileInteractability: false, timeouts: {implicit: 0, pageLoad: 300000, script: 30000}, unhandledPromptBehavior: dismiss and notify, webauthn:extension:credBlob: true, webauthn:extension:largeBlob: true, webauthn:extension:minPinLength: true, webauthn:extension:prf: true, webauthn:virtualAuthenticators: true}
Element: [[ChromeDriver: chrome on windows (61c43d27e13ba2bab0f057ee7af77edf)] -&gt; css selector: .CodeMirror textarea]
Session ID: 61c43d27e13ba2bab0f057ee7af77edf
	at java.base/jdk.internal.reflect.DirectConstructorHandleAccessor.newInstance(DirectConstructorHandleAccessor.java:62)
	at java.base/java.lang.reflect.Constructor.newInstanceWithCaller(Constructor.java:502)
	at java.base/java.lang.reflect.Constructor.newInstance(Constructor.java:486)
	at org.openqa.selenium.remote.ErrorCodec.decode(ErrorCodec.java:167)
	at org.openqa.selenium.remote.codec.w3c.W3CHttpResponseCodec.decode(W3CHttpResponseCodec.java:138)
	at org.openqa.selenium.remote.codec.w3c.W3CHttpResponseCodec.decode(W3CHttpResponseCodec.java:50)
	at org.openqa.selenium.remote.HttpCommandExecutor.execute(HttpCommandExecutor.java:190)
	at org.openqa.selenium.remote.service.DriverCommandExecutor.invokeExecute(DriverCommandExecutor.java:216)
	at org.openqa.selenium.remote.service.DriverCommandExecutor.execute(DriverCommandExecutor.java:174)
	at org.openqa.selenium.remote.RemoteWebDriver.execute(RemoteWebDriver.java:545)
	at org.openqa.selenium.remote.RemoteWebElement.execute(RemoteWebElement.java:223)
	at org.openqa.selenium.remote.RemoteWebElement.sendKeys(RemoteWebElement.java:110)
	at PageObjects.IntroductionPage.enterCodeInEditor(IntroductionPage.java:82)
	at StepDefinitions.DSIntroductionDetails.user_writes_invalid_code_and_clicks_run_button(DSIntroductionDetails.java:184)
	at ✽.User writes invalid code and clicks run button(file:///C:/Projects/newFolder-3/Repo1/src/test/resources/Features/ArrayDetailsPage.feature:22)
</pre></div></td>
<td>9</td>
<td>TestRunners.TestRunner@4c402120</td></tr>
<tr>
<td title='TestRunners.TestRunner.runScenario()'><b>runScenario</b><br>Test class: TestRunners.TestRunner<br>Test method: Runs Cucumber Scenarios<br>Parameters: "New user registration page with username entered with a space inbetween", "Registration"</td>
<td><div><pre>java.lang.AssertionError: expected [NumpyNinja] but found [Registration]
	at StepDefinitions.Registration.the_user_is_displayed_with_error_msg_after_entering_invalid_data_and_redirects_to_empty_username_textbox(Registration.java:94)
	at ✽.The user is displayed with error msg after entering invalid data and redirects to empty username textbox(file:///C:/Projects/newFolder-3/Repo1/src/test/resources/Features/Registration.feature:32)
... Removed 6 stack frames</pre></div><a href='#' onClick='toggleBox("stack-trace438498409", this, "Click to show all stack frames", "Click to hide stack frames")'>Click to show all stack frames</a>
<div class='stack-trace' id='stack-trace438498409'><pre>java.lang.AssertionError: expected [NumpyNinja] but found [Registration]
	at org.testng.Assert.fail(Assert.java:111)
	at org.testng.Assert.failNotEquals(Assert.java:1578)
	at org.testng.Assert.assertEqualsImpl(Assert.java:150)
	at org.testng.Assert.assertEquals(Assert.java:132)
	at org.testng.Assert.assertEquals(Assert.java:656)
	at org.testng.Assert.assertEquals(Assert.java:666)
	at StepDefinitions.Registration.the_user_is_displayed_with_error_msg_after_entering_invalid_data_and_redirects_to_empty_username_textbox(Registration.java:94)
	at ✽.The user is displayed with error msg after entering invalid data and redirects to empty username textbox(file:///C:/Projects/newFolder-3/Repo1/src/test/resources/Features/Registration.feature:32)
</pre></div></td>
<td>4</td>
<td>TestRunners.TestRunner@4c402120</td></tr>
<tr>
<td title='TestRunners.TestRunner.runScenario()'><b>runScenario</b><br>Test class: TestRunners.TestRunner<br>Test method: Runs Cucumber Scenarios<br>Parameters: "Valid code on try editor for Array using list runs successfully", "Array detail page"</td>
<td><div><pre>org.openqa.selenium.ElementNotInteractableException: element not interactable
  (Session info: chrome=131.0.6778.140)
Build info: version: &apos;4.26.0&apos;, revision: &apos;8ccf0219d7&apos;
System info: os.name: &apos;Windows 11&apos;, os.arch: &apos;amd64&apos;, os.version: &apos;10.0&apos;, java.version: &apos;21.0.5&apos;
Driver info: org.openqa.selenium.chrome.ChromeDriver
Command: [cb07818fdfcb353732092f46acc0f5d8, sendKeysToElement {id=f.5609C63DD162CC8D8EA902189CB87944.d.8BD3673493399F4EAF0C263EFD851B50.e.49, value=[Ljava.lang.CharSequence;@2f83e314}]
Capabilities {acceptInsecureCerts: false, browserName: chrome, browserVersion: 131.0.6778.140, chrome: {chromedriverVersion: 131.0.6778.108 (3b014839fbc..., userDataDir: C:\Users\vamsh\AppData\Loca...}, fedcm:accounts: true, goog:chromeOptions: {debuggerAddress: localhost:62245}, networkConnectionEnabled: false, pageLoadStrategy: normal, platformName: windows, proxy: Proxy(), se:cdp: ws://localhost:62245/devtoo..., se:cdpVersion: 131.0.6778.140, setWindowRect: true, strictFileInteractability: false, timeouts: {implicit: 0, pageLoad: 300000, script: 30000}, unhandledPromptBehavior: dismiss and notify, webauthn:extension:credBlob: true, webauthn:extension:largeBlob: true, webauthn:extension:minPinLength: true, webauthn:extension:prf: true, webauthn:virtualAuthenticators: true}
Element: [[ChromeDriver: chrome on windows (cb07818fdfcb353732092f46acc0f5d8)] -&gt; css selector: .CodeMirror textarea]
Session ID: cb07818fdfcb353732092f46acc0f5d8
	at org.openqa.selenium.remote.ErrorCodec.decode(ErrorCodec.java:167)
	at org.openqa.selenium.remote.codec.w3c.W3CHttpResponseCodec.decode(W3CHttpResponseCodec.java:138)
	at org.openqa.selenium.remote.codec.w3c.W3CHttpResponseCodec.decode(W3CHttpResponseCodec.java:50)
	at org.openqa.selenium.remote.HttpCommandExecutor.execute(HttpCommandExecutor.java:190)
	at org.openqa.selenium.remote.service.DriverCommandExecutor.invokeExecute(DriverCommandExecutor.java:216)
	at org.openqa.selenium.remote.service.DriverCommandExecutor.execute(DriverCommandExecutor.java:174)
	at org.openqa.selenium.remote.RemoteWebDriver.execute(RemoteWebDriver.java:545)
	at org.openqa.selenium.remote.RemoteWebElement.execute(RemoteWebElement.java:223)
	at org.openqa.selenium.remote.RemoteWebElement.sendKeys(RemoteWebElement.java:110)
	at PageObjects.IntroductionPage.enterCodeInEditor(IntroductionPage.java:82)
	at StepDefinitions.DSIntroductionDetails.user_writes_valid_code_and_clicks_run_button(DSIntroductionDetails.java:197)
	at ✽.User writes valid code and clicks run button(file:///C:/Projects/newFolder-3/Repo1/src/test/resources/Features/ArrayDetailsPage.feature:57)
... Removed 3 stack frames</pre></div><a href='#' onClick='toggleBox("stack-trace882233433", this, "Click to show all stack frames", "Click to hide stack frames")'>Click to show all stack frames</a>
<div class='stack-trace' id='stack-trace882233433'><pre>org.openqa.selenium.ElementNotInteractableException: element not interactable
  (Session info: chrome=131.0.6778.140)
Build info: version: &apos;4.26.0&apos;, revision: &apos;8ccf0219d7&apos;
System info: os.name: &apos;Windows 11&apos;, os.arch: &apos;amd64&apos;, os.version: &apos;10.0&apos;, java.version: &apos;21.0.5&apos;
Driver info: org.openqa.selenium.chrome.ChromeDriver
Command: [cb07818fdfcb353732092f46acc0f5d8, sendKeysToElement {id=f.5609C63DD162CC8D8EA902189CB87944.d.8BD3673493399F4EAF0C263EFD851B50.e.49, value=[Ljava.lang.CharSequence;@2f83e314}]
Capabilities {acceptInsecureCerts: false, browserName: chrome, browserVersion: 131.0.6778.140, chrome: {chromedriverVersion: 131.0.6778.108 (3b014839fbc..., userDataDir: C:\Users\vamsh\AppData\Loca...}, fedcm:accounts: true, goog:chromeOptions: {debuggerAddress: localhost:62245}, networkConnectionEnabled: false, pageLoadStrategy: normal, platformName: windows, proxy: Proxy(), se:cdp: ws://localhost:62245/devtoo..., se:cdpVersion: 131.0.6778.140, setWindowRect: true, strictFileInteractability: false, timeouts: {implicit: 0, pageLoad: 300000, script: 30000}, unhandledPromptBehavior: dismiss and notify, webauthn:extension:credBlob: true, webauthn:extension:largeBlob: true, webauthn:extension:minPinLength: true, webauthn:extension:prf: true, webauthn:virtualAuthenticators: true}
Element: [[ChromeDriver: chrome on windows (cb07818fdfcb353732092f46acc0f5d8)] -&gt; css selector: .CodeMirror textarea]
Session ID: cb07818fdfcb353732092f46acc0f5d8
	at java.base/jdk.internal.reflect.DirectConstructorHandleAccessor.newInstance(DirectConstructorHandleAccessor.java:62)
	at java.base/java.lang.reflect.Constructor.newInstanceWithCaller(Constructor.java:502)
	at java.base/java.lang.reflect.Constructor.newInstance(Constructor.java:486)
	at org.openqa.selenium.remote.ErrorCodec.decode(ErrorCodec.java:167)
	at org.openqa.selenium.remote.codec.w3c.W3CHttpResponseCodec.decode(W3CHttpResponseCodec.java:138)
	at org.openqa.selenium.remote.codec.w3c.W3CHttpResponseCodec.decode(W3CHttpResponseCodec.java:50)
	at org.openqa.selenium.remote.HttpCommandExecutor.execute(HttpCommandExecutor.java:190)
	at org.openqa.selenium.remote.service.DriverCommandExecutor.invokeExecute(DriverCommandExecutor.java:216)
	at org.openqa.selenium.remote.service.DriverCommandExecutor.execute(DriverCommandExecutor.java:174)
	at org.openqa.selenium.remote.RemoteWebDriver.execute(RemoteWebDriver.java:545)
	at org.openqa.selenium.remote.RemoteWebElement.execute(RemoteWebElement.java:223)
	at org.openqa.selenium.remote.RemoteWebElement.sendKeys(RemoteWebElement.java:110)
	at PageObjects.IntroductionPage.enterCodeInEditor(IntroductionPage.java:82)
	at StepDefinitions.DSIntroductionDetails.user_writes_valid_code_and_clicks_run_button(DSIntroductionDetails.java:197)
	at ✽.User writes valid code and clicks run button(file:///C:/Projects/newFolder-3/Repo1/src/test/resources/Features/ArrayDetailsPage.feature:57)
</pre></div></td>
<td>8</td>
<td>TestRunners.TestRunner@4c402120</td></tr>
<tr>
<td title='TestRunners.TestRunner.runScenario()'><b>runScenario</b><br>Test class: TestRunners.TestRunner<br>Test method: Runs Cucumber Scenarios<br>Parameters: "New user registration page with valid username but only numeric password and confirm password", "Registration"</td>
<td><div><pre>java.lang.AssertionError: expected [Invalid password] but found [password_mismatch:The two password fields didn’t match.]
	at StepDefinitions.Registration.the_user_is_displayed_the_appropriate_error_msg_after_entering_invalid_data_and_redirects_to_empty_confirm_password_textbox(Registration.java:112)
	at ✽.The user is displayed the appropriate error msg after entering invalid data and redirects to empty confirm password textbox(file:///C:/Projects/newFolder-3/Repo1/src/test/resources/Features/Registration.feature:39)
... Removed 6 stack frames</pre></div><a href='#' onClick='toggleBox("stack-trace616849128", this, "Click to show all stack frames", "Click to hide stack frames")'>Click to show all stack frames</a>
<div class='stack-trace' id='stack-trace616849128'><pre>java.lang.AssertionError: expected [Invalid password] but found [password_mismatch:The two password fields didn’t match.]
	at org.testng.Assert.fail(Assert.java:111)
	at org.testng.Assert.failNotEquals(Assert.java:1578)
	at org.testng.Assert.assertEqualsImpl(Assert.java:150)
	at org.testng.Assert.assertEquals(Assert.java:132)
	at org.testng.Assert.assertEquals(Assert.java:656)
	at org.testng.Assert.assertEquals(Assert.java:666)
	at StepDefinitions.Registration.the_user_is_displayed_the_appropriate_error_msg_after_entering_invalid_data_and_redirects_to_empty_confirm_password_textbox(Registration.java:112)
	at ✽.The user is displayed the appropriate error msg after entering invalid data and redirects to empty confirm password textbox(file:///C:/Projects/newFolder-3/Repo1/src/test/resources/Features/Registration.feature:39)
</pre></div></td>
<td>4</td>
<td>TestRunners.TestRunner@4c402120</td></tr>
<tr>
<td title='TestRunners.TestRunner.runScenario()'><b>runScenario</b><br>Test class: TestRunners.TestRunner<br>Test method: Runs Cucumber Scenarios<br>Parameters: "New user registration page with valid username but password and confirm password fields has less than eight characters", "Registration"</td>
<td><div><pre>java.lang.AssertionError: expected [Invalid password] but found [password_mismatch:The two password fields didn’t match.]
	at StepDefinitions.Registration.the_user_is_displayed_the_appropriate_error_msg_after_entering_invalid_data_and_redirects_to_empty_password_confirm_textbox(Registration.java:131)
	at ✽.The user is displayed the appropriate error msg after entering invalid data and  redirects to empty password confirm textbox(file:///C:/Projects/newFolder-3/Repo1/src/test/resources/Features/Registration.feature:47)
... Removed 6 stack frames</pre></div><a href='#' onClick='toggleBox("stack-trace372799156", this, "Click to show all stack frames", "Click to hide stack frames")'>Click to show all stack frames</a>
<div class='stack-trace' id='stack-trace372799156'><pre>java.lang.AssertionError: expected [Invalid password] but found [password_mismatch:The two password fields didn’t match.]
	at org.testng.Assert.fail(Assert.java:111)
	at org.testng.Assert.failNotEquals(Assert.java:1578)
	at org.testng.Assert.assertEqualsImpl(Assert.java:150)
	at org.testng.Assert.assertEquals(Assert.java:132)
	at org.testng.Assert.assertEquals(Assert.java:656)
	at org.testng.Assert.assertEquals(Assert.java:666)
	at StepDefinitions.Registration.the_user_is_displayed_the_appropriate_error_msg_after_entering_invalid_data_and_redirects_to_empty_password_confirm_textbox(Registration.java:131)
	at ✽.The user is displayed the appropriate error msg after entering invalid data and  redirects to empty password confirm textbox(file:///C:/Projects/newFolder-3/Repo1/src/test/resources/Features/Registration.feature:47)
</pre></div></td>
<td>4</td>
<td>TestRunners.TestRunner@4c402120</td></tr>
<tr>
<td title='TestRunners.TestRunner.runScenario()'><b>runScenario</b><br>Test class: TestRunners.TestRunner<br>Test method: Runs Cucumber Scenarios<br>Parameters: "Error message displayed for invalid code on try Editor for Array using list", "Array detail page"</td>
<td><div><pre>org.openqa.selenium.ElementNotInteractableException: element not interactable
  (Session info: chrome=131.0.6778.140)
Build info: version: &apos;4.26.0&apos;, revision: &apos;8ccf0219d7&apos;
System info: os.name: &apos;Windows 11&apos;, os.arch: &apos;amd64&apos;, os.version: &apos;10.0&apos;, java.version: &apos;21.0.5&apos;
Driver info: org.openqa.selenium.chrome.ChromeDriver
Command: [91f3d01a5c694524ccb9dd007ac22d5f, sendKeysToElement {id=f.5E6C787A34CDD0EDE1706A9221F42270.d.78B07BBB101947A207B86079050FBC6D.e.48, value=[Ljava.lang.CharSequence;@436e38dd}]
Capabilities {acceptInsecureCerts: false, browserName: chrome, browserVersion: 131.0.6778.140, chrome: {chromedriverVersion: 131.0.6778.108 (3b014839fbc..., userDataDir: C:\Users\vamsh\AppData\Loca...}, fedcm:accounts: true, goog:chromeOptions: {debuggerAddress: localhost:62038}, networkConnectionEnabled: false, pageLoadStrategy: normal, platformName: windows, proxy: Proxy(), se:cdp: ws://localhost:62038/devtoo..., se:cdpVersion: 131.0.6778.140, setWindowRect: true, strictFileInteractability: false, timeouts: {implicit: 0, pageLoad: 300000, script: 30000}, unhandledPromptBehavior: dismiss and notify, webauthn:extension:credBlob: true, webauthn:extension:largeBlob: true, webauthn:extension:minPinLength: true, webauthn:extension:prf: true, webauthn:virtualAuthenticators: true}
Element: [[ChromeDriver: chrome on windows (91f3d01a5c694524ccb9dd007ac22d5f)] -&gt; css selector: .CodeMirror textarea]
Session ID: 91f3d01a5c694524ccb9dd007ac22d5f
	at org.openqa.selenium.remote.ErrorCodec.decode(ErrorCodec.java:167)
	at org.openqa.selenium.remote.codec.w3c.W3CHttpResponseCodec.decode(W3CHttpResponseCodec.java:138)
	at org.openqa.selenium.remote.codec.w3c.W3CHttpResponseCodec.decode(W3CHttpResponseCodec.java:50)
	at org.openqa.selenium.remote.HttpCommandExecutor.execute(HttpCommandExecutor.java:190)
	at org.openqa.selenium.remote.service.DriverCommandExecutor.invokeExecute(DriverCommandExecutor.java:216)
	at org.openqa.selenium.remote.service.DriverCommandExecutor.execute(DriverCommandExecutor.java:174)
	at org.openqa.selenium.remote.RemoteWebDriver.execute(RemoteWebDriver.java:545)
	at org.openqa.selenium.remote.RemoteWebElement.execute(RemoteWebElement.java:223)
	at org.openqa.selenium.remote.RemoteWebElement.sendKeys(RemoteWebElement.java:110)
	at PageObjects.IntroductionPage.enterCodeInEditor(IntroductionPage.java:82)
	at StepDefinitions.DSIntroductionDetails.user_writes_invalid_code_and_clicks_run_button(DSIntroductionDetails.java:184)
	at ✽.User writes invalid code and clicks run button(file:///C:/Projects/newFolder-3/Repo1/src/test/resources/Features/ArrayDetailsPage.feature:47)
... Removed 3 stack frames</pre></div><a href='#' onClick='toggleBox("stack-trace633578062", this, "Click to show all stack frames", "Click to hide stack frames")'>Click to show all stack frames</a>
<div class='stack-trace' id='stack-trace633578062'><pre>org.openqa.selenium.ElementNotInteractableException: element not interactable
  (Session info: chrome=131.0.6778.140)
Build info: version: &apos;4.26.0&apos;, revision: &apos;8ccf0219d7&apos;
System info: os.name: &apos;Windows 11&apos;, os.arch: &apos;amd64&apos;, os.version: &apos;10.0&apos;, java.version: &apos;21.0.5&apos;
Driver info: org.openqa.selenium.chrome.ChromeDriver
Command: [91f3d01a5c694524ccb9dd007ac22d5f, sendKeysToElement {id=f.5E6C787A34CDD0EDE1706A9221F42270.d.78B07BBB101947A207B86079050FBC6D.e.48, value=[Ljava.lang.CharSequence;@436e38dd}]
Capabilities {acceptInsecureCerts: false, browserName: chrome, browserVersion: 131.0.6778.140, chrome: {chromedriverVersion: 131.0.6778.108 (3b014839fbc..., userDataDir: C:\Users\vamsh\AppData\Loca...}, fedcm:accounts: true, goog:chromeOptions: {debuggerAddress: localhost:62038}, networkConnectionEnabled: false, pageLoadStrategy: normal, platformName: windows, proxy: Proxy(), se:cdp: ws://localhost:62038/devtoo..., se:cdpVersion: 131.0.6778.140, setWindowRect: true, strictFileInteractability: false, timeouts: {implicit: 0, pageLoad: 300000, script: 30000}, unhandledPromptBehavior: dismiss and notify, webauthn:extension:credBlob: true, webauthn:extension:largeBlob: true, webauthn:extension:minPinLength: true, webauthn:extension:prf: true, webauthn:virtualAuthenticators: true}
Element: [[ChromeDriver: chrome on windows (91f3d01a5c694524ccb9dd007ac22d5f)] -&gt; css selector: .CodeMirror textarea]
Session ID: 91f3d01a5c694524ccb9dd007ac22d5f
	at java.base/jdk.internal.reflect.DirectConstructorHandleAccessor.newInstance(DirectConstructorHandleAccessor.java:62)
	at java.base/java.lang.reflect.Constructor.newInstanceWithCaller(Constructor.java:502)
	at java.base/java.lang.reflect.Constructor.newInstance(Constructor.java:486)
	at org.openqa.selenium.remote.ErrorCodec.decode(ErrorCodec.java:167)
	at org.openqa.selenium.remote.codec.w3c.W3CHttpResponseCodec.decode(W3CHttpResponseCodec.java:138)
	at org.openqa.selenium.remote.codec.w3c.W3CHttpResponseCodec.decode(W3CHttpResponseCodec.java:50)
	at org.openqa.selenium.remote.HttpCommandExecutor.execute(HttpCommandExecutor.java:190)
	at org.openqa.selenium.remote.service.DriverCommandExecutor.invokeExecute(DriverCommandExecutor.java:216)
	at org.openqa.selenium.remote.service.DriverCommandExecutor.execute(DriverCommandExecutor.java:174)
	at org.openqa.selenium.remote.RemoteWebDriver.execute(RemoteWebDriver.java:545)
	at org.openqa.selenium.remote.RemoteWebElement.execute(RemoteWebElement.java:223)
	at org.openqa.selenium.remote.RemoteWebElement.sendKeys(RemoteWebElement.java:110)
	at PageObjects.IntroductionPage.enterCodeInEditor(IntroductionPage.java:82)
	at StepDefinitions.DSIntroductionDetails.user_writes_invalid_code_and_clicks_run_button(DSIntroductionDetails.java:184)
	at ✽.User writes invalid code and clicks run button(file:///C:/Projects/newFolder-3/Repo1/src/test/resources/Features/ArrayDetailsPage.feature:47)
</pre></div></td>
<td>10</td>
<td>TestRunners.TestRunner@4c402120</td></tr>
<tr>
<td title='TestRunners.TestRunner.runScenario()'><b>runScenario</b><br>Test class: TestRunners.TestRunner<br>Test method: Runs Cucumber Scenarios<br>Parameters: "Error message displayed for invalid code on try Editor for Basic operations in lists", "Array detail page"</td>
<td><div><pre>org.openqa.selenium.ElementNotInteractableException: element not interactable
  (Session info: chrome=131.0.6778.140)
Build info: version: &apos;4.26.0&apos;, revision: &apos;8ccf0219d7&apos;
System info: os.name: &apos;Windows 11&apos;, os.arch: &apos;amd64&apos;, os.version: &apos;10.0&apos;, java.version: &apos;21.0.5&apos;
Driver info: org.openqa.selenium.chrome.ChromeDriver
Command: [79d00bb693e73327fbd5f07ec4f314d4, sendKeysToElement {id=f.962E92A42DD46AA11563613BF90EEB35.d.1F11A4D81ADDA5865127DF534E7AB237.e.50, value=[Ljava.lang.CharSequence;@3ee82c53}]
Capabilities {acceptInsecureCerts: false, browserName: chrome, browserVersion: 131.0.6778.140, chrome: {chromedriverVersion: 131.0.6778.108 (3b014839fbc..., userDataDir: C:\Users\vamsh\AppData\Loca...}, fedcm:accounts: true, goog:chromeOptions: {debuggerAddress: localhost:62522}, networkConnectionEnabled: false, pageLoadStrategy: normal, platformName: windows, proxy: Proxy(), se:cdp: ws://localhost:62522/devtoo..., se:cdpVersion: 131.0.6778.140, setWindowRect: true, strictFileInteractability: false, timeouts: {implicit: 0, pageLoad: 300000, script: 30000}, unhandledPromptBehavior: dismiss and notify, webauthn:extension:credBlob: true, webauthn:extension:largeBlob: true, webauthn:extension:minPinLength: true, webauthn:extension:prf: true, webauthn:virtualAuthenticators: true}
Element: [[ChromeDriver: chrome on windows (79d00bb693e73327fbd5f07ec4f314d4)] -&gt; css selector: .CodeMirror textarea]
Session ID: 79d00bb693e73327fbd5f07ec4f314d4
	at org.openqa.selenium.remote.ErrorCodec.decode(ErrorCodec.java:167)
	at org.openqa.selenium.remote.codec.w3c.W3CHttpResponseCodec.decode(W3CHttpResponseCodec.java:138)
	at org.openqa.selenium.remote.codec.w3c.W3CHttpResponseCodec.decode(W3CHttpResponseCodec.java:50)
	at org.openqa.selenium.remote.HttpCommandExecutor.execute(HttpCommandExecutor.java:190)
	at org.openqa.selenium.remote.service.DriverCommandExecutor.invokeExecute(DriverCommandExecutor.java:216)
	at org.openqa.selenium.remote.service.DriverCommandExecutor.execute(DriverCommandExecutor.java:174)
	at org.openqa.selenium.remote.RemoteWebDriver.execute(RemoteWebDriver.java:545)
	at org.openqa.selenium.remote.RemoteWebElement.execute(RemoteWebElement.java:223)
	at org.openqa.selenium.remote.RemoteWebElement.sendKeys(RemoteWebElement.java:110)
	at PageObjects.IntroductionPage.enterCodeInEditor(IntroductionPage.java:82)
	at StepDefinitions.DSIntroductionDetails.user_writes_invalid_code_and_clicks_run_button(DSIntroductionDetails.java:184)
	at ✽.User writes invalid code and clicks run button(file:///C:/Projects/newFolder-3/Repo1/src/test/resources/Features/ArrayDetailsPage.feature:72)
... Removed 3 stack frames</pre></div><a href='#' onClick='toggleBox("stack-trace477942801", this, "Click to show all stack frames", "Click to hide stack frames")'>Click to show all stack frames</a>
<div class='stack-trace' id='stack-trace477942801'><pre>org.openqa.selenium.ElementNotInteractableException: element not interactable
  (Session info: chrome=131.0.6778.140)
Build info: version: &apos;4.26.0&apos;, revision: &apos;8ccf0219d7&apos;
System info: os.name: &apos;Windows 11&apos;, os.arch: &apos;amd64&apos;, os.version: &apos;10.0&apos;, java.version: &apos;21.0.5&apos;
Driver info: org.openqa.selenium.chrome.ChromeDriver
Command: [79d00bb693e73327fbd5f07ec4f314d4, sendKeysToElement {id=f.962E92A42DD46AA11563613BF90EEB35.d.1F11A4D81ADDA5865127DF534E7AB237.e.50, value=[Ljava.lang.CharSequence;@3ee82c53}]
Capabilities {acceptInsecureCerts: false, browserName: chrome, browserVersion: 131.0.6778.140, chrome: {chromedriverVersion: 131.0.6778.108 (3b014839fbc..., userDataDir: C:\Users\vamsh\AppData\Loca...}, fedcm:accounts: true, goog:chromeOptions: {debuggerAddress: localhost:62522}, networkConnectionEnabled: false, pageLoadStrategy: normal, platformName: windows, proxy: Proxy(), se:cdp: ws://localhost:62522/devtoo..., se:cdpVersion: 131.0.6778.140, setWindowRect: true, strictFileInteractability: false, timeouts: {implicit: 0, pageLoad: 300000, script: 30000}, unhandledPromptBehavior: dismiss and notify, webauthn:extension:credBlob: true, webauthn:extension:largeBlob: true, webauthn:extension:minPinLength: true, webauthn:extension:prf: true, webauthn:virtualAuthenticators: true}
Element: [[ChromeDriver: chrome on windows (79d00bb693e73327fbd5f07ec4f314d4)] -&gt; css selector: .CodeMirror textarea]
Session ID: 79d00bb693e73327fbd5f07ec4f314d4
	at java.base/jdk.internal.reflect.DirectConstructorHandleAccessor.newInstance(DirectConstructorHandleAccessor.java:62)
	at java.base/java.lang.reflect.Constructor.newInstanceWithCaller(Constructor.java:502)
	at java.base/java.lang.reflect.Constructor.newInstance(Constructor.java:486)
	at org.openqa.selenium.remote.ErrorCodec.decode(ErrorCodec.java:167)
	at org.openqa.selenium.remote.codec.w3c.W3CHttpResponseCodec.decode(W3CHttpResponseCodec.java:138)
	at org.openqa.selenium.remote.codec.w3c.W3CHttpResponseCodec.decode(W3CHttpResponseCodec.java:50)
	at org.openqa.selenium.remote.HttpCommandExecutor.execute(HttpCommandExecutor.java:190)
	at org.openqa.selenium.remote.service.DriverCommandExecutor.invokeExecute(DriverCommandExecutor.java:216)
	at org.openqa.selenium.remote.service.DriverCommandExecutor.execute(DriverCommandExecutor.java:174)
	at org.openqa.selenium.remote.RemoteWebDriver.execute(RemoteWebDriver.java:545)
	at org.openqa.selenium.remote.RemoteWebElement.execute(RemoteWebElement.java:223)
	at org.openqa.selenium.remote.RemoteWebElement.sendKeys(RemoteWebElement.java:110)
	at PageObjects.IntroductionPage.enterCodeInEditor(IntroductionPage.java:82)
	at StepDefinitions.DSIntroductionDetails.user_writes_invalid_code_and_clicks_run_button(DSIntroductionDetails.java:184)
	at ✽.User writes invalid code and clicks run button(file:///C:/Projects/newFolder-3/Repo1/src/test/resources/Features/ArrayDetailsPage.feature:72)
</pre></div></td>
<td>7</td>
<td>TestRunners.TestRunner@4c402120</td></tr>
<tr>
<td title='TestRunners.TestRunner.runScenario()'><b>runScenario</b><br>Test class: TestRunners.TestRunner<br>Test method: Runs Cucumber Scenarios<br>Parameters: "Valid code on try editor for Time Complexity runs successfully", "DS Introduction Page"</td>
<td><div><pre>org.openqa.selenium.ElementNotInteractableException: element not interactable
  (Session info: chrome=131.0.6778.140)
Build info: version: &apos;4.26.0&apos;, revision: &apos;8ccf0219d7&apos;
System info: os.name: &apos;Windows 11&apos;, os.arch: &apos;amd64&apos;, os.version: &apos;10.0&apos;, java.version: &apos;21.0.5&apos;
Driver info: org.openqa.selenium.chrome.ChromeDriver
Command: [c80d7d8bd73bada49e4c63029b51640d, sendKeysToElement {id=f.21E18419C4D7BDD03A5A70F3C42E60D4.d.4317B6A93EF05C8AFC35DBC547BCFDDC.e.55, value=[Ljava.lang.CharSequence;@161d6c96}]
Capabilities {acceptInsecureCerts: false, browserName: chrome, browserVersion: 131.0.6778.140, chrome: {chromedriverVersion: 131.0.6778.108 (3b014839fbc..., userDataDir: C:\Users\vamsh\AppData\Loca...}, fedcm:accounts: true, goog:chromeOptions: {debuggerAddress: localhost:65347}, networkConnectionEnabled: false, pageLoadStrategy: normal, platformName: windows, proxy: Proxy(), se:cdp: ws://localhost:65347/devtoo..., se:cdpVersion: 131.0.6778.140, setWindowRect: true, strictFileInteractability: false, timeouts: {implicit: 0, pageLoad: 300000, script: 30000}, unhandledPromptBehavior: dismiss and notify, webauthn:extension:credBlob: true, webauthn:extension:largeBlob: true, webauthn:extension:minPinLength: true, webauthn:extension:prf: true, webauthn:virtualAuthenticators: true}
Element: [[ChromeDriver: chrome on windows (c80d7d8bd73bada49e4c63029b51640d)] -&gt; css selector: .CodeMirror textarea]
Session ID: c80d7d8bd73bada49e4c63029b51640d
	at org.openqa.selenium.remote.ErrorCodec.decode(ErrorCodec.java:167)
	at org.openqa.selenium.remote.codec.w3c.W3CHttpResponseCodec.decode(W3CHttpResponseCodec.java:138)
	at org.openqa.selenium.remote.codec.w3c.W3CHttpResponseCodec.decode(W3CHttpResponseCodec.java:50)
	at org.openqa.selenium.remote.HttpCommandExecutor.execute(HttpCommandExecutor.java:190)
	at org.openqa.selenium.remote.service.DriverCommandExecutor.invokeExecute(DriverCommandExecutor.java:216)
	at org.openqa.selenium.remote.service.DriverCommandExecutor.execute(DriverCommandExecutor.java:174)
	at org.openqa.selenium.remote.RemoteWebDriver.execute(RemoteWebDriver.java:545)
	at org.openqa.selenium.remote.RemoteWebElement.execute(RemoteWebElement.java:223)
	at org.openqa.selenium.remote.RemoteWebElement.sendKeys(RemoteWebElement.java:110)
	at PageObjects.IntroductionPage.enterCodeInEditor(IntroductionPage.java:82)
	at StepDefinitions.DSIntroductionDetails.user_writes_valid_code_and_clicks_run_button(DSIntroductionDetails.java:197)
	at ✽.User writes valid code and clicks run button(file:///C:/Projects/newFolder-3/Repo1/src/test/resources/Features/DSIntroductionPage.feature:45)
... Removed 3 stack frames</pre></div><a href='#' onClick='toggleBox("stack-trace1381698900", this, "Click to show all stack frames", "Click to hide stack frames")'>Click to show all stack frames</a>
<div class='stack-trace' id='stack-trace1381698900'><pre>org.openqa.selenium.ElementNotInteractableException: element not interactable
  (Session info: chrome=131.0.6778.140)
Build info: version: &apos;4.26.0&apos;, revision: &apos;8ccf0219d7&apos;
System info: os.name: &apos;Windows 11&apos;, os.arch: &apos;amd64&apos;, os.version: &apos;10.0&apos;, java.version: &apos;21.0.5&apos;
Driver info: org.openqa.selenium.chrome.ChromeDriver
Command: [c80d7d8bd73bada49e4c63029b51640d, sendKeysToElement {id=f.21E18419C4D7BDD03A5A70F3C42E60D4.d.4317B6A93EF05C8AFC35DBC547BCFDDC.e.55, value=[Ljava.lang.CharSequence;@161d6c96}]
Capabilities {acceptInsecureCerts: false, browserName: chrome, browserVersion: 131.0.6778.140, chrome: {chromedriverVersion: 131.0.6778.108 (3b014839fbc..., userDataDir: C:\Users\vamsh\AppData\Loca...}, fedcm:accounts: true, goog:chromeOptions: {debuggerAddress: localhost:65347}, networkConnectionEnabled: false, pageLoadStrategy: normal, platformName: windows, proxy: Proxy(), se:cdp: ws://localhost:65347/devtoo..., se:cdpVersion: 131.0.6778.140, setWindowRect: true, strictFileInteractability: false, timeouts: {implicit: 0, pageLoad: 300000, script: 30000}, unhandledPromptBehavior: dismiss and notify, webauthn:extension:credBlob: true, webauthn:extension:largeBlob: true, webauthn:extension:minPinLength: true, webauthn:extension:prf: true, webauthn:virtualAuthenticators: true}
Element: [[ChromeDriver: chrome on windows (c80d7d8bd73bada49e4c63029b51640d)] -&gt; css selector: .CodeMirror textarea]
Session ID: c80d7d8bd73bada49e4c63029b51640d
	at java.base/jdk.internal.reflect.DirectConstructorHandleAccessor.newInstance(DirectConstructorHandleAccessor.java:62)
	at java.base/java.lang.reflect.Constructor.newInstanceWithCaller(Constructor.java:502)
	at java.base/java.lang.reflect.Constructor.newInstance(Constructor.java:486)
	at org.openqa.selenium.remote.ErrorCodec.decode(ErrorCodec.java:167)
	at org.openqa.selenium.remote.codec.w3c.W3CHttpResponseCodec.decode(W3CHttpResponseCodec.java:138)
	at org.openqa.selenium.remote.codec.w3c.W3CHttpResponseCodec.decode(W3CHttpResponseCodec.java:50)
	at org.openqa.selenium.remote.HttpCommandExecutor.execute(HttpCommandExecutor.java:190)
	at org.openqa.selenium.remote.service.DriverCommandExecutor.invokeExecute(DriverCommandExecutor.java:216)
	at org.openqa.selenium.remote.service.DriverCommandExecutor.execute(DriverCommandExecutor.java:174)
	at org.openqa.selenium.remote.RemoteWebDriver.execute(RemoteWebDriver.java:545)
	at org.openqa.selenium.remote.RemoteWebElement.execute(RemoteWebElement.java:223)
	at org.openqa.selenium.remote.RemoteWebElement.sendKeys(RemoteWebElement.java:110)
	at PageObjects.IntroductionPage.enterCodeInEditor(IntroductionPage.java:82)
	at StepDefinitions.DSIntroductionDetails.user_writes_valid_code_and_clicks_run_button(DSIntroductionDetails.java:197)
	at ✽.User writes valid code and clicks run button(file:///C:/Projects/newFolder-3/Repo1/src/test/resources/Features/DSIntroductionPage.feature:45)
</pre></div></td>
<td>7</td>
<td>TestRunners.TestRunner@4c402120</td></tr>
<tr>
<td title='TestRunners.TestRunner.runScenario()'><b>runScenario</b><br>Test class: TestRunners.TestRunner<br>Test method: Runs Cucumber Scenarios<br>Parameters: "New user registration page with all valid credentials entered", "Registration"</td>
<td><div><pre>java.lang.AssertionError: expected [New Account Created. You are logged in as 11111dddfrtfg] but found [password_mismatch:The two password fields didn’t match.]
	at StepDefinitions.Registration.the_user_is_redirected_to_home_page_of_ds_algo_with_success_message_new_account_created_you_are_logged_in_as_username_on_the_ds_algo_home_page(Registration.java:167)
	at ✽.The user is redirected to Home Page of DS Algo with success message - New Account Created. You are logged in as username on the DS Algo Home Page(file:///C:/Projects/newFolder-3/Repo1/src/test/resources/Features/Registration.feature:62)
... Removed 6 stack frames</pre></div><a href='#' onClick='toggleBox("stack-trace18527146", this, "Click to show all stack frames", "Click to hide stack frames")'>Click to show all stack frames</a>
<div class='stack-trace' id='stack-trace18527146'><pre>java.lang.AssertionError: expected [New Account Created. You are logged in as 11111dddfrtfg] but found [password_mismatch:The two password fields didn’t match.]
	at org.testng.Assert.fail(Assert.java:111)
	at org.testng.Assert.failNotEquals(Assert.java:1578)
	at org.testng.Assert.assertEqualsImpl(Assert.java:150)
	at org.testng.Assert.assertEquals(Assert.java:132)
	at org.testng.Assert.assertEquals(Assert.java:656)
	at org.testng.Assert.assertEquals(Assert.java:666)
	at StepDefinitions.Registration.the_user_is_redirected_to_home_page_of_ds_algo_with_success_message_new_account_created_you_are_logged_in_as_username_on_the_ds_algo_home_page(Registration.java:167)
	at ✽.The user is redirected to Home Page of DS Algo with success message - New Account Created. You are logged in as username on the DS Algo Home Page(file:///C:/Projects/newFolder-3/Repo1/src/test/resources/Features/Registration.feature:62)
</pre></div></td>
<td>4</td>
<td>TestRunners.TestRunner@4c402120</td></tr>
<tr>
<td title='TestRunners.TestRunner.runScenario()'><b>runScenario</b><br>Test class: TestRunners.TestRunner<br>Test method: Runs Cucumber Scenarios<br>Parameters: "Valid code on try editor for basic operations in lists runs successfully", "Array detail page"</td>
<td><div><pre>org.openqa.selenium.ElementNotInteractableException: element not interactable
  (Session info: chrome=131.0.6778.140)
Build info: version: &apos;4.26.0&apos;, revision: &apos;8ccf0219d7&apos;
System info: os.name: &apos;Windows 11&apos;, os.arch: &apos;amd64&apos;, os.version: &apos;10.0&apos;, java.version: &apos;21.0.5&apos;
Driver info: org.openqa.selenium.chrome.ChromeDriver
Command: [8edc02c4379250d3dc14d35c28a9d32f, sendKeysToElement {id=f.E42E10CA8FDC1A694AB65E7A9F14FCC2.d.46B9E4F0D29FC6F6361ED6333B31D537.e.52, value=[Ljava.lang.CharSequence;@6b63451d}]
Capabilities {acceptInsecureCerts: false, browserName: chrome, browserVersion: 131.0.6778.140, chrome: {chromedriverVersion: 131.0.6778.108 (3b014839fbc..., userDataDir: C:\Users\vamsh\AppData\Loca...}, fedcm:accounts: true, goog:chromeOptions: {debuggerAddress: localhost:62686}, networkConnectionEnabled: false, pageLoadStrategy: normal, platformName: windows, proxy: Proxy(), se:cdp: ws://localhost:62686/devtoo..., se:cdpVersion: 131.0.6778.140, setWindowRect: true, strictFileInteractability: false, timeouts: {implicit: 0, pageLoad: 300000, script: 30000}, unhandledPromptBehavior: dismiss and notify, webauthn:extension:credBlob: true, webauthn:extension:largeBlob: true, webauthn:extension:minPinLength: true, webauthn:extension:prf: true, webauthn:virtualAuthenticators: true}
Element: [[ChromeDriver: chrome on windows (8edc02c4379250d3dc14d35c28a9d32f)] -&gt; css selector: .CodeMirror textarea]
Session ID: 8edc02c4379250d3dc14d35c28a9d32f
	at org.openqa.selenium.remote.ErrorCodec.decode(ErrorCodec.java:167)
	at org.openqa.selenium.remote.codec.w3c.W3CHttpResponseCodec.decode(W3CHttpResponseCodec.java:138)
	at org.openqa.selenium.remote.codec.w3c.W3CHttpResponseCodec.decode(W3CHttpResponseCodec.java:50)
	at org.openqa.selenium.remote.HttpCommandExecutor.execute(HttpCommandExecutor.java:190)
	at org.openqa.selenium.remote.service.DriverCommandExecutor.invokeExecute(DriverCommandExecutor.java:216)
	at org.openqa.selenium.remote.service.DriverCommandExecutor.execute(DriverCommandExecutor.java:174)
	at org.openqa.selenium.remote.RemoteWebDriver.execute(RemoteWebDriver.java:545)
	at org.openqa.selenium.remote.RemoteWebElement.execute(RemoteWebElement.java:223)
	at org.openqa.selenium.remote.RemoteWebElement.sendKeys(RemoteWebElement.java:110)
	at PageObjects.IntroductionPage.enterCodeInEditor(IntroductionPage.java:82)
	at StepDefinitions.DSIntroductionDetails.user_writes_valid_code_and_clicks_run_button(DSIntroductionDetails.java:197)
	at ✽.User writes valid code and clicks run button(file:///C:/Projects/newFolder-3/Repo1/src/test/resources/Features/ArrayDetailsPage.feature:82)
... Removed 3 stack frames</pre></div><a href='#' onClick='toggleBox("stack-trace371420177", this, "Click to show all stack frames", "Click to hide stack frames")'>Click to show all stack frames</a>
<div class='stack-trace' id='stack-trace371420177'><pre>org.openqa.selenium.ElementNotInteractableException: element not interactable
  (Session info: chrome=131.0.6778.140)
Build info: version: &apos;4.26.0&apos;, revision: &apos;8ccf0219d7&apos;
System info: os.name: &apos;Windows 11&apos;, os.arch: &apos;amd64&apos;, os.version: &apos;10.0&apos;, java.version: &apos;21.0.5&apos;
Driver info: org.openqa.selenium.chrome.ChromeDriver
Command: [8edc02c4379250d3dc14d35c28a9d32f, sendKeysToElement {id=f.E42E10CA8FDC1A694AB65E7A9F14FCC2.d.46B9E4F0D29FC6F6361ED6333B31D537.e.52, value=[Ljava.lang.CharSequence;@6b63451d}]
Capabilities {acceptInsecureCerts: false, browserName: chrome, browserVersion: 131.0.6778.140, chrome: {chromedriverVersion: 131.0.6778.108 (3b014839fbc..., userDataDir: C:\Users\vamsh\AppData\Loca...}, fedcm:accounts: true, goog:chromeOptions: {debuggerAddress: localhost:62686}, networkConnectionEnabled: false, pageLoadStrategy: normal, platformName: windows, proxy: Proxy(), se:cdp: ws://localhost:62686/devtoo..., se:cdpVersion: 131.0.6778.140, setWindowRect: true, strictFileInteractability: false, timeouts: {implicit: 0, pageLoad: 300000, script: 30000}, unhandledPromptBehavior: dismiss and notify, webauthn:extension:credBlob: true, webauthn:extension:largeBlob: true, webauthn:extension:minPinLength: true, webauthn:extension:prf: true, webauthn:virtualAuthenticators: true}
Element: [[ChromeDriver: chrome on windows (8edc02c4379250d3dc14d35c28a9d32f)] -&gt; css selector: .CodeMirror textarea]
Session ID: 8edc02c4379250d3dc14d35c28a9d32f
	at java.base/jdk.internal.reflect.DirectConstructorHandleAccessor.newInstance(DirectConstructorHandleAccessor.java:62)
	at java.base/java.lang.reflect.Constructor.newInstanceWithCaller(Constructor.java:502)
	at java.base/java.lang.reflect.Constructor.newInstance(Constructor.java:486)
	at org.openqa.selenium.remote.ErrorCodec.decode(ErrorCodec.java:167)
	at org.openqa.selenium.remote.codec.w3c.W3CHttpResponseCodec.decode(W3CHttpResponseCodec.java:138)
	at org.openqa.selenium.remote.codec.w3c.W3CHttpResponseCodec.decode(W3CHttpResponseCodec.java:50)
	at org.openqa.selenium.remote.HttpCommandExecutor.execute(HttpCommandExecutor.java:190)
	at org.openqa.selenium.remote.service.DriverCommandExecutor.invokeExecute(DriverCommandExecutor.java:216)
	at org.openqa.selenium.remote.service.DriverCommandExecutor.execute(DriverCommandExecutor.java:174)
	at org.openqa.selenium.remote.RemoteWebDriver.execute(RemoteWebDriver.java:545)
	at org.openqa.selenium.remote.RemoteWebElement.execute(RemoteWebElement.java:223)
	at org.openqa.selenium.remote.RemoteWebElement.sendKeys(RemoteWebElement.java:110)
	at PageObjects.IntroductionPage.enterCodeInEditor(IntroductionPage.java:82)
	at StepDefinitions.DSIntroductionDetails.user_writes_valid_code_and_clicks_run_button(DSIntroductionDetails.java:197)
	at ✽.User writes valid code and clicks run button(file:///C:/Projects/newFolder-3/Repo1/src/test/resources/Features/ArrayDetailsPage.feature:82)
</pre></div></td>
<td>6</td>
<td>TestRunners.TestRunner@4c402120</td></tr>
<tr>
<td title='TestRunners.TestRunner.runScenario()'><b>runScenario</b><br>Test class: TestRunners.TestRunner<br>Test method: Runs Cucumber Scenarios<br>Parameters: "Error message displayed for invalid code on try Editor for applications of array", "Array detail page"</td>
<td><div><pre>org.openqa.selenium.ElementNotInteractableException: element not interactable
  (Session info: chrome=131.0.6778.140)
Build info: version: &apos;4.26.0&apos;, revision: &apos;8ccf0219d7&apos;
System info: os.name: &apos;Windows 11&apos;, os.arch: &apos;amd64&apos;, os.version: &apos;10.0&apos;, java.version: &apos;21.0.5&apos;
Driver info: org.openqa.selenium.chrome.ChromeDriver
Command: [a1cfd53e677b245019230b5ea936dc6d, sendKeysToElement {id=f.D18E66ECBF9CF42C986708B30AF90001.d.4119112968F52E62DA0605D900A8B937.e.49, value=[Ljava.lang.CharSequence;@7b5dcb42}]
Capabilities {acceptInsecureCerts: false, browserName: chrome, browserVersion: 131.0.6778.140, chrome: {chromedriverVersion: 131.0.6778.108 (3b014839fbc..., userDataDir: C:\Users\vamsh\AppData\Loca...}, fedcm:accounts: true, goog:chromeOptions: {debuggerAddress: localhost:62940}, networkConnectionEnabled: false, pageLoadStrategy: normal, platformName: windows, proxy: Proxy(), se:cdp: ws://localhost:62940/devtoo..., se:cdpVersion: 131.0.6778.140, setWindowRect: true, strictFileInteractability: false, timeouts: {implicit: 0, pageLoad: 300000, script: 30000}, unhandledPromptBehavior: dismiss and notify, webauthn:extension:credBlob: true, webauthn:extension:largeBlob: true, webauthn:extension:minPinLength: true, webauthn:extension:prf: true, webauthn:virtualAuthenticators: true}
Element: [[ChromeDriver: chrome on windows (a1cfd53e677b245019230b5ea936dc6d)] -&gt; css selector: .CodeMirror textarea]
Session ID: a1cfd53e677b245019230b5ea936dc6d
	at org.openqa.selenium.remote.ErrorCodec.decode(ErrorCodec.java:167)
	at org.openqa.selenium.remote.codec.w3c.W3CHttpResponseCodec.decode(W3CHttpResponseCodec.java:138)
	at org.openqa.selenium.remote.codec.w3c.W3CHttpResponseCodec.decode(W3CHttpResponseCodec.java:50)
	at org.openqa.selenium.remote.HttpCommandExecutor.execute(HttpCommandExecutor.java:190)
	at org.openqa.selenium.remote.service.DriverCommandExecutor.invokeExecute(DriverCommandExecutor.java:216)
	at org.openqa.selenium.remote.service.DriverCommandExecutor.execute(DriverCommandExecutor.java:174)
	at org.openqa.selenium.remote.RemoteWebDriver.execute(RemoteWebDriver.java:545)
	at org.openqa.selenium.remote.RemoteWebElement.execute(RemoteWebElement.java:223)
	at org.openqa.selenium.remote.RemoteWebElement.sendKeys(RemoteWebElement.java:110)
	at PageObjects.IntroductionPage.enterCodeInEditor(IntroductionPage.java:82)
	at StepDefinitions.DSIntroductionDetails.user_writes_invalid_code_and_clicks_run_button(DSIntroductionDetails.java:184)
	at ✽.User writes invalid code and clicks run button(file:///C:/Projects/newFolder-3/Repo1/src/test/resources/Features/ArrayDetailsPage.feature:97)
... Removed 3 stack frames</pre></div><a href='#' onClick='toggleBox("stack-trace1169575", this, "Click to show all stack frames", "Click to hide stack frames")'>Click to show all stack frames</a>
<div class='stack-trace' id='stack-trace1169575'><pre>org.openqa.selenium.ElementNotInteractableException: element not interactable
  (Session info: chrome=131.0.6778.140)
Build info: version: &apos;4.26.0&apos;, revision: &apos;8ccf0219d7&apos;
System info: os.name: &apos;Windows 11&apos;, os.arch: &apos;amd64&apos;, os.version: &apos;10.0&apos;, java.version: &apos;21.0.5&apos;
Driver info: org.openqa.selenium.chrome.ChromeDriver
Command: [a1cfd53e677b245019230b5ea936dc6d, sendKeysToElement {id=f.D18E66ECBF9CF42C986708B30AF90001.d.4119112968F52E62DA0605D900A8B937.e.49, value=[Ljava.lang.CharSequence;@7b5dcb42}]
Capabilities {acceptInsecureCerts: false, browserName: chrome, browserVersion: 131.0.6778.140, chrome: {chromedriverVersion: 131.0.6778.108 (3b014839fbc..., userDataDir: C:\Users\vamsh\AppData\Loca...}, fedcm:accounts: true, goog:chromeOptions: {debuggerAddress: localhost:62940}, networkConnectionEnabled: false, pageLoadStrategy: normal, platformName: windows, proxy: Proxy(), se:cdp: ws://localhost:62940/devtoo..., se:cdpVersion: 131.0.6778.140, setWindowRect: true, strictFileInteractability: false, timeouts: {implicit: 0, pageLoad: 300000, script: 30000}, unhandledPromptBehavior: dismiss and notify, webauthn:extension:credBlob: true, webauthn:extension:largeBlob: true, webauthn:extension:minPinLength: true, webauthn:extension:prf: true, webauthn:virtualAuthenticators: true}
Element: [[ChromeDriver: chrome on windows (a1cfd53e677b245019230b5ea936dc6d)] -&gt; css selector: .CodeMirror textarea]
Session ID: a1cfd53e677b245019230b5ea936dc6d
	at java.base/jdk.internal.reflect.DirectConstructorHandleAccessor.newInstance(DirectConstructorHandleAccessor.java:62)
	at java.base/java.lang.reflect.Constructor.newInstanceWithCaller(Constructor.java:502)
	at java.base/java.lang.reflect.Constructor.newInstance(Constructor.java:486)
	at org.openqa.selenium.remote.ErrorCodec.decode(ErrorCodec.java:167)
	at org.openqa.selenium.remote.codec.w3c.W3CHttpResponseCodec.decode(W3CHttpResponseCodec.java:138)
	at org.openqa.selenium.remote.codec.w3c.W3CHttpResponseCodec.decode(W3CHttpResponseCodec.java:50)
	at org.openqa.selenium.remote.HttpCommandExecutor.execute(HttpCommandExecutor.java:190)
	at org.openqa.selenium.remote.service.DriverCommandExecutor.invokeExecute(DriverCommandExecutor.java:216)
	at org.openqa.selenium.remote.service.DriverCommandExecutor.execute(DriverCommandExecutor.java:174)
	at org.openqa.selenium.remote.RemoteWebDriver.execute(RemoteWebDriver.java:545)
	at org.openqa.selenium.remote.RemoteWebElement.execute(RemoteWebElement.java:223)
	at org.openqa.selenium.remote.RemoteWebElement.sendKeys(RemoteWebElement.java:110)
	at PageObjects.IntroductionPage.enterCodeInEditor(IntroductionPage.java:82)
	at StepDefinitions.DSIntroductionDetails.user_writes_invalid_code_and_clicks_run_button(DSIntroductionDetails.java:184)
	at ✽.User writes invalid code and clicks run button(file:///C:/Projects/newFolder-3/Repo1/src/test/resources/Features/ArrayDetailsPage.feature:97)
</pre></div></td>
<td>7</td>
<td>TestRunners.TestRunner@4c402120</td></tr>
<tr>
<td title='TestRunners.TestRunner.runScenario()'><b>runScenario</b><br>Test class: TestRunners.TestRunner<br>Test method: Runs Cucumber Scenarios<br>Parameters: "Error message displayed for invalid code on try editor for Time Complexity", "DS Introduction Page"</td>
<td><div><pre>org.openqa.selenium.ElementNotInteractableException: element not interactable
  (Session info: chrome=131.0.6778.140)
Build info: version: &apos;4.26.0&apos;, revision: &apos;8ccf0219d7&apos;
System info: os.name: &apos;Windows 11&apos;, os.arch: &apos;amd64&apos;, os.version: &apos;10.0&apos;, java.version: &apos;21.0.5&apos;
Driver info: org.openqa.selenium.chrome.ChromeDriver
Command: [aa40b5c0c3807e1502a9275400d6c945, sendKeysToElement {id=f.9DF824D5DEB35A0993AD02E8979532FB.d.988EA8860C2976801D6D8AE871F99141.e.55, value=[Ljava.lang.CharSequence;@76ca42f8}]
Capabilities {acceptInsecureCerts: false, browserName: chrome, browserVersion: 131.0.6778.140, chrome: {chromedriverVersion: 131.0.6778.108 (3b014839fbc..., userDataDir: C:\Users\vamsh\AppData\Loca...}, fedcm:accounts: true, goog:chromeOptions: {debuggerAddress: localhost:65192}, networkConnectionEnabled: false, pageLoadStrategy: normal, platformName: windows, proxy: Proxy(), se:cdp: ws://localhost:65192/devtoo..., se:cdpVersion: 131.0.6778.140, setWindowRect: true, strictFileInteractability: false, timeouts: {implicit: 0, pageLoad: 300000, script: 30000}, unhandledPromptBehavior: dismiss and notify, webauthn:extension:credBlob: true, webauthn:extension:largeBlob: true, webauthn:extension:minPinLength: true, webauthn:extension:prf: true, webauthn:virtualAuthenticators: true}
Element: [[ChromeDriver: chrome on windows (aa40b5c0c3807e1502a9275400d6c945)] -&gt; css selector: .CodeMirror textarea]
Session ID: aa40b5c0c3807e1502a9275400d6c945
	at org.openqa.selenium.remote.ErrorCodec.decode(ErrorCodec.java:167)
	at org.openqa.selenium.remote.codec.w3c.W3CHttpResponseCodec.decode(W3CHttpResponseCodec.java:138)
	at org.openqa.selenium.remote.codec.w3c.W3CHttpResponseCodec.decode(W3CHttpResponseCodec.java:50)
	at org.openqa.selenium.remote.HttpCommandExecutor.execute(HttpCommandExecutor.java:190)
	at org.openqa.selenium.remote.service.DriverCommandExecutor.invokeExecute(DriverCommandExecutor.java:216)
	at org.openqa.selenium.remote.service.DriverCommandExecutor.execute(DriverCommandExecutor.java:174)
	at org.openqa.selenium.remote.RemoteWebDriver.execute(RemoteWebDriver.java:545)
	at org.openqa.selenium.remote.RemoteWebElement.execute(RemoteWebElement.java:223)
	at org.openqa.selenium.remote.RemoteWebElement.sendKeys(RemoteWebElement.java:110)
	at PageObjects.IntroductionPage.enterCodeInEditor(IntroductionPage.java:82)
	at StepDefinitions.DSIntroductionDetails.user_writes_invalid_code_and_clicks_run_button(DSIntroductionDetails.java:184)
	at ✽.User writes invalid code and clicks run button(file:///C:/Projects/newFolder-3/Repo1/src/test/resources/Features/DSIntroductionPage.feature:35)
... Removed 3 stack frames</pre></div><a href='#' onClick='toggleBox("stack-trace2032175675", this, "Click to show all stack frames", "Click to hide stack frames")'>Click to show all stack frames</a>
<div class='stack-trace' id='stack-trace2032175675'><pre>org.openqa.selenium.ElementNotInteractableException: element not interactable
  (Session info: chrome=131.0.6778.140)
Build info: version: &apos;4.26.0&apos;, revision: &apos;8ccf0219d7&apos;
System info: os.name: &apos;Windows 11&apos;, os.arch: &apos;amd64&apos;, os.version: &apos;10.0&apos;, java.version: &apos;21.0.5&apos;
Driver info: org.openqa.selenium.chrome.ChromeDriver
Command: [aa40b5c0c3807e1502a9275400d6c945, sendKeysToElement {id=f.9DF824D5DEB35A0993AD02E8979532FB.d.988EA8860C2976801D6D8AE871F99141.e.55, value=[Ljava.lang.CharSequence;@76ca42f8}]
Capabilities {acceptInsecureCerts: false, browserName: chrome, browserVersion: 131.0.6778.140, chrome: {chromedriverVersion: 131.0.6778.108 (3b014839fbc..., userDataDir: C:\Users\vamsh\AppData\Loca...}, fedcm:accounts: true, goog:chromeOptions: {debuggerAddress: localhost:65192}, networkConnectionEnabled: false, pageLoadStrategy: normal, platformName: windows, proxy: Proxy(), se:cdp: ws://localhost:65192/devtoo..., se:cdpVersion: 131.0.6778.140, setWindowRect: true, strictFileInteractability: false, timeouts: {implicit: 0, pageLoad: 300000, script: 30000}, unhandledPromptBehavior: dismiss and notify, webauthn:extension:credBlob: true, webauthn:extension:largeBlob: true, webauthn:extension:minPinLength: true, webauthn:extension:prf: true, webauthn:virtualAuthenticators: true}
Element: [[ChromeDriver: chrome on windows (aa40b5c0c3807e1502a9275400d6c945)] -&gt; css selector: .CodeMirror textarea]
Session ID: aa40b5c0c3807e1502a9275400d6c945
	at java.base/jdk.internal.reflect.DirectConstructorHandleAccessor.newInstance(DirectConstructorHandleAccessor.java:62)
	at java.base/java.lang.reflect.Constructor.newInstanceWithCaller(Constructor.java:502)
	at java.base/java.lang.reflect.Constructor.newInstance(Constructor.java:486)
	at org.openqa.selenium.remote.ErrorCodec.decode(ErrorCodec.java:167)
	at org.openqa.selenium.remote.codec.w3c.W3CHttpResponseCodec.decode(W3CHttpResponseCodec.java:138)
	at org.openqa.selenium.remote.codec.w3c.W3CHttpResponseCodec.decode(W3CHttpResponseCodec.java:50)
	at org.openqa.selenium.remote.HttpCommandExecutor.execute(HttpCommandExecutor.java:190)
	at org.openqa.selenium.remote.service.DriverCommandExecutor.invokeExecute(DriverCommandExecutor.java:216)
	at org.openqa.selenium.remote.service.DriverCommandExecutor.execute(DriverCommandExecutor.java:174)
	at org.openqa.selenium.remote.RemoteWebDriver.execute(RemoteWebDriver.java:545)
	at org.openqa.selenium.remote.RemoteWebElement.execute(RemoteWebElement.java:223)
	at org.openqa.selenium.remote.RemoteWebElement.sendKeys(RemoteWebElement.java:110)
	at PageObjects.IntroductionPage.enterCodeInEditor(IntroductionPage.java:82)
	at StepDefinitions.DSIntroductionDetails.user_writes_invalid_code_and_clicks_run_button(DSIntroductionDetails.java:184)
	at ✽.User writes invalid code and clicks run button(file:///C:/Projects/newFolder-3/Repo1/src/test/resources/Features/DSIntroductionPage.feature:35)
</pre></div></td>
<td>6</td>
<td>TestRunners.TestRunner@4c402120</td></tr>
<tr>
<td title='TestRunners.TestRunner.runScenario()'><b>runScenario</b><br>Test class: TestRunners.TestRunner<br>Test method: Runs Cucumber Scenarios<br>Parameters: "Valid code on try editor for applications of array runs successfully", "Array detail page"</td>
<td><div><pre>org.openqa.selenium.ElementNotInteractableException: element not interactable
  (Session info: chrome=131.0.6778.140)
Build info: version: &apos;4.26.0&apos;, revision: &apos;8ccf0219d7&apos;
System info: os.name: &apos;Windows 11&apos;, os.arch: &apos;amd64&apos;, os.version: &apos;10.0&apos;, java.version: &apos;21.0.5&apos;
Driver info: org.openqa.selenium.chrome.ChromeDriver
Command: [f16180c8a799e5cc5c9e58916b672635, sendKeysToElement {id=f.7E16ECC2F1A6832181806D639365C871.d.364543682A2DEF98FFA9018DC5D1C57F.e.49, value=[Ljava.lang.CharSequence;@42112666}]
Capabilities {acceptInsecureCerts: false, browserName: chrome, browserVersion: 131.0.6778.140, chrome: {chromedriverVersion: 131.0.6778.108 (3b014839fbc..., userDataDir: C:\Users\vamsh\AppData\Loca...}, fedcm:accounts: true, goog:chromeOptions: {debuggerAddress: localhost:63127}, networkConnectionEnabled: false, pageLoadStrategy: normal, platformName: windows, proxy: Proxy(), se:cdp: ws://localhost:63127/devtoo..., se:cdpVersion: 131.0.6778.140, setWindowRect: true, strictFileInteractability: false, timeouts: {implicit: 0, pageLoad: 300000, script: 30000}, unhandledPromptBehavior: dismiss and notify, webauthn:extension:credBlob: true, webauthn:extension:largeBlob: true, webauthn:extension:minPinLength: true, webauthn:extension:prf: true, webauthn:virtualAuthenticators: true}
Element: [[ChromeDriver: chrome on windows (f16180c8a799e5cc5c9e58916b672635)] -&gt; css selector: .CodeMirror textarea]
Session ID: f16180c8a799e5cc5c9e58916b672635
	at org.openqa.selenium.remote.ErrorCodec.decode(ErrorCodec.java:167)
	at org.openqa.selenium.remote.codec.w3c.W3CHttpResponseCodec.decode(W3CHttpResponseCodec.java:138)
	at org.openqa.selenium.remote.codec.w3c.W3CHttpResponseCodec.decode(W3CHttpResponseCodec.java:50)
	at org.openqa.selenium.remote.HttpCommandExecutor.execute(HttpCommandExecutor.java:190)
	at org.openqa.selenium.remote.service.DriverCommandExecutor.invokeExecute(DriverCommandExecutor.java:216)
	at org.openqa.selenium.remote.service.DriverCommandExecutor.execute(DriverCommandExecutor.java:174)
	at org.openqa.selenium.remote.RemoteWebDriver.execute(RemoteWebDriver.java:545)
	at org.openqa.selenium.remote.RemoteWebElement.execute(RemoteWebElement.java:223)
	at org.openqa.selenium.remote.RemoteWebElement.sendKeys(RemoteWebElement.java:110)
	at PageObjects.IntroductionPage.enterCodeInEditor(IntroductionPage.java:82)
	at StepDefinitions.DSIntroductionDetails.user_writes_valid_code_and_clicks_run_button(DSIntroductionDetails.java:197)
	at ✽.User writes valid code and clicks run button(file:///C:/Projects/newFolder-3/Repo1/src/test/resources/Features/ArrayDetailsPage.feature:107)
... Removed 3 stack frames</pre></div><a href='#' onClick='toggleBox("stack-trace1707764150", this, "Click to show all stack frames", "Click to hide stack frames")'>Click to show all stack frames</a>
<div class='stack-trace' id='stack-trace1707764150'><pre>org.openqa.selenium.ElementNotInteractableException: element not interactable
  (Session info: chrome=131.0.6778.140)
Build info: version: &apos;4.26.0&apos;, revision: &apos;8ccf0219d7&apos;
System info: os.name: &apos;Windows 11&apos;, os.arch: &apos;amd64&apos;, os.version: &apos;10.0&apos;, java.version: &apos;21.0.5&apos;
Driver info: org.openqa.selenium.chrome.ChromeDriver
Command: [f16180c8a799e5cc5c9e58916b672635, sendKeysToElement {id=f.7E16ECC2F1A6832181806D639365C871.d.364543682A2DEF98FFA9018DC5D1C57F.e.49, value=[Ljava.lang.CharSequence;@42112666}]
Capabilities {acceptInsecureCerts: false, browserName: chrome, browserVersion: 131.0.6778.140, chrome: {chromedriverVersion: 131.0.6778.108 (3b014839fbc..., userDataDir: C:\Users\vamsh\AppData\Loca...}, fedcm:accounts: true, goog:chromeOptions: {debuggerAddress: localhost:63127}, networkConnectionEnabled: false, pageLoadStrategy: normal, platformName: windows, proxy: Proxy(), se:cdp: ws://localhost:63127/devtoo..., se:cdpVersion: 131.0.6778.140, setWindowRect: true, strictFileInteractability: false, timeouts: {implicit: 0, pageLoad: 300000, script: 30000}, unhandledPromptBehavior: dismiss and notify, webauthn:extension:credBlob: true, webauthn:extension:largeBlob: true, webauthn:extension:minPinLength: true, webauthn:extension:prf: true, webauthn:virtualAuthenticators: true}
Element: [[ChromeDriver: chrome on windows (f16180c8a799e5cc5c9e58916b672635)] -&gt; css selector: .CodeMirror textarea]
Session ID: f16180c8a799e5cc5c9e58916b672635
	at java.base/jdk.internal.reflect.DirectConstructorHandleAccessor.newInstance(DirectConstructorHandleAccessor.java:62)
	at java.base/java.lang.reflect.Constructor.newInstanceWithCaller(Constructor.java:502)
	at java.base/java.lang.reflect.Constructor.newInstance(Constructor.java:486)
	at org.openqa.selenium.remote.ErrorCodec.decode(ErrorCodec.java:167)
	at org.openqa.selenium.remote.codec.w3c.W3CHttpResponseCodec.decode(W3CHttpResponseCodec.java:138)
	at org.openqa.selenium.remote.codec.w3c.W3CHttpResponseCodec.decode(W3CHttpResponseCodec.java:50)
	at org.openqa.selenium.remote.HttpCommandExecutor.execute(HttpCommandExecutor.java:190)
	at org.openqa.selenium.remote.service.DriverCommandExecutor.invokeExecute(DriverCommandExecutor.java:216)
	at org.openqa.selenium.remote.service.DriverCommandExecutor.execute(DriverCommandExecutor.java:174)
	at org.openqa.selenium.remote.RemoteWebDriver.execute(RemoteWebDriver.java:545)
	at org.openqa.selenium.remote.RemoteWebElement.execute(RemoteWebElement.java:223)
	at org.openqa.selenium.remote.RemoteWebElement.sendKeys(RemoteWebElement.java:110)
	at PageObjects.IntroductionPage.enterCodeInEditor(IntroductionPage.java:82)
	at StepDefinitions.DSIntroductionDetails.user_writes_valid_code_and_clicks_run_button(DSIntroductionDetails.java:197)
	at ✽.User writes valid code and clicks run button(file:///C:/Projects/newFolder-3/Repo1/src/test/resources/Features/ArrayDetailsPage.feature:107)
</pre></div></td>
<td>6</td>
<td>TestRunners.TestRunner@4c402120</td></tr>
</table><p>
<table width='100%' border='1' class='invocation-passed'>
<tr><td colspan='4' align='center'><b>PASSED TESTS</b></td></tr>
<tr><td><b>Test method</b></td>
<td><b>Attribute(s)</b></td>
<td width="30%"><b>Exception</b></td>
<td width="10%"><b>Time (seconds)</b></td>
<td><b>Instance</b></td>
</tr>
<tr>
<td title='TestRunners.TestRunner.runScenario()'><b>runScenario</b><br>Test class: TestRunners.TestRunner<br>Test method: Runs Cucumber Scenarios<br>Parameters: "DS Algo Sign in Page with blank info", "Login Feature"</td>
<td></td>
<td>2</td>
<td>TestRunners.TestRunner@4c402120</td></tr>
<tr>
<td title='TestRunners.TestRunner.runScenario()'><b>runScenario</b><br>Test class: TestRunners.TestRunner<br>Test method: Runs Cucumber Scenarios<br>Parameters: "Applications of Binary trees", "Tree"</td>
<td></td>
<td>4</td>
<td>TestRunners.TestRunner@4c402120</td></tr>
<tr>
<td title='TestRunners.TestRunner.runScenario()'><b>runScenario</b><br>Test class: TestRunners.TestRunner<br>Test method: Runs Cucumber Scenarios<br>Parameters: "Valid code on try editor for graph representations runs successfully", "Title of your feature"</td>
<td></td>
<td>7</td>
<td>TestRunners.TestRunner@4c402120</td></tr>
<tr>
<td title='TestRunners.TestRunner.runScenario()'><b>runScenario</b><br>Test class: TestRunners.TestRunner<br>Test method: Runs Cucumber Scenarios<br>Parameters: "Error message displayed for invalid code on try Editor for Applications page", "Stack page"</td>
<td></td>
<td>6</td>
<td>TestRunners.TestRunner@4c402120</td></tr>
<tr>
<td title='TestRunners.TestRunner.runScenario()'><b>runScenario</b><br>Test class: TestRunners.TestRunner<br>Test method: Runs Cucumber Scenarios<br>Parameters: "Validate user can navigate to Implementations of Queue in Python", "Queue Details page"</td>
<td></td>
<td>4</td>
<td>TestRunners.TestRunner@4c402120</td></tr>
<tr>
<td title='TestRunners.TestRunner.runScenario()'><b>runScenario</b><br>Test class: TestRunners.TestRunner<br>Test method: Runs Cucumber Scenarios<br>Parameters: "DS Algo Sign in Page with valid username and invalid password", "Login Feature"</td>
<td></td>
<td>3</td>
<td>TestRunners.TestRunner@4c402120</td></tr>
<tr>
<td title='TestRunners.TestRunner.runScenario()'><b>runScenario</b><br>Test class: TestRunners.TestRunner<br>Test method: Runs Cucumber Scenarios<br>Parameters: "Validate user can navigate to Implementation using collections.deque", "Queue Details page"</td>
<td></td>
<td>5</td>
<td>TestRunners.TestRunner@4c402120</td></tr>
<tr>
<td title='TestRunners.TestRunner.runScenario()'><b>runScenario</b><br>Test class: TestRunners.TestRunner<br>Test method: Runs Cucumber Scenarios<br>Parameters: "No error message displayed for empty code on try editor for Implementation page", "Stack page"</td>
<td></td>
<td>6</td>
<td>TestRunners.TestRunner@4c402120</td></tr>
<tr>
<td title='TestRunners.TestRunner.runScenario()'><b>runScenario</b><br>Test class: TestRunners.TestRunner<br>Test method: Runs Cucumber Scenarios<br>Parameters: "Overview of Trees", "Tree"</td>
<td></td>
<td>4</td>
<td>TestRunners.TestRunner@4c402120</td></tr>
<tr>
<td title='TestRunners.TestRunner.runScenario()'><b>runScenario</b><br>Test class: TestRunners.TestRunner<br>Test method: Runs Cucumber Scenarios<br>Parameters: "Validate user can navigate to Implementation using collections.deque", "Queue Details page"</td>
<td></td>
<td>5</td>
<td>TestRunners.TestRunner@4c402120</td></tr>
<tr>
<td title='TestRunners.TestRunner.runScenario()'><b>runScenario</b><br>Test class: TestRunners.TestRunner<br>Test method: Runs Cucumber Scenarios<br>Parameters: "Validate user can navigate to Operations in Stack page", "Stack page"</td>
<td></td>
<td>5</td>
<td>TestRunners.TestRunner@4c402120</td></tr>
<tr>
<td title='TestRunners.TestRunner.runScenario()'><b>runScenario</b><br>Test class: TestRunners.TestRunner<br>Test method: Runs Cucumber Scenarios<br>Parameters: "Try Here Editor page with valid data", "Tree"</td>
<td></td>
<td>35</td>
<td>TestRunners.TestRunner@4c402120</td></tr>
<tr>
<td title='TestRunners.TestRunner.runScenario()'><b>runScenario</b><br>Test class: TestRunners.TestRunner<br>Test method: Runs Cucumber Scenarios<br>Parameters: "Validate user can navigate to Graph in Graph page", "Title of your feature"</td>
<td></td>
<td>6</td>
<td>TestRunners.TestRunner@4c402120</td></tr>
<tr>
<td title='TestRunners.TestRunner.runScenario()'><b>runScenario</b><br>Test class: TestRunners.TestRunner<br>Test method: Runs Cucumber Scenarios<br>Parameters: "Binary Trees", "Tree"</td>
<td></td>
<td>3</td>
<td>TestRunners.TestRunner@4c402120</td></tr>
<tr>
<td title='TestRunners.TestRunner.runScenario()'><b>runScenario</b><br>Test class: TestRunners.TestRunner<br>Test method: Runs Cucumber Scenarios<br>Parameters: "Linked List home page", "Linked List"</td>
<td></td>
<td>6</td>
<td>TestRunners.TestRunner@4c402120</td></tr>
<tr>
<td title='TestRunners.TestRunner.runScenario()'><b>runScenario</b><br>Test class: TestRunners.TestRunner<br>Test method: Runs Cucumber Scenarios<br>Parameters: "Validate user can click on Try here link from Applications page", "Stack page"</td>
<td></td>
<td>6</td>
<td>TestRunners.TestRunner@4c402120</td></tr>
<tr>
<td title='TestRunners.TestRunner.runScenario()'><b>runScenario</b><br>Test class: TestRunners.TestRunner<br>Test method: Runs Cucumber Scenarios<br>Parameters: "New user registration page on registration with different passwords entered in password and confirm password fields", "Registration"</td>
<td></td>
<td>4</td>
<td>TestRunners.TestRunner@4c402120</td></tr>
<tr>
<td title='TestRunners.TestRunner.runScenario()'><b>runScenario</b><br>Test class: TestRunners.TestRunner<br>Test method: Runs Cucumber Scenarios<br>Parameters: "Validate user can navigate to basic opertaions in lists", "Array detail page"</td>
<td></td>
<td>8</td>
<td>TestRunners.TestRunner@4c402120</td></tr>
<tr>
<td title='TestRunners.TestRunner.runScenario()'><b>runScenario</b><br>Test class: TestRunners.TestRunner<br>Test method: Runs Cucumber Scenarios<br>Parameters: "Try Here Editor page with empty code", "Tree"</td>
<td></td>
<td>5</td>
<td>TestRunners.TestRunner@4c402120</td></tr>
<tr>
<td title='TestRunners.TestRunner.runScenario()'><b>runScenario</b><br>Test class: TestRunners.TestRunner<br>Test method: Runs Cucumber Scenarios<br>Parameters: "LL_Try Here Editor page with valid data", "Linked List"</td>
<td></td>
<td>34</td>
<td>TestRunners.TestRunner@4c402120</td></tr>
<tr>
<td title='TestRunners.TestRunner.runScenario()'><b>runScenario</b><br>Test class: TestRunners.TestRunner<br>Test method: Runs Cucumber Scenarios<br>Parameters: "Clicking on get started for data structers lands on Data Structers details page", "DS Introduction Page"</td>
<td></td>
<td>6</td>
<td>TestRunners.TestRunner@4c402120</td></tr>
<tr>
<td title='TestRunners.TestRunner.runScenario()'><b>runScenario</b><br>Test class: TestRunners.TestRunner<br>Test method: Runs Cucumber Scenarios<br>Parameters: "Try Here Editor page with valid data", "Tree"</td>
<td></td>
<td>35</td>
<td>TestRunners.TestRunner@4c402120</td></tr>
<tr>
<td title='TestRunners.TestRunner.runScenario()'><b>runScenario</b><br>Test class: TestRunners.TestRunner<br>Test method: Runs Cucumber Scenarios<br>Parameters: "Types of Trees", "Tree"</td>
<td></td>
<td>4</td>
<td>TestRunners.TestRunner@4c402120</td></tr>
<tr>
<td title='TestRunners.TestRunner.runScenario()'><b>runScenario</b><br>Test class: TestRunners.TestRunner<br>Test method: Runs Cucumber Scenarios<br>Parameters: "LL_Try Here Editor page with empty data", "Linked List"</td>
<td></td>
<td>4</td>
<td>TestRunners.TestRunner@4c402120</td></tr>
<tr>
<td title='TestRunners.TestRunner.runScenario()'><b>runScenario</b><br>Test class: TestRunners.TestRunner<br>Test method: Runs Cucumber Scenarios<br>Parameters: "LL_Try Here Editor page with invalid data", "Linked List"</td>
<td></td>
<td>4</td>
<td>TestRunners.TestRunner@4c402120</td></tr>
<tr>
<td title='TestRunners.TestRunner.runScenario()'><b>runScenario</b><br>Test class: TestRunners.TestRunner<br>Test method: Runs Cucumber Scenarios<br>Parameters: "No error message displayed for empty code on try editor for applications of array", "Array detail page"</td>
<td></td>
<td>7</td>
<td>TestRunners.TestRunner@4c402120</td></tr>
<tr>
<td title='TestRunners.TestRunner.runScenario()'><b>runScenario</b><br>Test class: TestRunners.TestRunner<br>Test method: Runs Cucumber Scenarios<br>Parameters: "Valid code on try editor for Implementation of Queue in python runs successfully", "Queue Details page"</td>
<td></td>
<td>6</td>
<td>TestRunners.TestRunner@4c402120</td></tr>
<tr>
<td title='TestRunners.TestRunner.runScenario()'><b>runScenario</b><br>Test class: TestRunners.TestRunner<br>Test method: Runs Cucumber Scenarios<br>Parameters: "Implementation of Binary Trees", "Tree"</td>
<td></td>
<td>4</td>
<td>TestRunners.TestRunner@4c402120</td></tr>
<tr>
<td title='TestRunners.TestRunner.runScenario()'><b>runScenario</b><br>Test class: TestRunners.TestRunner<br>Test method: Runs Cucumber Scenarios<br>Parameters: "Validate user navigated to queue details page when clicked on get started", "Queue Details page"</td>
<td></td>
<td>3</td>
<td>TestRunners.TestRunner@4c402120</td></tr>
<tr>
<td title='TestRunners.TestRunner.runScenario()'><b>runScenario</b><br>Test class: TestRunners.TestRunner<br>Test method: Runs Cucumber Scenarios<br>Parameters: "Try Here Editor page with valid data", "Tree"</td>
<td></td>
<td>35</td>
<td>TestRunners.TestRunner@4c402120</td></tr>
<tr>
<td title='TestRunners.TestRunner.runScenario()'><b>runScenario</b><br>Test class: TestRunners.TestRunner<br>Test method: Runs Cucumber Scenarios<br>Parameters: "LL_Try Here Editor page with valid data", "Linked List"</td>
<td></td>
<td>34</td>
<td>TestRunners.TestRunner@4c402120</td></tr>
<tr>
<td title='TestRunners.TestRunner.runScenario()'><b>runScenario</b><br>Test class: TestRunners.TestRunner<br>Test method: Runs Cucumber Scenarios<br>Parameters: "New user registration page where SignIn button is clicked", "Registration"</td>
<td></td>
<td>4</td>
<td>TestRunners.TestRunner@4c402120</td></tr>
<tr>
<td title='TestRunners.TestRunner.runScenario()'><b>runScenario</b><br>Test class: TestRunners.TestRunner<br>Test method: Runs Cucumber Scenarios<br>Parameters: "Validate user navigate to DS Intro Page", "DS Homepage"</td>
<td></td>
<td>6</td>
<td>TestRunners.TestRunner@4c402120</td></tr>
<tr>
<td title='TestRunners.TestRunner.runScenario()'><b>runScenario</b><br>Test class: TestRunners.TestRunner<br>Test method: Runs Cucumber Scenarios<br>Parameters: "No error message displayed for empty code on try editor for graph representations page", "Title of your feature"</td>
<td></td>
<td>8</td>
<td>TestRunners.TestRunner@4c402120</td></tr>
<tr>
<td title='TestRunners.TestRunner.runScenario()'><b>runScenario</b><br>Test class: TestRunners.TestRunner<br>Test method: Runs Cucumber Scenarios<br>Parameters: "Try Here Editor page with empty code", "Tree"</td>
<td></td>
<td>5</td>
<td>TestRunners.TestRunner@4c402120</td></tr>
<tr>
<td title='TestRunners.TestRunner.runScenario()'><b>runScenario</b><br>Test class: TestRunners.TestRunner<br>Test method: Runs Cucumber Scenarios<br>Parameters: "LL_Try Here Editor page with valid data", "Linked List"</td>
<td></td>
<td>34</td>
<td>TestRunners.TestRunner@4c402120</td></tr>
<tr>
<td title='TestRunners.TestRunner.runScenario()'><b>runScenario</b><br>Test class: TestRunners.TestRunner<br>Test method: Runs Cucumber Scenarios<br>Parameters: "Validate user can Try here link page from applications of array", "Array detail page"</td>
<td></td>
<td>7</td>
<td>TestRunners.TestRunner@4c402120</td></tr>
<tr>
<td title='TestRunners.TestRunner.runScenario()'><b>runScenario</b><br>Test class: TestRunners.TestRunner<br>Test method: Runs Cucumber Scenarios<br>Parameters: "Try Here Editor page with empty code", "Tree"</td>
<td></td>
<td>5</td>
<td>TestRunners.TestRunner@4c402120</td></tr>
<tr>
<td title='TestRunners.TestRunner.runScenario()'><b>runScenario</b><br>Test class: TestRunners.TestRunner<br>Test method: Runs Cucumber Scenarios<br>Parameters: "DS Algo Sign in Page  with blank username", "Login Feature"</td>
<td></td>
<td>2</td>
<td>TestRunners.TestRunner@4c402120</td></tr>
<tr>
<td title='TestRunners.TestRunner.runScenario()'><b>runScenario</b><br>Test class: TestRunners.TestRunner<br>Test method: Runs Cucumber Scenarios<br>Parameters: "Try Here Editor page with invalid data", "Tree"</td>
<td></td>
<td>4</td>
<td>TestRunners.TestRunner@4c402120</td></tr>
<tr>
<td title='TestRunners.TestRunner.runScenario()'><b>runScenario</b><br>Test class: TestRunners.TestRunner<br>Test method: Runs Cucumber Scenarios<br>Parameters: "Validate user can Try here link page from graphs", "Title of your feature"</td>
<td></td>
<td>7</td>
<td>TestRunners.TestRunner@4c402120</td></tr>
<tr>
<td title='TestRunners.TestRunner.runScenario()'><b>runScenario</b><br>Test class: TestRunners.TestRunner<br>Test method: Runs Cucumber Scenarios<br>Parameters: "Validate user can navigate to applications of array", "Array detail page"</td>
<td></td>
<td>6</td>
<td>TestRunners.TestRunner@4c402120</td></tr>
<tr>
<td title='TestRunners.TestRunner.runScenario()'><b>runScenario</b><br>Test class: TestRunners.TestRunner<br>Test method: Runs Cucumber Scenarios<br>Parameters: "Try Here Editor page with empty code", "Tree"</td>
<td></td>
<td>4</td>
<td>TestRunners.TestRunner@4c402120</td></tr>
<tr>
<td title='TestRunners.TestRunner.runScenario()'><b>runScenario</b><br>Test class: TestRunners.TestRunner<br>Test method: Runs Cucumber Scenarios<br>Parameters: "Valid code on try editor for Implementation using collections.deque runs successfully", "Queue Details page"</td>
<td></td>
<td>6</td>
<td>TestRunners.TestRunner@4c402120</td></tr>
<tr>
<td title='TestRunners.TestRunner.runScenario()'><b>runScenario</b><br>Test class: TestRunners.TestRunner<br>Test method: Runs Cucumber Scenarios<br>Parameters: "Try Here Editor page with valid data", "Tree"</td>
<td></td>
<td>35</td>
<td>TestRunners.TestRunner@4c402120</td></tr>
<tr>
<td title='TestRunners.TestRunner.runScenario()'><b>runScenario</b><br>Test class: TestRunners.TestRunner<br>Test method: Runs Cucumber Scenarios<br>Parameters: "Try Here Editor page with empty code", "Tree"</td>
<td></td>
<td>5</td>
<td>TestRunners.TestRunner@4c402120</td></tr>
<tr>
<td title='TestRunners.TestRunner.runScenario()'><b>runScenario</b><br>Test class: TestRunners.TestRunner<br>Test method: Runs Cucumber Scenarios<br>Parameters: "Validate user is able to Submit the code in tryEditor for Even number of digits", "Array detail page"</td>
<td></td>
<td>10</td>
<td>TestRunners.TestRunner@4c402120</td></tr>
<tr>
<td title='TestRunners.TestRunner.runScenario()'><b>runScenario</b><br>Test class: TestRunners.TestRunner<br>Test method: Runs Cucumber Scenarios<br>Parameters: "LL_Try Here Editor page with empty data", "Linked List"</td>
<td></td>
<td>4</td>
<td>TestRunners.TestRunner@4c402120</td></tr>
<tr>
<td title='TestRunners.TestRunner.runScenario()'><b>runScenario</b><br>Test class: TestRunners.TestRunner<br>Test method: Runs Cucumber Scenarios<br>Parameters: "Try Here Editor page with invalid data", "Tree"</td>
<td></td>
<td>4</td>
<td>TestRunners.TestRunner@4c402120</td></tr>
<tr>
<td title='TestRunners.TestRunner.runScenario()'><b>runScenario</b><br>Test class: TestRunners.TestRunner<br>Test method: Runs Cucumber Scenarios<br>Parameters: "Linked List home page", "Linked List"</td>
<td></td>
<td>3</td>
<td>TestRunners.TestRunner@4c402120</td></tr>
<tr>
<td title='TestRunners.TestRunner.runScenario()'><b>runScenario</b><br>Test class: TestRunners.TestRunner<br>Test method: Runs Cucumber Scenarios<br>Parameters: "Error message displayed for invalid code on try editor for Implementation using collections.deque", "Queue Details page"</td>
<td></td>
<td>5</td>
<td>TestRunners.TestRunner@4c402120</td></tr>
<tr>
<td title='TestRunners.TestRunner.runScenario()'><b>runScenario</b><br>Test class: TestRunners.TestRunner<br>Test method: Runs Cucumber Scenarios<br>Parameters: "Linked List home page", "Linked List"</td>
<td></td>
<td>3</td>
<td>TestRunners.TestRunner@4c402120</td></tr>
<tr>
<td title='TestRunners.TestRunner.runScenario()'><b>runScenario</b><br>Test class: TestRunners.TestRunner<br>Test method: Runs Cucumber Scenarios<br>Parameters: "Try Here Editor page with valid data", "Tree"</td>
<td></td>
<td>35</td>
<td>TestRunners.TestRunner@4c402120</td></tr>
<tr>
<td title='TestRunners.TestRunner.runScenario()'><b>runScenario</b><br>Test class: TestRunners.TestRunner<br>Test method: Runs Cucumber Scenarios<br>Parameters: "Binary Tree Traversals", "Tree"</td>
<td></td>
<td>6</td>
<td>TestRunners.TestRunner@4c402120</td></tr>
<tr>
<td title='TestRunners.TestRunner.runScenario()'><b>runScenario</b><br>Test class: TestRunners.TestRunner<br>Test method: Runs Cucumber Scenarios<br>Parameters: "Validate user is presented with error message for the code with the invalid syntax in tryEditor for Even number of digits", "Array detail page"</td>
<td></td>
<td>8</td>
<td>TestRunners.TestRunner@4c402120</td></tr>
<tr>
<td title='TestRunners.TestRunner.runScenario()'><b>runScenario</b><br>Test class: TestRunners.TestRunner<br>Test method: Runs Cucumber Scenarios<br>Parameters: "No error message displayed for empty code on try editor for Operations in Stack page", "Stack page"</td>
<td></td>
<td>6</td>
<td>TestRunners.TestRunner@4c402120</td></tr>
<tr>
<td title='TestRunners.TestRunner.runScenario()'><b>runScenario</b><br>Test class: TestRunners.TestRunner<br>Test method: Runs Cucumber Scenarios<br>Parameters: "Linked List home page", "Linked List"</td>
<td></td>
<td>3</td>
<td>TestRunners.TestRunner@4c402120</td></tr>
<tr>
<td title='TestRunners.TestRunner.runScenario()'><b>runScenario</b><br>Test class: TestRunners.TestRunner<br>Test method: Runs Cucumber Scenarios<br>Parameters: "No error message displayed for empty code on try editor for Time Complexity", "DS Introduction Page"</td>
<td></td>
<td>7</td>
<td>TestRunners.TestRunner@4c402120</td></tr>
<tr>
<td title='TestRunners.TestRunner.runScenario()'><b>runScenario</b><br>Test class: TestRunners.TestRunner<br>Test method: Runs Cucumber Scenarios<br>Parameters: "Validate user can navigate to Graph Representations page", "Title of your feature"</td>
<td></td>
<td>7</td>
<td>TestRunners.TestRunner@4c402120</td></tr>
<tr>
<td title='TestRunners.TestRunner.runScenario()'><b>runScenario</b><br>Test class: TestRunners.TestRunner<br>Test method: Runs Cucumber Scenarios<br>Parameters: "Try Here Editor page with empty code", "Tree"</td>
<td></td>
<td>5</td>
<td>TestRunners.TestRunner@4c402120</td></tr>
<tr>
<td title='TestRunners.TestRunner.runScenario()'><b>runScenario</b><br>Test class: TestRunners.TestRunner<br>Test method: Runs Cucumber Scenarios<br>Parameters: "Verify warning message when user navigate to DS details page without signIn", "DS Introduction Page"</td>
<td></td>
<td>3</td>
<td>TestRunners.TestRunner@4c402120</td></tr>
<tr>
<td title='TestRunners.TestRunner.runScenario()'><b>runScenario</b><br>Test class: TestRunners.TestRunner<br>Test method: Runs Cucumber Scenarios<br>Parameters: "Implement Linked List in Python", "Linked List"</td>
<td></td>
<td>4</td>
<td>TestRunners.TestRunner@4c402120</td></tr>
<tr>
<td title='TestRunners.TestRunner.runScenario()'><b>runScenario</b><br>Test class: TestRunners.TestRunner<br>Test method: Runs Cucumber Scenarios<br>Parameters: "Validate user can click on Try here link from Implementation page", "Stack page"</td>
<td></td>
<td>6</td>
<td>TestRunners.TestRunner@4c402120</td></tr>
<tr>
<td title='TestRunners.TestRunner.runScenario()'><b>runScenario</b><br>Test class: TestRunners.TestRunner<br>Test method: Runs Cucumber Scenarios<br>Parameters: "Validate user can open try editor page from Implementation using collections.deque", "Queue Details page"</td>
<td></td>
<td>5</td>
<td>TestRunners.TestRunner@4c402120</td></tr>
<tr>
<td title='TestRunners.TestRunner.runScenario()'><b>runScenario</b><br>Test class: TestRunners.TestRunner<br>Test method: Runs Cucumber Scenarios<br>Parameters: "Traversal", "Linked List"</td>
<td></td>
<td>4</td>
<td>TestRunners.TestRunner@4c402120</td></tr>
<tr>
<td title='TestRunners.TestRunner.runScenario()'><b>runScenario</b><br>Test class: TestRunners.TestRunner<br>Test method: Runs Cucumber Scenarios<br>Parameters: "Validate user can navigate to Arrays in python", "Array detail page"</td>
<td></td>
<td>9</td>
<td>TestRunners.TestRunner@4c402120</td></tr>
<tr>
<td title='TestRunners.TestRunner.runScenario()'><b>runScenario</b><br>Test class: TestRunners.TestRunner<br>Test method: Runs Cucumber Scenarios<br>Parameters: "New user registration page where login button is clicked", "Registration"</td>
<td></td>
<td>4</td>
<td>TestRunners.TestRunner@4c402120</td></tr>
<tr>
<td title='TestRunners.TestRunner.runScenario()'><b>runScenario</b><br>Test class: TestRunners.TestRunner<br>Test method: Runs Cucumber Scenarios<br>Parameters: "Try Here Editor page with valid data", "Tree"</td>
<td></td>
<td>35</td>
<td>TestRunners.TestRunner@4c402120</td></tr>
<tr>
<td title='TestRunners.TestRunner.runScenario()'><b>runScenario</b><br>Test class: TestRunners.TestRunner<br>Test method: Runs Cucumber Scenarios<br>Parameters: "LL_Try Here Editor page with valid data", "Linked List"</td>
<td></td>
<td>36</td>
<td>TestRunners.TestRunner@4c402120</td></tr>
<tr>
<td title='TestRunners.TestRunner.runScenario()'><b>runScenario</b><br>Test class: TestRunners.TestRunner<br>Test method: Runs Cucumber Scenarios<br>Parameters: "Types of Linked List", "Linked List"</td>
<td></td>
<td>4</td>
<td>TestRunners.TestRunner@4c402120</td></tr>
<tr>
<td title='TestRunners.TestRunner.runScenario()'><b>runScenario</b><br>Test class: TestRunners.TestRunner<br>Test method: Runs Cucumber Scenarios<br>Parameters: "DS_algo Home page", "Linked List"</td>
<td></td>
<td>8</td>
<td>TestRunners.TestRunner@4c402120</td></tr>
<tr>
<td title='TestRunners.TestRunner.runScenario()'><b>runScenario</b><br>Test class: TestRunners.TestRunner<br>Test method: Runs Cucumber Scenarios<br>Parameters: "DS Algo Sign in Page with blank password", "Login Feature"</td>
<td></td>
<td>2</td>
<td>TestRunners.TestRunner@4c402120</td></tr>
<tr>
<td title='TestRunners.TestRunner.runScenario()'><b>runScenario</b><br>Test class: TestRunners.TestRunner<br>Test method: Runs Cucumber Scenarios<br>Parameters: "Binary Search Trees", "Tree"</td>
<td></td>
<td>4</td>
<td>TestRunners.TestRunner@4c402120</td></tr>
<tr>
<td title='TestRunners.TestRunner.runScenario()'><b>runScenario</b><br>Test class: TestRunners.TestRunner<br>Test method: Runs Cucumber Scenarios<br>Parameters: "Validate user is presented with error message for the code with the invalid syntax in tryEditor for search the array link", "Array detail page"</td>
<td></td>
<td>7</td>
<td>TestRunners.TestRunner@4c402120</td></tr>
<tr>
<td title='TestRunners.TestRunner.runScenario()'><b>runScenario</b><br>Test class: TestRunners.TestRunner<br>Test method: Runs Cucumber Scenarios<br>Parameters: "New user registration page with only username and password fields entered", "Registration"</td>
<td></td>
<td>5</td>
<td>TestRunners.TestRunner@4c402120</td></tr>
<tr>
<td title='TestRunners.TestRunner.runScenario()'><b>runScenario</b><br>Test class: TestRunners.TestRunner<br>Test method: Runs Cucumber Scenarios<br>Parameters: "Validate user can open try editor page from Implementation using collections.deque", "Queue Details page"</td>
<td></td>
<td>6</td>
<td>TestRunners.TestRunner@4c402120</td></tr>
<tr>
<td title='TestRunners.TestRunner.runScenario()'><b>runScenario</b><br>Test class: TestRunners.TestRunner<br>Test method: Runs Cucumber Scenarios<br>Parameters: "No error message displayed for empty code on try editor for array in python", "Array detail page"</td>
<td></td>
<td>9</td>
<td>TestRunners.TestRunner@4c402120</td></tr>
<tr>
<td title='TestRunners.TestRunner.runScenario()'><b>runScenario</b><br>Test class: TestRunners.TestRunner<br>Test method: Runs Cucumber Scenarios<br>Parameters: "Validate user navigated to array details page when clicked on get started", "Array detail page"</td>
<td></td>
<td>8</td>
<td>TestRunners.TestRunner@4c402120</td></tr>
<tr>
<td title='TestRunners.TestRunner.runScenario()'><b>runScenario</b><br>Test class: TestRunners.TestRunner<br>Test method: Runs Cucumber Scenarios<br>Parameters: "Try Here Editor page with valid data", "Tree"</td>
<td></td>
<td>35</td>
<td>TestRunners.TestRunner@4c402120</td></tr>
<tr>
<td title='TestRunners.TestRunner.runScenario()'><b>runScenario</b><br>Test class: TestRunners.TestRunner<br>Test method: Runs Cucumber Scenarios<br>Parameters: "Validate user can Try here link page from Operations in Stack", "Stack page"</td>
<td></td>
<td>6</td>
<td>TestRunners.TestRunner@4c402120</td></tr>
<tr>
<td title='TestRunners.TestRunner.runScenario()'><b>runScenario</b><br>Test class: TestRunners.TestRunner<br>Test method: Runs Cucumber Scenarios<br>Parameters: "Deletion", "Linked List"</td>
<td></td>
<td>4</td>
<td>TestRunners.TestRunner@4c402120</td></tr>
<tr>
<td title='TestRunners.TestRunner.runScenario()'><b>runScenario</b><br>Test class: TestRunners.TestRunner<br>Test method: Runs Cucumber Scenarios<br>Parameters: "Clicking on Try Here on time complexity opens python editor", "DS Introduction Page"</td>
<td></td>
<td>8</td>
<td>TestRunners.TestRunner@4c402120</td></tr>
<tr>
<td title='TestRunners.TestRunner.runScenario()'><b>runScenario</b><br>Test class: TestRunners.TestRunner<br>Test method: Runs Cucumber Scenarios<br>Parameters: "Validate user can navigate to Implementation page", "Stack page"</td>
<td></td>
<td>5</td>
<td>TestRunners.TestRunner@4c402120</td></tr>
<tr>
<td title='TestRunners.TestRunner.runScenario()'><b>runScenario</b><br>Test class: TestRunners.TestRunner<br>Test method: Runs Cucumber Scenarios<br>Parameters: "Linked List home page", "Linked List"</td>
<td></td>
<td>5</td>
<td>TestRunners.TestRunner@4c402120</td></tr>
<tr>
<td title='TestRunners.TestRunner.runScenario()'><b>runScenario</b><br>Test class: TestRunners.TestRunner<br>Test method: Runs Cucumber Scenarios<br>Parameters: "Valid code on try editor for Implementation using collections.deque runs successfully", "Queue Details page"</td>
<td></td>
<td>6</td>
<td>TestRunners.TestRunner@4c402120</td></tr>
<tr>
<td title='TestRunners.TestRunner.runScenario()'><b>runScenario</b><br>Test class: TestRunners.TestRunner<br>Test method: Runs Cucumber Scenarios<br>Parameters: "validate user able to navigate to practice question page for sorted array question", "Array detail page"</td>
<td></td>
<td>7</td>
<td>TestRunners.TestRunner@4c402120</td></tr>
<tr>
<td title='TestRunners.TestRunner.runScenario()'><b>runScenario</b><br>Test class: TestRunners.TestRunner<br>Test method: Runs Cucumber Scenarios<br>Parameters: "Validate user can navigate to Implementation using collections.deque", "Queue Details page"</td>
<td></td>
<td>5</td>
<td>TestRunners.TestRunner@4c402120</td></tr>
<tr>
<td title='TestRunners.TestRunner.runScenario()'><b>runScenario</b><br>Test class: TestRunners.TestRunner<br>Test method: Runs Cucumber Scenarios<br>Parameters: "LL_Try Here Editor page with invalid data", "Linked List"</td>
<td></td>
<td>5</td>
<td>TestRunners.TestRunner@4c402120</td></tr>
<tr>
<td title='TestRunners.TestRunner.runScenario()'><b>runScenario</b><br>Test class: TestRunners.TestRunner<br>Test method: Runs Cucumber Scenarios<br>Parameters: "LL_Try Here Editor page with valid data", "Linked List"</td>
<td></td>
<td>34</td>
<td>TestRunners.TestRunner@4c402120</td></tr>
<tr>
<td title='TestRunners.TestRunner.runScenario()'><b>runScenario</b><br>Test class: TestRunners.TestRunner<br>Test method: Runs Cucumber Scenarios<br>Parameters: "Validate user lands on register page when clicked on register", "DS Introduction Page"</td>
<td></td>
<td>3</td>
<td>TestRunners.TestRunner@4c402120</td></tr>
<tr>
<td title='TestRunners.TestRunner.runScenario()'><b>runScenario</b><br>Test class: TestRunners.TestRunner<br>Test method: Runs Cucumber Scenarios<br>Parameters: "Try Here Editor page with valid data", "Tree"</td>
<td></td>
<td>35</td>
<td>TestRunners.TestRunner@4c402120</td></tr>
<tr>
<td title='TestRunners.TestRunner.runScenario()'><b>runScenario</b><br>Test class: TestRunners.TestRunner<br>Test method: Runs Cucumber Scenarios<br>Parameters: "Validate user is able to run the code in tryEditor for Even number of digits", "Array detail page"</td>
<td></td>
<td>9</td>
<td>TestRunners.TestRunner@4c402120</td></tr>
<tr>
<td title='TestRunners.TestRunner.runScenario()'><b>runScenario</b><br>Test class: TestRunners.TestRunner<br>Test method: Runs Cucumber Scenarios<br>Parameters: "LL_Try Here Editor page with invalid data", "Linked List"</td>
<td></td>
<td>4</td>
<td>TestRunners.TestRunner@4c402120</td></tr>
<tr>
<td title='TestRunners.TestRunner.runScenario()'><b>runScenario</b><br>Test class: TestRunners.TestRunner<br>Test method: Runs Cucumber Scenarios<br>Parameters: "Try Here Editor page with empty code", "Tree"</td>
<td></td>
<td>4</td>
<td>TestRunners.TestRunner@4c402120</td></tr>
<tr>
<td title='TestRunners.TestRunner.runScenario()'><b>runScenario</b><br>Test class: TestRunners.TestRunner<br>Test method: Runs Cucumber Scenarios<br>Parameters: "validate user able to navigate to practice question page for max consecutive ones question", "Array detail page"</td>
<td></td>
<td>7</td>
<td>TestRunners.TestRunner@4c402120</td></tr>
<tr>
<td title='TestRunners.TestRunner.runScenario()'><b>runScenario</b><br>Test class: TestRunners.TestRunner<br>Test method: Runs Cucumber Scenarios<br>Parameters: "Error message displayed for invalid code on try Editor for Operations in Stack page", "Stack page"</td>
<td></td>
<td>5</td>
<td>TestRunners.TestRunner@4c402120</td></tr>
<tr>
<td title='TestRunners.TestRunner.runScenario()'><b>runScenario</b><br>Test class: TestRunners.TestRunner<br>Test method: Runs Cucumber Scenarios<br>Parameters: "Try Here Editor page with valid data", "Tree"</td>
<td></td>
<td>34</td>
<td>TestRunners.TestRunner@4c402120</td></tr>
<tr>
<td title='TestRunners.TestRunner.runScenario()'><b>runScenario</b><br>Test class: TestRunners.TestRunner<br>Test method: Runs Cucumber Scenarios<br>Parameters: "Traversals-Illustration", "Tree"</td>
<td></td>
<td>3</td>
<td>TestRunners.TestRunner@4c402120</td></tr>
<tr>
<td title='TestRunners.TestRunner.runScenario()'><b>runScenario</b><br>Test class: TestRunners.TestRunner<br>Test method: Runs Cucumber Scenarios<br>Parameters: "Implementation of Binary Trees", "Tree"</td>
<td></td>
<td>3</td>
<td>TestRunners.TestRunner@4c402120</td></tr>
<tr>
<td title='TestRunners.TestRunner.runScenario()'><b>runScenario</b><br>Test class: TestRunners.TestRunner<br>Test method: Runs Cucumber Scenarios<br>Parameters: "New user registration page with all fields empty and Register button is clicked", "Registration"</td>
<td></td>
<td>4</td>
<td>TestRunners.TestRunner@4c402120</td></tr>
<tr>
<td title='TestRunners.TestRunner.runScenario()'><b>runScenario</b><br>Test class: TestRunners.TestRunner<br>Test method: Runs Cucumber Scenarios<br>Parameters: "No error message displayed for empty code on try editor for Applications page", "Stack page"</td>
<td></td>
<td>6</td>
<td>TestRunners.TestRunner@4c402120</td></tr>
<tr>
<td title='TestRunners.TestRunner.runScenario()'><b>runScenario</b><br>Test class: TestRunners.TestRunner<br>Test method: Runs Cucumber Scenarios<br>Parameters: "LL_Try Here Editor page with valid data", "Linked List"</td>
<td></td>
<td>36</td>
<td>TestRunners.TestRunner@4c402120</td></tr>
<tr>
<td title='TestRunners.TestRunner.runScenario()'><b>runScenario</b><br>Test class: TestRunners.TestRunner<br>Test method: Runs Cucumber Scenarios<br>Parameters: "Validate user is presented with error message for the code with the invalid syntax in tryEditor for Squares of a Sorted Array", "Array detail page"</td>
<td></td>
<td>7</td>
<td>TestRunners.TestRunner@4c402120</td></tr>
<tr>
<td title='TestRunners.TestRunner.runScenario()'><b>runScenario</b><br>Test class: TestRunners.TestRunner<br>Test method: Runs Cucumber Scenarios<br>Parameters: "LL_Try Here Editor page with empty data", "Linked List"</td>
<td></td>
<td>5</td>
<td>TestRunners.TestRunner@4c402120</td></tr>
<tr>
<td title='TestRunners.TestRunner.runScenario()'><b>runScenario</b><br>Test class: TestRunners.TestRunner<br>Test method: Runs Cucumber Scenarios<br>Parameters: "LL_Try Here Editor page with empty data", "Linked List"</td>
<td></td>
<td>4</td>
<td>TestRunners.TestRunner@4c402120</td></tr>
<tr>
<td title='TestRunners.TestRunner.runScenario()'><b>runScenario</b><br>Test class: TestRunners.TestRunner<br>Test method: Runs Cucumber Scenarios<br>Parameters: "Validate the DS dropdown without signIN", "DS Introduction Page"</td>
<td></td>
<td>4</td>
<td>TestRunners.TestRunner@4c402120</td></tr>
<tr>
<td title='TestRunners.TestRunner.runScenario()'><b>runScenario</b><br>Test class: TestRunners.TestRunner<br>Test method: Runs Cucumber Scenarios<br>Parameters: "Validate user can Try here link page from Array using list", "Array detail page"</td>
<td></td>
<td>9</td>
<td>TestRunners.TestRunner@4c402120</td></tr>
<tr>
<td title='TestRunners.TestRunner.runScenario()'><b>runScenario</b><br>Test class: TestRunners.TestRunner<br>Test method: Runs Cucumber Scenarios<br>Parameters: "Types of Trees", "Tree"</td>
<td></td>
<td>3</td>
<td>TestRunners.TestRunner@4c402120</td></tr>
<tr>
<td title='TestRunners.TestRunner.runScenario()'><b>runScenario</b><br>Test class: TestRunners.TestRunner<br>Test method: Runs Cucumber Scenarios<br>Parameters: "Try Here Editor page with invalid data", "Tree"</td>
<td></td>
<td>4</td>
<td>TestRunners.TestRunner@4c402120</td></tr>
<tr>
<td title='TestRunners.TestRunner.runScenario()'><b>runScenario</b><br>Test class: TestRunners.TestRunner<br>Test method: Runs Cucumber Scenarios<br>Parameters: "Validate user lands on default home page", "DS Homepage"</td>
<td></td>
<td>3</td>
<td>TestRunners.TestRunner@4c402120</td></tr>
<tr>
<td title='TestRunners.TestRunner.runScenario()'><b>runScenario</b><br>Test class: TestRunners.TestRunner<br>Test method: Runs Cucumber Scenarios<br>Parameters: "Try Here Editor page with invalid data", "Tree"</td>
<td></td>
<td>5</td>
<td>TestRunners.TestRunner@4c402120</td></tr>
<tr>
<td title='TestRunners.TestRunner.runScenario()'><b>runScenario</b><br>Test class: TestRunners.TestRunner<br>Test method: Runs Cucumber Scenarios<br>Parameters: "No error message displayed for empty code on try editor for Implementation using collections.deque", "Queue Details page"</td>
<td></td>
<td>5</td>
<td>TestRunners.TestRunner@4c402120</td></tr>
<tr>
<td title='TestRunners.TestRunner.runScenario()'><b>runScenario</b><br>Test class: TestRunners.TestRunner<br>Test method: Runs Cucumber Scenarios<br>Parameters: "No error message displayed for empty code on try editor for Implementation using collections.deque", "Queue Details page"</td>
<td></td>
<td>7</td>
<td>TestRunners.TestRunner@4c402120</td></tr>
<tr>
<td title='TestRunners.TestRunner.runScenario()'><b>runScenario</b><br>Test class: TestRunners.TestRunner<br>Test method: Runs Cucumber Scenarios<br>Parameters: "Tree Traversals", "Tree"</td>
<td></td>
<td>4</td>
<td>TestRunners.TestRunner@4c402120</td></tr>
<tr>
<td title='TestRunners.TestRunner.runScenario()'><b>runScenario</b><br>Test class: TestRunners.TestRunner<br>Test method: Runs Cucumber Scenarios<br>Parameters: "Validate user can click on Try here link from graph representations page", "Title of your feature"</td>
<td></td>
<td>9</td>
<td>TestRunners.TestRunner@4c402120</td></tr>
<tr>
<td title='TestRunners.TestRunner.runScenario()'><b>runScenario</b><br>Test class: TestRunners.TestRunner<br>Test method: Runs Cucumber Scenarios<br>Parameters: "Validate user can Try here link page from Arrays in python", "Array detail page"</td>
<td></td>
<td>10</td>
<td>TestRunners.TestRunner@4c402120</td></tr>
<tr>
<td title='TestRunners.TestRunner.runScenario()'><b>runScenario</b><br>Test class: TestRunners.TestRunner<br>Test method: Runs Cucumber Scenarios<br>Parameters: "DS Algo Sign in Page  with valid username and Valid password", "Login Feature"</td>
<td></td>
<td>3</td>
<td>TestRunners.TestRunner@4c402120</td></tr>
<tr>
<td title='TestRunners.TestRunner.runScenario()'><b>runScenario</b><br>Test class: TestRunners.TestRunner<br>Test method: Runs Cucumber Scenarios<br>Parameters: "Try Here Editor page with valid data", "Tree"</td>
<td></td>
<td>35</td>
<td>TestRunners.TestRunner@4c402120</td></tr>
<tr>
<td title='TestRunners.TestRunner.runScenario()'><b>runScenario</b><br>Test class: TestRunners.TestRunner<br>Test method: Runs Cucumber Scenarios<br>Parameters: "New user registration page with only username entered", "Registration"</td>
<td></td>
<td>4</td>
<td>TestRunners.TestRunner@4c402120</td></tr>
<tr>
<td title='TestRunners.TestRunner.runScenario()'><b>runScenario</b><br>Test class: TestRunners.TestRunner<br>Test method: Runs Cucumber Scenarios<br>Parameters: "Error message displayed for invalid code on try editor for Implementation using collections.deque", "Queue Details page"</td>
<td></td>
<td>6</td>
<td>TestRunners.TestRunner@4c402120</td></tr>
<tr>
<td title='TestRunners.TestRunner.runScenario()'><b>runScenario</b><br>Test class: TestRunners.TestRunner<br>Test method: Runs Cucumber Scenarios<br>Parameters: "Creating Linked LIst", "Linked List"</td>
<td></td>
<td>5</td>
<td>TestRunners.TestRunner@4c402120</td></tr>
<tr>
<td title='TestRunners.TestRunner.runScenario()'><b>runScenario</b><br>Test class: TestRunners.TestRunner<br>Test method: Runs Cucumber Scenarios<br>Parameters: "Try Here Editor page with valid data", "Tree"</td>
<td></td>
<td>35</td>
<td>TestRunners.TestRunner@4c402120</td></tr>
<tr>
<td title='TestRunners.TestRunner.runScenario()'><b>runScenario</b><br>Test class: TestRunners.TestRunner<br>Test method: Runs Cucumber Scenarios<br>Parameters: "Validate user is able to run the code in tryEditor for Max Consecutive Ones", "Array detail page"</td>
<td></td>
<td>10</td>
<td>TestRunners.TestRunner@4c402120</td></tr>
<tr>
<td title='TestRunners.TestRunner.runScenario()'><b>runScenario</b><br>Test class: TestRunners.TestRunner<br>Test method: Runs Cucumber Scenarios<br>Parameters: "Try Here Editor page with invalid data", "Tree"</td>
<td></td>
<td>4</td>
<td>TestRunners.TestRunner@4c402120</td></tr>
<tr>
<td title='TestRunners.TestRunner.runScenario()'><b>runScenario</b><br>Test class: TestRunners.TestRunner<br>Test method: Runs Cucumber Scenarios<br>Parameters: "Applications of Binary trees", "Tree"</td>
<td></td>
<td>4</td>
<td>TestRunners.TestRunner@4c402120</td></tr>
<tr>
<td title='TestRunners.TestRunner.runScenario()'><b>runScenario</b><br>Test class: TestRunners.TestRunner<br>Test method: Runs Cucumber Scenarios<br>Parameters: "LL_Try Here Editor page with empty data", "Linked List"</td>
<td></td>
<td>4</td>
<td>TestRunners.TestRunner@4c402120</td></tr>
<tr>
<td title='TestRunners.TestRunner.runScenario()'><b>runScenario</b><br>Test class: TestRunners.TestRunner<br>Test method: Runs Cucumber Scenarios<br>Parameters: "DS Algo Sign in Page with invalid username and password", "Login Feature"</td>
<td></td>
<td>3</td>
<td>TestRunners.TestRunner@4c402120</td></tr>
<tr>
<td title='TestRunners.TestRunner.runScenario()'><b>runScenario</b><br>Test class: TestRunners.TestRunner<br>Test method: Runs Cucumber Scenarios<br>Parameters: "Validate user is able to run the code in tryEditor for Squares of a Sorted Array", "Array detail page"</td>
<td></td>
<td>9</td>
<td>TestRunners.TestRunner@4c402120</td></tr>
<tr>
<td title='TestRunners.TestRunner.runScenario()'><b>runScenario</b><br>Test class: TestRunners.TestRunner<br>Test method: Runs Cucumber Scenarios<br>Parameters: "Validate user is presented with error message for the code with the invalid syntax in tryEditor for Max Consecutive Ones", "Array detail page"</td>
<td></td>
<td>8</td>
<td>TestRunners.TestRunner@4c402120</td></tr>
<tr>
<td title='TestRunners.TestRunner.runScenario()'><b>runScenario</b><br>Test class: TestRunners.TestRunner<br>Test method: Runs Cucumber Scenarios<br>Parameters: "LL_Try Here Editor page with empty data", "Linked List"</td>
<td></td>
<td>3</td>
<td>TestRunners.TestRunner@4c402120</td></tr>
<tr>
<td title='TestRunners.TestRunner.runScenario()'><b>runScenario</b><br>Test class: TestRunners.TestRunner<br>Test method: Runs Cucumber Scenarios<br>Parameters: "Terminologies", "Tree"</td>
<td></td>
<td>5</td>
<td>TestRunners.TestRunner@4c402120</td></tr>
<tr>
<td title='TestRunners.TestRunner.runScenario()'><b>runScenario</b><br>Test class: TestRunners.TestRunner<br>Test method: Runs Cucumber Scenarios<br>Parameters: "LL_Try Here Editor page with empty data", "Linked List"</td>
<td></td>
<td>5</td>
<td>TestRunners.TestRunner@4c402120</td></tr>
<tr>
<td title='TestRunners.TestRunner.runScenario()'><b>runScenario</b><br>Test class: TestRunners.TestRunner<br>Test method: Runs Cucumber Scenarios<br>Parameters: "Binary Tree Traversals", "Tree"</td>
<td></td>
<td>3</td>
<td>TestRunners.TestRunner@4c402120</td></tr>
<tr>
<td title='TestRunners.TestRunner.runScenario()'><b>runScenario</b><br>Test class: TestRunners.TestRunner<br>Test method: Runs Cucumber Scenarios<br>Parameters: "Linked List home page", "Linked List"</td>
<td></td>
<td>3</td>
<td>TestRunners.TestRunner@4c402120</td></tr>
<tr>
<td title='TestRunners.TestRunner.runScenario()'><b>runScenario</b><br>Test class: TestRunners.TestRunner<br>Test method: Runs Cucumber Scenarios<br>Parameters: "Try Here Editor page with invalid data", "Tree"</td>
<td></td>
<td>4</td>
<td>TestRunners.TestRunner@4c402120</td></tr>
<tr>
<td title='TestRunners.TestRunner.runScenario()'><b>runScenario</b><br>Test class: TestRunners.TestRunner<br>Test method: Runs Cucumber Scenarios<br>Parameters: "Try Here Editor page with invalid data", "Tree"</td>
<td></td>
<td>4</td>
<td>TestRunners.TestRunner@4c402120</td></tr>
<tr>
<td title='TestRunners.TestRunner.runScenario()'><b>runScenario</b><br>Test class: TestRunners.TestRunner<br>Test method: Runs Cucumber Scenarios<br>Parameters: "Try Here Editor page with empty code", "Tree"</td>
<td></td>
<td>4</td>
<td>TestRunners.TestRunner@4c402120</td></tr>
<tr>
<td title='TestRunners.TestRunner.runScenario()'><b>runScenario</b><br>Test class: TestRunners.TestRunner<br>Test method: Runs Cucumber Scenarios<br>Parameters: "Implementation Of BST", "Tree"</td>
<td></td>
<td>3</td>
<td>TestRunners.TestRunner@4c402120</td></tr>
<tr>
<td title='TestRunners.TestRunner.runScenario()'><b>runScenario</b><br>Test class: TestRunners.TestRunner<br>Test method: Runs Cucumber Scenarios<br>Parameters: "Implementation in Python", "Tree"</td>
<td></td>
<td>4</td>
<td>TestRunners.TestRunner@4c402120</td></tr>
<tr>
<td title='TestRunners.TestRunner.runScenario()'><b>runScenario</b><br>Test class: TestRunners.TestRunner<br>Test method: Runs Cucumber Scenarios<br>Parameters: "Error message displayed for invalid code on try Editor for Implementation page", "Stack page"</td>
<td></td>
<td>6</td>
<td>TestRunners.TestRunner@4c402120</td></tr>
<tr>
<td title='TestRunners.TestRunner.runScenario()'><b>runScenario</b><br>Test class: TestRunners.TestRunner<br>Test method: Runs Cucumber Scenarios<br>Parameters: "Validate user can open try editor page from Implementation of Queue in python", "Queue Details page"</td>
<td></td>
<td>4</td>
<td>TestRunners.TestRunner@4c402120</td></tr>
<tr>
<td title='TestRunners.TestRunner.runScenario()'><b>runScenario</b><br>Test class: TestRunners.TestRunner<br>Test method: Runs Cucumber Scenarios<br>Parameters: "Overview of Trees", "Tree"</td>
<td></td>
<td>6</td>
<td>TestRunners.TestRunner@4c402120</td></tr>
<tr>
<td title='TestRunners.TestRunner.runScenario()'><b>runScenario</b><br>Test class: TestRunners.TestRunner<br>Test method: Runs Cucumber Scenarios<br>Parameters: "Types of Binary Trees", "Tree"</td>
<td></td>
<td>4</td>
<td>TestRunners.TestRunner@4c402120</td></tr>
<tr>
<td title='TestRunners.TestRunner.runScenario()'><b>runScenario</b><br>Test class: TestRunners.TestRunner<br>Test method: Runs Cucumber Scenarios<br>Parameters: "Error message displayed for invalid code on try editor for Implementation of Queue in python", "Queue Details page"</td>
<td></td>
<td>5</td>
<td>TestRunners.TestRunner@4c402120</td></tr>
<tr>
<td title='TestRunners.TestRunner.runScenario()'><b>runScenario</b><br>Test class: TestRunners.TestRunner<br>Test method: Runs Cucumber Scenarios<br>Parameters: "Try Here Editor page with invalid data", "Tree"</td>
<td></td>
<td>4</td>
<td>TestRunners.TestRunner@4c402120</td></tr>
<tr>
<td title='TestRunners.TestRunner.runScenario()'><b>runScenario</b><br>Test class: TestRunners.TestRunner<br>Test method: Runs Cucumber Scenarios<br>Parameters: "Linked List home page", "Linked List"</td>
<td></td>
<td>3</td>
<td>TestRunners.TestRunner@4c402120</td></tr>
<tr>
<td title='TestRunners.TestRunner.runScenario()'><b>runScenario</b><br>Test class: TestRunners.TestRunner<br>Test method: Runs Cucumber Scenarios<br>Parameters: "Error message displayed for invalid code on try editor for Implementation using collections.deque", "Queue Details page"</td>
<td></td>
<td>6</td>
<td>TestRunners.TestRunner@4c402120</td></tr>
<tr>
<td title='TestRunners.TestRunner.runScenario()'><b>runScenario</b><br>Test class: TestRunners.TestRunner<br>Test method: Runs Cucumber Scenarios<br>Parameters: "Binary Trees", "Tree"</td>
<td></td>
<td>4</td>
<td>TestRunners.TestRunner@4c402120</td></tr>
<tr>
<td title='TestRunners.TestRunner.runScenario()'><b>runScenario</b><br>Test class: TestRunners.TestRunner<br>Test method: Runs Cucumber Scenarios<br>Parameters: "No error message displayed for empty code on try editor for Implementation using collections.deque", "Queue Details page"</td>
<td></td>
<td>6</td>
<td>TestRunners.TestRunner@4c402120</td></tr>
<tr>
<td title='TestRunners.TestRunner.runScenario()'><b>runScenario</b><br>Test class: TestRunners.TestRunner<br>Test method: Runs Cucumber Scenarios<br>Parameters: "Insertion", "Linked List"</td>
<td></td>
<td>4</td>
<td>TestRunners.TestRunner@4c402120</td></tr>
<tr>
<td title='TestRunners.TestRunner.runScenario()'><b>runScenario</b><br>Test class: TestRunners.TestRunner<br>Test method: Runs Cucumber Scenarios<br>Parameters: "Try Here Editor page with valid data", "Tree"</td>
<td></td>
<td>36</td>
<td>TestRunners.TestRunner@4c402120</td></tr>
<tr>
<td title='TestRunners.TestRunner.runScenario()'><b>runScenario</b><br>Test class: TestRunners.TestRunner<br>Test method: Runs Cucumber Scenarios<br>Parameters: "Try Here Editor page with empty code", "Tree"</td>
<td></td>
<td>5</td>
<td>TestRunners.TestRunner@4c402120</td></tr>
<tr>
<td title='TestRunners.TestRunner.runScenario()'><b>runScenario</b><br>Test class: TestRunners.TestRunner<br>Test method: Runs Cucumber Scenarios<br>Parameters: "validate user able to navigate to practice question page for even number question", "Array detail page"</td>
<td></td>
<td>7</td>
<td>TestRunners.TestRunner@4c402120</td></tr>
<tr>
<td title='TestRunners.TestRunner.runScenario()'><b>runScenario</b><br>Test class: TestRunners.TestRunner<br>Test method: Runs Cucumber Scenarios<br>Parameters: "Validate user navigated to graph details page when clicked on get started", "Title of your feature"</td>
<td></td>
<td>6</td>
<td>TestRunners.TestRunner@4c402120</td></tr>
<tr>
<td title='TestRunners.TestRunner.runScenario()'><b>runScenario</b><br>Test class: TestRunners.TestRunner<br>Test method: Runs Cucumber Scenarios<br>Parameters: "Validate user is able to Submit the code in tryEditor for Squares of a Sorted Array", "Array detail page"</td>
<td></td>
<td>11</td>
<td>TestRunners.TestRunner@4c402120</td></tr>
<tr>
<td title='TestRunners.TestRunner.runScenario()'><b>runScenario</b><br>Test class: TestRunners.TestRunner<br>Test method: Runs Cucumber Scenarios<br>Parameters: "Try Here Editor page with invalid data", "Tree"</td>
<td></td>
<td>4</td>
<td>TestRunners.TestRunner@4c402120</td></tr>
<tr>
<td title='TestRunners.TestRunner.runScenario()'><b>runScenario</b><br>Test class: TestRunners.TestRunner<br>Test method: Runs Cucumber Scenarios<br>Parameters: "Try Here Editor page with empty code", "Tree"</td>
<td></td>
<td>5</td>
<td>TestRunners.TestRunner@4c402120</td></tr>
<tr>
<td title='TestRunners.TestRunner.runScenario()'><b>runScenario</b><br>Test class: TestRunners.TestRunner<br>Test method: Runs Cucumber Scenarios<br>Parameters: "Try Here Editor page with valid data", "Tree"</td>
<td></td>
<td>35</td>
<td>TestRunners.TestRunner@4c402120</td></tr>
<tr>
<td title='TestRunners.TestRunner.runScenario()'><b>runScenario</b><br>Test class: TestRunners.TestRunner<br>Test method: Runs Cucumber Scenarios<br>Parameters: "Tree Traversals", "Tree"</td>
<td></td>
<td>3</td>
<td>TestRunners.TestRunner@4c402120</td></tr>
<tr>
<td title='TestRunners.TestRunner.runScenario()'><b>runScenario</b><br>Test class: TestRunners.TestRunner<br>Test method: Runs Cucumber Scenarios<br>Parameters: "Binary Search Trees", "Tree"</td>
<td></td>
<td>6</td>
<td>TestRunners.TestRunner@4c402120</td></tr>
<tr>
<td title='TestRunners.TestRunner.runScenario()'><b>runScenario</b><br>Test class: TestRunners.TestRunner<br>Test method: Runs Cucumber Scenarios<br>Parameters: "Validate user navigated to stack details page when clicked on get started", "Stack page"</td>
<td></td>
<td>5</td>
<td>TestRunners.TestRunner@4c402120</td></tr>
<tr>
<td title='TestRunners.TestRunner.runScenario()'><b>runScenario</b><br>Test class: TestRunners.TestRunner<br>Test method: Runs Cucumber Scenarios<br>Parameters: "Try Here Editor page with empty code", "Tree"</td>
<td></td>
<td>5</td>
<td>TestRunners.TestRunner@4c402120</td></tr>
<tr>
<td title='TestRunners.TestRunner.runScenario()'><b>runScenario</b><br>Test class: TestRunners.TestRunner<br>Test method: Runs Cucumber Scenarios<br>Parameters: "Valid code on try editor for graphs runs successfully", "Title of your feature"</td>
<td></td>
<td>8</td>
<td>TestRunners.TestRunner@4c402120</td></tr>
<tr>
<td title='TestRunners.TestRunner.runScenario()'><b>runScenario</b><br>Test class: TestRunners.TestRunner<br>Test method: Runs Cucumber Scenarios<br>Parameters: "LL_Try Here Editor page with valid data", "Linked List"</td>
<td></td>
<td>34</td>
<td>TestRunners.TestRunner@4c402120</td></tr>
<tr>
<td title='TestRunners.TestRunner.runScenario()'><b>runScenario</b><br>Test class: TestRunners.TestRunner<br>Test method: Runs Cucumber Scenarios<br>Parameters: "Valid code on try editor for arrays in python runs successfully", "Array detail page"</td>
<td></td>
<td>9</td>
<td>TestRunners.TestRunner@4c402120</td></tr>
<tr>
<td title='TestRunners.TestRunner.runScenario()'><b>runScenario</b><br>Test class: TestRunners.TestRunner<br>Test method: Runs Cucumber Scenarios<br>Parameters: "Validate user can open try editor page from Implementation using collections.deque", "Queue Details page"</td>
<td></td>
<td>6</td>
<td>TestRunners.TestRunner@4c402120</td></tr>
<tr>
<td title='TestRunners.TestRunner.runScenario()'><b>runScenario</b><br>Test class: TestRunners.TestRunner<br>Test method: Runs Cucumber Scenarios<br>Parameters: "Try Here Editor page with empty code", "Tree"</td>
<td></td>
<td>5</td>
<td>TestRunners.TestRunner@4c402120</td></tr>
<tr>
<td title='TestRunners.TestRunner.runScenario()'><b>runScenario</b><br>Test class: TestRunners.TestRunner<br>Test method: Runs Cucumber Scenarios<br>Parameters: "Linked List home page", "Linked List"</td>
<td></td>
<td>9</td>
<td>TestRunners.TestRunner@4c402120</td></tr>
<tr>
<td title='TestRunners.TestRunner.runScenario()'><b>runScenario</b><br>Test class: TestRunners.TestRunner<br>Test method: Runs Cucumber Scenarios<br>Parameters: "Try Here Editor page with invalid data", "Tree"</td>
<td></td>
<td>4</td>
<td>TestRunners.TestRunner@4c402120</td></tr>
<tr>
<td title='TestRunners.TestRunner.runScenario()'><b>runScenario</b><br>Test class: TestRunners.TestRunner<br>Test method: Runs Cucumber Scenarios<br>Parameters: "No error message displayed for empty code on try editor for graphs page", "Title of your feature"</td>
<td></td>
<td>8</td>
<td>TestRunners.TestRunner@4c402120</td></tr>
<tr>
<td title='TestRunners.TestRunner.runScenario()'><b>runScenario</b><br>Test class: TestRunners.TestRunner<br>Test method: Runs Cucumber Scenarios<br>Parameters: "LL_Try Here Editor page with invalid data", "Linked List"</td>
<td></td>
<td>4</td>
<td>TestRunners.TestRunner@4c402120</td></tr>
<tr>
<td title='TestRunners.TestRunner.runScenario()'><b>runScenario</b><br>Test class: TestRunners.TestRunner<br>Test method: Runs Cucumber Scenarios<br>Parameters: "Clicking on time complexity navigate to the page", "DS Introduction Page"</td>
<td></td>
<td>6</td>
<td>TestRunners.TestRunner@4c402120</td></tr>
<tr>
<td title='TestRunners.TestRunner.runScenario()'><b>runScenario</b><br>Test class: TestRunners.TestRunner<br>Test method: Runs Cucumber Scenarios<br>Parameters: "LL_Try Here Editor page with invalid data", "Linked List"</td>
<td></td>
<td>4</td>
<td>TestRunners.TestRunner@4c402120</td></tr>
<tr>
<td title='TestRunners.TestRunner.runScenario()'><b>runScenario</b><br>Test class: TestRunners.TestRunner<br>Test method: Runs Cucumber Scenarios<br>Parameters: "No error message displayed for empty code on try editor for Array using list", "Array detail page"</td>
<td></td>
<td>8</td>
<td>TestRunners.TestRunner@4c402120</td></tr>
<tr>
<td title='TestRunners.TestRunner.runScenario()'><b>runScenario</b><br>Test class: TestRunners.TestRunner<br>Test method: Runs Cucumber Scenarios<br>Parameters: "Validate user can navigate to Arrays using list", "Array detail page"</td>
<td></td>
<td>7</td>
<td>TestRunners.TestRunner@4c402120</td></tr>
<tr>
<td title='TestRunners.TestRunner.runScenario()'><b>runScenario</b><br>Test class: TestRunners.TestRunner<br>Test method: Runs Cucumber Scenarios<br>Parameters: "validate user able to navigate to practice question page for search the array question", "Array detail page"</td>
<td></td>
<td>8</td>
<td>TestRunners.TestRunner@4c402120</td></tr>
<tr>
<td title='TestRunners.TestRunner.runScenario()'><b>runScenario</b><br>Test class: TestRunners.TestRunner<br>Test method: Runs Cucumber Scenarios<br>Parameters: "Try Here Editor page with empty code", "Tree"</td>
<td></td>
<td>7</td>
<td>TestRunners.TestRunner@4c402120</td></tr>
<tr>
<td title='TestRunners.TestRunner.runScenario()'><b>runScenario</b><br>Test class: TestRunners.TestRunner<br>Test method: Runs Cucumber Scenarios<br>Parameters: "Validate user can Try here link page from Basic operations in lists", "Array detail page"</td>
<td></td>
<td>7</td>
<td>TestRunners.TestRunner@4c402120</td></tr>
<tr>
<td title='TestRunners.TestRunner.runScenario()'><b>runScenario</b><br>Test class: TestRunners.TestRunner<br>Test method: Runs Cucumber Scenarios<br>Parameters: "DS_algo Home page", "Tree"</td>
<td></td>
<td>5</td>
<td>TestRunners.TestRunner@4c402120</td></tr>
<tr>
<td title='TestRunners.TestRunner.runScenario()'><b>runScenario</b><br>Test class: TestRunners.TestRunner<br>Test method: Runs Cucumber Scenarios<br>Parameters: "Try Here Editor page with invalid data", "Tree"</td>
<td></td>
<td>4</td>
<td>TestRunners.TestRunner@4c402120</td></tr>
<tr>
<td title='TestRunners.TestRunner.runScenario()'><b>runScenario</b><br>Test class: TestRunners.TestRunner<br>Test method: Runs Cucumber Scenarios<br>Parameters: "LL_Try Here Editor page with invalid data", "Linked List"</td>
<td></td>
<td>7</td>
<td>TestRunners.TestRunner@4c402120</td></tr>
<tr>
<td title='TestRunners.TestRunner.runScenario()'><b>runScenario</b><br>Test class: TestRunners.TestRunner<br>Test method: Runs Cucumber Scenarios<br>Parameters: "Error message displayed for invalid code on try Editor for graph representations page", "Title of your feature"</td>
<td></td>
<td>8</td>
<td>TestRunners.TestRunner@4c402120</td></tr>
<tr>
<td title='TestRunners.TestRunner.runScenario()'><b>runScenario</b><br>Test class: TestRunners.TestRunner<br>Test method: Runs Cucumber Scenarios<br>Parameters: "Implementation Of BST", "Tree"</td>
<td></td>
<td>4</td>
<td>TestRunners.TestRunner@4c402120</td></tr>
<tr>
<td title='TestRunners.TestRunner.runScenario()'><b>runScenario</b><br>Test class: TestRunners.TestRunner<br>Test method: Runs Cucumber Scenarios<br>Parameters: "Validate user is able to run the code in tryEditor for Search the array link", "Array detail page"</td>
<td></td>
<td>10</td>
<td>TestRunners.TestRunner@4c402120</td></tr>
<tr>
<td title='TestRunners.TestRunner.runScenario()'><b>runScenario</b><br>Test class: TestRunners.TestRunner<br>Test method: Runs Cucumber Scenarios<br>Parameters: "Traversals-Illustration", "Tree"</td>
<td></td>
<td>4</td>
<td>TestRunners.TestRunner@4c402120</td></tr>
<tr>
<td title='TestRunners.TestRunner.runScenario()'><b>runScenario</b><br>Test class: TestRunners.TestRunner<br>Test method: Runs Cucumber Scenarios<br>Parameters: "Valid code on try editor for Implementation using collections.deque runs successfully", "Queue Details page"</td>
<td></td>
<td>6</td>
<td>TestRunners.TestRunner@4c402120</td></tr>
<tr>
<td title='TestRunners.TestRunner.runScenario()'><b>runScenario</b><br>Test class: TestRunners.TestRunner<br>Test method: Runs Cucumber Scenarios<br>Parameters: "Introduction page", "Linked List"</td>
<td></td>
<td>3</td>
<td>TestRunners.TestRunner@4c402120</td></tr>
<tr>
<td title='TestRunners.TestRunner.runScenario()'><b>runScenario</b><br>Test class: TestRunners.TestRunner<br>Test method: Runs Cucumber Scenarios<br>Parameters: "Types of Binary Trees", "Tree"</td>
<td></td>
<td>4</td>
<td>TestRunners.TestRunner@4c402120</td></tr>
<tr>
<td title='TestRunners.TestRunner.runScenario()'><b>runScenario</b><br>Test class: TestRunners.TestRunner<br>Test method: Runs Cucumber Scenarios<br>Parameters: "Try Here Editor page with invalid data", "Tree"</td>
<td></td>
<td>5</td>
<td>TestRunners.TestRunner@4c402120</td></tr>
<tr>
<td title='TestRunners.TestRunner.runScenario()'><b>runScenario</b><br>Test class: TestRunners.TestRunner<br>Test method: Runs Cucumber Scenarios<br>Parameters: "Valid code on try editor for Applications runs successfully", "Stack page"</td>
<td></td>
<td>7</td>
<td>TestRunners.TestRunner@4c402120</td></tr>
<tr>
<td title='TestRunners.TestRunner.runScenario()'><b>runScenario</b><br>Test class: TestRunners.TestRunner<br>Test method: Runs Cucumber Scenarios<br>Parameters: "Valid code on try editor for Operations in Stack runs successfully", "Stack page"</td>
<td></td>
<td>6</td>
<td>TestRunners.TestRunner@4c402120</td></tr>
<tr>
<td title='TestRunners.TestRunner.runScenario()'><b>runScenario</b><br>Test class: TestRunners.TestRunner<br>Test method: Runs Cucumber Scenarios<br>Parameters: "Terminologies", "Tree"</td>
<td></td>
<td>3</td>
<td>TestRunners.TestRunner@4c402120</td></tr>
<tr>
<td title='TestRunners.TestRunner.runScenario()'><b>runScenario</b><br>Test class: TestRunners.TestRunner<br>Test method: Runs Cucumber Scenarios<br>Parameters: "LL_Try Here Editor page with invalid data", "Linked List"</td>
<td></td>
<td>4</td>
<td>TestRunners.TestRunner@4c402120</td></tr>
<tr>
<td title='TestRunners.TestRunner.runScenario()'><b>runScenario</b><br>Test class: TestRunners.TestRunner<br>Test method: Runs Cucumber Scenarios<br>Parameters: "Validate user can navigate to Applications page", "Stack page"</td>
<td></td>
<td>5</td>
<td>TestRunners.TestRunner@4c402120</td></tr>
<tr>
<td title='TestRunners.TestRunner.runScenario()'><b>runScenario</b><br>Test class: TestRunners.TestRunner<br>Test method: Runs Cucumber Scenarios<br>Parameters: "Implementation in Python", "Tree"</td>
<td></td>
<td>3</td>
<td>TestRunners.TestRunner@4c402120</td></tr>
<tr>
<td title='TestRunners.TestRunner.runScenario()'><b>runScenario</b><br>Test class: TestRunners.TestRunner<br>Test method: Runs Cucumber Scenarios<br>Parameters: "No error message displayed for empty code on try editor for Implementation of Queue in python", "Queue Details page"</td>
<td></td>
<td>7</td>
<td>TestRunners.TestRunner@4c402120</td></tr>
<tr>
<td title='TestRunners.TestRunner.runScenario()'><b>runScenario</b><br>Test class: TestRunners.TestRunner<br>Test method: Runs Cucumber Scenarios<br>Parameters: "Valid code on try editor for Implementation runs successfully", "Stack page"</td>
<td></td>
<td>6</td>
<td>TestRunners.TestRunner@4c402120</td></tr>
<tr>
<td title='TestRunners.TestRunner.runScenario()'><b>runScenario</b><br>Test class: TestRunners.TestRunner<br>Test method: Runs Cucumber Scenarios<br>Parameters: "Tree home page", "Tree"</td>
<td></td>
<td>6</td>
<td>TestRunners.TestRunner@4c402120</td></tr>
<tr>
<td title='TestRunners.TestRunner.runScenario()'><b>runScenario</b><br>Test class: TestRunners.TestRunner<br>Test method: Runs Cucumber Scenarios<br>Parameters: "Validate user is able to Submit the code in tryEditor for Search the array link", "Array detail page"</td>
<td></td>
<td>10</td>
<td>TestRunners.TestRunner@4c402120</td></tr>
<tr>
<td title='TestRunners.TestRunner.runScenario()'><b>runScenario</b><br>Test class: TestRunners.TestRunner<br>Test method: Runs Cucumber Scenarios<br>Parameters: "No error message displayed for empty code on try editor for basic operations in lists", "Array detail page"</td>
<td></td>
<td>7</td>
<td>TestRunners.TestRunner@4c402120</td></tr>
<tr>
<td title='TestRunners.TestRunner.runScenario()'><b>runScenario</b><br>Test class: TestRunners.TestRunner<br>Test method: Runs Cucumber Scenarios<br>Parameters: "Linked List home page", "Linked List"</td>
<td></td>
<td>4</td>
<td>TestRunners.TestRunner@4c402120</td></tr>
<tr>
<td title='TestRunners.TestRunner.runScenario()'><b>runScenario</b><br>Test class: TestRunners.TestRunner<br>Test method: Runs Cucumber Scenarios<br>Parameters: "Validate user is able to Submit the code in tryEditor for Max Consecutive Ones", "Array detail page"</td>
<td></td>
<td>13</td>
<td>TestRunners.TestRunner@4c402120</td></tr>
<tr>
<td title='TestRunners.TestRunner.runScenario()'><b>runScenario</b><br>Test class: TestRunners.TestRunner<br>Test method: Runs Cucumber Scenarios<br>Parameters: "Try Here Editor page with invalid data", "Tree"</td>
<td></td>
<td>4</td>
<td>TestRunners.TestRunner@4c402120</td></tr>
</table><p>
</body>
</html>