{"uuid":"0cea43e0-e9fb-4fac-bd66-d58458e58350","historyId":"3f65d47d66a36dea0cbbe3d5cfbebf0c","testCaseId":"3c012b82da2fab6f409d35b2173d3304","fullName":"src/test/resources/Features/Registration.feature:35","labels":[{"name":"host","value":"DESKTOP-6M2FCE6"},{"name":"thread","value":"41172@DESKTOP-6M2FCE6.TestNG-PoolService-2(3149)"},{"name":"feature","value":"Registration"},{"name":"story","value":"New user registration page with username entered with a space inbetween"},{"name":"suite","value":"Registration"},{"name":"testClass","value":"New user registration page with username entered with a space inbetween"},{"name":"framework","value":"cucumber4jvm"},{"name":"language","value":"java"},{"name":"gherkin_uri","value":"file:///C:/Projects/newFolder-3/Repo1/src/test/resources/Features/Registration.feature"},{"name":"package","value":"src.test.resources.Features.Registration_feature.Registration"}],"links":[],"name":"New user registration page with username entered with a space inbetween","status":"failed","statusDetails":{"known":false,"muted":false,"flaky":false,"message":"expected [NumpyNinja] but found [Registration]","trace":"java.lang.AssertionError: expected [NumpyNinja] but found [Registration]\r\n\tat org.testng.Assert.fail(Assert.java:111)\r\n\tat org.testng.Assert.failNotEquals(Assert.java:1578)\r\n\tat org.testng.Assert.assertEqualsImpl(Assert.java:150)\r\n\tat org.testng.Assert.assertEquals(Assert.java:132)\r\n\tat org.testng.Assert.assertEquals(Assert.java:656)\r\n\tat org.testng.Assert.assertEquals(Assert.java:666)\r\n\tat StepDefinitions.Registration.the_user_is_displayed_with_error_msg_after_entering_invalid_data_and_redirects_to_empty_username_textbox(Registration.java:94)\r\n\tat ✽.The user is displayed with error msg after entering invalid data and redirects to empty username textbox(file:///C:/Projects/newFolder-3/Repo1/src/test/resources/Features/Registration.feature:32)\r\n"},"stage":"finished","description":" I want to use this template for my feature file","steps":[{"name":"Given The user is on the new user registration page","status":"passed","statusDetails":{"known":false,"muted":false,"flaky":false},"stage":"finished","steps":[],"attachments":[],"parameters":[],"start":1734451436085,"stop":1734451437647},{"name":"When The user clicks Register button after entering a username with spacebar characters other than digits and symbols on registration form from sheetname \"register\" and row 3","status":"passed","statusDetails":{"known":false,"muted":false,"flaky":false},"stage":"finished","steps":[],"attachments":[],"parameters":[],"start":1734451437647,"stop":1734451437997},{"name":"Then The user is displayed with error msg after entering invalid data and redirects to empty username textbox","status":"failed","statusDetails":{"known":false,"muted":false,"flaky":false,"message":"expected [NumpyNinja] but found [Registration]","trace":"java.lang.AssertionError: expected [NumpyNinja] but found [Registration]\r\n\tat org.testng.Assert.fail(Assert.java:111)\r\n\tat org.testng.Assert.failNotEquals(Assert.java:1578)\r\n\tat org.testng.Assert.assertEqualsImpl(Assert.java:150)\r\n\tat org.testng.Assert.assertEquals(Assert.java:132)\r\n\tat org.testng.Assert.assertEquals(Assert.java:656)\r\n\tat org.testng.Assert.assertEquals(Assert.java:666)\r\n\tat StepDefinitions.Registration.the_user_is_displayed_with_error_msg_after_entering_invalid_data_and_redirects_to_empty_username_textbox(Registration.java:94)\r\n\tat ✽.The user is displayed with error msg after entering invalid data and redirects to empty username textbox(file:///C:/Projects/newFolder-3/Repo1/src/test/resources/Features/Registration.feature:32)\r\n"},"stage":"finished","steps":[],"attachments":[],"parameters":[],"start":1734451437997,"stop":1734451438003}],"attachments":[],"parameters":[{"name":"Sheetname","value":"register"},{"name":"RowNumber","value":"3"}],"start":1734451430814,"stop":1734451439997}