{"uuid":"1010725f-ec8f-47b0-91e5-7247ff789a21","historyId":"b97443b89010a553e639152e1739b240","testCaseId":"40090c71ae8b3fa14599c92b109d4053","fullName":"src/test/resources/Features/ArrayDetailsPage.feature:168","labels":[{"name":"host","value":"DESKTOP-6M2FCE6"},{"name":"thread","value":"37244@DESKTOP-6M2FCE6.TestNG-PoolService-1(3151)"},{"name":"feature","value":"Array detail page"},{"name":"story","value":"Validate user is able to Submit the code in tryEditor for Max Consecutive Ones"},{"name":"suite","value":"Array detail page"},{"name":"testClass","value":"Validate user is able to Submit the code in tryEditor for Max Consecutive Ones"},{"name":"framework","value":"cucumber4jvm"},{"name":"language","value":"java"},{"name":"gherkin_uri","value":"file:///C:/Projects/newFolder-3/Repo1/src/test/resources/Features/ArrayDetailsPage.feature"},{"name":"package","value":"src.test.resources.Features.ArrayDetailsPage_feature.Array detail page"}],"links":[],"name":"Validate user is able to Submit the code in tryEditor for Max Consecutive Ones","status":"failed","statusDetails":{"known":false,"muted":false,"flaky":false,"message":"expected [ Some Tests failed. Please review code] but found [Error occurred during submission]","trace":"java.lang.AssertionError: expected [ Some Tests failed. Please review code] but found [Error occurred during submission]\r\n\tat org.testng.Assert.fail(Assert.java:111)\r\n\tat org.testng.Assert.failNotEquals(Assert.java:1578)\r\n\tat org.testng.Assert.assertEqualsImpl(Assert.java:150)\r\n\tat org.testng.Assert.assertEquals(Assert.java:132)\r\n\tat org.testng.Assert.assertEquals(Assert.java:656)\r\n\tat org.testng.Assert.assertEquals(Assert.java:666)\r\n\tat StepDefinitions.ArrayStepDefintions.the_user_should_be_presented_with_the_run_result(ArrayStepDefintions.java:159)\r\n\tat ✽.the user should be presented with the Run result from sheet \"pythonCode\" and row 3(file:///C:/Projects/newFolder-3/Repo1/src/test/resources/Features/ArrayDetailsPage.feature:165)\r\n"},"stage":"finished","steps":[{"name":"Given The user is on the DS Introduction page as signedIn","status":"passed","statusDetails":{"known":false,"muted":false,"flaky":false},"stage":"finished","steps":[],"attachments":[],"parameters":[],"start":1734458360658,"stop":1734458362922},{"name":"When The user clicks on Get Started link for array","status":"passed","statusDetails":{"known":false,"muted":false,"flaky":false},"stage":"finished","steps":[],"attachments":[],"parameters":[],"start":1734458362922,"stop":1734458363328},{"name":"Given The user is on the Practice Questions page of Max Consecutive Ones","status":"passed","statusDetails":{"known":false,"muted":false,"flaky":false},"stage":"finished","steps":[],"attachments":[],"parameters":[],"start":1734458363330,"stop":1734458365109},{"name":"When The user enter python code in tryEditor page sheet \"pythonCode\" and row 3 for the Question and click on submit button","status":"passed","statusDetails":{"known":false,"muted":false,"flaky":false},"stage":"finished","steps":[],"attachments":[],"parameters":[],"start":1734458365109,"stop":1734458367762},{"name":"Then the user should be presented with the Run result from sheet \"pythonCode\" and row 3","status":"failed","statusDetails":{"known":false,"muted":false,"flaky":false,"message":"expected [ Some Tests failed. Please review code] but found [Error occurred during submission]","trace":"java.lang.AssertionError: expected [ Some Tests failed. Please review code] but found [Error occurred during submission]\r\n\tat org.testng.Assert.fail(Assert.java:111)\r\n\tat org.testng.Assert.failNotEquals(Assert.java:1578)\r\n\tat org.testng.Assert.assertEqualsImpl(Assert.java:150)\r\n\tat org.testng.Assert.assertEquals(Assert.java:132)\r\n\tat org.testng.Assert.assertEquals(Assert.java:656)\r\n\tat org.testng.Assert.assertEquals(Assert.java:666)\r\n\tat StepDefinitions.ArrayStepDefintions.the_user_should_be_presented_with_the_run_result(ArrayStepDefintions.java:159)\r\n\tat ✽.the user should be presented with the Run result from sheet \"pythonCode\" and row 3(file:///C:/Projects/newFolder-3/Repo1/src/test/resources/Features/ArrayDetailsPage.feature:165)\r\n"},"stage":"finished","steps":[],"attachments":[],"parameters":[],"start":1734458367762,"stop":1734458367883}],"attachments":[],"parameters":[{"name":"Sheetname","value":"pythonCode"},{"name":"RowNumber","value":"3"}],"start":1734458353482,"stop":1734458369297}