{"uuid":"25060f09-f7a5-4960-98ba-ea29540d2e78","historyId":"8351cc81b8b07af0380c1bc8c380640d","testCaseId":"9f5bd64c6c5157e456b8bd93ea6f7882","fullName":"src/test/resources/Features/ArrayDetailsPage.feature:145","labels":[{"name":"host","value":"DESKTOP-6M2FCE6"},{"name":"thread","value":"37244@DESKTOP-6M2FCE6.TestNG-PoolService-3(3153)"},{"name":"feature","value":"Array detail page"},{"name":"story","value":"Validate user is able to Submit the code in tryEditor for Search the array link"},{"name":"suite","value":"Array detail page"},{"name":"testClass","value":"Validate user is able to Submit the code in tryEditor for Search the array link"},{"name":"framework","value":"cucumber4jvm"},{"name":"language","value":"java"},{"name":"gherkin_uri","value":"file:///C:/Projects/newFolder-3/Repo1/src/test/resources/Features/ArrayDetailsPage.feature"},{"name":"package","value":"src.test.resources.Features.ArrayDetailsPage_feature.Array detail page"}],"links":[],"name":"Validate user is able to Submit the code in tryEditor for Search the array link","status":"failed","statusDetails":{"known":false,"muted":false,"flaky":false,"message":"expected [ Some Tests failed. Please review code] but found [Error occurred during submission]","trace":"java.lang.AssertionError: expected [ Some Tests failed. Please review code] but found [Error occurred during submission]\r\n\tat org.testng.Assert.fail(Assert.java:111)\r\n\tat org.testng.Assert.failNotEquals(Assert.java:1578)\r\n\tat org.testng.Assert.assertEqualsImpl(Assert.java:150)\r\n\tat org.testng.Assert.assertEquals(Assert.java:132)\r\n\tat org.testng.Assert.assertEquals(Assert.java:656)\r\n\tat org.testng.Assert.assertEquals(Assert.java:666)\r\n\tat StepDefinitions.ArrayStepDefintions.the_user_should_be_presented_with_the_run_result(ArrayStepDefintions.java:159)\r\n\tat ✽.the user should be presented with the Run result from sheet \"pythonCode\" and row 1(file:///C:/Projects/newFolder-3/Repo1/src/test/resources/Features/ArrayDetailsPage.feature:142)\r\n"},"stage":"finished","steps":[{"name":"Given The user is on the DS Introduction page as signedIn","status":"passed","statusDetails":{"known":false,"muted":false,"flaky":false},"stage":"finished","steps":[],"attachments":[],"parameters":[],"start":1734458344524,"stop":1734458346785},{"name":"When The user clicks on Get Started link for array","status":"passed","statusDetails":{"known":false,"muted":false,"flaky":false},"stage":"finished","steps":[],"attachments":[],"parameters":[],"start":1734458346785,"stop":1734458347169},{"name":"Given The user is on the Practice Questions page of Search array page","status":"passed","statusDetails":{"known":false,"muted":false,"flaky":false},"stage":"finished","steps":[],"attachments":[],"parameters":[],"start":1734458347169,"stop":1734458348997},{"name":"When The user enter python code in tryEditor page sheet \"pythonCode\" and row 1 for the Question and click on submit button","status":"passed","statusDetails":{"known":false,"muted":false,"flaky":false},"stage":"finished","steps":[],"attachments":[],"parameters":[],"start":1734458348997,"stop":1734458351345},{"name":"Then the user should be presented with the Run result from sheet \"pythonCode\" and row 1","status":"failed","statusDetails":{"known":false,"muted":false,"flaky":false,"message":"expected [ Some Tests failed. Please review code] but found [Error occurred during submission]","trace":"java.lang.AssertionError: expected [ Some Tests failed. Please review code] but found [Error occurred during submission]\r\n\tat org.testng.Assert.fail(Assert.java:111)\r\n\tat org.testng.Assert.failNotEquals(Assert.java:1578)\r\n\tat org.testng.Assert.assertEqualsImpl(Assert.java:150)\r\n\tat org.testng.Assert.assertEquals(Assert.java:132)\r\n\tat org.testng.Assert.assertEquals(Assert.java:656)\r\n\tat org.testng.Assert.assertEquals(Assert.java:666)\r\n\tat StepDefinitions.ArrayStepDefintions.the_user_should_be_presented_with_the_run_result(ArrayStepDefintions.java:159)\r\n\tat ✽.the user should be presented with the Run result from sheet \"pythonCode\" and row 1(file:///C:/Projects/newFolder-3/Repo1/src/test/resources/Features/ArrayDetailsPage.feature:142)\r\n"},"stage":"finished","steps":[],"attachments":[],"parameters":[],"start":1734458351345,"stop":1734458351459}],"attachments":[],"parameters":[{"name":"Sheetname","value":"pythonCode"},{"name":"RowNumber","value":"1"}],"start":1734458338342,"stop":1734458353178}