{"uuid":"480096dc-c947-4bac-af88-e57d0c887e11","historyId":"bd25e27c7f2d8ded8970120ca2b6dc57","testCaseId":"cd9d993c8add22b9cf1477b4a712e7ab","fullName":"src/test/resources/Features/ArrayDetailsPage.feature:20","labels":[{"name":"host","value":"DESKTOP-6M2FCE6"},{"name":"thread","value":"25324@DESKTOP-6M2FCE6.TestNG-PoolService-1(3112)"},{"name":"feature","value":"Array detail page"},{"name":"story","value":"Error message displayed for invalid code on try Editor for Queue operations"},{"name":"suite","value":"Array detail page"},{"name":"testClass","value":"Error message displayed for invalid code on try Editor for Queue operations"},{"name":"framework","value":"cucumber4jvm"},{"name":"language","value":"java"},{"name":"gherkin_uri","value":"file:///C:/Projects/Repo1/src/test/resources/Features/ArrayDetailsPage.feature"},{"name":"package","value":"src.test.resources.Features.ArrayDetailsPage_feature.Array detail page"}],"links":[],"name":"Error message displayed for invalid code on try Editor for Queue operations","status":"broken","statusDetails":{"known":false,"muted":false,"flaky":false,"message":"Build info: version: '4.26.0', revision: '8ccf0219d7'\nSystem info: os.name: 'Windows 11', os.arch: 'amd64', os.version: '10.0', java.version: '21.0.5'\nDriver info: org.openqa.selenium.firefox.FirefoxDriver\nCommand: [e3c1dff4-fb10-46bc-a6ae-4cdf78449e27, getAlertText {}]\nCapabilities {acceptInsecureCerts: true, browserName: firefox, browserVersion: 133.0, moz:accessibilityChecks: false, moz:buildID: 20241121140525, moz:debuggerAddress: 127.0.0.1:2002, moz:geckodriverVersion: 0.35.0, moz:headless: false, moz:platformVersion: 10.0, moz:processID: 38096, moz:profile: C:\\Users\\vamsh\\AppData\\Loca..., moz:shutdownTimeout: 60000, moz:webdriverClick: true, moz:windowless: false, pageLoadStrategy: normal, platformName: windows, proxy: Proxy(), se:cdp: ws://127.0.0.1:2002/devtool..., se:cdpVersion: 85.0, setWindowRect: true, strictFileInteractability: false, timeouts: {implicit: 0, pageLoad: 300000, script: 30000}, unhandledPromptBehavior: dismiss and notify, userAgent: Mozilla/5.0 (Windows NT 10....}\nSession ID: e3c1dff4-fb10-46bc-a6ae-4cdf78449e27","trace":"org.openqa.selenium.NoAlertPresentException: Build info: version: '4.26.0', revision: '8ccf0219d7'\nSystem info: os.name: 'Windows 11', os.arch: 'amd64', os.version: '10.0', java.version: '21.0.5'\nDriver info: org.openqa.selenium.firefox.FirefoxDriver\nCommand: [e3c1dff4-fb10-46bc-a6ae-4cdf78449e27, getAlertText {}]\nCapabilities {acceptInsecureCerts: true, browserName: firefox, browserVersion: 133.0, moz:accessibilityChecks: false, moz:buildID: 20241121140525, moz:debuggerAddress: 127.0.0.1:2002, moz:geckodriverVersion: 0.35.0, moz:headless: false, moz:platformVersion: 10.0, moz:processID: 38096, moz:profile: C:\\Users\\vamsh\\AppData\\Loca..., moz:shutdownTimeout: 60000, moz:webdriverClick: true, moz:windowless: false, pageLoadStrategy: normal, platformName: windows, proxy: Proxy(), se:cdp: ws://127.0.0.1:2002/devtool..., se:cdpVersion: 85.0, setWindowRect: true, strictFileInteractability: false, timeouts: {implicit: 0, pageLoad: 300000, script: 30000}, unhandledPromptBehavior: dismiss and notify, userAgent: Mozilla/5.0 (Windows NT 10....}\nSession ID: e3c1dff4-fb10-46bc-a6ae-4cdf78449e27\r\n\tat java.base/jdk.internal.reflect.DirectConstructorHandleAccessor.newInstance(DirectConstructorHandleAccessor.java:62)\r\n\tat java.base/java.lang.reflect.Constructor.newInstanceWithCaller(Constructor.java:502)\r\n\tat java.base/java.lang.reflect.Constructor.newInstance(Constructor.java:486)\r\n\tat org.openqa.selenium.remote.ErrorCodec.decode(ErrorCodec.java:167)\r\n\tat org.openqa.selenium.remote.codec.w3c.W3CHttpResponseCodec.decode(W3CHttpResponseCodec.java:138)\r\n\tat org.openqa.selenium.remote.codec.w3c.W3CHttpResponseCodec.decode(W3CHttpResponseCodec.java:50)\r\n\tat org.openqa.selenium.remote.HttpCommandExecutor.execute(HttpCommandExecutor.java:190)\r\n\tat org.openqa.selenium.remote.service.DriverCommandExecutor.invokeExecute(DriverCommandExecutor.java:216)\r\n\tat org.openqa.selenium.remote.service.DriverCommandExecutor.execute(DriverCommandExecutor.java:174)\r\n\tat org.openqa.selenium.remote.RemoteWebDriver.execute(RemoteWebDriver.java:545)\r\n\tat org.openqa.selenium.remote.RemoteWebDriver.execute(RemoteWebDriver.java:618)\r\n\tat org.openqa.selenium.remote.RemoteWebDriver.execute(RemoteWebDriver.java:622)\r\n\tat org.openqa.selenium.remote.RemoteWebDriver$RemoteTargetLocator.alert(RemoteWebDriver.java:1190)\r\n\tat PageObjects.IntroductionPage.validateErrorMessageDisplayedOnAlert(IntroductionPage.java:153)\r\n\tat StepDefinitions.DSIntroductionDetails.the_user_should_able_to_see_an_error_message_in_alert_window(DSIntroductionDetails.java:148)\r\n\tat âœ½.The user should able to see an error message in alert window(file:///C:/Projects/Repo1/src/test/resources/Features/ArrayDetailsPage.feature:25)\r\n"},"stage":"finished","steps":[{"name":"Given The user is on the DS Introduction page as signedIn","status":"passed","statusDetails":{"known":false,"muted":false,"flaky":false},"stage":"finished","steps":[],"attachments":[],"parameters":[],"start":1733803485945,"stop":1733803489328},{"name":"And The user clicks on Get Started link for array","status":"passed","statusDetails":{"known":false,"muted":false,"flaky":false},"stage":"finished","steps":[],"attachments":[],"parameters":[],"start":1733803489328,"stop":1733803489911},{"name":"Given The user is on the arrays in python page","status":"passed","statusDetails":{"known":false,"muted":false,"flaky":false},"stage":"finished","steps":[],"attachments":[],"parameters":[],"start":1733803489912,"stop":1733803490523},{"name":"And User clicks Try here link","status":"passed","statusDetails":{"known":false,"muted":false,"flaky":false},"stage":"finished","steps":[],"attachments":[],"parameters":[],"start":1733803490524,"stop":1733803491688},{"name":"When The user write the invalid code in Editor","status":"passed","statusDetails":{"known":false,"muted":false,"flaky":false},"stage":"finished","steps":[],"attachments":[],"parameters":[],"start":1733803491688,"stop":1733803491764},{"name":"And Click the Run button","status":"passed","statusDetails":{"known":false,"muted":false,"flaky":false},"stage":"finished","steps":[],"attachments":[],"parameters":[],"start":1733803491764,"stop":1733803492251},{"name":"Then The user should able to see an error message in alert window","status":"broken","statusDetails":{"known":false,"muted":false,"flaky":false,"message":"Build info: version: '4.26.0', revision: '8ccf0219d7'\nSystem info: os.name: 'Windows 11', os.arch: 'amd64', os.version: '10.0', java.version: '21.0.5'\nDriver info: org.openqa.selenium.firefox.FirefoxDriver\nCommand: [e3c1dff4-fb10-46bc-a6ae-4cdf78449e27, getAlertText {}]\nCapabilities {acceptInsecureCerts: true, browserName: firefox, browserVersion: 133.0, moz:accessibilityChecks: false, moz:buildID: 20241121140525, moz:debuggerAddress: 127.0.0.1:2002, moz:geckodriverVersion: 0.35.0, moz:headless: false, moz:platformVersion: 10.0, moz:processID: 38096, moz:profile: C:\\Users\\vamsh\\AppData\\Loca..., moz:shutdownTimeout: 60000, moz:webdriverClick: true, moz:windowless: false, pageLoadStrategy: normal, platformName: windows, proxy: Proxy(), se:cdp: ws://127.0.0.1:2002/devtool..., se:cdpVersion: 85.0, setWindowRect: true, strictFileInteractability: false, timeouts: {implicit: 0, pageLoad: 300000, script: 30000}, unhandledPromptBehavior: dismiss and notify, userAgent: Mozilla/5.0 (Windows NT 10....}\nSession ID: e3c1dff4-fb10-46bc-a6ae-4cdf78449e27","trace":"org.openqa.selenium.NoAlertPresentException: Build info: version: '4.26.0', revision: '8ccf0219d7'\nSystem info: os.name: 'Windows 11', os.arch: 'amd64', os.version: '10.0', java.version: '21.0.5'\nDriver info: org.openqa.selenium.firefox.FirefoxDriver\nCommand: [e3c1dff4-fb10-46bc-a6ae-4cdf78449e27, getAlertText {}]\nCapabilities {acceptInsecureCerts: true, browserName: firefox, browserVersion: 133.0, moz:accessibilityChecks: false, moz:buildID: 20241121140525, moz:debuggerAddress: 127.0.0.1:2002, moz:geckodriverVersion: 0.35.0, moz:headless: false, moz:platformVersion: 10.0, moz:processID: 38096, moz:profile: C:\\Users\\vamsh\\AppData\\Loca..., moz:shutdownTimeout: 60000, moz:webdriverClick: true, moz:windowless: false, pageLoadStrategy: normal, platformName: windows, proxy: Proxy(), se:cdp: ws://127.0.0.1:2002/devtool..., se:cdpVersion: 85.0, setWindowRect: true, strictFileInteractability: false, timeouts: {implicit: 0, pageLoad: 300000, script: 30000}, unhandledPromptBehavior: dismiss and notify, userAgent: Mozilla/5.0 (Windows NT 10....}\nSession ID: e3c1dff4-fb10-46bc-a6ae-4cdf78449e27\r\n\tat java.base/jdk.internal.reflect.DirectConstructorHandleAccessor.newInstance(DirectConstructorHandleAccessor.java:62)\r\n\tat java.base/java.lang.reflect.Constructor.newInstanceWithCaller(Constructor.java:502)\r\n\tat java.base/java.lang.reflect.Constructor.newInstance(Constructor.java:486)\r\n\tat org.openqa.selenium.remote.ErrorCodec.decode(ErrorCodec.java:167)\r\n\tat org.openqa.selenium.remote.codec.w3c.W3CHttpResponseCodec.decode(W3CHttpResponseCodec.java:138)\r\n\tat org.openqa.selenium.remote.codec.w3c.W3CHttpResponseCodec.decode(W3CHttpResponseCodec.java:50)\r\n\tat org.openqa.selenium.remote.HttpCommandExecutor.execute(HttpCommandExecutor.java:190)\r\n\tat org.openqa.selenium.remote.service.DriverCommandExecutor.invokeExecute(DriverCommandExecutor.java:216)\r\n\tat org.openqa.selenium.remote.service.DriverCommandExecutor.execute(DriverCommandExecutor.java:174)\r\n\tat org.openqa.selenium.remote.RemoteWebDriver.execute(RemoteWebDriver.java:545)\r\n\tat org.openqa.selenium.remote.RemoteWebDriver.execute(RemoteWebDriver.java:618)\r\n\tat org.openqa.selenium.remote.RemoteWebDriver.execute(RemoteWebDriver.java:622)\r\n\tat org.openqa.selenium.remote.RemoteWebDriver$RemoteTargetLocator.alert(RemoteWebDriver.java:1190)\r\n\tat PageObjects.IntroductionPage.validateErrorMessageDisplayedOnAlert(IntroductionPage.java:153)\r\n\tat StepDefinitions.DSIntroductionDetails.the_user_should_able_to_see_an_error_message_in_alert_window(DSIntroductionDetails.java:148)\r\n\tat âœ½.The user should able to see an error message in alert window(file:///C:/Projects/Repo1/src/test/resources/Features/ArrayDetailsPage.feature:25)\r\n"},"stage":"finished","steps":[],"attachments":[],"parameters":[],"start":1733803492251,"stop":1733803492276}],"attachments":[],"parameters":[],"start":1733803480659,"stop":1733803494568}