{"uuid":"4c6a912b-5298-4d27-96c4-2a2c36bcf2a2","historyId":"c22eec638c4a1f6d7210677aec666771","testCaseId":"b6dbb86af8bc15744638b28aa5f9ebc2","fullName":"src/test/resources/Features/Tree.feature:114","labels":[{"name":"host","value":"DESKTOP-6M2FCE6"},{"name":"thread","value":"37244@DESKTOP-6M2FCE6.TestNG-PoolService-3(3153)"},{"name":"feature","value":"Tree"},{"name":"story","value":"Try Here Editor page with valid data"},{"name":"suite","value":"Tree"},{"name":"testClass","value":"Try Here Editor page with valid data"},{"name":"framework","value":"cucumber4jvm"},{"name":"language","value":"java"},{"name":"gherkin_uri","value":"file:///C:/Projects/newFolder-3/Repo1/src/test/resources/Features/Tree.feature"},{"name":"package","value":"src.test.resources.Features.Tree_feature.Tree"}],"links":[],"name":"Try Here Editor page with valid data","status":"failed","statusDetails":{"known":false,"muted":false,"flaky":false,"message":"expected [hello] but found []","trace":"java.lang.AssertionError: expected [hello] but found []\r\n\tat org.testng.Assert.fail(Assert.java:111)\r\n\tat org.testng.Assert.failNotEquals(Assert.java:1578)\r\n\tat org.testng.Assert.assertEqualsImpl(Assert.java:150)\r\n\tat org.testng.Assert.assertEquals(Assert.java:132)\r\n\tat org.testng.Assert.assertEquals(Assert.java:656)\r\n\tat org.testng.Assert.assertEquals(Assert.java:666)\r\n\tat StepDefinitions.Tree.the_user_is_able_to_see_the_output_inside_the_console(Tree.java:101)\r\n\tat ✽.The user is able to see the output inside the console.(file:///C:/Projects/newFolder-3/Repo1/src/test/resources/Features/Tree.feature:118)\r\n"},"stage":"finished","steps":[{"name":"Given The user is on the DS Introduction page as signedIn","status":"passed","statusDetails":{"known":false,"muted":false,"flaky":false},"stage":"finished","steps":[],"attachments":[],"parameters":[],"start":1734459037476,"stop":1734459039847},{"name":"And User clicks on Get Started button from Tree panel","status":"passed","statusDetails":{"known":false,"muted":false,"flaky":false},"stage":"finished","steps":[],"attachments":[],"parameters":[],"start":1734459039847,"stop":1734459040205},{"name":"Given The user is on the Editor page of Tree Traversals page","status":"passed","statusDetails":{"known":false,"muted":false,"flaky":false},"stage":"finished","steps":[],"attachments":[],"parameters":[],"start":1734459040205,"stop":1734459041645},{"name":"When The user writes the valid python code and clicks on Run button","status":"passed","statusDetails":{"known":false,"muted":false,"flaky":false},"stage":"finished","steps":[],"attachments":[],"parameters":[],"start":1734459041645,"stop":1734459071995},{"name":"Then The user is able to see the output inside the console.","status":"failed","statusDetails":{"known":false,"muted":false,"flaky":false,"message":"expected [hello] but found []","trace":"java.lang.AssertionError: expected [hello] but found []\r\n\tat org.testng.Assert.fail(Assert.java:111)\r\n\tat org.testng.Assert.failNotEquals(Assert.java:1578)\r\n\tat org.testng.Assert.assertEqualsImpl(Assert.java:150)\r\n\tat org.testng.Assert.assertEquals(Assert.java:132)\r\n\tat org.testng.Assert.assertEquals(Assert.java:656)\r\n\tat org.testng.Assert.assertEquals(Assert.java:666)\r\n\tat StepDefinitions.Tree.the_user_is_able_to_see_the_output_inside_the_console(Tree.java:101)\r\n\tat ✽.The user is able to see the output inside the console.(file:///C:/Projects/newFolder-3/Repo1/src/test/resources/Features/Tree.feature:118)\r\n"},"stage":"finished","steps":[],"attachments":[],"parameters":[],"start":1734459071995,"stop":1734459072012}],"attachments":[],"parameters":[],"start":1734459032853,"stop":1734459073712}