{"uuid":"68c68a9b-7c8f-4815-9cd2-ac4e617db478","historyId":"2a60f0eadc7b63b348ed949a45c3cf2c","testCaseId":"9b719aa1e5e658493241cd38b440eb18","fullName":"src/test/resources/Features/LinkedList.feature:53","labels":[{"name":"host","value":"DESKTOP-6M2FCE6"},{"name":"thread","value":"37244@DESKTOP-6M2FCE6.TestNG-PoolService-1(3151)"},{"name":"feature","value":"Linked List"},{"name":"story","value":"LL_Try Here Editor page with valid data"},{"name":"suite","value":"Linked List"},{"name":"testClass","value":"LL_Try Here Editor page with valid data"},{"name":"framework","value":"cucumber4jvm"},{"name":"language","value":"java"},{"name":"gherkin_uri","value":"file:///C:/Projects/newFolder-3/Repo1/src/test/resources/Features/LinkedList.feature"},{"name":"package","value":"src.test.resources.Features.LinkedList_feature.Linked List"}],"links":[],"name":"LL_Try Here Editor page with valid data","status":"failed","statusDetails":{"known":false,"muted":false,"flaky":false,"message":"expected [hello] but found []","trace":"java.lang.AssertionError: expected [hello] but found []\r\n\tat org.testng.Assert.fail(Assert.java:111)\r\n\tat org.testng.Assert.failNotEquals(Assert.java:1578)\r\n\tat org.testng.Assert.assertEqualsImpl(Assert.java:150)\r\n\tat org.testng.Assert.assertEquals(Assert.java:132)\r\n\tat org.testng.Assert.assertEquals(Assert.java:656)\r\n\tat org.testng.Assert.assertEquals(Assert.java:666)\r\n\tat StepDefinitions.Tree.the_user_is_able_to_see_the_output_inside_the_console(Tree.java:101)\r\n\tat ✽.The user is able to see the output inside the console.(file:///C:/Projects/newFolder-3/Repo1/src/test/resources/Features/LinkedList.feature:56)\r\n"},"stage":"finished","steps":[{"name":"Given The user is on the DS Introduction page as signedIn","status":"passed","statusDetails":{"known":false,"muted":false,"flaky":false},"stage":"finished","steps":[],"attachments":[],"parameters":[],"start":1734458575829,"stop":1734458578381},{"name":"And User clicks on Get Started button from Linked List panel","status":"passed","statusDetails":{"known":false,"muted":false,"flaky":false},"stage":"finished","steps":[],"attachments":[],"parameters":[],"start":1734458578381,"stop":1734458578719},{"name":"Given The user is on the editor page of Creating Linked LIst page","status":"passed","statusDetails":{"known":false,"muted":false,"flaky":false},"stage":"finished","steps":[],"attachments":[],"parameters":[],"start":1734458578720,"stop":1734458580562},{"name":"When The user writes the valid python code and clicks on Run button","status":"passed","statusDetails":{"known":false,"muted":false,"flaky":false},"stage":"finished","steps":[],"attachments":[],"parameters":[],"start":1734458580562,"stop":1734458610971},{"name":"Then The user is able to see the output inside the console.","status":"failed","statusDetails":{"known":false,"muted":false,"flaky":false,"message":"expected [hello] but found []","trace":"java.lang.AssertionError: expected [hello] but found []\r\n\tat org.testng.Assert.fail(Assert.java:111)\r\n\tat org.testng.Assert.failNotEquals(Assert.java:1578)\r\n\tat org.testng.Assert.assertEqualsImpl(Assert.java:150)\r\n\tat org.testng.Assert.assertEquals(Assert.java:132)\r\n\tat org.testng.Assert.assertEquals(Assert.java:656)\r\n\tat org.testng.Assert.assertEquals(Assert.java:666)\r\n\tat StepDefinitions.Tree.the_user_is_able_to_see_the_output_inside_the_console(Tree.java:101)\r\n\tat ✽.The user is able to see the output inside the console.(file:///C:/Projects/newFolder-3/Repo1/src/test/resources/Features/LinkedList.feature:56)\r\n"},"stage":"finished","steps":[],"attachments":[],"parameters":[],"start":1734458610971,"stop":1734458610987}],"attachments":[],"parameters":[],"start":1734458570679,"stop":1734458612356}