{"uuid":"82d59468-390a-414f-86d7-4f0a19573f81","historyId":"b97443b89010a553e639152e1739b240","testCaseId":"40090c71ae8b3fa14599c92b109d4053","fullName":"src/test/resources/Features/ArrayDetailsPage.feature:168","labels":[{"name":"host","value":"DESKTOP-6M2FCE6"},{"name":"thread","value":"41172@DESKTOP-6M2FCE6.TestNG-PoolService-3(3150)"},{"name":"feature","value":"Array detail page"},{"name":"story","value":"Validate user is able to Submit the code in tryEditor for Max Consecutive Ones"},{"name":"suite","value":"Array detail page"},{"name":"testClass","value":"Validate user is able to Submit the code in tryEditor for Max Consecutive Ones"},{"name":"framework","value":"cucumber4jvm"},{"name":"language","value":"java"},{"name":"gherkin_uri","value":"file:///C:/Projects/newFolder-3/Repo1/src/test/resources/Features/ArrayDetailsPage.feature"},{"name":"package","value":"src.test.resources.Features.ArrayDetailsPage_feature.Array detail page"}],"links":[],"name":"Validate user is able to Submit the code in tryEditor for Max Consecutive Ones","status":"failed","statusDetails":{"known":false,"muted":false,"flaky":false,"message":"expected [ Some Tests failed. Please review code] but found [Error occurred during submission]","trace":"java.lang.AssertionError: expected [ Some Tests failed. Please review code] but found [Error occurred during submission]\r\n\tat org.testng.Assert.fail(Assert.java:111)\r\n\tat org.testng.Assert.failNotEquals(Assert.java:1578)\r\n\tat org.testng.Assert.assertEqualsImpl(Assert.java:150)\r\n\tat org.testng.Assert.assertEquals(Assert.java:132)\r\n\tat org.testng.Assert.assertEquals(Assert.java:656)\r\n\tat org.testng.Assert.assertEquals(Assert.java:666)\r\n\tat StepDefinitions.ArrayStepDefintions.the_user_should_be_presented_with_the_run_result(ArrayStepDefintions.java:159)\r\n\tat ✽.the user should be presented with the Run result from sheet \"pythonCode\" and row 3(file:///C:/Projects/newFolder-3/Repo1/src/test/resources/Features/ArrayDetailsPage.feature:165)\r\n"},"stage":"finished","steps":[{"name":"Given The user is on the DS Introduction page as signedIn","status":"passed","statusDetails":{"known":false,"muted":false,"flaky":false},"stage":"finished","steps":[],"attachments":[],"parameters":[],"start":1734451000073,"stop":1734451002322},{"name":"When The user clicks on Get Started link for array","status":"passed","statusDetails":{"known":false,"muted":false,"flaky":false},"stage":"finished","steps":[],"attachments":[],"parameters":[],"start":1734451002322,"stop":1734451002625},{"name":"Given The user is on the Practice Questions page of Max Consecutive Ones","status":"passed","statusDetails":{"known":false,"muted":false,"flaky":false},"stage":"finished","steps":[],"attachments":[],"parameters":[],"start":1734451002625,"stop":1734451004729},{"name":"When The user enter python code in tryEditor page sheet \"pythonCode\" and row 3 for the Question and click on submit button","status":"passed","statusDetails":{"known":false,"muted":false,"flaky":false},"stage":"finished","steps":[],"attachments":[],"parameters":[],"start":1734451004729,"stop":1734451007101},{"name":"Then the user should be presented with the Run result from sheet \"pythonCode\" and row 3","status":"failed","statusDetails":{"known":false,"muted":false,"flaky":false,"message":"expected [ Some Tests failed. Please review code] but found [Error occurred during submission]","trace":"java.lang.AssertionError: expected [ Some Tests failed. Please review code] but found [Error occurred during submission]\r\n\tat org.testng.Assert.fail(Assert.java:111)\r\n\tat org.testng.Assert.failNotEquals(Assert.java:1578)\r\n\tat org.testng.Assert.assertEqualsImpl(Assert.java:150)\r\n\tat org.testng.Assert.assertEquals(Assert.java:132)\r\n\tat org.testng.Assert.assertEquals(Assert.java:656)\r\n\tat org.testng.Assert.assertEquals(Assert.java:666)\r\n\tat StepDefinitions.ArrayStepDefintions.the_user_should_be_presented_with_the_run_result(ArrayStepDefintions.java:159)\r\n\tat ✽.the user should be presented with the Run result from sheet \"pythonCode\" and row 3(file:///C:/Projects/newFolder-3/Repo1/src/test/resources/Features/ArrayDetailsPage.feature:165)\r\n"},"stage":"finished","steps":[],"attachments":[],"parameters":[],"start":1734451007101,"stop":1734451007173}],"attachments":[],"parameters":[{"name":"Sheetname","value":"pythonCode"},{"name":"RowNumber","value":"3"}],"start":1734450993675,"stop":1734451009147}