{"uuid":"97ed2d1b-d6c5-4987-849a-f89ec1563ef7","historyId":"c002d23acd99fae7d0792b2581cbda3f","testCaseId":"9b719aa1e5e658493241cd38b440eb18","fullName":"src/test/resources/Features/LinkedList.feature:78","labels":[{"name":"host","value":"DESKTOP-6M2FCE6"},{"name":"thread","value":"41172@DESKTOP-6M2FCE6.TestNG-PoolService-1(3148)"},{"name":"feature","value":"Linked List"},{"name":"story","value":"LL_Try Here Editor page with valid data"},{"name":"suite","value":"Linked List"},{"name":"testClass","value":"LL_Try Here Editor page with valid data"},{"name":"framework","value":"cucumber4jvm"},{"name":"language","value":"java"},{"name":"gherkin_uri","value":"file:///C:/Projects/newFolder-3/Repo1/src/test/resources/Features/LinkedList.feature"},{"name":"package","value":"src.test.resources.Features.LinkedList_feature.Linked List"}],"links":[],"name":"LL_Try Here Editor page with valid data","status":"failed","statusDetails":{"known":false,"muted":false,"flaky":false,"message":"expected [hello] but found []","trace":"java.lang.AssertionError: expected [hello] but found []\r\n\tat org.testng.Assert.fail(Assert.java:111)\r\n\tat org.testng.Assert.failNotEquals(Assert.java:1578)\r\n\tat org.testng.Assert.assertEqualsImpl(Assert.java:150)\r\n\tat org.testng.Assert.assertEquals(Assert.java:132)\r\n\tat org.testng.Assert.assertEquals(Assert.java:656)\r\n\tat org.testng.Assert.assertEquals(Assert.java:666)\r\n\tat StepDefinitions.Tree.the_user_is_able_to_see_the_output_inside_the_console(Tree.java:101)\r\n\tat ✽.The user is able to see the output inside the console.(file:///C:/Projects/newFolder-3/Repo1/src/test/resources/Features/LinkedList.feature:81)\r\n"},"stage":"finished","steps":[{"name":"Given The user is on the DS Introduction page as signedIn","status":"passed","statusDetails":{"known":false,"muted":false,"flaky":false},"stage":"finished","steps":[],"attachments":[],"parameters":[],"start":1734451190157,"stop":1734451191888},{"name":"And User clicks on Get Started button from Linked List panel","status":"passed","statusDetails":{"known":false,"muted":false,"flaky":false},"stage":"finished","steps":[],"attachments":[],"parameters":[],"start":1734451191888,"stop":1734451192159},{"name":"Given The user is on the editor page of Types of Linked List page","status":"passed","statusDetails":{"known":false,"muted":false,"flaky":false},"stage":"finished","steps":[],"attachments":[],"parameters":[],"start":1734451192161,"stop":1734451193680},{"name":"When The user writes the valid python code and clicks on Run button","status":"passed","statusDetails":{"known":false,"muted":false,"flaky":false},"stage":"finished","steps":[],"attachments":[],"parameters":[],"start":1734451193680,"stop":1734451224000},{"name":"Then The user is able to see the output inside the console.","status":"failed","statusDetails":{"known":false,"muted":false,"flaky":false,"message":"expected [hello] but found []","trace":"java.lang.AssertionError: expected [hello] but found []\r\n\tat org.testng.Assert.fail(Assert.java:111)\r\n\tat org.testng.Assert.failNotEquals(Assert.java:1578)\r\n\tat org.testng.Assert.assertEqualsImpl(Assert.java:150)\r\n\tat org.testng.Assert.assertEquals(Assert.java:132)\r\n\tat org.testng.Assert.assertEquals(Assert.java:656)\r\n\tat org.testng.Assert.assertEquals(Assert.java:666)\r\n\tat StepDefinitions.Tree.the_user_is_able_to_see_the_output_inside_the_console(Tree.java:101)\r\n\tat ✽.The user is able to see the output inside the console.(file:///C:/Projects/newFolder-3/Repo1/src/test/resources/Features/LinkedList.feature:81)\r\n"},"stage":"finished","steps":[],"attachments":[],"parameters":[],"start":1734451224000,"stop":1734451224018}],"attachments":[],"parameters":[],"start":1734451185425,"stop":1734451225693}