{"uuid":"b83e0c61-1803-467c-9bb4-22a2ea963d7c","historyId":"b5872aba96d960968fe27757fe53152c","testCaseId":"b6dbb86af8bc15744638b28aa5f9ebc2","fullName":"src/test/resources/Features/Tree.feature:393","labels":[{"name":"host","value":"DESKTOP-6M2FCE6"},{"name":"thread","value":"41172@DESKTOP-6M2FCE6.TestNG-PoolService-3(3150)"},{"name":"feature","value":"Tree"},{"name":"story","value":"Try Here Editor page with valid data"},{"name":"suite","value":"Tree"},{"name":"testClass","value":"Try Here Editor page with valid data"},{"name":"framework","value":"cucumber4jvm"},{"name":"language","value":"java"},{"name":"gherkin_uri","value":"file:///C:/Projects/newFolder-3/Repo1/src/test/resources/Features/Tree.feature"},{"name":"package","value":"src.test.resources.Features.Tree_feature.Tree"}],"links":[],"name":"Try Here Editor page with valid data","status":"failed","statusDetails":{"known":false,"muted":false,"flaky":false,"message":"expected [hello] but found []","trace":"java.lang.AssertionError: expected [hello] but found []\r\n\tat org.testng.Assert.fail(Assert.java:111)\r\n\tat org.testng.Assert.failNotEquals(Assert.java:1578)\r\n\tat org.testng.Assert.assertEqualsImpl(Assert.java:150)\r\n\tat org.testng.Assert.assertEquals(Assert.java:132)\r\n\tat org.testng.Assert.assertEquals(Assert.java:656)\r\n\tat org.testng.Assert.assertEquals(Assert.java:666)\r\n\tat StepDefinitions.Tree.the_user_is_able_to_see_the_output_inside_the_console(Tree.java:101)\r\n\tat ✽.The user is able to see the output inside the console.(file:///C:/Projects/newFolder-3/Repo1/src/test/resources/Features/Tree.feature:397)\r\n"},"stage":"finished","steps":[{"name":"Given The user is on the DS Introduction page as signedIn","status":"passed","statusDetails":{"known":false,"muted":false,"flaky":false},"stage":"finished","steps":[],"attachments":[],"parameters":[],"start":1734451848992,"stop":1734451851199},{"name":"And User clicks on Get Started button from Tree panel","status":"passed","statusDetails":{"known":false,"muted":false,"flaky":false},"stage":"finished","steps":[],"attachments":[],"parameters":[],"start":1734451851199,"stop":1734451851432},{"name":"Given The user is on the editor page of Implementation Of BST page","status":"passed","statusDetails":{"known":false,"muted":false,"flaky":false},"stage":"finished","steps":[],"attachments":[],"parameters":[],"start":1734451851432,"stop":1734451852989},{"name":"When The user writes the valid python code and clicks on Run button","status":"passed","statusDetails":{"known":false,"muted":false,"flaky":false},"stage":"finished","steps":[],"attachments":[],"parameters":[],"start":1734451852989,"stop":1734451883280},{"name":"Then The user is able to see the output inside the console.","status":"failed","statusDetails":{"known":false,"muted":false,"flaky":false,"message":"expected [hello] but found []","trace":"java.lang.AssertionError: expected [hello] but found []\r\n\tat org.testng.Assert.fail(Assert.java:111)\r\n\tat org.testng.Assert.failNotEquals(Assert.java:1578)\r\n\tat org.testng.Assert.assertEqualsImpl(Assert.java:150)\r\n\tat org.testng.Assert.assertEquals(Assert.java:132)\r\n\tat org.testng.Assert.assertEquals(Assert.java:656)\r\n\tat org.testng.Assert.assertEquals(Assert.java:666)\r\n\tat StepDefinitions.Tree.the_user_is_able_to_see_the_output_inside_the_console(Tree.java:101)\r\n\tat ✽.The user is able to see the output inside the console.(file:///C:/Projects/newFolder-3/Repo1/src/test/resources/Features/Tree.feature:397)\r\n"},"stage":"finished","steps":[],"attachments":[],"parameters":[],"start":1734451883280,"stop":1734451883281}],"attachments":[],"parameters":[],"start":1734451843999,"stop":1734451883927}