{"uuid":"c002e5d0-da04-49bf-8ade-ecdac2e9016e","historyId":"421f5ede5370edb1f955359dab83b03c","testCaseId":"b2a2104be172f5a7d03ab42d5dc91ea2","fullName":"src/test/resources/Features/ArrayDetailsPage.feature:182","labels":[{"name":"host","value":"DESKTOP-6M2FCE6"},{"name":"thread","value":"37244@DESKTOP-6M2FCE6.TestNG-PoolService-3(3153)"},{"name":"feature","value":"Array detail page"},{"name":"story","value":"Validate user is able to run the code in tryEditor for Even number of digits"},{"name":"suite","value":"Array detail page"},{"name":"testClass","value":"Validate user is able to run the code in tryEditor for Even number of digits"},{"name":"framework","value":"cucumber4jvm"},{"name":"language","value":"java"},{"name":"gherkin_uri","value":"file:///C:/Projects/newFolder-3/Repo1/src/test/resources/Features/ArrayDetailsPage.feature"},{"name":"package","value":"src.test.resources.Features.ArrayDetailsPage_feature.Array detail page"}],"links":[],"name":"Validate user is able to run the code in tryEditor for Even number of digits","status":"broken","statusDetails":{"known":false,"muted":false,"flaky":false,"message":"Unexpected alert dialog detected. Performed handler \"dismiss\". Dialog text: SyntaxError: bad input on line 2: \nBuild info: version: '4.26.0', revision: '8ccf0219d7'\nSystem info: os.name: 'Windows 11', os.arch: 'amd64', os.version: '10.0', java.version: '21.0.5'\nDriver info: org.openqa.selenium.firefox.FirefoxDriver\nCommand: [cd69d270-4d58-4d76-a91f-f7d63a36f376, findElement {value=#output, using=css selector}]\nCapabilities {acceptInsecureCerts: true, browserName: firefox, browserVersion: 133.0.3, moz:accessibilityChecks: false, moz:buildID: 20241209150345, moz:debuggerAddress: 127.0.0.1:13977, moz:geckodriverVersion: 0.35.0, moz:headless: false, moz:platformVersion: 10.0, moz:processID: 38008, moz:profile: C:\\Users\\vamsh\\AppData\\Loca..., moz:shutdownTimeout: 60000, moz:webdriverClick: true, moz:windowless: false, pageLoadStrategy: normal, platformName: windows, proxy: Proxy(), se:cdp: ws://127.0.0.1:13977/devtoo..., se:cdpVersion: 85.0, setWindowRect: true, strictFileInteractability: false, timeouts: {implicit: 0, pageLoad: 300000, script: 30000}, unhandledPromptBehavior: dismiss and notify, userAgent: Mozilla/5.0 (Windows NT 10....}\nSession ID: cd69d270-4d58-4d76-a91f-f7d63a36f376","trace":"org.openqa.selenium.UnhandledAlertException: Unexpected alert dialog detected. Performed handler \"dismiss\". Dialog text: SyntaxError: bad input on line 2: \nBuild info: version: '4.26.0', revision: '8ccf0219d7'\nSystem info: os.name: 'Windows 11', os.arch: 'amd64', os.version: '10.0', java.version: '21.0.5'\nDriver info: org.openqa.selenium.firefox.FirefoxDriver\nCommand: [cd69d270-4d58-4d76-a91f-f7d63a36f376, findElement {value=#output, using=css selector}]\nCapabilities {acceptInsecureCerts: true, browserName: firefox, browserVersion: 133.0.3, moz:accessibilityChecks: false, moz:buildID: 20241209150345, moz:debuggerAddress: 127.0.0.1:13977, moz:geckodriverVersion: 0.35.0, moz:headless: false, moz:platformVersion: 10.0, moz:processID: 38008, moz:profile: C:\\Users\\vamsh\\AppData\\Loca..., moz:shutdownTimeout: 60000, moz:webdriverClick: true, moz:windowless: false, pageLoadStrategy: normal, platformName: windows, proxy: Proxy(), se:cdp: ws://127.0.0.1:13977/devtoo..., se:cdpVersion: 85.0, setWindowRect: true, strictFileInteractability: false, timeouts: {implicit: 0, pageLoad: 300000, script: 30000}, unhandledPromptBehavior: dismiss and notify, userAgent: Mozilla/5.0 (Windows NT 10....}\nSession ID: cd69d270-4d58-4d76-a91f-f7d63a36f376\r\n\tat org.openqa.selenium.remote.codec.w3c.W3CHttpResponseCodec.decode(W3CHttpResponseCodec.java:136)\r\n\tat org.openqa.selenium.remote.codec.w3c.W3CHttpResponseCodec.decode(W3CHttpResponseCodec.java:50)\r\n\tat org.openqa.selenium.remote.HttpCommandExecutor.execute(HttpCommandExecutor.java:190)\r\n\tat org.openqa.selenium.remote.service.DriverCommandExecutor.invokeExecute(DriverCommandExecutor.java:216)\r\n\tat org.openqa.selenium.remote.service.DriverCommandExecutor.execute(DriverCommandExecutor.java:174)\r\n\tat org.openqa.selenium.remote.RemoteWebDriver.execute(RemoteWebDriver.java:545)\r\n\tat org.openqa.selenium.remote.ElementLocation$ElementFinder$2.findElement(ElementLocation.java:165)\r\n\tat org.openqa.selenium.remote.ElementLocation.findElement(ElementLocation.java:59)\r\n\tat org.openqa.selenium.remote.RemoteWebDriver.findElement(RemoteWebDriver.java:368)\r\n\tat org.openqa.selenium.remote.RemoteWebDriver.findElement(RemoteWebDriver.java:362)\r\n\tat PageObjects.IntroductionPage.getTextForElement(IntroductionPage.java:106)\r\n\tat StepDefinitions.ArrayStepDefintions.the_user_should_be_presented_with_the_run_result(ArrayStepDefintions.java:159)\r\n\tat ✽.the user should be presented with the Run result from sheet \"pythonCode\" and row 4(file:///C:/Projects/newFolder-3/Repo1/src/test/resources/Features/ArrayDetailsPage.feature:179)\r\n"},"stage":"finished","steps":[{"name":"Given The user is on the DS Introduction page as signedIn","status":"passed","statusDetails":{"known":false,"muted":false,"flaky":false},"stage":"finished","steps":[],"attachments":[],"parameters":[],"start":1734458376451,"stop":1734458379098},{"name":"When The user clicks on Get Started link for array","status":"passed","statusDetails":{"known":false,"muted":false,"flaky":false},"stage":"finished","steps":[],"attachments":[],"parameters":[],"start":1734458379098,"stop":1734458379462},{"name":"Given The user is on the Practice Questions page of Find Numbers with Even Number of Digits","status":"passed","statusDetails":{"known":false,"muted":false,"flaky":false},"stage":"finished","steps":[],"attachments":[],"parameters":[],"start":1734458379463,"stop":1734458381626},{"name":"When The user enter python code in tryEditor page sheet \"pythonCode\" and row 4 for the Question and click on run button","status":"passed","statusDetails":{"known":false,"muted":false,"flaky":false},"stage":"finished","steps":[],"attachments":[],"parameters":[],"start":1734458381626,"stop":1734458383314},{"name":"Then the user should be presented with the Run result from sheet \"pythonCode\" and row 4","status":"broken","statusDetails":{"known":false,"muted":false,"flaky":false,"message":"Unexpected alert dialog detected. Performed handler \"dismiss\". Dialog text: SyntaxError: bad input on line 2: \nBuild info: version: '4.26.0', revision: '8ccf0219d7'\nSystem info: os.name: 'Windows 11', os.arch: 'amd64', os.version: '10.0', java.version: '21.0.5'\nDriver info: org.openqa.selenium.firefox.FirefoxDriver\nCommand: [cd69d270-4d58-4d76-a91f-f7d63a36f376, findElement {value=#output, using=css selector}]\nCapabilities {acceptInsecureCerts: true, browserName: firefox, browserVersion: 133.0.3, moz:accessibilityChecks: false, moz:buildID: 20241209150345, moz:debuggerAddress: 127.0.0.1:13977, moz:geckodriverVersion: 0.35.0, moz:headless: false, moz:platformVersion: 10.0, moz:processID: 38008, moz:profile: C:\\Users\\vamsh\\AppData\\Loca..., moz:shutdownTimeout: 60000, moz:webdriverClick: true, moz:windowless: false, pageLoadStrategy: normal, platformName: windows, proxy: Proxy(), se:cdp: ws://127.0.0.1:13977/devtoo..., se:cdpVersion: 85.0, setWindowRect: true, strictFileInteractability: false, timeouts: {implicit: 0, pageLoad: 300000, script: 30000}, unhandledPromptBehavior: dismiss and notify, userAgent: Mozilla/5.0 (Windows NT 10....}\nSession ID: cd69d270-4d58-4d76-a91f-f7d63a36f376","trace":"org.openqa.selenium.UnhandledAlertException: Unexpected alert dialog detected. Performed handler \"dismiss\". Dialog text: SyntaxError: bad input on line 2: \nBuild info: version: '4.26.0', revision: '8ccf0219d7'\nSystem info: os.name: 'Windows 11', os.arch: 'amd64', os.version: '10.0', java.version: '21.0.5'\nDriver info: org.openqa.selenium.firefox.FirefoxDriver\nCommand: [cd69d270-4d58-4d76-a91f-f7d63a36f376, findElement {value=#output, using=css selector}]\nCapabilities {acceptInsecureCerts: true, browserName: firefox, browserVersion: 133.0.3, moz:accessibilityChecks: false, moz:buildID: 20241209150345, moz:debuggerAddress: 127.0.0.1:13977, moz:geckodriverVersion: 0.35.0, moz:headless: false, moz:platformVersion: 10.0, moz:processID: 38008, moz:profile: C:\\Users\\vamsh\\AppData\\Loca..., moz:shutdownTimeout: 60000, moz:webdriverClick: true, moz:windowless: false, pageLoadStrategy: normal, platformName: windows, proxy: Proxy(), se:cdp: ws://127.0.0.1:13977/devtoo..., se:cdpVersion: 85.0, setWindowRect: true, strictFileInteractability: false, timeouts: {implicit: 0, pageLoad: 300000, script: 30000}, unhandledPromptBehavior: dismiss and notify, userAgent: Mozilla/5.0 (Windows NT 10....}\nSession ID: cd69d270-4d58-4d76-a91f-f7d63a36f376\r\n\tat org.openqa.selenium.remote.codec.w3c.W3CHttpResponseCodec.decode(W3CHttpResponseCodec.java:136)\r\n\tat org.openqa.selenium.remote.codec.w3c.W3CHttpResponseCodec.decode(W3CHttpResponseCodec.java:50)\r\n\tat org.openqa.selenium.remote.HttpCommandExecutor.execute(HttpCommandExecutor.java:190)\r\n\tat org.openqa.selenium.remote.service.DriverCommandExecutor.invokeExecute(DriverCommandExecutor.java:216)\r\n\tat org.openqa.selenium.remote.service.DriverCommandExecutor.execute(DriverCommandExecutor.java:174)\r\n\tat org.openqa.selenium.remote.RemoteWebDriver.execute(RemoteWebDriver.java:545)\r\n\tat org.openqa.selenium.remote.ElementLocation$ElementFinder$2.findElement(ElementLocation.java:165)\r\n\tat org.openqa.selenium.remote.ElementLocation.findElement(ElementLocation.java:59)\r\n\tat org.openqa.selenium.remote.RemoteWebDriver.findElement(RemoteWebDriver.java:368)\r\n\tat org.openqa.selenium.remote.RemoteWebDriver.findElement(RemoteWebDriver.java:362)\r\n\tat PageObjects.IntroductionPage.getTextForElement(IntroductionPage.java:106)\r\n\tat StepDefinitions.ArrayStepDefintions.the_user_should_be_presented_with_the_run_result(ArrayStepDefintions.java:159)\r\n\tat ✽.the user should be presented with the Run result from sheet \"pythonCode\" and row 4(file:///C:/Projects/newFolder-3/Repo1/src/test/resources/Features/ArrayDetailsPage.feature:179)\r\n"},"stage":"finished","steps":[],"attachments":[],"parameters":[],"start":1734458383315,"stop":1734458383431}],"attachments":[],"parameters":[{"name":"Sheetname","value":"pythonCode"},{"name":"RowNumber","value":"4"}],"start":1734458368718,"stop":1734458386268}