{"uuid":"d72b504f-eccf-45ed-9177-c3fe1c0e8402","historyId":"afbb23d2e352bd0623bcbae37a982554","testCaseId":"5a3a666c8c8864048d295cd26b4ed7ae","fullName":"src/test/resources/Features/StackPage.feature:56","labels":[{"name":"host","value":"DESKTOP-6M2FCE6"},{"name":"thread","value":"41172@DESKTOP-6M2FCE6.TestNG-PoolService-1(3148)"},{"name":"feature","value":"Stack page"},{"name":"story","value":"Valid code on try editor for Implementation runs successfully"},{"name":"suite","value":"Stack page"},{"name":"testClass","value":"Valid code on try editor for Implementation runs successfully"},{"name":"framework","value":"cucumber4jvm"},{"name":"language","value":"java"},{"name":"gherkin_uri","value":"file:///C:/Projects/newFolder-3/Repo1/src/test/resources/Features/StackPage.feature"},{"name":"package","value":"src.test.resources.Features.StackPage_feature.Stack page"}],"links":[],"name":"Valid code on try editor for Implementation runs successfully","status":"failed","statusDetails":{"known":false,"muted":false,"flaky":false,"message":"expected [hello] but found []","trace":"java.lang.AssertionError: expected [hello] but found []\r\n\tat org.testng.Assert.fail(Assert.java:111)\r\n\tat org.testng.Assert.failNotEquals(Assert.java:1578)\r\n\tat org.testng.Assert.assertEqualsImpl(Assert.java:150)\r\n\tat org.testng.Assert.assertEquals(Assert.java:132)\r\n\tat org.testng.Assert.assertEquals(Assert.java:656)\r\n\tat org.testng.Assert.assertEquals(Assert.java:666)\r\n\tat StepDefinitions.DSIntroductionDetails.the_user_should_able_to_see_output_in_the_console(DSIntroductionDetails.java:223)\r\n\tat ✽.The user should able to see output in the console(file:///C:/Projects/newFolder-3/Repo1/src/test/resources/Features/StackPage.feature:59)\r\n"},"stage":"finished","description":"  I want to test the StackPage","steps":[{"name":"Given The user is on the DS Introduction page as signedIn","status":"passed","statusDetails":{"known":false,"muted":false,"flaky":false},"stage":"finished","steps":[],"attachments":[],"parameters":[],"start":1734451496872,"stop":1734451498994},{"name":"When The user clicks on Get Started link for stack","status":"passed","statusDetails":{"known":false,"muted":false,"flaky":false},"stage":"finished","steps":[],"attachments":[],"parameters":[],"start":1734451498994,"stop":1734451499350},{"name":"Given The user is on the Implementation page","status":"passed","statusDetails":{"known":false,"muted":false,"flaky":false},"stage":"finished","steps":[],"attachments":[],"parameters":[],"start":1734451499350,"stop":1734451499697},{"name":"When User writes valid code and clicks run button","status":"passed","statusDetails":{"known":false,"muted":false,"flaky":false},"stage":"finished","steps":[],"attachments":[],"parameters":[],"start":1734451499697,"stop":1734451501136},{"name":"Then The user should able to see output in the console","status":"failed","statusDetails":{"known":false,"muted":false,"flaky":false,"message":"expected [hello] but found []","trace":"java.lang.AssertionError: expected [hello] but found []\r\n\tat org.testng.Assert.fail(Assert.java:111)\r\n\tat org.testng.Assert.failNotEquals(Assert.java:1578)\r\n\tat org.testng.Assert.assertEqualsImpl(Assert.java:150)\r\n\tat org.testng.Assert.assertEquals(Assert.java:132)\r\n\tat org.testng.Assert.assertEquals(Assert.java:656)\r\n\tat org.testng.Assert.assertEquals(Assert.java:666)\r\n\tat StepDefinitions.DSIntroductionDetails.the_user_should_able_to_see_output_in_the_console(DSIntroductionDetails.java:223)\r\n\tat ✽.The user should able to see output in the console(file:///C:/Projects/newFolder-3/Repo1/src/test/resources/Features/StackPage.feature:59)\r\n"},"stage":"finished","steps":[],"attachments":[],"parameters":[],"start":1734451501136,"stop":1734451501164}],"attachments":[],"parameters":[],"start":1734451491016,"stop":1734451503080}