{"uuid":"d7c21dac-e7bd-4b6a-bae3-ea8f98b544f0","historyId":"8b2d170253c4c273339d381147a87974","testCaseId":"707af3be23e4b250e9ff80c897413021","fullName":"src/test/resources/Features/ArrayDetailsPage.feature:95","labels":[{"name":"host","value":"DESKTOP-6M2FCE6"},{"name":"thread","value":"37244@DESKTOP-6M2FCE6.TestNG-PoolService-1(33)"},{"name":"feature","value":"Array detail page"},{"name":"story","value":"Error message displayed for invalid code on try Editor for applications of array"},{"name":"suite","value":"Array detail page"},{"name":"testClass","value":"Error message displayed for invalid code on try Editor for applications of array"},{"name":"framework","value":"cucumber4jvm"},{"name":"language","value":"java"},{"name":"gherkin_uri","value":"file:///C:/Projects/newFolder-3/Repo1/src/test/resources/Features/ArrayDetailsPage.feature"},{"name":"package","value":"src.test.resources.Features.ArrayDetailsPage_feature.Array detail page"}],"links":[],"name":"Error message displayed for invalid code on try Editor for applications of array","status":"broken","statusDetails":{"known":false,"muted":false,"flaky":false,"message":"element not interactable\n  (Session info: chrome=131.0.6778.140)\nBuild info: version: '4.26.0', revision: '8ccf0219d7'\nSystem info: os.name: 'Windows 11', os.arch: 'amd64', os.version: '10.0', java.version: '21.0.5'\nDriver info: org.openqa.selenium.chrome.ChromeDriver\nCommand: [9dce386854c8c600ac757bdcb24ccb0c, sendKeysToElement {value=[Ljava.lang.CharSequence;@5d8ce3ab, id=f.4459E355937B449AC21ABA9655A77E33.d.186C7A55669E739BB590A7F0A15144DA.e.49}]\nCapabilities {acceptInsecureCerts: false, browserName: chrome, browserVersion: 131.0.6778.140, chrome: {chromedriverVersion: 131.0.6778.108 (3b014839fbc..., userDataDir: C:\\Users\\vamsh\\AppData\\Loca...}, fedcm:accounts: true, goog:chromeOptions: {debuggerAddress: localhost:55277}, networkConnectionEnabled: false, pageLoadStrategy: normal, platformName: windows, proxy: Proxy(), se:cdp: ws://localhost:55277/devtoo..., se:cdpVersion: 131.0.6778.140, setWindowRect: true, strictFileInteractability: false, timeouts: {implicit: 0, pageLoad: 300000, script: 30000}, unhandledPromptBehavior: dismiss and notify, webauthn:extension:credBlob: true, webauthn:extension:largeBlob: true, webauthn:extension:minPinLength: true, webauthn:extension:prf: true, webauthn:virtualAuthenticators: true}\nElement: [[ChromeDriver: chrome on windows (9dce386854c8c600ac757bdcb24ccb0c)] -> css selector: .CodeMirror textarea]\nSession ID: 9dce386854c8c600ac757bdcb24ccb0c","trace":"org.openqa.selenium.ElementNotInteractableException: element not interactable\n  (Session info: chrome=131.0.6778.140)\nBuild info: version: '4.26.0', revision: '8ccf0219d7'\nSystem info: os.name: 'Windows 11', os.arch: 'amd64', os.version: '10.0', java.version: '21.0.5'\nDriver info: org.openqa.selenium.chrome.ChromeDriver\nCommand: [9dce386854c8c600ac757bdcb24ccb0c, sendKeysToElement {value=[Ljava.lang.CharSequence;@5d8ce3ab, id=f.4459E355937B449AC21ABA9655A77E33.d.186C7A55669E739BB590A7F0A15144DA.e.49}]\nCapabilities {acceptInsecureCerts: false, browserName: chrome, browserVersion: 131.0.6778.140, chrome: {chromedriverVersion: 131.0.6778.108 (3b014839fbc..., userDataDir: C:\\Users\\vamsh\\AppData\\Loca...}, fedcm:accounts: true, goog:chromeOptions: {debuggerAddress: localhost:55277}, networkConnectionEnabled: false, pageLoadStrategy: normal, platformName: windows, proxy: Proxy(), se:cdp: ws://localhost:55277/devtoo..., se:cdpVersion: 131.0.6778.140, setWindowRect: true, strictFileInteractability: false, timeouts: {implicit: 0, pageLoad: 300000, script: 30000}, unhandledPromptBehavior: dismiss and notify, webauthn:extension:credBlob: true, webauthn:extension:largeBlob: true, webauthn:extension:minPinLength: true, webauthn:extension:prf: true, webauthn:virtualAuthenticators: true}\nElement: [[ChromeDriver: chrome on windows (9dce386854c8c600ac757bdcb24ccb0c)] -> css selector: .CodeMirror textarea]\nSession ID: 9dce386854c8c600ac757bdcb24ccb0c\r\n\tat java.base/jdk.internal.reflect.DirectConstructorHandleAccessor.newInstance(DirectConstructorHandleAccessor.java:62)\r\n\tat java.base/java.lang.reflect.Constructor.newInstanceWithCaller(Constructor.java:502)\r\n\tat java.base/java.lang.reflect.Constructor.newInstance(Constructor.java:486)\r\n\tat org.openqa.selenium.remote.ErrorCodec.decode(ErrorCodec.java:167)\r\n\tat org.openqa.selenium.remote.codec.w3c.W3CHttpResponseCodec.decode(W3CHttpResponseCodec.java:138)\r\n\tat org.openqa.selenium.remote.codec.w3c.W3CHttpResponseCodec.decode(W3CHttpResponseCodec.java:50)\r\n\tat org.openqa.selenium.remote.HttpCommandExecutor.execute(HttpCommandExecutor.java:190)\r\n\tat org.openqa.selenium.remote.service.DriverCommandExecutor.invokeExecute(DriverCommandExecutor.java:216)\r\n\tat org.openqa.selenium.remote.service.DriverCommandExecutor.execute(DriverCommandExecutor.java:174)\r\n\tat org.openqa.selenium.remote.RemoteWebDriver.execute(RemoteWebDriver.java:545)\r\n\tat org.openqa.selenium.remote.RemoteWebElement.execute(RemoteWebElement.java:223)\r\n\tat org.openqa.selenium.remote.RemoteWebElement.sendKeys(RemoteWebElement.java:110)\r\n\tat PageObjects.IntroductionPage.enterCodeInEditor(IntroductionPage.java:82)\r\n\tat StepDefinitions.DSIntroductionDetails.user_writes_invalid_code_and_clicks_run_button(DSIntroductionDetails.java:184)\r\n\tat âœ½.User writes invalid code and clicks run button(file:///C:/Projects/newFolder-3/Repo1/src/test/resources/Features/ArrayDetailsPage.feature:97)\r\n"},"stage":"finished","steps":[{"name":"Given The user is on the DS Introduction page as signedIn","status":"passed","statusDetails":{"known":false,"muted":false,"flaky":false},"stage":"finished","steps":[],"attachments":[],"parameters":[],"start":1734457745116,"stop":1734457747876},{"name":"When The user clicks on Get Started link for array","status":"passed","statusDetails":{"known":false,"muted":false,"flaky":false},"stage":"finished","steps":[],"attachments":[],"parameters":[],"start":1734457747876,"stop":1734457748415},{"name":"Given The user is on the applications of array","status":"passed","statusDetails":{"known":false,"muted":false,"flaky":false},"stage":"finished","steps":[],"attachments":[],"parameters":[],"start":1734457748415,"stop":1734457748830},{"name":"When User writes invalid code and clicks run button","status":"broken","statusDetails":{"known":false,"muted":false,"flaky":false,"message":"element not interactable\n  (Session info: chrome=131.0.6778.140)\nBuild info: version: '4.26.0', revision: '8ccf0219d7'\nSystem info: os.name: 'Windows 11', os.arch: 'amd64', os.version: '10.0', java.version: '21.0.5'\nDriver info: org.openqa.selenium.chrome.ChromeDriver\nCommand: [9dce386854c8c600ac757bdcb24ccb0c, sendKeysToElement {value=[Ljava.lang.CharSequence;@5d8ce3ab, id=f.4459E355937B449AC21ABA9655A77E33.d.186C7A55669E739BB590A7F0A15144DA.e.49}]\nCapabilities {acceptInsecureCerts: false, browserName: chrome, browserVersion: 131.0.6778.140, chrome: {chromedriverVersion: 131.0.6778.108 (3b014839fbc..., userDataDir: C:\\Users\\vamsh\\AppData\\Loca...}, fedcm:accounts: true, goog:chromeOptions: {debuggerAddress: localhost:55277}, networkConnectionEnabled: false, pageLoadStrategy: normal, platformName: windows, proxy: Proxy(), se:cdp: ws://localhost:55277/devtoo..., se:cdpVersion: 131.0.6778.140, setWindowRect: true, strictFileInteractability: false, timeouts: {implicit: 0, pageLoad: 300000, script: 30000}, unhandledPromptBehavior: dismiss and notify, webauthn:extension:credBlob: true, webauthn:extension:largeBlob: true, webauthn:extension:minPinLength: true, webauthn:extension:prf: true, webauthn:virtualAuthenticators: true}\nElement: [[ChromeDriver: chrome on windows (9dce386854c8c600ac757bdcb24ccb0c)] -> css selector: .CodeMirror textarea]\nSession ID: 9dce386854c8c600ac757bdcb24ccb0c","trace":"org.openqa.selenium.ElementNotInteractableException: element not interactable\n  (Session info: chrome=131.0.6778.140)\nBuild info: version: '4.26.0', revision: '8ccf0219d7'\nSystem info: os.name: 'Windows 11', os.arch: 'amd64', os.version: '10.0', java.version: '21.0.5'\nDriver info: org.openqa.selenium.chrome.ChromeDriver\nCommand: [9dce386854c8c600ac757bdcb24ccb0c, sendKeysToElement {value=[Ljava.lang.CharSequence;@5d8ce3ab, id=f.4459E355937B449AC21ABA9655A77E33.d.186C7A55669E739BB590A7F0A15144DA.e.49}]\nCapabilities {acceptInsecureCerts: false, browserName: chrome, browserVersion: 131.0.6778.140, chrome: {chromedriverVersion: 131.0.6778.108 (3b014839fbc..., userDataDir: C:\\Users\\vamsh\\AppData\\Loca...}, fedcm:accounts: true, goog:chromeOptions: {debuggerAddress: localhost:55277}, networkConnectionEnabled: false, pageLoadStrategy: normal, platformName: windows, proxy: Proxy(), se:cdp: ws://localhost:55277/devtoo..., se:cdpVersion: 131.0.6778.140, setWindowRect: true, strictFileInteractability: false, timeouts: {implicit: 0, pageLoad: 300000, script: 30000}, unhandledPromptBehavior: dismiss and notify, webauthn:extension:credBlob: true, webauthn:extension:largeBlob: true, webauthn:extension:minPinLength: true, webauthn:extension:prf: true, webauthn:virtualAuthenticators: true}\nElement: [[ChromeDriver: chrome on windows (9dce386854c8c600ac757bdcb24ccb0c)] -> css selector: .CodeMirror textarea]\nSession ID: 9dce386854c8c600ac757bdcb24ccb0c\r\n\tat java.base/jdk.internal.reflect.DirectConstructorHandleAccessor.newInstance(DirectConstructorHandleAccessor.java:62)\r\n\tat java.base/java.lang.reflect.Constructor.newInstanceWithCaller(Constructor.java:502)\r\n\tat java.base/java.lang.reflect.Constructor.newInstance(Constructor.java:486)\r\n\tat org.openqa.selenium.remote.ErrorCodec.decode(ErrorCodec.java:167)\r\n\tat org.openqa.selenium.remote.codec.w3c.W3CHttpResponseCodec.decode(W3CHttpResponseCodec.java:138)\r\n\tat org.openqa.selenium.remote.codec.w3c.W3CHttpResponseCodec.decode(W3CHttpResponseCodec.java:50)\r\n\tat org.openqa.selenium.remote.HttpCommandExecutor.execute(HttpCommandExecutor.java:190)\r\n\tat org.openqa.selenium.remote.service.DriverCommandExecutor.invokeExecute(DriverCommandExecutor.java:216)\r\n\tat org.openqa.selenium.remote.service.DriverCommandExecutor.execute(DriverCommandExecutor.java:174)\r\n\tat org.openqa.selenium.remote.RemoteWebDriver.execute(RemoteWebDriver.java:545)\r\n\tat org.openqa.selenium.remote.RemoteWebElement.execute(RemoteWebElement.java:223)\r\n\tat org.openqa.selenium.remote.RemoteWebElement.sendKeys(RemoteWebElement.java:110)\r\n\tat PageObjects.IntroductionPage.enterCodeInEditor(IntroductionPage.java:82)\r\n\tat StepDefinitions.DSIntroductionDetails.user_writes_invalid_code_and_clicks_run_button(DSIntroductionDetails.java:184)\r\n\tat âœ½.User writes invalid code and clicks run button(file:///C:/Projects/newFolder-3/Repo1/src/test/resources/Features/ArrayDetailsPage.feature:97)\r\n"},"stage":"finished","steps":[],"attachments":[],"parameters":[],"start":1734457748830,"stop":1734457749883},{"name":"Then The user should able to see an error message in alert window","status":"skipped","statusDetails":{"known":false,"muted":false,"flaky":false},"stage":"finished","steps":[],"attachments":[],"parameters":[],"start":1734457749884,"stop":1734457749885}],"attachments":[],"parameters":[],"start":1734457743685,"stop":1734457750659}