{"uuid":"fa84b836-575e-490f-9620-d4d49827197e","historyId":"9e0265e7614e804cf70efa8b5b8df476","testCaseId":"ead62ad82cee3745f969b9f88c7d4993","fullName":"src/test/resources/Features/StackPage.feature:34","labels":[{"name":"host","value":"DESKTOP-6M2FCE6"},{"name":"thread","value":"25324@DESKTOP-6M2FCE6.TestNG-PoolService-1(33)"},{"name":"feature","value":"Stack page"},{"name":"story","value":"Valid code on try editor for Operations in Stack runs successfully"},{"name":"suite","value":"Stack page"},{"name":"testClass","value":"Valid code on try editor for Operations in Stack runs successfully"},{"name":"framework","value":"cucumber4jvm"},{"name":"language","value":"java"},{"name":"gherkin_uri","value":"file:///C:/Projects/Repo1/src/test/resources/Features/StackPage.feature"},{"name":"package","value":"src.test.resources.Features.StackPage_feature.Stack page"}],"links":[],"name":"Valid code on try editor for Operations in Stack runs successfully","status":"broken","statusDetails":{"known":false,"muted":false,"flaky":false,"message":"element not interactable\n  (Session info: chrome=131.0.6778.109)\nBuild info: version: '4.26.0', revision: '8ccf0219d7'\nSystem info: os.name: 'Windows 11', os.arch: 'amd64', os.version: '10.0', java.version: '21.0.5'\nDriver info: org.openqa.selenium.chrome.ChromeDriver\nCommand: [6f3bf4e4f2f553e081c9e043f30101bc, sendKeysToElement {value=[Ljava.lang.CharSequence;@6c4b0d42, id=f.2B9CC03B53CC5D2220C71C8CF4D4F8CC.d.A1FFC27EF816FBC38687441A0774D557.e.52}]\nCapabilities {acceptInsecureCerts: false, browserName: chrome, browserVersion: 131.0.6778.109, chrome: {chromedriverVersion: 131.0.6778.87 (ce31cae94873..., userDataDir: C:\\Users\\vamsh\\AppData\\Loca...}, fedcm:accounts: true, goog:chromeOptions: {debuggerAddress: localhost:60938}, networkConnectionEnabled: false, pageLoadStrategy: normal, platformName: windows, proxy: Proxy(), se:cdp: ws://localhost:60938/devtoo..., se:cdpVersion: 131.0.6778.109, setWindowRect: true, strictFileInteractability: false, timeouts: {implicit: 0, pageLoad: 300000, script: 30000}, unhandledPromptBehavior: dismiss and notify, webauthn:extension:credBlob: true, webauthn:extension:largeBlob: true, webauthn:extension:minPinLength: true, webauthn:extension:prf: true, webauthn:virtualAuthenticators: true}\nElement: [[ChromeDriver: chrome on windows (6f3bf4e4f2f553e081c9e043f30101bc)] -> css selector: .CodeMirror textarea]\nSession ID: 6f3bf4e4f2f553e081c9e043f30101bc","trace":"org.openqa.selenium.ElementNotInteractableException: element not interactable\n  (Session info: chrome=131.0.6778.109)\nBuild info: version: '4.26.0', revision: '8ccf0219d7'\nSystem info: os.name: 'Windows 11', os.arch: 'amd64', os.version: '10.0', java.version: '21.0.5'\nDriver info: org.openqa.selenium.chrome.ChromeDriver\nCommand: [6f3bf4e4f2f553e081c9e043f30101bc, sendKeysToElement {value=[Ljava.lang.CharSequence;@6c4b0d42, id=f.2B9CC03B53CC5D2220C71C8CF4D4F8CC.d.A1FFC27EF816FBC38687441A0774D557.e.52}]\nCapabilities {acceptInsecureCerts: false, browserName: chrome, browserVersion: 131.0.6778.109, chrome: {chromedriverVersion: 131.0.6778.87 (ce31cae94873..., userDataDir: C:\\Users\\vamsh\\AppData\\Loca...}, fedcm:accounts: true, goog:chromeOptions: {debuggerAddress: localhost:60938}, networkConnectionEnabled: false, pageLoadStrategy: normal, platformName: windows, proxy: Proxy(), se:cdp: ws://localhost:60938/devtoo..., se:cdpVersion: 131.0.6778.109, setWindowRect: true, strictFileInteractability: false, timeouts: {implicit: 0, pageLoad: 300000, script: 30000}, unhandledPromptBehavior: dismiss and notify, webauthn:extension:credBlob: true, webauthn:extension:largeBlob: true, webauthn:extension:minPinLength: true, webauthn:extension:prf: true, webauthn:virtualAuthenticators: true}\nElement: [[ChromeDriver: chrome on windows (6f3bf4e4f2f553e081c9e043f30101bc)] -> css selector: .CodeMirror textarea]\nSession ID: 6f3bf4e4f2f553e081c9e043f30101bc\r\n\tat java.base/jdk.internal.reflect.DirectConstructorHandleAccessor.newInstance(DirectConstructorHandleAccessor.java:62)\r\n\tat java.base/java.lang.reflect.Constructor.newInstanceWithCaller(Constructor.java:502)\r\n\tat java.base/java.lang.reflect.Constructor.newInstance(Constructor.java:486)\r\n\tat org.openqa.selenium.remote.ErrorCodec.decode(ErrorCodec.java:167)\r\n\tat org.openqa.selenium.remote.codec.w3c.W3CHttpResponseCodec.decode(W3CHttpResponseCodec.java:138)\r\n\tat org.openqa.selenium.remote.codec.w3c.W3CHttpResponseCodec.decode(W3CHttpResponseCodec.java:50)\r\n\tat org.openqa.selenium.remote.HttpCommandExecutor.execute(HttpCommandExecutor.java:190)\r\n\tat org.openqa.selenium.remote.service.DriverCommandExecutor.invokeExecute(DriverCommandExecutor.java:216)\r\n\tat org.openqa.selenium.remote.service.DriverCommandExecutor.execute(DriverCommandExecutor.java:174)\r\n\tat org.openqa.selenium.remote.RemoteWebDriver.execute(RemoteWebDriver.java:545)\r\n\tat org.openqa.selenium.remote.RemoteWebElement.execute(RemoteWebElement.java:223)\r\n\tat org.openqa.selenium.remote.RemoteWebElement.sendKeys(RemoteWebElement.java:110)\r\n\tat PageObjects.IntroductionPage.enterCodeInEditor(IntroductionPage.java:146)\r\n\tat StepDefinitions.DSIntroductionDetails.the_user_write_the_valid_code_in_editor(DSIntroductionDetails.java:158)\r\n\tat âœ½.The user write the valid code in Editor(file:///C:/Projects/Repo1/src/test/resources/Features/StackPage.feature:37)\r\n"},"stage":"finished","description":"  I want to test the StackPage","steps":[{"name":"Given The user is on the DS Introduction page as signedIn","status":"passed","statusDetails":{"known":false,"muted":false,"flaky":false},"stage":"finished","steps":[],"attachments":[],"parameters":[],"start":1733803231424,"stop":1733803235759},{"name":"And The user clicks on Get Started link for stack","status":"passed","statusDetails":{"known":false,"muted":false,"flaky":false},"stage":"finished","steps":[],"attachments":[],"parameters":[],"start":1733803235759,"stop":1733803236044},{"name":"Given The user is on the Operations in Stack page","status":"passed","statusDetails":{"known":false,"muted":false,"flaky":false},"stage":"finished","steps":[],"attachments":[],"parameters":[],"start":1733803236045,"stop":1733803236648},{"name":"And User clicks Try here link","status":"passed","statusDetails":{"known":false,"muted":false,"flaky":false},"stage":"finished","steps":[],"attachments":[],"parameters":[],"start":1733803236649,"stop":1733803237414},{"name":"When The user write the valid code in Editor","status":"broken","statusDetails":{"known":false,"muted":false,"flaky":false,"message":"element not interactable\n  (Session info: chrome=131.0.6778.109)\nBuild info: version: '4.26.0', revision: '8ccf0219d7'\nSystem info: os.name: 'Windows 11', os.arch: 'amd64', os.version: '10.0', java.version: '21.0.5'\nDriver info: org.openqa.selenium.chrome.ChromeDriver\nCommand: [6f3bf4e4f2f553e081c9e043f30101bc, sendKeysToElement {value=[Ljava.lang.CharSequence;@6c4b0d42, id=f.2B9CC03B53CC5D2220C71C8CF4D4F8CC.d.A1FFC27EF816FBC38687441A0774D557.e.52}]\nCapabilities {acceptInsecureCerts: false, browserName: chrome, browserVersion: 131.0.6778.109, chrome: {chromedriverVersion: 131.0.6778.87 (ce31cae94873..., userDataDir: C:\\Users\\vamsh\\AppData\\Loca...}, fedcm:accounts: true, goog:chromeOptions: {debuggerAddress: localhost:60938}, networkConnectionEnabled: false, pageLoadStrategy: normal, platformName: windows, proxy: Proxy(), se:cdp: ws://localhost:60938/devtoo..., se:cdpVersion: 131.0.6778.109, setWindowRect: true, strictFileInteractability: false, timeouts: {implicit: 0, pageLoad: 300000, script: 30000}, unhandledPromptBehavior: dismiss and notify, webauthn:extension:credBlob: true, webauthn:extension:largeBlob: true, webauthn:extension:minPinLength: true, webauthn:extension:prf: true, webauthn:virtualAuthenticators: true}\nElement: [[ChromeDriver: chrome on windows (6f3bf4e4f2f553e081c9e043f30101bc)] -> css selector: .CodeMirror textarea]\nSession ID: 6f3bf4e4f2f553e081c9e043f30101bc","trace":"org.openqa.selenium.ElementNotInteractableException: element not interactable\n  (Session info: chrome=131.0.6778.109)\nBuild info: version: '4.26.0', revision: '8ccf0219d7'\nSystem info: os.name: 'Windows 11', os.arch: 'amd64', os.version: '10.0', java.version: '21.0.5'\nDriver info: org.openqa.selenium.chrome.ChromeDriver\nCommand: [6f3bf4e4f2f553e081c9e043f30101bc, sendKeysToElement {value=[Ljava.lang.CharSequence;@6c4b0d42, id=f.2B9CC03B53CC5D2220C71C8CF4D4F8CC.d.A1FFC27EF816FBC38687441A0774D557.e.52}]\nCapabilities {acceptInsecureCerts: false, browserName: chrome, browserVersion: 131.0.6778.109, chrome: {chromedriverVersion: 131.0.6778.87 (ce31cae94873..., userDataDir: C:\\Users\\vamsh\\AppData\\Loca...}, fedcm:accounts: true, goog:chromeOptions: {debuggerAddress: localhost:60938}, networkConnectionEnabled: false, pageLoadStrategy: normal, platformName: windows, proxy: Proxy(), se:cdp: ws://localhost:60938/devtoo..., se:cdpVersion: 131.0.6778.109, setWindowRect: true, strictFileInteractability: false, timeouts: {implicit: 0, pageLoad: 300000, script: 30000}, unhandledPromptBehavior: dismiss and notify, webauthn:extension:credBlob: true, webauthn:extension:largeBlob: true, webauthn:extension:minPinLength: true, webauthn:extension:prf: true, webauthn:virtualAuthenticators: true}\nElement: [[ChromeDriver: chrome on windows (6f3bf4e4f2f553e081c9e043f30101bc)] -> css selector: .CodeMirror textarea]\nSession ID: 6f3bf4e4f2f553e081c9e043f30101bc\r\n\tat java.base/jdk.internal.reflect.DirectConstructorHandleAccessor.newInstance(DirectConstructorHandleAccessor.java:62)\r\n\tat java.base/java.lang.reflect.Constructor.newInstanceWithCaller(Constructor.java:502)\r\n\tat java.base/java.lang.reflect.Constructor.newInstance(Constructor.java:486)\r\n\tat org.openqa.selenium.remote.ErrorCodec.decode(ErrorCodec.java:167)\r\n\tat org.openqa.selenium.remote.codec.w3c.W3CHttpResponseCodec.decode(W3CHttpResponseCodec.java:138)\r\n\tat org.openqa.selenium.remote.codec.w3c.W3CHttpResponseCodec.decode(W3CHttpResponseCodec.java:50)\r\n\tat org.openqa.selenium.remote.HttpCommandExecutor.execute(HttpCommandExecutor.java:190)\r\n\tat org.openqa.selenium.remote.service.DriverCommandExecutor.invokeExecute(DriverCommandExecutor.java:216)\r\n\tat org.openqa.selenium.remote.service.DriverCommandExecutor.execute(DriverCommandExecutor.java:174)\r\n\tat org.openqa.selenium.remote.RemoteWebDriver.execute(RemoteWebDriver.java:545)\r\n\tat org.openqa.selenium.remote.RemoteWebElement.execute(RemoteWebElement.java:223)\r\n\tat org.openqa.selenium.remote.RemoteWebElement.sendKeys(RemoteWebElement.java:110)\r\n\tat PageObjects.IntroductionPage.enterCodeInEditor(IntroductionPage.java:146)\r\n\tat StepDefinitions.DSIntroductionDetails.the_user_write_the_valid_code_in_editor(DSIntroductionDetails.java:158)\r\n\tat âœ½.The user write the valid code in Editor(file:///C:/Projects/Repo1/src/test/resources/Features/StackPage.feature:37)\r\n"},"stage":"finished","steps":[],"attachments":[],"parameters":[],"start":1733803237414,"stop":1733803237484},{"name":"And Click the Run button","status":"skipped","statusDetails":{"known":false,"muted":false,"flaky":false},"stage":"finished","steps":[],"attachments":[],"parameters":[],"start":1733803237485,"stop":1733803237488},{"name":"Then The user should able to see output in the console","status":"skipped","statusDetails":{"known":false,"muted":false,"flaky":false},"stage":"finished","steps":[],"attachments":[],"parameters":[],"start":1733803237488,"stop":1733803237488}],"attachments":[],"parameters":[],"start":1733803229054,"stop":1733803237921}