<?xml version="1.0" encoding="UTF-8"?>
<!-- Generated by org.testng.reporters.JUnitReportReporter -->
<testsuite hostname="DESKTOP-6M2FCE6" failures="21" tests="651" name="TestRunners.TestRunner" time="7354.539" errors="30" timestamp="2024-12-17T10:25:37 CST" skipped="0">
  <testcase classname="TestRunners.TestRunner" name="runScenario" time="7.800"/>
  <testcase classname="TestRunners.TestRunner" name="runScenario" time="8.964"/>
  <testcase classname="TestRunners.TestRunner" name="runScenario" time="12.436"/>
  <testcase classname="TestRunners.TestRunner" name="runScenario" time="8.251"/>
  <testcase classname="TestRunners.TestRunner" name="runScenario" time="9.226"/>
  <testcase classname="TestRunners.TestRunner" name="runScenario" time="6.604"/>
  <testcase classname="TestRunners.TestRunner" name="runScenario" time="13.267"/>
  <testcase classname="TestRunners.TestRunner" name="runScenario" time="11.688"/>
  <testcase classname="TestRunners.TestRunner" name="runScenario" time="8.716"/>
  <testcase classname="TestRunners.TestRunner" name="runScenario" time="14.117"/>
  <testcase classname="TestRunners.TestRunner" name="runScenario" time="9.543"/>
  <testcase classname="TestRunners.TestRunner" name="runScenario" time="5.321"/>
  <testcase classname="TestRunners.TestRunner" name="runScenario" time="35.607"/>
  <testcase classname="TestRunners.TestRunner" name="runScenario" time="8.796"/>
  <testcase classname="TestRunners.TestRunner" name="runScenario" time="6.310"/>
  <testcase classname="TestRunners.TestRunner" name="runScenario" time="10.814">
    <error message="Build info: version: &#039;4.26.0&#039;, revision: &#039;8ccf0219d7&#039;
System info: os.name: &#039;Windows 11&#039;, os.arch: &#039;amd64&#039;, os.version: &#039;10.0&#039;, java.version: &#039;21.0.5&#039;
Driver info: org.openqa.selenium.firefox.FirefoxDriver
Command: [9d6567fb-f31d-4601-aa37-0449fd7aecdd, getAlertText {}]
Capabilities {acceptInsecureCerts: true, browserName: firefox, browserVersion: 133.0.3, moz:accessibilityChecks: false, moz:buildID: 20241209150345, moz:debuggerAddress: 127.0.0.1:12295, moz:geckodriverVersion: 0.35.0, moz:headless: false, moz:platformVersion: 10.0, moz:processID: 15852, moz:profile: C:\Users\vamsh\AppData\Loca..., moz:shutdownTimeout: 60000, moz:webdriverClick: true, moz:windowless: false, pageLoadStrategy: normal, platformName: windows, proxy: Proxy(), se:cdp: ws://127.0.0.1:12295/devtoo..., se:cdpVersion: 85.0, setWindowRect: true, strictFileInteractability: false, timeouts: {implicit: 0, pageLoad: 300000, script: 30000}, unhandledPromptBehavior: dismiss and notify, userAgent: Mozilla/5.0 (Windows NT 10....}
Session ID: 9d6567fb-f31d-4601-aa37-0449fd7aecdd" type="org.openqa.selenium.NoAlertPresentException">
      <![CDATA[org.openqa.selenium.NoAlertPresentException: Build info: version: '4.26.0', revision: '8ccf0219d7'
System info: os.name: 'Windows 11', os.arch: 'amd64', os.version: '10.0', java.version: '21.0.5'
Driver info: org.openqa.selenium.firefox.FirefoxDriver
Command: [9d6567fb-f31d-4601-aa37-0449fd7aecdd, getAlertText {}]
Capabilities {acceptInsecureCerts: true, browserName: firefox, browserVersion: 133.0.3, moz:accessibilityChecks: false, moz:buildID: 20241209150345, moz:debuggerAddress: 127.0.0.1:12295, moz:geckodriverVersion: 0.35.0, moz:headless: false, moz:platformVersion: 10.0, moz:processID: 15852, moz:profile: C:\Users\vamsh\AppData\Loca..., moz:shutdownTimeout: 60000, moz:webdriverClick: true, moz:windowless: false, pageLoadStrategy: normal, platformName: windows, proxy: Proxy(), se:cdp: ws://127.0.0.1:12295/devtoo..., se:cdpVersion: 85.0, setWindowRect: true, strictFileInteractability: false, timeouts: {implicit: 0, pageLoad: 300000, script: 30000}, unhandledPromptBehavior: dismiss and notify, userAgent: Mozilla/5.0 (Windows NT 10....}
Session ID: 9d6567fb-f31d-4601-aa37-0449fd7aecdd
at java.base/jdk.internal.reflect.DirectConstructorHandleAccessor.newInstance(DirectConstructorHandleAccessor.java:62)
at java.base/java.lang.reflect.Constructor.newInstanceWithCaller(Constructor.java:502)
at java.base/java.lang.reflect.Constructor.newInstance(Constructor.java:486)
at org.openqa.selenium.remote.ErrorCodec.decode(ErrorCodec.java:167)
at org.openqa.selenium.remote.codec.w3c.W3CHttpResponseCodec.decode(W3CHttpResponseCodec.java:138)
at org.openqa.selenium.remote.codec.w3c.W3CHttpResponseCodec.decode(W3CHttpResponseCodec.java:50)
at org.openqa.selenium.remote.HttpCommandExecutor.execute(HttpCommandExecutor.java:190)
at org.openqa.selenium.remote.service.DriverCommandExecutor.invokeExecute(DriverCommandExecutor.java:216)
at org.openqa.selenium.remote.service.DriverCommandExecutor.execute(DriverCommandExecutor.java:174)
at org.openqa.selenium.remote.RemoteWebDriver.execute(RemoteWebDriver.java:545)
at org.openqa.selenium.remote.RemoteWebDriver.execute(RemoteWebDriver.java:618)
at org.openqa.selenium.remote.RemoteWebDriver.execute(RemoteWebDriver.java:622)
at org.openqa.selenium.remote.RemoteWebDriver$RemoteTargetLocator.alert(RemoteWebDriver.java:1190)
at PageObjects.IntroductionPage.getAlertText(IntroductionPage.java:134)
at StepDefinitions.Tree.the_user_see_error_msg_in_alert_window(Tree.java:113)
at ✽.The user see error msg in alert window(file:///C:/Projects/newFolder-3/Repo1/src/test/resources/Features/Tree.feature:310)
]]>
    </error>
  </testcase> <!-- runScenario -->
  <testcase classname="TestRunners.TestRunner" name="runScenario" time="3.645"/>
  <testcase classname="TestRunners.TestRunner" name="runScenario" time="9.744">
    <failure message="expected [Invalid password] but found [password_mismatch:The two password fields didn’t match.]" type="java.lang.AssertionError">
      <![CDATA[java.lang.AssertionError: expected [Invalid password] but found [password_mismatch:The two password fields didn’t match.]
at org.testng.Assert.fail(Assert.java:111)
at org.testng.Assert.failNotEquals(Assert.java:1578)
at org.testng.Assert.assertEqualsImpl(Assert.java:150)
at org.testng.Assert.assertEquals(Assert.java:132)
at org.testng.Assert.assertEquals(Assert.java:656)
at org.testng.Assert.assertEquals(Assert.java:666)
at StepDefinitions.Registration.the_user_is_displayed_the_appropriate_error_msg_after_entering_invalid_data_and_redirects_to_empty_confirm_password_textbox(Registration.java:112)
at ✽.The user is displayed the appropriate error msg after entering invalid data and redirects to empty confirm password textbox(file:///C:/Projects/newFolder-3/Repo1/src/test/resources/Features/Registration.feature:39)
]]>
    </failure>
  </testcase> <!-- runScenario -->
  <testcase classname="TestRunners.TestRunner" name="runScenario" time="9.449"/>
  <testcase classname="TestRunners.TestRunner" name="runScenario" time="37.970"/>
  <testcase classname="TestRunners.TestRunner" name="runScenario" time="8.567"/>
  <testcase classname="TestRunners.TestRunner" name="runScenario" time="40.282">
    <failure message="expected [hello] but found []" type="java.lang.AssertionError">
      <![CDATA[java.lang.AssertionError: expected [hello] but found []
at org.testng.Assert.fail(Assert.java:111)
at org.testng.Assert.failNotEquals(Assert.java:1578)
at org.testng.Assert.assertEqualsImpl(Assert.java:150)
at org.testng.Assert.assertEquals(Assert.java:132)
at org.testng.Assert.assertEquals(Assert.java:656)
at org.testng.Assert.assertEquals(Assert.java:666)
at StepDefinitions.Tree.the_user_is_able_to_see_the_output_inside_the_console(Tree.java:101)
at ✽.The user is able to see the output inside the console.(file:///C:/Projects/newFolder-3/Repo1/src/test/resources/Features/LinkedList.feature:81)
]]>
    </failure>
  </testcase> <!-- runScenario -->
  <testcase classname="TestRunners.TestRunner" name="runScenario" time="4.667"/>
  <testcase classname="TestRunners.TestRunner" name="runScenario" time="7.669"/>
  <testcase classname="TestRunners.TestRunner" name="runScenario" time="6.897"/>
  <testcase classname="TestRunners.TestRunner" name="runScenario" time="38.373"/>
  <testcase classname="TestRunners.TestRunner" name="runScenario" time="7.551"/>
  <testcase classname="TestRunners.TestRunner" name="runScenario" time="12.653"/>
  <testcase classname="TestRunners.TestRunner" name="runScenario" time="5.207"/>
  <testcase classname="TestRunners.TestRunner" name="runScenario" time="9.725"/>
  <testcase classname="TestRunners.TestRunner" name="runScenario" time="11.458"/>
  <testcase classname="TestRunners.TestRunner" name="runScenario" time="9.693"/>
  <testcase classname="TestRunners.TestRunner" name="runScenario" time="4.334"/>
  <testcase classname="TestRunners.TestRunner" name="runScenario" time="38.509"/>
  <testcase classname="TestRunners.TestRunner" name="runScenario" time="4.835"/>
  <testcase classname="TestRunners.TestRunner" name="runScenario" time="4.297"/>
  <testcase classname="TestRunners.TestRunner" name="runScenario" time="8.047"/>
  <testcase classname="TestRunners.TestRunner" name="runScenario" time="4.258"/>
  <testcase classname="TestRunners.TestRunner" name="runScenario" time="12.743"/>
  <testcase classname="TestRunners.TestRunner" name="runScenario" time="3.920"/>
  <testcase classname="TestRunners.TestRunner" name="runScenario" time="34.917"/>
  <testcase classname="TestRunners.TestRunner" name="runScenario" time="8.397"/>
  <testcase classname="TestRunners.TestRunner" name="runScenario" time="6.506"/>
  <testcase classname="TestRunners.TestRunner" name="runScenario" time="4.209"/>
  <testcase classname="TestRunners.TestRunner" name="runScenario" time="9.529"/>
  <testcase classname="TestRunners.TestRunner" name="runScenario" time="6.550"/>
  <testcase classname="TestRunners.TestRunner" name="runScenario" time="7.762">
    <failure message="expected [Invalid password] but found [password_mismatch:The two password fields didn’t match.]" type="java.lang.AssertionError">
      <![CDATA[java.lang.AssertionError: expected [Invalid password] but found [password_mismatch:The two password fields didn’t match.]
at org.testng.Assert.fail(Assert.java:111)
at org.testng.Assert.failNotEquals(Assert.java:1578)
at org.testng.Assert.assertEqualsImpl(Assert.java:150)
at org.testng.Assert.assertEquals(Assert.java:132)
at org.testng.Assert.assertEquals(Assert.java:656)
at org.testng.Assert.assertEquals(Assert.java:666)
at StepDefinitions.Registration.the_user_is_displayed_the_appropriate_error_msg_after_entering_invalid_data_and_redirects_to_empty_password_confirm_textbox(Registration.java:131)
at ✽.The user is displayed the appropriate error msg after entering invalid data and  redirects to empty password confirm textbox(file:///C:/Projects/newFolder-3/Repo1/src/test/resources/Features/Registration.feature:47)
]]>
    </failure>
  </testcase> <!-- runScenario -->
  <testcase classname="TestRunners.TestRunner" name="runScenario" time="5.979"/>
  <testcase classname="TestRunners.TestRunner" name="runScenario" time="5.209"/>
  <testcase classname="TestRunners.TestRunner" name="runScenario" time="7.865"/>
  <testcase classname="TestRunners.TestRunner" name="runScenario" time="4.572"/>
  <testcase classname="TestRunners.TestRunner" name="runScenario" time="9.860"/>
  <testcase classname="TestRunners.TestRunner" name="runScenario" time="7.847"/>
  <testcase classname="TestRunners.TestRunner" name="runScenario" time="7.212">
    <error message="element not interactable
  (Session info: chrome=131.0.6778.140)
Build info: version: &#039;4.26.0&#039;, revision: &#039;8ccf0219d7&#039;
System info: os.name: &#039;Windows 11&#039;, os.arch: &#039;amd64&#039;, os.version: &#039;10.0&#039;, java.version: &#039;21.0.5&#039;
Driver info: org.openqa.selenium.chrome.ChromeDriver
Command: [79d00bb693e73327fbd5f07ec4f314d4, sendKeysToElement {id=f.962E92A42DD46AA11563613BF90EEB35.d.1F11A4D81ADDA5865127DF534E7AB237.e.50, value=[Ljava.lang.CharSequence;@3ee82c53}]
Capabilities {acceptInsecureCerts: false, browserName: chrome, browserVersion: 131.0.6778.140, chrome: {chromedriverVersion: 131.0.6778.108 (3b014839fbc..., userDataDir: C:\Users\vamsh\AppData\Loca...}, fedcm:accounts: true, goog:chromeOptions: {debuggerAddress: localhost:62522}, networkConnectionEnabled: false, pageLoadStrategy: normal, platformName: windows, proxy: Proxy(), se:cdp: ws://localhost:62522/devtoo..., se:cdpVersion: 131.0.6778.140, setWindowRect: true, strictFileInteractability: false, timeouts: {implicit: 0, pageLoad: 300000, script: 30000}, unhandledPromptBehavior: dismiss and notify, webauthn:extension:credBlob: true, webauthn:extension:largeBlob: true, webauthn:extension:minPinLength: true, webauthn:extension:prf: true, webauthn:virtualAuthenticators: true}
Element: [[ChromeDriver: chrome on windows (79d00bb693e73327fbd5f07ec4f314d4)] -&gt; css selector: .CodeMirror textarea]
Session ID: 79d00bb693e73327fbd5f07ec4f314d4" type="org.openqa.selenium.ElementNotInteractableException">
      <![CDATA[org.openqa.selenium.ElementNotInteractableException: element not interactable
  (Session info: chrome=131.0.6778.140)
Build info: version: '4.26.0', revision: '8ccf0219d7'
System info: os.name: 'Windows 11', os.arch: 'amd64', os.version: '10.0', java.version: '21.0.5'
Driver info: org.openqa.selenium.chrome.ChromeDriver
Command: [79d00bb693e73327fbd5f07ec4f314d4, sendKeysToElement {id=f.962E92A42DD46AA11563613BF90EEB35.d.1F11A4D81ADDA5865127DF534E7AB237.e.50, value=[Ljava.lang.CharSequence;@3ee82c53}]
Capabilities {acceptInsecureCerts: false, browserName: chrome, browserVersion: 131.0.6778.140, chrome: {chromedriverVersion: 131.0.6778.108 (3b014839fbc..., userDataDir: C:\Users\vamsh\AppData\Loca...}, fedcm:accounts: true, goog:chromeOptions: {debuggerAddress: localhost:62522}, networkConnectionEnabled: false, pageLoadStrategy: normal, platformName: windows, proxy: Proxy(), se:cdp: ws://localhost:62522/devtoo..., se:cdpVersion: 131.0.6778.140, setWindowRect: true, strictFileInteractability: false, timeouts: {implicit: 0, pageLoad: 300000, script: 30000}, unhandledPromptBehavior: dismiss and notify, webauthn:extension:credBlob: true, webauthn:extension:largeBlob: true, webauthn:extension:minPinLength: true, webauthn:extension:prf: true, webauthn:virtualAuthenticators: true}
Element: [[ChromeDriver: chrome on windows (79d00bb693e73327fbd5f07ec4f314d4)] -> css selector: .CodeMirror textarea]
Session ID: 79d00bb693e73327fbd5f07ec4f314d4
at java.base/jdk.internal.reflect.DirectConstructorHandleAccessor.newInstance(DirectConstructorHandleAccessor.java:62)
at java.base/java.lang.reflect.Constructor.newInstanceWithCaller(Constructor.java:502)
at java.base/java.lang.reflect.Constructor.newInstance(Constructor.java:486)
at org.openqa.selenium.remote.ErrorCodec.decode(ErrorCodec.java:167)
at org.openqa.selenium.remote.codec.w3c.W3CHttpResponseCodec.decode(W3CHttpResponseCodec.java:138)
at org.openqa.selenium.remote.codec.w3c.W3CHttpResponseCodec.decode(W3CHttpResponseCodec.java:50)
at org.openqa.selenium.remote.HttpCommandExecutor.execute(HttpCommandExecutor.java:190)
at org.openqa.selenium.remote.service.DriverCommandExecutor.invokeExecute(DriverCommandExecutor.java:216)
at org.openqa.selenium.remote.service.DriverCommandExecutor.execute(DriverCommandExecutor.java:174)
at org.openqa.selenium.remote.RemoteWebDriver.execute(RemoteWebDriver.java:545)
at org.openqa.selenium.remote.RemoteWebElement.execute(RemoteWebElement.java:223)
at org.openqa.selenium.remote.RemoteWebElement.sendKeys(RemoteWebElement.java:110)
at PageObjects.IntroductionPage.enterCodeInEditor(IntroductionPage.java:82)
at StepDefinitions.DSIntroductionDetails.user_writes_invalid_code_and_clicks_run_button(DSIntroductionDetails.java:184)
at ✽.User writes invalid code and clicks run button(file:///C:/Projects/newFolder-3/Repo1/src/test/resources/Features/ArrayDetailsPage.feature:72)
]]>
    </error>
  </testcase> <!-- runScenario -->
  <testcase classname="TestRunners.TestRunner" name="runScenario" time="9.867"/>
  <testcase classname="TestRunners.TestRunner" name="runScenario" time="12.657"/>
  <testcase classname="TestRunners.TestRunner" name="runScenario" time="40.478"/>
  <testcase classname="TestRunners.TestRunner" name="runScenario" time="7.908"/>
  <testcase classname="TestRunners.TestRunner" name="runScenario" time="35.244"/>
  <testcase classname="TestRunners.TestRunner" name="runScenario" time="7.572"/>
  <testcase classname="TestRunners.TestRunner" name="runScenario" time="11.253"/>
  <testcase classname="TestRunners.TestRunner" name="runScenario" time="40.386"/>
  <testcase classname="TestRunners.TestRunner" name="runScenario" time="4.812"/>
  <testcase classname="TestRunners.TestRunner" name="runScenario" time="39.909"/>
  <testcase classname="TestRunners.TestRunner" name="runScenario" time="11.411"/>
  <testcase classname="TestRunners.TestRunner" name="runScenario" time="11.544"/>
  <testcase classname="TestRunners.TestRunner" name="runScenario" time="7.730">
    <failure message="expected [New Account Created. You are logged in as 11111dddfrtfg] but found [password_mismatch:The two password fields didn’t match.]" type="java.lang.AssertionError">
      <![CDATA[java.lang.AssertionError: expected [New Account Created. You are logged in as 11111dddfrtfg] but found [password_mismatch:The two password fields didn’t match.]
at org.testng.Assert.fail(Assert.java:111)
at org.testng.Assert.failNotEquals(Assert.java:1578)
at org.testng.Assert.assertEqualsImpl(Assert.java:150)
at org.testng.Assert.assertEquals(Assert.java:132)
at org.testng.Assert.assertEquals(Assert.java:656)
at org.testng.Assert.assertEquals(Assert.java:666)
at StepDefinitions.Registration.the_user_is_redirected_to_home_page_of_ds_algo_with_success_message_new_account_created_you_are_logged_in_as_username_on_the_ds_algo_home_page(Registration.java:167)
at ✽.The user is redirected to Home Page of DS Algo with success message - New Account Created. You are logged in as username on the DS Algo Home Page(file:///C:/Projects/newFolder-3/Repo1/src/test/resources/Features/Registration.feature:62)
]]>
    </failure>
  </testcase> <!-- runScenario -->
  <testcase classname="TestRunners.TestRunner" name="runScenario" time="9.111"/>
  <testcase classname="TestRunners.TestRunner" name="runScenario" time="6.580">
    <error message="element not interactable
  (Session info: chrome=131.0.6778.140)
Build info: version: &#039;4.26.0&#039;, revision: &#039;8ccf0219d7&#039;
System info: os.name: &#039;Windows 11&#039;, os.arch: &#039;amd64&#039;, os.version: &#039;10.0&#039;, java.version: &#039;21.0.5&#039;
Driver info: org.openqa.selenium.chrome.ChromeDriver
Command: [f16180c8a799e5cc5c9e58916b672635, sendKeysToElement {id=f.7E16ECC2F1A6832181806D639365C871.d.364543682A2DEF98FFA9018DC5D1C57F.e.49, value=[Ljava.lang.CharSequence;@42112666}]
Capabilities {acceptInsecureCerts: false, browserName: chrome, browserVersion: 131.0.6778.140, chrome: {chromedriverVersion: 131.0.6778.108 (3b014839fbc..., userDataDir: C:\Users\vamsh\AppData\Loca...}, fedcm:accounts: true, goog:chromeOptions: {debuggerAddress: localhost:63127}, networkConnectionEnabled: false, pageLoadStrategy: normal, platformName: windows, proxy: Proxy(), se:cdp: ws://localhost:63127/devtoo..., se:cdpVersion: 131.0.6778.140, setWindowRect: true, strictFileInteractability: false, timeouts: {implicit: 0, pageLoad: 300000, script: 30000}, unhandledPromptBehavior: dismiss and notify, webauthn:extension:credBlob: true, webauthn:extension:largeBlob: true, webauthn:extension:minPinLength: true, webauthn:extension:prf: true, webauthn:virtualAuthenticators: true}
Element: [[ChromeDriver: chrome on windows (f16180c8a799e5cc5c9e58916b672635)] -&gt; css selector: .CodeMirror textarea]
Session ID: f16180c8a799e5cc5c9e58916b672635" type="org.openqa.selenium.ElementNotInteractableException">
      <![CDATA[org.openqa.selenium.ElementNotInteractableException: element not interactable
  (Session info: chrome=131.0.6778.140)
Build info: version: '4.26.0', revision: '8ccf0219d7'
System info: os.name: 'Windows 11', os.arch: 'amd64', os.version: '10.0', java.version: '21.0.5'
Driver info: org.openqa.selenium.chrome.ChromeDriver
Command: [f16180c8a799e5cc5c9e58916b672635, sendKeysToElement {id=f.7E16ECC2F1A6832181806D639365C871.d.364543682A2DEF98FFA9018DC5D1C57F.e.49, value=[Ljava.lang.CharSequence;@42112666}]
Capabilities {acceptInsecureCerts: false, browserName: chrome, browserVersion: 131.0.6778.140, chrome: {chromedriverVersion: 131.0.6778.108 (3b014839fbc..., userDataDir: C:\Users\vamsh\AppData\Loca...}, fedcm:accounts: true, goog:chromeOptions: {debuggerAddress: localhost:63127}, networkConnectionEnabled: false, pageLoadStrategy: normal, platformName: windows, proxy: Proxy(), se:cdp: ws://localhost:63127/devtoo..., se:cdpVersion: 131.0.6778.140, setWindowRect: true, strictFileInteractability: false, timeouts: {implicit: 0, pageLoad: 300000, script: 30000}, unhandledPromptBehavior: dismiss and notify, webauthn:extension:credBlob: true, webauthn:extension:largeBlob: true, webauthn:extension:minPinLength: true, webauthn:extension:prf: true, webauthn:virtualAuthenticators: true}
Element: [[ChromeDriver: chrome on windows (f16180c8a799e5cc5c9e58916b672635)] -> css selector: .CodeMirror textarea]
Session ID: f16180c8a799e5cc5c9e58916b672635
at java.base/jdk.internal.reflect.DirectConstructorHandleAccessor.newInstance(DirectConstructorHandleAccessor.java:62)
at java.base/java.lang.reflect.Constructor.newInstanceWithCaller(Constructor.java:502)
at java.base/java.lang.reflect.Constructor.newInstance(Constructor.java:486)
at org.openqa.selenium.remote.ErrorCodec.decode(ErrorCodec.java:167)
at org.openqa.selenium.remote.codec.w3c.W3CHttpResponseCodec.decode(W3CHttpResponseCodec.java:138)
at org.openqa.selenium.remote.codec.w3c.W3CHttpResponseCodec.decode(W3CHttpResponseCodec.java:50)
at org.openqa.selenium.remote.HttpCommandExecutor.execute(HttpCommandExecutor.java:190)
at org.openqa.selenium.remote.service.DriverCommandExecutor.invokeExecute(DriverCommandExecutor.java:216)
at org.openqa.selenium.remote.service.DriverCommandExecutor.execute(DriverCommandExecutor.java:174)
at org.openqa.selenium.remote.RemoteWebDriver.execute(RemoteWebDriver.java:545)
at org.openqa.selenium.remote.RemoteWebElement.execute(RemoteWebElement.java:223)
at org.openqa.selenium.remote.RemoteWebElement.sendKeys(RemoteWebElement.java:110)
at PageObjects.IntroductionPage.enterCodeInEditor(IntroductionPage.java:82)
at StepDefinitions.DSIntroductionDetails.user_writes_valid_code_and_clicks_run_button(DSIntroductionDetails.java:197)
at ✽.User writes valid code and clicks run button(file:///C:/Projects/newFolder-3/Repo1/src/test/resources/Features/ArrayDetailsPage.feature:107)
]]>
    </error>
  </testcase> <!-- runScenario -->
  <testcase classname="TestRunners.TestRunner" name="runScenario" time="9.682"/>
  <testcase classname="TestRunners.TestRunner" name="runScenario" time="40.951"/>
  <testcase classname="TestRunners.TestRunner" name="runScenario" time="5.783"/>
  <testcase classname="TestRunners.TestRunner" name="runScenario" time="11.961">
    <error message="Build info: version: &#039;4.26.0&#039;, revision: &#039;8ccf0219d7&#039;
System info: os.name: &#039;Windows 11&#039;, os.arch: &#039;amd64&#039;, os.version: &#039;10.0&#039;, java.version: &#039;21.0.5&#039;
Driver info: org.openqa.selenium.firefox.FirefoxDriver
Command: [8bb4ea19-46bf-450c-afd3-be9558ab5c86, getAlertText {}]
Capabilities {acceptInsecureCerts: true, browserName: firefox, browserVersion: 133.0.3, moz:accessibilityChecks: false, moz:buildID: 20241209150345, moz:debuggerAddress: 127.0.0.1:46482, moz:geckodriverVersion: 0.35.0, moz:headless: false, moz:platformVersion: 10.0, moz:processID: 4628, moz:profile: C:\Users\vamsh\AppData\Loca..., moz:shutdownTimeout: 60000, moz:webdriverClick: true, moz:windowless: false, pageLoadStrategy: normal, platformName: windows, proxy: Proxy(), se:cdp: ws://127.0.0.1:46482/devtoo..., se:cdpVersion: 85.0, setWindowRect: true, strictFileInteractability: false, timeouts: {implicit: 0, pageLoad: 300000, script: 30000}, unhandledPromptBehavior: dismiss and notify, userAgent: Mozilla/5.0 (Windows NT 10....}
Session ID: 8bb4ea19-46bf-450c-afd3-be9558ab5c86" type="org.openqa.selenium.NoAlertPresentException">
      <![CDATA[org.openqa.selenium.NoAlertPresentException: Build info: version: '4.26.0', revision: '8ccf0219d7'
System info: os.name: 'Windows 11', os.arch: 'amd64', os.version: '10.0', java.version: '21.0.5'
Driver info: org.openqa.selenium.firefox.FirefoxDriver
Command: [8bb4ea19-46bf-450c-afd3-be9558ab5c86, getAlertText {}]
Capabilities {acceptInsecureCerts: true, browserName: firefox, browserVersion: 133.0.3, moz:accessibilityChecks: false, moz:buildID: 20241209150345, moz:debuggerAddress: 127.0.0.1:46482, moz:geckodriverVersion: 0.35.0, moz:headless: false, moz:platformVersion: 10.0, moz:processID: 4628, moz:profile: C:\Users\vamsh\AppData\Loca..., moz:shutdownTimeout: 60000, moz:webdriverClick: true, moz:windowless: false, pageLoadStrategy: normal, platformName: windows, proxy: Proxy(), se:cdp: ws://127.0.0.1:46482/devtoo..., se:cdpVersion: 85.0, setWindowRect: true, strictFileInteractability: false, timeouts: {implicit: 0, pageLoad: 300000, script: 30000}, unhandledPromptBehavior: dismiss and notify, userAgent: Mozilla/5.0 (Windows NT 10....}
Session ID: 8bb4ea19-46bf-450c-afd3-be9558ab5c86
at java.base/jdk.internal.reflect.DirectConstructorHandleAccessor.newInstance(DirectConstructorHandleAccessor.java:62)
at java.base/java.lang.reflect.Constructor.newInstanceWithCaller(Constructor.java:502)
at java.base/java.lang.reflect.Constructor.newInstance(Constructor.java:486)
at org.openqa.selenium.remote.ErrorCodec.decode(ErrorCodec.java:167)
at org.openqa.selenium.remote.codec.w3c.W3CHttpResponseCodec.decode(W3CHttpResponseCodec.java:138)
at org.openqa.selenium.remote.codec.w3c.W3CHttpResponseCodec.decode(W3CHttpResponseCodec.java:50)
at org.openqa.selenium.remote.HttpCommandExecutor.execute(HttpCommandExecutor.java:190)
at org.openqa.selenium.remote.service.DriverCommandExecutor.invokeExecute(DriverCommandExecutor.java:216)
at org.openqa.selenium.remote.service.DriverCommandExecutor.execute(DriverCommandExecutor.java:174)
at org.openqa.selenium.remote.RemoteWebDriver.execute(RemoteWebDriver.java:545)
at org.openqa.selenium.remote.RemoteWebDriver.execute(RemoteWebDriver.java:618)
at org.openqa.selenium.remote.RemoteWebDriver.execute(RemoteWebDriver.java:622)
at org.openqa.selenium.remote.RemoteWebDriver$RemoteTargetLocator.alert(RemoteWebDriver.java:1190)
at PageObjects.IntroductionPage.getAlertText(IntroductionPage.java:134)
at StepDefinitions.DSIntroductionDetails.the_user_should_able_to_see_an_error_message_in_alert_window(DSIntroductionDetails.java:203)
at ✽.The user should able to see an error message in alert window(file:///C:/Projects/newFolder-3/Repo1/src/test/resources/Features/StackPage.feature:74)
]]>
    </error>
  </testcase> <!-- runScenario -->
  <testcase classname="TestRunners.TestRunner" name="runScenario" time="39.648"/>
  <testcase classname="TestRunners.TestRunner" name="runScenario" time="3.641"/>
  <testcase classname="TestRunners.TestRunner" name="runScenario" time="35.440"/>
  <testcase classname="TestRunners.TestRunner" name="runScenario" time="6.024"/>
  <testcase classname="TestRunners.TestRunner" name="runScenario" time="38.740"/>
  <testcase classname="TestRunners.TestRunner" name="runScenario" time="9.698">
    <failure message="expected [Invalid password] but found [password_mismatch:The two password fields didn’t match.]" type="java.lang.AssertionError">
      <![CDATA[java.lang.AssertionError: expected [Invalid password] but found [password_mismatch:The two password fields didn’t match.]
at org.testng.Assert.fail(Assert.java:111)
at org.testng.Assert.failNotEquals(Assert.java:1578)
at org.testng.Assert.assertEqualsImpl(Assert.java:150)
at org.testng.Assert.assertEquals(Assert.java:132)
at org.testng.Assert.assertEquals(Assert.java:656)
at org.testng.Assert.assertEquals(Assert.java:666)
at StepDefinitions.Registration.the_user_is_displayed_the_appropriate_error_msg_after_entering_invalid_data_and_redirects_to_empty_password_confirm_textbox(Registration.java:131)
at ✽.The user is displayed the appropriate error msg after entering invalid data and  redirects to empty password confirm textbox(file:///C:/Projects/newFolder-3/Repo1/src/test/resources/Features/Registration.feature:47)
]]>
    </failure>
  </testcase> <!-- runScenario -->
  <testcase classname="TestRunners.TestRunner" name="runScenario" time="11.759"/>
  <testcase classname="TestRunners.TestRunner" name="runScenario" time="11.114"/>
  <testcase classname="TestRunners.TestRunner" name="runScenario" time="5.044"/>
  <testcase classname="TestRunners.TestRunner" name="runScenario" time="4.245">
    <failure message="expected [Invalid password] but found [password_mismatch:The two password fields didn’t match.]" type="java.lang.AssertionError">
      <![CDATA[java.lang.AssertionError: expected [Invalid password] but found [password_mismatch:The two password fields didn’t match.]
at org.testng.Assert.fail(Assert.java:111)
at org.testng.Assert.failNotEquals(Assert.java:1578)
at org.testng.Assert.assertEqualsImpl(Assert.java:150)
at org.testng.Assert.assertEquals(Assert.java:132)
at org.testng.Assert.assertEquals(Assert.java:656)
at org.testng.Assert.assertEquals(Assert.java:666)
at StepDefinitions.Registration.the_user_is_displayed_the_appropriate_error_msg_after_entering_invalid_data_and_redirects_to_empty_password_confirm_textbox(Registration.java:131)
at ✽.The user is displayed the appropriate error msg after entering invalid data and  redirects to empty password confirm textbox(file:///C:/Projects/newFolder-3/Repo1/src/test/resources/Features/Registration.feature:47)
]]>
    </failure>
  </testcase> <!-- runScenario -->
  <testcase classname="TestRunners.TestRunner" name="runScenario" time="37.980"/>
  <testcase classname="TestRunners.TestRunner" name="runScenario" time="4.411"/>
  <testcase classname="TestRunners.TestRunner" name="runScenario" time="6.337"/>
  <testcase classname="TestRunners.TestRunner" name="runScenario" time="8.562"/>
  <testcase classname="TestRunners.TestRunner" name="runScenario" time="12.180"/>
  <testcase classname="TestRunners.TestRunner" name="runScenario" time="7.461"/>
  <testcase classname="TestRunners.TestRunner" name="runScenario" time="5.891"/>
  <testcase classname="TestRunners.TestRunner" name="runScenario" time="11.604"/>
  <testcase classname="TestRunners.TestRunner" name="runScenario" time="9.804"/>
  <testcase classname="TestRunners.TestRunner" name="runScenario" time="9.088"/>
  <testcase classname="TestRunners.TestRunner" name="runScenario" time="7.748"/>
  <testcase classname="TestRunners.TestRunner" name="runScenario" time="10.292"/>
  <testcase classname="TestRunners.TestRunner" name="runScenario" time="7.942"/>
  <testcase classname="TestRunners.TestRunner" name="runScenario" time="10.686"/>
  <testcase classname="TestRunners.TestRunner" name="runScenario" time="13.592"/>
  <testcase classname="TestRunners.TestRunner" name="runScenario" time="4.573"/>
  <testcase classname="TestRunners.TestRunner" name="runScenario" time="4.595"/>
  <testcase classname="TestRunners.TestRunner" name="runScenario" time="9.968"/>
  <testcase classname="TestRunners.TestRunner" name="runScenario" time="9.534"/>
  <testcase classname="TestRunners.TestRunner" name="runScenario" time="7.337"/>
  <testcase classname="TestRunners.TestRunner" name="runScenario" time="13.762"/>
  <testcase classname="TestRunners.TestRunner" name="runScenario" time="10.363"/>
  <testcase classname="TestRunners.TestRunner" name="runScenario" time="8.265"/>
  <testcase classname="TestRunners.TestRunner" name="runScenario" time="9.851">
    <error message="Build info: version: &#039;4.26.0&#039;, revision: &#039;8ccf0219d7&#039;
System info: os.name: &#039;Windows 11&#039;, os.arch: &#039;amd64&#039;, os.version: &#039;10.0&#039;, java.version: &#039;21.0.5&#039;
Driver info: org.openqa.selenium.firefox.FirefoxDriver
Command: [c058843d-35c2-4272-b83d-46d29fc1ceac, getAlertText {}]
Capabilities {acceptInsecureCerts: true, browserName: firefox, browserVersion: 133.0.3, moz:accessibilityChecks: false, moz:buildID: 20241209150345, moz:debuggerAddress: 127.0.0.1:20466, moz:geckodriverVersion: 0.35.0, moz:headless: false, moz:platformVersion: 10.0, moz:processID: 9364, moz:profile: C:\Users\vamsh\AppData\Loca..., moz:shutdownTimeout: 60000, moz:webdriverClick: true, moz:windowless: false, pageLoadStrategy: normal, platformName: windows, proxy: Proxy(), se:cdp: ws://127.0.0.1:20466/devtoo..., se:cdpVersion: 85.0, setWindowRect: true, strictFileInteractability: false, timeouts: {implicit: 0, pageLoad: 300000, script: 30000}, unhandledPromptBehavior: dismiss and notify, userAgent: Mozilla/5.0 (Windows NT 10....}
Session ID: c058843d-35c2-4272-b83d-46d29fc1ceac" type="org.openqa.selenium.NoAlertPresentException">
      <![CDATA[org.openqa.selenium.NoAlertPresentException: Build info: version: '4.26.0', revision: '8ccf0219d7'
System info: os.name: 'Windows 11', os.arch: 'amd64', os.version: '10.0', java.version: '21.0.5'
Driver info: org.openqa.selenium.firefox.FirefoxDriver
Command: [c058843d-35c2-4272-b83d-46d29fc1ceac, getAlertText {}]
Capabilities {acceptInsecureCerts: true, browserName: firefox, browserVersion: 133.0.3, moz:accessibilityChecks: false, moz:buildID: 20241209150345, moz:debuggerAddress: 127.0.0.1:20466, moz:geckodriverVersion: 0.35.0, moz:headless: false, moz:platformVersion: 10.0, moz:processID: 9364, moz:profile: C:\Users\vamsh\AppData\Loca..., moz:shutdownTimeout: 60000, moz:webdriverClick: true, moz:windowless: false, pageLoadStrategy: normal, platformName: windows, proxy: Proxy(), se:cdp: ws://127.0.0.1:20466/devtoo..., se:cdpVersion: 85.0, setWindowRect: true, strictFileInteractability: false, timeouts: {implicit: 0, pageLoad: 300000, script: 30000}, unhandledPromptBehavior: dismiss and notify, userAgent: Mozilla/5.0 (Windows NT 10....}
Session ID: c058843d-35c2-4272-b83d-46d29fc1ceac
at java.base/jdk.internal.reflect.DirectConstructorHandleAccessor.newInstance(DirectConstructorHandleAccessor.java:62)
at java.base/java.lang.reflect.Constructor.newInstanceWithCaller(Constructor.java:502)
at java.base/java.lang.reflect.Constructor.newInstance(Constructor.java:486)
at org.openqa.selenium.remote.ErrorCodec.decode(ErrorCodec.java:167)
at org.openqa.selenium.remote.codec.w3c.W3CHttpResponseCodec.decode(W3CHttpResponseCodec.java:138)
at org.openqa.selenium.remote.codec.w3c.W3CHttpResponseCodec.decode(W3CHttpResponseCodec.java:50)
at org.openqa.selenium.remote.HttpCommandExecutor.execute(HttpCommandExecutor.java:190)
at org.openqa.selenium.remote.service.DriverCommandExecutor.invokeExecute(DriverCommandExecutor.java:216)
at org.openqa.selenium.remote.service.DriverCommandExecutor.execute(DriverCommandExecutor.java:174)
at org.openqa.selenium.remote.RemoteWebDriver.execute(RemoteWebDriver.java:545)
at org.openqa.selenium.remote.RemoteWebDriver.execute(RemoteWebDriver.java:618)
at org.openqa.selenium.remote.RemoteWebDriver.execute(RemoteWebDriver.java:622)
at org.openqa.selenium.remote.RemoteWebDriver$RemoteTargetLocator.alert(RemoteWebDriver.java:1190)
at PageObjects.IntroductionPage.getAlertText(IntroductionPage.java:134)
at StepDefinitions.Tree.the_user_see_error_msg_in_alert_window(Tree.java:113)
at ✽.The user see error msg in alert window(file:///C:/Projects/newFolder-3/Repo1/src/test/resources/Features/Tree.feature:279)
]]>
    </error>
  </testcase> <!-- runScenario -->
  <testcase classname="TestRunners.TestRunner" name="runScenario" time="7.373">
    <error message="element not interactable
  (Session info: chrome=131.0.6778.140)
Build info: version: &#039;4.26.0&#039;, revision: &#039;8ccf0219d7&#039;
System info: os.name: &#039;Windows 11&#039;, os.arch: &#039;amd64&#039;, os.version: &#039;10.0&#039;, java.version: &#039;21.0.5&#039;
Driver info: org.openqa.selenium.chrome.ChromeDriver
Command: [a1cfd53e677b245019230b5ea936dc6d, sendKeysToElement {id=f.D18E66ECBF9CF42C986708B30AF90001.d.4119112968F52E62DA0605D900A8B937.e.49, value=[Ljava.lang.CharSequence;@7b5dcb42}]
Capabilities {acceptInsecureCerts: false, browserName: chrome, browserVersion: 131.0.6778.140, chrome: {chromedriverVersion: 131.0.6778.108 (3b014839fbc..., userDataDir: C:\Users\vamsh\AppData\Loca...}, fedcm:accounts: true, goog:chromeOptions: {debuggerAddress: localhost:62940}, networkConnectionEnabled: false, pageLoadStrategy: normal, platformName: windows, proxy: Proxy(), se:cdp: ws://localhost:62940/devtoo..., se:cdpVersion: 131.0.6778.140, setWindowRect: true, strictFileInteractability: false, timeouts: {implicit: 0, pageLoad: 300000, script: 30000}, unhandledPromptBehavior: dismiss and notify, webauthn:extension:credBlob: true, webauthn:extension:largeBlob: true, webauthn:extension:minPinLength: true, webauthn:extension:prf: true, webauthn:virtualAuthenticators: true}
Element: [[ChromeDriver: chrome on windows (a1cfd53e677b245019230b5ea936dc6d)] -&gt; css selector: .CodeMirror textarea]
Session ID: a1cfd53e677b245019230b5ea936dc6d" type="org.openqa.selenium.ElementNotInteractableException">
      <![CDATA[org.openqa.selenium.ElementNotInteractableException: element not interactable
  (Session info: chrome=131.0.6778.140)
Build info: version: '4.26.0', revision: '8ccf0219d7'
System info: os.name: 'Windows 11', os.arch: 'amd64', os.version: '10.0', java.version: '21.0.5'
Driver info: org.openqa.selenium.chrome.ChromeDriver
Command: [a1cfd53e677b245019230b5ea936dc6d, sendKeysToElement {id=f.D18E66ECBF9CF42C986708B30AF90001.d.4119112968F52E62DA0605D900A8B937.e.49, value=[Ljava.lang.CharSequence;@7b5dcb42}]
Capabilities {acceptInsecureCerts: false, browserName: chrome, browserVersion: 131.0.6778.140, chrome: {chromedriverVersion: 131.0.6778.108 (3b014839fbc..., userDataDir: C:\Users\vamsh\AppData\Loca...}, fedcm:accounts: true, goog:chromeOptions: {debuggerAddress: localhost:62940}, networkConnectionEnabled: false, pageLoadStrategy: normal, platformName: windows, proxy: Proxy(), se:cdp: ws://localhost:62940/devtoo..., se:cdpVersion: 131.0.6778.140, setWindowRect: true, strictFileInteractability: false, timeouts: {implicit: 0, pageLoad: 300000, script: 30000}, unhandledPromptBehavior: dismiss and notify, webauthn:extension:credBlob: true, webauthn:extension:largeBlob: true, webauthn:extension:minPinLength: true, webauthn:extension:prf: true, webauthn:virtualAuthenticators: true}
Element: [[ChromeDriver: chrome on windows (a1cfd53e677b245019230b5ea936dc6d)] -> css selector: .CodeMirror textarea]
Session ID: a1cfd53e677b245019230b5ea936dc6d
at java.base/jdk.internal.reflect.DirectConstructorHandleAccessor.newInstance(DirectConstructorHandleAccessor.java:62)
at java.base/java.lang.reflect.Constructor.newInstanceWithCaller(Constructor.java:502)
at java.base/java.lang.reflect.Constructor.newInstance(Constructor.java:486)
at org.openqa.selenium.remote.ErrorCodec.decode(ErrorCodec.java:167)
at org.openqa.selenium.remote.codec.w3c.W3CHttpResponseCodec.decode(W3CHttpResponseCodec.java:138)
at org.openqa.selenium.remote.codec.w3c.W3CHttpResponseCodec.decode(W3CHttpResponseCodec.java:50)
at org.openqa.selenium.remote.HttpCommandExecutor.execute(HttpCommandExecutor.java:190)
at org.openqa.selenium.remote.service.DriverCommandExecutor.invokeExecute(DriverCommandExecutor.java:216)
at org.openqa.selenium.remote.service.DriverCommandExecutor.execute(DriverCommandExecutor.java:174)
at org.openqa.selenium.remote.RemoteWebDriver.execute(RemoteWebDriver.java:545)
at org.openqa.selenium.remote.RemoteWebElement.execute(RemoteWebElement.java:223)
at org.openqa.selenium.remote.RemoteWebElement.sendKeys(RemoteWebElement.java:110)
at PageObjects.IntroductionPage.enterCodeInEditor(IntroductionPage.java:82)
at StepDefinitions.DSIntroductionDetails.user_writes_invalid_code_and_clicks_run_button(DSIntroductionDetails.java:184)
at ✽.User writes invalid code and clicks run button(file:///C:/Projects/newFolder-3/Repo1/src/test/resources/Features/ArrayDetailsPage.feature:97)
]]>
    </error>
  </testcase> <!-- runScenario -->
  <testcase classname="TestRunners.TestRunner" name="runScenario" time="11.554"/>
  <testcase classname="TestRunners.TestRunner" name="runScenario" time="9.750"/>
  <testcase classname="TestRunners.TestRunner" name="runScenario" time="13.153"/>
  <testcase classname="TestRunners.TestRunner" name="runScenario" time="8.018"/>
  <testcase classname="TestRunners.TestRunner" name="runScenario" time="7.544"/>
  <testcase classname="TestRunners.TestRunner" name="runScenario" time="8.458"/>
  <testcase classname="TestRunners.TestRunner" name="runScenario" time="4.079"/>
  <testcase classname="TestRunners.TestRunner" name="runScenario" time="8.893">
    <error message="element not interactable
  (Session info: chrome=131.0.6778.140)
Build info: version: &#039;4.26.0&#039;, revision: &#039;8ccf0219d7&#039;
System info: os.name: &#039;Windows 11&#039;, os.arch: &#039;amd64&#039;, os.version: &#039;10.0&#039;, java.version: &#039;21.0.5&#039;
Driver info: org.openqa.selenium.chrome.ChromeDriver
Command: [cb07818fdfcb353732092f46acc0f5d8, sendKeysToElement {id=f.5609C63DD162CC8D8EA902189CB87944.d.8BD3673493399F4EAF0C263EFD851B50.e.49, value=[Ljava.lang.CharSequence;@2f83e314}]
Capabilities {acceptInsecureCerts: false, browserName: chrome, browserVersion: 131.0.6778.140, chrome: {chromedriverVersion: 131.0.6778.108 (3b014839fbc..., userDataDir: C:\Users\vamsh\AppData\Loca...}, fedcm:accounts: true, goog:chromeOptions: {debuggerAddress: localhost:62245}, networkConnectionEnabled: false, pageLoadStrategy: normal, platformName: windows, proxy: Proxy(), se:cdp: ws://localhost:62245/devtoo..., se:cdpVersion: 131.0.6778.140, setWindowRect: true, strictFileInteractability: false, timeouts: {implicit: 0, pageLoad: 300000, script: 30000}, unhandledPromptBehavior: dismiss and notify, webauthn:extension:credBlob: true, webauthn:extension:largeBlob: true, webauthn:extension:minPinLength: true, webauthn:extension:prf: true, webauthn:virtualAuthenticators: true}
Element: [[ChromeDriver: chrome on windows (cb07818fdfcb353732092f46acc0f5d8)] -&gt; css selector: .CodeMirror textarea]
Session ID: cb07818fdfcb353732092f46acc0f5d8" type="org.openqa.selenium.ElementNotInteractableException">
      <![CDATA[org.openqa.selenium.ElementNotInteractableException: element not interactable
  (Session info: chrome=131.0.6778.140)
Build info: version: '4.26.0', revision: '8ccf0219d7'
System info: os.name: 'Windows 11', os.arch: 'amd64', os.version: '10.0', java.version: '21.0.5'
Driver info: org.openqa.selenium.chrome.ChromeDriver
Command: [cb07818fdfcb353732092f46acc0f5d8, sendKeysToElement {id=f.5609C63DD162CC8D8EA902189CB87944.d.8BD3673493399F4EAF0C263EFD851B50.e.49, value=[Ljava.lang.CharSequence;@2f83e314}]
Capabilities {acceptInsecureCerts: false, browserName: chrome, browserVersion: 131.0.6778.140, chrome: {chromedriverVersion: 131.0.6778.108 (3b014839fbc..., userDataDir: C:\Users\vamsh\AppData\Loca...}, fedcm:accounts: true, goog:chromeOptions: {debuggerAddress: localhost:62245}, networkConnectionEnabled: false, pageLoadStrategy: normal, platformName: windows, proxy: Proxy(), se:cdp: ws://localhost:62245/devtoo..., se:cdpVersion: 131.0.6778.140, setWindowRect: true, strictFileInteractability: false, timeouts: {implicit: 0, pageLoad: 300000, script: 30000}, unhandledPromptBehavior: dismiss and notify, webauthn:extension:credBlob: true, webauthn:extension:largeBlob: true, webauthn:extension:minPinLength: true, webauthn:extension:prf: true, webauthn:virtualAuthenticators: true}
Element: [[ChromeDriver: chrome on windows (cb07818fdfcb353732092f46acc0f5d8)] -> css selector: .CodeMirror textarea]
Session ID: cb07818fdfcb353732092f46acc0f5d8
at java.base/jdk.internal.reflect.DirectConstructorHandleAccessor.newInstance(DirectConstructorHandleAccessor.java:62)
at java.base/java.lang.reflect.Constructor.newInstanceWithCaller(Constructor.java:502)
at java.base/java.lang.reflect.Constructor.newInstance(Constructor.java:486)
at org.openqa.selenium.remote.ErrorCodec.decode(ErrorCodec.java:167)
at org.openqa.selenium.remote.codec.w3c.W3CHttpResponseCodec.decode(W3CHttpResponseCodec.java:138)
at org.openqa.selenium.remote.codec.w3c.W3CHttpResponseCodec.decode(W3CHttpResponseCodec.java:50)
at org.openqa.selenium.remote.HttpCommandExecutor.execute(HttpCommandExecutor.java:190)
at org.openqa.selenium.remote.service.DriverCommandExecutor.invokeExecute(DriverCommandExecutor.java:216)
at org.openqa.selenium.remote.service.DriverCommandExecutor.execute(DriverCommandExecutor.java:174)
at org.openqa.selenium.remote.RemoteWebDriver.execute(RemoteWebDriver.java:545)
at org.openqa.selenium.remote.RemoteWebElement.execute(RemoteWebElement.java:223)
at org.openqa.selenium.remote.RemoteWebElement.sendKeys(RemoteWebElement.java:110)
at PageObjects.IntroductionPage.enterCodeInEditor(IntroductionPage.java:82)
at StepDefinitions.DSIntroductionDetails.user_writes_valid_code_and_clicks_run_button(DSIntroductionDetails.java:197)
at ✽.User writes valid code and clicks run button(file:///C:/Projects/newFolder-3/Repo1/src/test/resources/Features/ArrayDetailsPage.feature:57)
]]>
    </error>
  </testcase> <!-- runScenario -->
  <testcase classname="TestRunners.TestRunner" name="runScenario" time="9.471"/>
  <testcase classname="TestRunners.TestRunner" name="runScenario" time="8.670"/>
  <testcase classname="TestRunners.TestRunner" name="runScenario" time="13.131">
    <error message="Unexpected alert dialog detected. Performed handler &quot;dismiss&quot;. Dialog text: SyntaxError: bad input on line 2: 
Build info: version: &#039;4.26.0&#039;, revision: &#039;8ccf0219d7&#039;
System info: os.name: &#039;Windows 11&#039;, os.arch: &#039;amd64&#039;, os.version: &#039;10.0&#039;, java.version: &#039;21.0.5&#039;
Driver info: org.openqa.selenium.firefox.FirefoxDriver
Command: [64e362eb-b128-47c8-a0e6-9bc9af133c6c, findElement {using=css selector, value=#output}]
Capabilities {acceptInsecureCerts: true, browserName: firefox, browserVersion: 133.0.3, moz:accessibilityChecks: false, moz:buildID: 20241209150345, moz:debuggerAddress: 127.0.0.1:34518, moz:geckodriverVersion: 0.35.0, moz:headless: false, moz:platformVersion: 10.0, moz:processID: 25532, moz:profile: C:\Users\vamsh\AppData\Loca..., moz:shutdownTimeout: 60000, moz:webdriverClick: true, moz:windowless: false, pageLoadStrategy: normal, platformName: windows, proxy: Proxy(), se:cdp: ws://127.0.0.1:34518/devtoo..., se:cdpVersion: 85.0, setWindowRect: true, strictFileInteractability: false, timeouts: {implicit: 0, pageLoad: 300000, script: 30000}, unhandledPromptBehavior: dismiss and notify, userAgent: Mozilla/5.0 (Windows NT 10....}
Session ID: 64e362eb-b128-47c8-a0e6-9bc9af133c6c" type="org.openqa.selenium.UnhandledAlertException">
      <![CDATA[org.openqa.selenium.UnhandledAlertException: Unexpected alert dialog detected. Performed handler "dismiss". Dialog text: SyntaxError: bad input on line 2: 
Build info: version: '4.26.0', revision: '8ccf0219d7'
System info: os.name: 'Windows 11', os.arch: 'amd64', os.version: '10.0', java.version: '21.0.5'
Driver info: org.openqa.selenium.firefox.FirefoxDriver
Command: [64e362eb-b128-47c8-a0e6-9bc9af133c6c, findElement {using=css selector, value=#output}]
Capabilities {acceptInsecureCerts: true, browserName: firefox, browserVersion: 133.0.3, moz:accessibilityChecks: false, moz:buildID: 20241209150345, moz:debuggerAddress: 127.0.0.1:34518, moz:geckodriverVersion: 0.35.0, moz:headless: false, moz:platformVersion: 10.0, moz:processID: 25532, moz:profile: C:\Users\vamsh\AppData\Loca..., moz:shutdownTimeout: 60000, moz:webdriverClick: true, moz:windowless: false, pageLoadStrategy: normal, platformName: windows, proxy: Proxy(), se:cdp: ws://127.0.0.1:34518/devtoo..., se:cdpVersion: 85.0, setWindowRect: true, strictFileInteractability: false, timeouts: {implicit: 0, pageLoad: 300000, script: 30000}, unhandledPromptBehavior: dismiss and notify, userAgent: Mozilla/5.0 (Windows NT 10....}
Session ID: 64e362eb-b128-47c8-a0e6-9bc9af133c6c
at org.openqa.selenium.remote.codec.w3c.W3CHttpResponseCodec.decode(W3CHttpResponseCodec.java:136)
at org.openqa.selenium.remote.codec.w3c.W3CHttpResponseCodec.decode(W3CHttpResponseCodec.java:50)
at org.openqa.selenium.remote.HttpCommandExecutor.execute(HttpCommandExecutor.java:190)
at org.openqa.selenium.remote.service.DriverCommandExecutor.invokeExecute(DriverCommandExecutor.java:216)
at org.openqa.selenium.remote.service.DriverCommandExecutor.execute(DriverCommandExecutor.java:174)
at org.openqa.selenium.remote.RemoteWebDriver.execute(RemoteWebDriver.java:545)
at org.openqa.selenium.remote.ElementLocation$ElementFinder$2.findElement(ElementLocation.java:165)
at org.openqa.selenium.remote.ElementLocation.findElement(ElementLocation.java:59)
at org.openqa.selenium.remote.RemoteWebDriver.findElement(RemoteWebDriver.java:368)
at org.openqa.selenium.remote.RemoteWebDriver.findElement(RemoteWebDriver.java:362)
at PageObjects.IntroductionPage.getTextForElement(IntroductionPage.java:106)
at StepDefinitions.ArrayStepDefintions.the_user_should_be_presented_with_the_run_result(ArrayStepDefintions.java:159)
at ✽.the user should be presented with the Run result from sheet "pythonCode" and row 6(file:///C:/Projects/newFolder-3/Repo1/src/test/resources/Features/ArrayDetailsPage.feature:202)
]]>
    </error>
  </testcase> <!-- runScenario -->
  <testcase classname="TestRunners.TestRunner" name="runScenario" time="34.739"/>
  <testcase classname="TestRunners.TestRunner" name="runScenario" time="3.912"/>
  <testcase classname="TestRunners.TestRunner" name="runScenario" time="35.501"/>
  <testcase classname="TestRunners.TestRunner" name="runScenario" time="8.455"/>
  <testcase classname="TestRunners.TestRunner" name="runScenario" time="9.357"/>
  <testcase classname="TestRunners.TestRunner" name="runScenario" time="4.157"/>
  <testcase classname="TestRunners.TestRunner" name="runScenario" time="9.813"/>
  <testcase classname="TestRunners.TestRunner" name="runScenario" time="4.806"/>
  <testcase classname="TestRunners.TestRunner" name="runScenario" time="7.766"/>
  <testcase classname="TestRunners.TestRunner" name="runScenario" time="5.881"/>
  <testcase classname="TestRunners.TestRunner" name="runScenario" time="41.639"/>
  <testcase classname="TestRunners.TestRunner" name="runScenario" time="7.918"/>
  <testcase classname="TestRunners.TestRunner" name="runScenario" time="12.718"/>
  <testcase classname="TestRunners.TestRunner" name="runScenario" time="40.228"/>
  <testcase classname="TestRunners.TestRunner" name="runScenario" time="3.612"/>
  <testcase classname="TestRunners.TestRunner" name="runScenario" time="8.319"/>
  <testcase classname="TestRunners.TestRunner" name="runScenario" time="7.730"/>
  <testcase classname="TestRunners.TestRunner" name="runScenario" time="8.820"/>
  <testcase classname="TestRunners.TestRunner" name="runScenario" time="3.599"/>
  <testcase classname="TestRunners.TestRunner" name="runScenario" time="10.204"/>
  <testcase classname="TestRunners.TestRunner" name="runScenario" time="4.051"/>
  <testcase classname="TestRunners.TestRunner" name="runScenario" time="13.762"/>
  <testcase classname="TestRunners.TestRunner" name="runScenario" time="9.984"/>
  <testcase classname="TestRunners.TestRunner" name="runScenario" time="6.452"/>
  <testcase classname="TestRunners.TestRunner" name="runScenario" time="9.487"/>
  <testcase classname="TestRunners.TestRunner" name="runScenario" time="36.123"/>
  <testcase classname="TestRunners.TestRunner" name="runScenario" time="10.892"/>
  <testcase classname="TestRunners.TestRunner" name="runScenario" time="9.914"/>
  <testcase classname="TestRunners.TestRunner" name="runScenario" time="7.486"/>
  <testcase classname="TestRunners.TestRunner" name="runScenario" time="12.551"/>
  <testcase classname="TestRunners.TestRunner" name="runScenario" time="9.716"/>
  <testcase classname="TestRunners.TestRunner" name="runScenario" time="9.701"/>
  <testcase classname="TestRunners.TestRunner" name="runScenario" time="7.819"/>
  <testcase classname="TestRunners.TestRunner" name="runScenario" time="8.790"/>
  <testcase classname="TestRunners.TestRunner" name="runScenario" time="4.509"/>
  <testcase classname="TestRunners.TestRunner" name="runScenario" time="7.628"/>
  <testcase classname="TestRunners.TestRunner" name="runScenario" time="4.970"/>
  <testcase classname="TestRunners.TestRunner" name="runScenario" time="9.792"/>
  <testcase classname="TestRunners.TestRunner" name="runScenario" time="3.744"/>
  <testcase classname="TestRunners.TestRunner" name="runScenario" time="8.875"/>
  <testcase classname="TestRunners.TestRunner" name="runScenario" time="5.418"/>
  <testcase classname="TestRunners.TestRunner" name="runScenario" time="9.690">
    <error message="Build info: version: &#039;4.26.0&#039;, revision: &#039;8ccf0219d7&#039;
System info: os.name: &#039;Windows 11&#039;, os.arch: &#039;amd64&#039;, os.version: &#039;10.0&#039;, java.version: &#039;21.0.5&#039;
Driver info: org.openqa.selenium.firefox.FirefoxDriver
Command: [d6b48694-cead-4535-8c28-6d050453f982, getAlertText {}]
Capabilities {acceptInsecureCerts: true, browserName: firefox, browserVersion: 133.0.3, moz:accessibilityChecks: false, moz:buildID: 20241209150345, moz:debuggerAddress: 127.0.0.1:40791, moz:geckodriverVersion: 0.35.0, moz:headless: false, moz:platformVersion: 10.0, moz:processID: 35260, moz:profile: C:\Users\vamsh\AppData\Loca..., moz:shutdownTimeout: 60000, moz:webdriverClick: true, moz:windowless: false, pageLoadStrategy: normal, platformName: windows, proxy: Proxy(), se:cdp: ws://127.0.0.1:40791/devtoo..., se:cdpVersion: 85.0, setWindowRect: true, strictFileInteractability: false, timeouts: {implicit: 0, pageLoad: 300000, script: 30000}, unhandledPromptBehavior: dismiss and notify, userAgent: Mozilla/5.0 (Windows NT 10....}
Session ID: d6b48694-cead-4535-8c28-6d050453f982" type="org.openqa.selenium.NoAlertPresentException">
      <![CDATA[org.openqa.selenium.NoAlertPresentException: Build info: version: '4.26.0', revision: '8ccf0219d7'
System info: os.name: 'Windows 11', os.arch: 'amd64', os.version: '10.0', java.version: '21.0.5'
Driver info: org.openqa.selenium.firefox.FirefoxDriver
Command: [d6b48694-cead-4535-8c28-6d050453f982, getAlertText {}]
Capabilities {acceptInsecureCerts: true, browserName: firefox, browserVersion: 133.0.3, moz:accessibilityChecks: false, moz:buildID: 20241209150345, moz:debuggerAddress: 127.0.0.1:40791, moz:geckodriverVersion: 0.35.0, moz:headless: false, moz:platformVersion: 10.0, moz:processID: 35260, moz:profile: C:\Users\vamsh\AppData\Loca..., moz:shutdownTimeout: 60000, moz:webdriverClick: true, moz:windowless: false, pageLoadStrategy: normal, platformName: windows, proxy: Proxy(), se:cdp: ws://127.0.0.1:40791/devtoo..., se:cdpVersion: 85.0, setWindowRect: true, strictFileInteractability: false, timeouts: {implicit: 0, pageLoad: 300000, script: 30000}, unhandledPromptBehavior: dismiss and notify, userAgent: Mozilla/5.0 (Windows NT 10....}
Session ID: d6b48694-cead-4535-8c28-6d050453f982
at java.base/jdk.internal.reflect.DirectConstructorHandleAccessor.newInstance(DirectConstructorHandleAccessor.java:62)
at java.base/java.lang.reflect.Constructor.newInstanceWithCaller(Constructor.java:502)
at java.base/java.lang.reflect.Constructor.newInstance(Constructor.java:486)
at org.openqa.selenium.remote.ErrorCodec.decode(ErrorCodec.java:167)
at org.openqa.selenium.remote.codec.w3c.W3CHttpResponseCodec.decode(W3CHttpResponseCodec.java:138)
at org.openqa.selenium.remote.codec.w3c.W3CHttpResponseCodec.decode(W3CHttpResponseCodec.java:50)
at org.openqa.selenium.remote.HttpCommandExecutor.execute(HttpCommandExecutor.java:190)
at org.openqa.selenium.remote.service.DriverCommandExecutor.invokeExecute(DriverCommandExecutor.java:216)
at org.openqa.selenium.remote.service.DriverCommandExecutor.execute(DriverCommandExecutor.java:174)
at org.openqa.selenium.remote.RemoteWebDriver.execute(RemoteWebDriver.java:545)
at org.openqa.selenium.remote.RemoteWebDriver.execute(RemoteWebDriver.java:618)
at org.openqa.selenium.remote.RemoteWebDriver.execute(RemoteWebDriver.java:622)
at org.openqa.selenium.remote.RemoteWebDriver$RemoteTargetLocator.alert(RemoteWebDriver.java:1190)
at PageObjects.IntroductionPage.getAlertText(IntroductionPage.java:134)
at StepDefinitions.Tree.the_user_see_error_msg_in_alert_window(Tree.java:113)
at ✽.The user see error msg in alert window(file:///C:/Projects/newFolder-3/Repo1/src/test/resources/Features/Tree.feature:217)
]]>
    </error>
  </testcase> <!-- runScenario -->
  <testcase classname="TestRunners.TestRunner" name="runScenario" time="8.685"/>
  <testcase classname="TestRunners.TestRunner" name="runScenario" time="11.888"/>
  <testcase classname="TestRunners.TestRunner" name="runScenario" time="8.721"/>
  <testcase classname="TestRunners.TestRunner" name="runScenario" time="8.358"/>
  <testcase classname="TestRunners.TestRunner" name="runScenario" time="8.581"/>
  <testcase classname="TestRunners.TestRunner" name="runScenario" time="7.137"/>
  <testcase classname="TestRunners.TestRunner" name="runScenario" time="9.403"/>
  <testcase classname="TestRunners.TestRunner" name="runScenario" time="10.417"/>
  <testcase classname="TestRunners.TestRunner" name="runScenario" time="8.518"/>
  <testcase classname="TestRunners.TestRunner" name="runScenario" time="12.339"/>
  <testcase classname="TestRunners.TestRunner" name="runScenario" time="9.994"/>
  <testcase classname="TestRunners.TestRunner" name="runScenario" time="10.469"/>
  <testcase classname="TestRunners.TestRunner" name="runScenario" time="35.109"/>
  <testcase classname="TestRunners.TestRunner" name="runScenario" time="6.077"/>
  <testcase classname="TestRunners.TestRunner" name="runScenario" time="15.260">
    <error message="Unexpected alert dialog detected. Performed handler &quot;dismiss&quot;. Dialog text: SyntaxError: bad input on line 2: 
Build info: version: &#039;4.26.0&#039;, revision: &#039;8ccf0219d7&#039;
System info: os.name: &#039;Windows 11&#039;, os.arch: &#039;amd64&#039;, os.version: &#039;10.0&#039;, java.version: &#039;21.0.5&#039;
Driver info: org.openqa.selenium.firefox.FirefoxDriver
Command: [baf81d13-afff-424d-9fe7-e48daca4ccc4, findElement {using=css selector, value=#output}]
Capabilities {acceptInsecureCerts: true, browserName: firefox, browserVersion: 133.0.3, moz:accessibilityChecks: false, moz:buildID: 20241209150345, moz:debuggerAddress: 127.0.0.1:28687, moz:geckodriverVersion: 0.35.0, moz:headless: false, moz:platformVersion: 10.0, moz:processID: 17456, moz:profile: C:\Users\vamsh\AppData\Loca..., moz:shutdownTimeout: 60000, moz:webdriverClick: true, moz:windowless: false, pageLoadStrategy: normal, platformName: windows, proxy: Proxy(), se:cdp: ws://127.0.0.1:28687/devtoo..., se:cdpVersion: 85.0, setWindowRect: true, strictFileInteractability: false, timeouts: {implicit: 0, pageLoad: 300000, script: 30000}, unhandledPromptBehavior: dismiss and notify, userAgent: Mozilla/5.0 (Windows NT 10....}
Session ID: baf81d13-afff-424d-9fe7-e48daca4ccc4" type="org.openqa.selenium.UnhandledAlertException">
      <![CDATA[org.openqa.selenium.UnhandledAlertException: Unexpected alert dialog detected. Performed handler "dismiss". Dialog text: SyntaxError: bad input on line 2: 
Build info: version: '4.26.0', revision: '8ccf0219d7'
System info: os.name: 'Windows 11', os.arch: 'amd64', os.version: '10.0', java.version: '21.0.5'
Driver info: org.openqa.selenium.firefox.FirefoxDriver
Command: [baf81d13-afff-424d-9fe7-e48daca4ccc4, findElement {using=css selector, value=#output}]
Capabilities {acceptInsecureCerts: true, browserName: firefox, browserVersion: 133.0.3, moz:accessibilityChecks: false, moz:buildID: 20241209150345, moz:debuggerAddress: 127.0.0.1:28687, moz:geckodriverVersion: 0.35.0, moz:headless: false, moz:platformVersion: 10.0, moz:processID: 17456, moz:profile: C:\Users\vamsh\AppData\Loca..., moz:shutdownTimeout: 60000, moz:webdriverClick: true, moz:windowless: false, pageLoadStrategy: normal, platformName: windows, proxy: Proxy(), se:cdp: ws://127.0.0.1:28687/devtoo..., se:cdpVersion: 85.0, setWindowRect: true, strictFileInteractability: false, timeouts: {implicit: 0, pageLoad: 300000, script: 30000}, unhandledPromptBehavior: dismiss and notify, userAgent: Mozilla/5.0 (Windows NT 10....}
Session ID: baf81d13-afff-424d-9fe7-e48daca4ccc4
at org.openqa.selenium.remote.codec.w3c.W3CHttpResponseCodec.decode(W3CHttpResponseCodec.java:136)
at org.openqa.selenium.remote.codec.w3c.W3CHttpResponseCodec.decode(W3CHttpResponseCodec.java:50)
at org.openqa.selenium.remote.HttpCommandExecutor.execute(HttpCommandExecutor.java:190)
at org.openqa.selenium.remote.service.DriverCommandExecutor.invokeExecute(DriverCommandExecutor.java:216)
at org.openqa.selenium.remote.service.DriverCommandExecutor.execute(DriverCommandExecutor.java:174)
at org.openqa.selenium.remote.RemoteWebDriver.execute(RemoteWebDriver.java:545)
at org.openqa.selenium.remote.ElementLocation$ElementFinder$2.findElement(ElementLocation.java:165)
at org.openqa.selenium.remote.ElementLocation.findElement(ElementLocation.java:59)
at org.openqa.selenium.remote.RemoteWebDriver.findElement(RemoteWebDriver.java:368)
at org.openqa.selenium.remote.RemoteWebDriver.findElement(RemoteWebDriver.java:362)
at PageObjects.IntroductionPage.getTextForElement(IntroductionPage.java:106)
at StepDefinitions.ArrayStepDefintions.the_user_should_be_presented_with_the_run_result(ArrayStepDefintions.java:159)
at ✽.the user should be presented with the Run result from sheet "pythonCode" and row 2(file:///C:/Projects/newFolder-3/Repo1/src/test/resources/Features/ArrayDetailsPage.feature:156)
]]>
    </error>
  </testcase> <!-- runScenario -->
  <testcase classname="TestRunners.TestRunner" name="runScenario" time="11.681"/>
  <testcase classname="TestRunners.TestRunner" name="runScenario" time="10.502"/>
  <testcase classname="TestRunners.TestRunner" name="runScenario" time="9.187">
    <failure message="expected [NumpyNinja] but found [Registration]" type="java.lang.AssertionError">
      <![CDATA[java.lang.AssertionError: expected [NumpyNinja] but found [Registration]
at org.testng.Assert.fail(Assert.java:111)
at org.testng.Assert.failNotEquals(Assert.java:1578)
at org.testng.Assert.assertEqualsImpl(Assert.java:150)
at org.testng.Assert.assertEquals(Assert.java:132)
at org.testng.Assert.assertEquals(Assert.java:656)
at org.testng.Assert.assertEquals(Assert.java:666)
at StepDefinitions.Registration.the_user_is_displayed_with_error_msg_after_entering_invalid_data_and_redirects_to_empty_username_textbox(Registration.java:94)
at ✽.The user is displayed with error msg after entering invalid data and redirects to empty username textbox(file:///C:/Projects/newFolder-3/Repo1/src/test/resources/Features/Registration.feature:32)
]]>
    </failure>
  </testcase> <!-- runScenario -->
  <testcase classname="TestRunners.TestRunner" name="runScenario" time="4.481"/>
  <testcase classname="TestRunners.TestRunner" name="runScenario" time="6.264"/>
  <testcase classname="TestRunners.TestRunner" name="runScenario" time="11.233"/>
  <testcase classname="TestRunners.TestRunner" name="runScenario" time="35.143"/>
  <testcase classname="TestRunners.TestRunner" name="runScenario" time="9.623"/>
  <testcase classname="TestRunners.TestRunner" name="runScenario" time="12.801"/>
  <testcase classname="TestRunners.TestRunner" name="runScenario" time="11.918"/>
  <testcase classname="TestRunners.TestRunner" name="runScenario" time="40.594"/>
  <testcase classname="TestRunners.TestRunner" name="runScenario" time="6.534"/>
  <testcase classname="TestRunners.TestRunner" name="runScenario" time="12.159"/>
  <testcase classname="TestRunners.TestRunner" name="runScenario" time="12.075">
    <failure message="expected [hello] but found []" type="java.lang.AssertionError">
      <![CDATA[java.lang.AssertionError: expected [hello] but found []
at org.testng.Assert.fail(Assert.java:111)
at org.testng.Assert.failNotEquals(Assert.java:1578)
at org.testng.Assert.assertEqualsImpl(Assert.java:150)
at org.testng.Assert.assertEquals(Assert.java:132)
at org.testng.Assert.assertEquals(Assert.java:656)
at org.testng.Assert.assertEquals(Assert.java:666)
at StepDefinitions.DSIntroductionDetails.the_user_should_able_to_see_output_in_the_console(DSIntroductionDetails.java:223)
at ✽.The user should able to see output in the console(file:///C:/Projects/newFolder-3/Repo1/src/test/resources/Features/StackPage.feature:59)
]]>
    </failure>
  </testcase> <!-- runScenario -->
  <testcase classname="TestRunners.TestRunner" name="runScenario" time="15.709">
    <error message="Unexpected alert dialog detected. Performed handler &quot;dismiss&quot;. Dialog text: SyntaxError: bad input on line 2: 
Build info: version: &#039;4.26.0&#039;, revision: &#039;8ccf0219d7&#039;
System info: os.name: &#039;Windows 11&#039;, os.arch: &#039;amd64&#039;, os.version: &#039;10.0&#039;, java.version: &#039;21.0.5&#039;
Driver info: org.openqa.selenium.firefox.FirefoxDriver
Command: [8eafd762-934b-4ebc-96a2-8b0b7ab1fa80, findElement {using=css selector, value=#output}]
Capabilities {acceptInsecureCerts: true, browserName: firefox, browserVersion: 133.0.3, moz:accessibilityChecks: false, moz:buildID: 20241209150345, moz:debuggerAddress: 127.0.0.1:12818, moz:geckodriverVersion: 0.35.0, moz:headless: false, moz:platformVersion: 10.0, moz:processID: 5268, moz:profile: C:\Users\vamsh\AppData\Loca..., moz:shutdownTimeout: 60000, moz:webdriverClick: true, moz:windowless: false, pageLoadStrategy: normal, platformName: windows, proxy: Proxy(), se:cdp: ws://127.0.0.1:12818/devtoo..., se:cdpVersion: 85.0, setWindowRect: true, strictFileInteractability: false, timeouts: {implicit: 0, pageLoad: 300000, script: 30000}, unhandledPromptBehavior: dismiss and notify, userAgent: Mozilla/5.0 (Windows NT 10....}
Session ID: 8eafd762-934b-4ebc-96a2-8b0b7ab1fa80" type="org.openqa.selenium.UnhandledAlertException">
      <![CDATA[org.openqa.selenium.UnhandledAlertException: Unexpected alert dialog detected. Performed handler "dismiss". Dialog text: SyntaxError: bad input on line 2: 
Build info: version: '4.26.0', revision: '8ccf0219d7'
System info: os.name: 'Windows 11', os.arch: 'amd64', os.version: '10.0', java.version: '21.0.5'
Driver info: org.openqa.selenium.firefox.FirefoxDriver
Command: [8eafd762-934b-4ebc-96a2-8b0b7ab1fa80, findElement {using=css selector, value=#output}]
Capabilities {acceptInsecureCerts: true, browserName: firefox, browserVersion: 133.0.3, moz:accessibilityChecks: false, moz:buildID: 20241209150345, moz:debuggerAddress: 127.0.0.1:12818, moz:geckodriverVersion: 0.35.0, moz:headless: false, moz:platformVersion: 10.0, moz:processID: 5268, moz:profile: C:\Users\vamsh\AppData\Loca..., moz:shutdownTimeout: 60000, moz:webdriverClick: true, moz:windowless: false, pageLoadStrategy: normal, platformName: windows, proxy: Proxy(), se:cdp: ws://127.0.0.1:12818/devtoo..., se:cdpVersion: 85.0, setWindowRect: true, strictFileInteractability: false, timeouts: {implicit: 0, pageLoad: 300000, script: 30000}, unhandledPromptBehavior: dismiss and notify, userAgent: Mozilla/5.0 (Windows NT 10....}
Session ID: 8eafd762-934b-4ebc-96a2-8b0b7ab1fa80
at org.openqa.selenium.remote.codec.w3c.W3CHttpResponseCodec.decode(W3CHttpResponseCodec.java:136)
at org.openqa.selenium.remote.codec.w3c.W3CHttpResponseCodec.decode(W3CHttpResponseCodec.java:50)
at org.openqa.selenium.remote.HttpCommandExecutor.execute(HttpCommandExecutor.java:190)
at org.openqa.selenium.remote.service.DriverCommandExecutor.invokeExecute(DriverCommandExecutor.java:216)
at org.openqa.selenium.remote.service.DriverCommandExecutor.execute(DriverCommandExecutor.java:174)
at org.openqa.selenium.remote.RemoteWebDriver.execute(RemoteWebDriver.java:545)
at org.openqa.selenium.remote.ElementLocation$ElementFinder$2.findElement(ElementLocation.java:165)
at org.openqa.selenium.remote.ElementLocation.findElement(ElementLocation.java:59)
at org.openqa.selenium.remote.RemoteWebDriver.findElement(RemoteWebDriver.java:368)
at org.openqa.selenium.remote.RemoteWebDriver.findElement(RemoteWebDriver.java:362)
at PageObjects.IntroductionPage.getTextForElement(IntroductionPage.java:106)
at StepDefinitions.ArrayStepDefintions.the_user_should_be_presented_with_the_run_result(ArrayStepDefintions.java:159)
at ✽.the user should be presented with the Run result from sheet "pythonCode" and row 0(file:///C:/Projects/newFolder-3/Repo1/src/test/resources/Features/ArrayDetailsPage.feature:133)
]]>
    </error>
  </testcase> <!-- runScenario -->
  <testcase classname="TestRunners.TestRunner" name="runScenario" time="9.221"/>
  <testcase classname="TestRunners.TestRunner" name="runScenario" time="8.577"/>
  <testcase classname="TestRunners.TestRunner" name="runScenario" time="40.641"/>
  <testcase classname="TestRunners.TestRunner" name="runScenario" time="9.617"/>
  <testcase classname="TestRunners.TestRunner" name="runScenario" time="9.958"/>
  <testcase classname="TestRunners.TestRunner" name="runScenario" time="10.575"/>
  <testcase classname="TestRunners.TestRunner" name="runScenario" time="12.520">
    <error message="Build info: version: &#039;4.26.0&#039;, revision: &#039;8ccf0219d7&#039;
System info: os.name: &#039;Windows 11&#039;, os.arch: &#039;amd64&#039;, os.version: &#039;10.0&#039;, java.version: &#039;21.0.5&#039;
Driver info: org.openqa.selenium.firefox.FirefoxDriver
Command: [4e99c12a-9adc-47b4-96bc-cf637175c876, getAlertText {}]
Capabilities {acceptInsecureCerts: true, browserName: firefox, browserVersion: 133.0.3, moz:accessibilityChecks: false, moz:buildID: 20241209150345, moz:debuggerAddress: 127.0.0.1:6934, moz:geckodriverVersion: 0.35.0, moz:headless: false, moz:platformVersion: 10.0, moz:processID: 27560, moz:profile: C:\Users\vamsh\AppData\Loca..., moz:shutdownTimeout: 60000, moz:webdriverClick: true, moz:windowless: false, pageLoadStrategy: normal, platformName: windows, proxy: Proxy(), se:cdp: ws://127.0.0.1:6934/devtool..., se:cdpVersion: 85.0, setWindowRect: true, strictFileInteractability: false, timeouts: {implicit: 0, pageLoad: 300000, script: 30000}, unhandledPromptBehavior: dismiss and notify, userAgent: Mozilla/5.0 (Windows NT 10....}
Session ID: 4e99c12a-9adc-47b4-96bc-cf637175c876" type="org.openqa.selenium.NoAlertPresentException">
      <![CDATA[org.openqa.selenium.NoAlertPresentException: Build info: version: '4.26.0', revision: '8ccf0219d7'
System info: os.name: 'Windows 11', os.arch: 'amd64', os.version: '10.0', java.version: '21.0.5'
Driver info: org.openqa.selenium.firefox.FirefoxDriver
Command: [4e99c12a-9adc-47b4-96bc-cf637175c876, getAlertText {}]
Capabilities {acceptInsecureCerts: true, browserName: firefox, browserVersion: 133.0.3, moz:accessibilityChecks: false, moz:buildID: 20241209150345, moz:debuggerAddress: 127.0.0.1:6934, moz:geckodriverVersion: 0.35.0, moz:headless: false, moz:platformVersion: 10.0, moz:processID: 27560, moz:profile: C:\Users\vamsh\AppData\Loca..., moz:shutdownTimeout: 60000, moz:webdriverClick: true, moz:windowless: false, pageLoadStrategy: normal, platformName: windows, proxy: Proxy(), se:cdp: ws://127.0.0.1:6934/devtool..., se:cdpVersion: 85.0, setWindowRect: true, strictFileInteractability: false, timeouts: {implicit: 0, pageLoad: 300000, script: 30000}, unhandledPromptBehavior: dismiss and notify, userAgent: Mozilla/5.0 (Windows NT 10....}
Session ID: 4e99c12a-9adc-47b4-96bc-cf637175c876
at java.base/jdk.internal.reflect.DirectConstructorHandleAccessor.newInstance(DirectConstructorHandleAccessor.java:62)
at java.base/java.lang.reflect.Constructor.newInstanceWithCaller(Constructor.java:502)
at java.base/java.lang.reflect.Constructor.newInstance(Constructor.java:486)
at org.openqa.selenium.remote.ErrorCodec.decode(ErrorCodec.java:167)
at org.openqa.selenium.remote.codec.w3c.W3CHttpResponseCodec.decode(W3CHttpResponseCodec.java:138)
at org.openqa.selenium.remote.codec.w3c.W3CHttpResponseCodec.decode(W3CHttpResponseCodec.java:50)
at org.openqa.selenium.remote.HttpCommandExecutor.execute(HttpCommandExecutor.java:190)
at org.openqa.selenium.remote.service.DriverCommandExecutor.invokeExecute(DriverCommandExecutor.java:216)
at org.openqa.selenium.remote.service.DriverCommandExecutor.execute(DriverCommandExecutor.java:174)
at org.openqa.selenium.remote.RemoteWebDriver.execute(RemoteWebDriver.java:545)
at org.openqa.selenium.remote.RemoteWebDriver.execute(RemoteWebDriver.java:618)
at org.openqa.selenium.remote.RemoteWebDriver.execute(RemoteWebDriver.java:622)
at org.openqa.selenium.remote.RemoteWebDriver$RemoteTargetLocator.alert(RemoteWebDriver.java:1190)
at PageObjects.IntroductionPage.getAlertText(IntroductionPage.java:134)
at StepDefinitions.DSIntroductionDetails.the_user_should_able_to_see_an_error_message_in_alert_window(DSIntroductionDetails.java:203)
at ✽.The user should able to see an error message in alert window(file:///C:/Projects/newFolder-3/Repo1/src/test/resources/Features/QueueDetails.feature:28)
]]>
    </error>
  </testcase> <!-- runScenario -->
  <testcase classname="TestRunners.TestRunner" name="runScenario" time="12.186"/>
  <testcase classname="TestRunners.TestRunner" name="runScenario" time="8.891"/>
  <testcase classname="TestRunners.TestRunner" name="runScenario" time="9.359"/>
  <testcase classname="TestRunners.TestRunner" name="runScenario" time="5.189"/>
  <testcase classname="TestRunners.TestRunner" name="runScenario" time="8.588"/>
  <testcase classname="TestRunners.TestRunner" name="runScenario" time="12.028"/>
  <testcase classname="TestRunners.TestRunner" name="runScenario" time="9.899"/>
  <testcase classname="TestRunners.TestRunner" name="runScenario" time="7.700"/>
  <testcase classname="TestRunners.TestRunner" name="runScenario" time="6.935"/>
  <testcase classname="TestRunners.TestRunner" name="runScenario" time="5.952"/>
  <testcase classname="TestRunners.TestRunner" name="runScenario" time="11.577"/>
  <testcase classname="TestRunners.TestRunner" name="runScenario" time="3.560"/>
  <testcase classname="TestRunners.TestRunner" name="runScenario" time="11.173"/>
  <testcase classname="TestRunners.TestRunner" name="runScenario" time="6.745"/>
  <testcase classname="TestRunners.TestRunner" name="runScenario" time="6.735"/>
  <testcase classname="TestRunners.TestRunner" name="runScenario" time="4.335"/>
  <testcase classname="TestRunners.TestRunner" name="runScenario" time="11.949"/>
  <testcase classname="TestRunners.TestRunner" name="runScenario" time="8.120">
    <failure message="expected [NumpyNinja] but found [Registration]" type="java.lang.AssertionError">
      <![CDATA[java.lang.AssertionError: expected [NumpyNinja] but found [Registration]
at org.testng.Assert.fail(Assert.java:111)
at org.testng.Assert.failNotEquals(Assert.java:1578)
at org.testng.Assert.assertEqualsImpl(Assert.java:150)
at org.testng.Assert.assertEquals(Assert.java:132)
at org.testng.Assert.assertEquals(Assert.java:656)
at org.testng.Assert.assertEquals(Assert.java:666)
at StepDefinitions.Registration.the_user_is_displayed_with_error_msg_after_entering_invalid_data_and_redirects_to_empty_username_textbox(Registration.java:94)
at ✽.The user is displayed with error msg after entering invalid data and redirects to empty username textbox(file:///C:/Projects/newFolder-3/Repo1/src/test/resources/Features/Registration.feature:32)
]]>
    </failure>
  </testcase> <!-- runScenario -->
  <testcase classname="TestRunners.TestRunner" name="runScenario" time="9.514"/>
  <testcase classname="TestRunners.TestRunner" name="runScenario" time="12.903"/>
  <testcase classname="TestRunners.TestRunner" name="runScenario" time="9.144"/>
  <testcase classname="TestRunners.TestRunner" name="runScenario" time="6.033"/>
  <testcase classname="TestRunners.TestRunner" name="runScenario" time="10.061">
    <error message="Build info: version: &#039;4.26.0&#039;, revision: &#039;8ccf0219d7&#039;
System info: os.name: &#039;Windows 11&#039;, os.arch: &#039;amd64&#039;, os.version: &#039;10.0&#039;, java.version: &#039;21.0.5&#039;
Driver info: org.openqa.selenium.firefox.FirefoxDriver
Command: [e76dd806-384f-4acd-a835-f7e45441b525, getAlertText {}]
Capabilities {acceptInsecureCerts: true, browserName: firefox, browserVersion: 133.0.3, moz:accessibilityChecks: false, moz:buildID: 20241209150345, moz:debuggerAddress: 127.0.0.1:27487, moz:geckodriverVersion: 0.35.0, moz:headless: false, moz:platformVersion: 10.0, moz:processID: 40512, moz:profile: C:\Users\vamsh\AppData\Loca..., moz:shutdownTimeout: 60000, moz:webdriverClick: true, moz:windowless: false, pageLoadStrategy: normal, platformName: windows, proxy: Proxy(), se:cdp: ws://127.0.0.1:27487/devtoo..., se:cdpVersion: 85.0, setWindowRect: true, strictFileInteractability: false, timeouts: {implicit: 0, pageLoad: 300000, script: 30000}, unhandledPromptBehavior: dismiss and notify, userAgent: Mozilla/5.0 (Windows NT 10....}
Session ID: e76dd806-384f-4acd-a835-f7e45441b525" type="org.openqa.selenium.NoAlertPresentException">
      <![CDATA[org.openqa.selenium.NoAlertPresentException: Build info: version: '4.26.0', revision: '8ccf0219d7'
System info: os.name: 'Windows 11', os.arch: 'amd64', os.version: '10.0', java.version: '21.0.5'
Driver info: org.openqa.selenium.firefox.FirefoxDriver
Command: [e76dd806-384f-4acd-a835-f7e45441b525, getAlertText {}]
Capabilities {acceptInsecureCerts: true, browserName: firefox, browserVersion: 133.0.3, moz:accessibilityChecks: false, moz:buildID: 20241209150345, moz:debuggerAddress: 127.0.0.1:27487, moz:geckodriverVersion: 0.35.0, moz:headless: false, moz:platformVersion: 10.0, moz:processID: 40512, moz:profile: C:\Users\vamsh\AppData\Loca..., moz:shutdownTimeout: 60000, moz:webdriverClick: true, moz:windowless: false, pageLoadStrategy: normal, platformName: windows, proxy: Proxy(), se:cdp: ws://127.0.0.1:27487/devtoo..., se:cdpVersion: 85.0, setWindowRect: true, strictFileInteractability: false, timeouts: {implicit: 0, pageLoad: 300000, script: 30000}, unhandledPromptBehavior: dismiss and notify, userAgent: Mozilla/5.0 (Windows NT 10....}
Session ID: e76dd806-384f-4acd-a835-f7e45441b525
at java.base/jdk.internal.reflect.DirectConstructorHandleAccessor.newInstance(DirectConstructorHandleAccessor.java:62)
at java.base/java.lang.reflect.Constructor.newInstanceWithCaller(Constructor.java:502)
at java.base/java.lang.reflect.Constructor.newInstance(Constructor.java:486)
at org.openqa.selenium.remote.ErrorCodec.decode(ErrorCodec.java:167)
at org.openqa.selenium.remote.codec.w3c.W3CHttpResponseCodec.decode(W3CHttpResponseCodec.java:138)
at org.openqa.selenium.remote.codec.w3c.W3CHttpResponseCodec.decode(W3CHttpResponseCodec.java:50)
at org.openqa.selenium.remote.HttpCommandExecutor.execute(HttpCommandExecutor.java:190)
at org.openqa.selenium.remote.service.DriverCommandExecutor.invokeExecute(DriverCommandExecutor.java:216)
at org.openqa.selenium.remote.service.DriverCommandExecutor.execute(DriverCommandExecutor.java:174)
at org.openqa.selenium.remote.RemoteWebDriver.execute(RemoteWebDriver.java:545)
at org.openqa.selenium.remote.RemoteWebDriver.execute(RemoteWebDriver.java:618)
at org.openqa.selenium.remote.RemoteWebDriver.execute(RemoteWebDriver.java:622)
at org.openqa.selenium.remote.RemoteWebDriver$RemoteTargetLocator.alert(RemoteWebDriver.java:1190)
at PageObjects.IntroductionPage.getAlertText(IntroductionPage.java:134)
at StepDefinitions.Tree.the_user_see_error_msg_in_alert_window(Tree.java:113)
at ✽.The user see error msg in alert window(file:///C:/Projects/newFolder-3/Repo1/src/test/resources/Features/Tree.feature:93)
]]>
    </error>
  </testcase> <!-- runScenario -->
  <testcase classname="TestRunners.TestRunner" name="runScenario" time="13.395"/>
  <testcase classname="TestRunners.TestRunner" name="runScenario" time="7.936"/>
  <testcase classname="TestRunners.TestRunner" name="runScenario" time="6.601"/>
  <testcase classname="TestRunners.TestRunner" name="runScenario" time="10.382"/>
  <testcase classname="TestRunners.TestRunner" name="runScenario" time="4.303"/>
  <testcase classname="TestRunners.TestRunner" name="runScenario" time="5.271"/>
  <testcase classname="TestRunners.TestRunner" name="runScenario" time="7.760"/>
  <testcase classname="TestRunners.TestRunner" name="runScenario" time="10.217"/>
  <testcase classname="TestRunners.TestRunner" name="runScenario" time="8.075"/>
  <testcase classname="TestRunners.TestRunner" name="runScenario" time="6.299"/>
  <testcase classname="TestRunners.TestRunner" name="runScenario" time="4.051"/>
  <testcase classname="TestRunners.TestRunner" name="runScenario" time="12.380"/>
  <testcase classname="TestRunners.TestRunner" name="runScenario" time="4.525"/>
  <testcase classname="TestRunners.TestRunner" name="runScenario" time="5.027"/>
  <testcase classname="TestRunners.TestRunner" name="runScenario" time="11.981"/>
  <testcase classname="TestRunners.TestRunner" name="runScenario" time="9.146"/>
  <testcase classname="TestRunners.TestRunner" name="runScenario" time="14.597"/>
  <testcase classname="TestRunners.TestRunner" name="runScenario" time="5.462"/>
  <testcase classname="TestRunners.TestRunner" name="runScenario" time="34.824"/>
  <testcase classname="TestRunners.TestRunner" name="runScenario" time="9.126">
    <error message="Build info: version: &#039;4.26.0&#039;, revision: &#039;8ccf0219d7&#039;
System info: os.name: &#039;Windows 11&#039;, os.arch: &#039;amd64&#039;, os.version: &#039;10.0&#039;, java.version: &#039;21.0.5&#039;
Driver info: org.openqa.selenium.firefox.FirefoxDriver
Command: [9d5eb811-223f-4e53-9cad-bedcb035ad95, getAlertText {}]
Capabilities {acceptInsecureCerts: true, browserName: firefox, browserVersion: 133.0.3, moz:accessibilityChecks: false, moz:buildID: 20241209150345, moz:debuggerAddress: 127.0.0.1:47913, moz:geckodriverVersion: 0.35.0, moz:headless: false, moz:platformVersion: 10.0, moz:processID: 23844, moz:profile: C:\Users\vamsh\AppData\Loca..., moz:shutdownTimeout: 60000, moz:webdriverClick: true, moz:windowless: false, pageLoadStrategy: normal, platformName: windows, proxy: Proxy(), se:cdp: ws://127.0.0.1:47913/devtoo..., se:cdpVersion: 85.0, setWindowRect: true, strictFileInteractability: false, timeouts: {implicit: 0, pageLoad: 300000, script: 30000}, unhandledPromptBehavior: dismiss and notify, userAgent: Mozilla/5.0 (Windows NT 10....}
Session ID: 9d5eb811-223f-4e53-9cad-bedcb035ad95" type="org.openqa.selenium.NoAlertPresentException">
      <![CDATA[org.openqa.selenium.NoAlertPresentException: Build info: version: '4.26.0', revision: '8ccf0219d7'
System info: os.name: 'Windows 11', os.arch: 'amd64', os.version: '10.0', java.version: '21.0.5'
Driver info: org.openqa.selenium.firefox.FirefoxDriver
Command: [9d5eb811-223f-4e53-9cad-bedcb035ad95, getAlertText {}]
Capabilities {acceptInsecureCerts: true, browserName: firefox, browserVersion: 133.0.3, moz:accessibilityChecks: false, moz:buildID: 20241209150345, moz:debuggerAddress: 127.0.0.1:47913, moz:geckodriverVersion: 0.35.0, moz:headless: false, moz:platformVersion: 10.0, moz:processID: 23844, moz:profile: C:\Users\vamsh\AppData\Loca..., moz:shutdownTimeout: 60000, moz:webdriverClick: true, moz:windowless: false, pageLoadStrategy: normal, platformName: windows, proxy: Proxy(), se:cdp: ws://127.0.0.1:47913/devtoo..., se:cdpVersion: 85.0, setWindowRect: true, strictFileInteractability: false, timeouts: {implicit: 0, pageLoad: 300000, script: 30000}, unhandledPromptBehavior: dismiss and notify, userAgent: Mozilla/5.0 (Windows NT 10....}
Session ID: 9d5eb811-223f-4e53-9cad-bedcb035ad95
at java.base/jdk.internal.reflect.DirectConstructorHandleAccessor.newInstance(DirectConstructorHandleAccessor.java:62)
at java.base/java.lang.reflect.Constructor.newInstanceWithCaller(Constructor.java:502)
at java.base/java.lang.reflect.Constructor.newInstance(Constructor.java:486)
at org.openqa.selenium.remote.ErrorCodec.decode(ErrorCodec.java:167)
at org.openqa.selenium.remote.codec.w3c.W3CHttpResponseCodec.decode(W3CHttpResponseCodec.java:138)
at org.openqa.selenium.remote.codec.w3c.W3CHttpResponseCodec.decode(W3CHttpResponseCodec.java:50)
at org.openqa.selenium.remote.HttpCommandExecutor.execute(HttpCommandExecutor.java:190)
at org.openqa.selenium.remote.service.DriverCommandExecutor.invokeExecute(DriverCommandExecutor.java:216)
at org.openqa.selenium.remote.service.DriverCommandExecutor.execute(DriverCommandExecutor.java:174)
at org.openqa.selenium.remote.RemoteWebDriver.execute(RemoteWebDriver.java:545)
at org.openqa.selenium.remote.RemoteWebDriver.execute(RemoteWebDriver.java:618)
at org.openqa.selenium.remote.RemoteWebDriver.execute(RemoteWebDriver.java:622)
at org.openqa.selenium.remote.RemoteWebDriver$RemoteTargetLocator.alert(RemoteWebDriver.java:1190)
at PageObjects.IntroductionPage.getAlertText(IntroductionPage.java:134)
at StepDefinitions.Tree.the_user_see_error_msg_in_alert_window(Tree.java:113)
at ✽.The user see error msg in alert window(file:///C:/Projects/newFolder-3/Repo1/src/test/resources/Features/Tree.feature:403)
]]>
    </error>
  </testcase> <!-- runScenario -->
  <testcase classname="TestRunners.TestRunner" name="runScenario" time="13.313"/>
  <testcase classname="TestRunners.TestRunner" name="runScenario" time="9.483"/>
  <testcase classname="TestRunners.TestRunner" name="runScenario" time="9.796"/>
  <testcase classname="TestRunners.TestRunner" name="runScenario" time="9.498"/>
  <testcase classname="TestRunners.TestRunner" name="runScenario" time="10.154"/>
  <testcase classname="TestRunners.TestRunner" name="runScenario" time="10.327"/>
  <testcase classname="TestRunners.TestRunner" name="runScenario" time="6.118"/>
  <testcase classname="TestRunners.TestRunner" name="runScenario" time="9.567"/>
  <testcase classname="TestRunners.TestRunner" name="runScenario" time="8.243"/>
  <testcase classname="TestRunners.TestRunner" name="runScenario" time="8.317"/>
  <testcase classname="TestRunners.TestRunner" name="runScenario" time="6.301"/>
  <testcase classname="TestRunners.TestRunner" name="runScenario" time="10.162"/>
  <testcase classname="TestRunners.TestRunner" name="runScenario" time="8.270"/>
  <testcase classname="TestRunners.TestRunner" name="runScenario" time="9.542"/>
  <testcase classname="TestRunners.TestRunner" name="runScenario" time="12.304"/>
  <testcase classname="TestRunners.TestRunner" name="runScenario" time="8.122"/>
  <testcase classname="TestRunners.TestRunner" name="runScenario" time="5.811"/>
  <testcase classname="TestRunners.TestRunner" name="runScenario" time="4.780"/>
  <testcase classname="TestRunners.TestRunner" name="runScenario" time="10.108"/>
  <testcase classname="TestRunners.TestRunner" name="runScenario" time="8.286"/>
  <testcase classname="TestRunners.TestRunner" name="runScenario" time="12.700"/>
  <testcase classname="TestRunners.TestRunner" name="runScenario" time="10.116"/>
  <testcase classname="TestRunners.TestRunner" name="runScenario" time="10.372">
    <failure message="expected [New Account Created. You are logged in as 11111dddfrtfg] but found [password_mismatch:The two password fields didn’t match.]" type="java.lang.AssertionError">
      <![CDATA[java.lang.AssertionError: expected [New Account Created. You are logged in as 11111dddfrtfg] but found [password_mismatch:The two password fields didn’t match.]
at org.testng.Assert.fail(Assert.java:111)
at org.testng.Assert.failNotEquals(Assert.java:1578)
at org.testng.Assert.assertEqualsImpl(Assert.java:150)
at org.testng.Assert.assertEquals(Assert.java:132)
at org.testng.Assert.assertEquals(Assert.java:656)
at org.testng.Assert.assertEquals(Assert.java:666)
at StepDefinitions.Registration.the_user_is_redirected_to_home_page_of_ds_algo_with_success_message_new_account_created_you_are_logged_in_as_username_on_the_ds_algo_home_page(Registration.java:167)
at ✽.The user is redirected to Home Page of DS Algo with success message - New Account Created. You are logged in as username on the DS Algo Home Page(file:///C:/Projects/newFolder-3/Repo1/src/test/resources/Features/Registration.feature:62)
]]>
    </failure>
  </testcase> <!-- runScenario -->
  <testcase classname="TestRunners.TestRunner" name="runScenario" time="9.659"/>
  <testcase classname="TestRunners.TestRunner" name="runScenario" time="10.597"/>
  <testcase classname="TestRunners.TestRunner" name="runScenario" time="41.383"/>
  <testcase classname="TestRunners.TestRunner" name="runScenario" time="4.354"/>
  <testcase classname="TestRunners.TestRunner" name="runScenario" time="6.412"/>
  <testcase classname="TestRunners.TestRunner" name="runScenario" time="3.687"/>
  <testcase classname="TestRunners.TestRunner" name="runScenario" time="4.420"/>
  <testcase classname="TestRunners.TestRunner" name="runScenario" time="7.779"/>
  <testcase classname="TestRunners.TestRunner" name="runScenario" time="12.883"/>
  <testcase classname="TestRunners.TestRunner" name="runScenario" time="6.416"/>
  <testcase classname="TestRunners.TestRunner" name="runScenario" time="12.389"/>
  <testcase classname="TestRunners.TestRunner" name="runScenario" time="6.528"/>
  <testcase classname="TestRunners.TestRunner" name="runScenario" time="6.470"/>
  <testcase classname="TestRunners.TestRunner" name="runScenario" time="4.334"/>
  <testcase classname="TestRunners.TestRunner" name="runScenario" time="37.803"/>
  <testcase classname="TestRunners.TestRunner" name="runScenario" time="7.573"/>
  <testcase classname="TestRunners.TestRunner" name="runScenario" time="7.707"/>
  <testcase classname="TestRunners.TestRunner" name="runScenario" time="15.478">
    <failure message="expected [ Some Tests failed. Please review code] but found [Error occurred during submission]" type="java.lang.AssertionError">
      <![CDATA[java.lang.AssertionError: expected [ Some Tests failed. Please review code] but found [Error occurred during submission]
at org.testng.Assert.fail(Assert.java:111)
at org.testng.Assert.failNotEquals(Assert.java:1578)
at org.testng.Assert.assertEqualsImpl(Assert.java:150)
at org.testng.Assert.assertEquals(Assert.java:132)
at org.testng.Assert.assertEquals(Assert.java:656)
at org.testng.Assert.assertEquals(Assert.java:666)
at StepDefinitions.ArrayStepDefintions.the_user_should_be_presented_with_the_run_result(ArrayStepDefintions.java:159)
at ✽.the user should be presented with the Run result from sheet "pythonCode" and row 3(file:///C:/Projects/newFolder-3/Repo1/src/test/resources/Features/ArrayDetailsPage.feature:165)
]]>
    </failure>
  </testcase> <!-- runScenario -->
  <testcase classname="TestRunners.TestRunner" name="runScenario" time="10.574"/>
  <testcase classname="TestRunners.TestRunner" name="runScenario" time="7.647"/>
  <testcase classname="TestRunners.TestRunner" name="runScenario" time="8.265"/>
  <testcase classname="TestRunners.TestRunner" name="runScenario" time="9.078"/>
  <testcase classname="TestRunners.TestRunner" name="runScenario" time="6.046"/>
  <testcase classname="TestRunners.TestRunner" name="runScenario" time="12.600">
    <error message="Build info: version: &#039;4.26.0&#039;, revision: &#039;8ccf0219d7&#039;
System info: os.name: &#039;Windows 11&#039;, os.arch: &#039;amd64&#039;, os.version: &#039;10.0&#039;, java.version: &#039;21.0.5&#039;
Driver info: org.openqa.selenium.firefox.FirefoxDriver
Command: [36cd67d3-cb8e-4699-8e17-2c27143ce2e6, getAlertText {}]
Capabilities {acceptInsecureCerts: true, browserName: firefox, browserVersion: 133.0.3, moz:accessibilityChecks: false, moz:buildID: 20241209150345, moz:debuggerAddress: 127.0.0.1:1899, moz:geckodriverVersion: 0.35.0, moz:headless: false, moz:platformVersion: 10.0, moz:processID: 12432, moz:profile: C:\Users\vamsh\AppData\Loca..., moz:shutdownTimeout: 60000, moz:webdriverClick: true, moz:windowless: false, pageLoadStrategy: normal, platformName: windows, proxy: Proxy(), se:cdp: ws://127.0.0.1:1899/devtool..., se:cdpVersion: 85.0, setWindowRect: true, strictFileInteractability: false, timeouts: {implicit: 0, pageLoad: 300000, script: 30000}, unhandledPromptBehavior: dismiss and notify, userAgent: Mozilla/5.0 (Windows NT 10....}
Session ID: 36cd67d3-cb8e-4699-8e17-2c27143ce2e6" type="org.openqa.selenium.NoAlertPresentException">
      <![CDATA[org.openqa.selenium.NoAlertPresentException: Build info: version: '4.26.0', revision: '8ccf0219d7'
System info: os.name: 'Windows 11', os.arch: 'amd64', os.version: '10.0', java.version: '21.0.5'
Driver info: org.openqa.selenium.firefox.FirefoxDriver
Command: [36cd67d3-cb8e-4699-8e17-2c27143ce2e6, getAlertText {}]
Capabilities {acceptInsecureCerts: true, browserName: firefox, browserVersion: 133.0.3, moz:accessibilityChecks: false, moz:buildID: 20241209150345, moz:debuggerAddress: 127.0.0.1:1899, moz:geckodriverVersion: 0.35.0, moz:headless: false, moz:platformVersion: 10.0, moz:processID: 12432, moz:profile: C:\Users\vamsh\AppData\Loca..., moz:shutdownTimeout: 60000, moz:webdriverClick: true, moz:windowless: false, pageLoadStrategy: normal, platformName: windows, proxy: Proxy(), se:cdp: ws://127.0.0.1:1899/devtool..., se:cdpVersion: 85.0, setWindowRect: true, strictFileInteractability: false, timeouts: {implicit: 0, pageLoad: 300000, script: 30000}, unhandledPromptBehavior: dismiss and notify, userAgent: Mozilla/5.0 (Windows NT 10....}
Session ID: 36cd67d3-cb8e-4699-8e17-2c27143ce2e6
at java.base/jdk.internal.reflect.DirectConstructorHandleAccessor.newInstance(DirectConstructorHandleAccessor.java:62)
at java.base/java.lang.reflect.Constructor.newInstanceWithCaller(Constructor.java:502)
at java.base/java.lang.reflect.Constructor.newInstance(Constructor.java:486)
at org.openqa.selenium.remote.ErrorCodec.decode(ErrorCodec.java:167)
at org.openqa.selenium.remote.codec.w3c.W3CHttpResponseCodec.decode(W3CHttpResponseCodec.java:138)
at org.openqa.selenium.remote.codec.w3c.W3CHttpResponseCodec.decode(W3CHttpResponseCodec.java:50)
at org.openqa.selenium.remote.HttpCommandExecutor.execute(HttpCommandExecutor.java:190)
at org.openqa.selenium.remote.service.DriverCommandExecutor.invokeExecute(DriverCommandExecutor.java:216)
at org.openqa.selenium.remote.service.DriverCommandExecutor.execute(DriverCommandExecutor.java:174)
at org.openqa.selenium.remote.RemoteWebDriver.execute(RemoteWebDriver.java:545)
at org.openqa.selenium.remote.RemoteWebDriver.execute(RemoteWebDriver.java:618)
at org.openqa.selenium.remote.RemoteWebDriver.execute(RemoteWebDriver.java:622)
at org.openqa.selenium.remote.RemoteWebDriver$RemoteTargetLocator.alert(RemoteWebDriver.java:1190)
at PageObjects.IntroductionPage.getAlertText(IntroductionPage.java:134)
at StepDefinitions.DSIntroductionDetails.the_user_should_able_to_see_an_error_message_in_alert_window(DSIntroductionDetails.java:203)
at ✽.The user should able to see an error message in alert window(file:///C:/Projects/newFolder-3/Repo1/src/test/resources/Features/GraphHomepage.feature:49)
]]>
    </error>
  </testcase> <!-- runScenario -->
  <testcase classname="TestRunners.TestRunner" name="runScenario" time="6.776"/>
  <testcase classname="TestRunners.TestRunner" name="runScenario" time="9.723">
    <error message="Build info: version: &#039;4.26.0&#039;, revision: &#039;8ccf0219d7&#039;
System info: os.name: &#039;Windows 11&#039;, os.arch: &#039;amd64&#039;, os.version: &#039;10.0&#039;, java.version: &#039;21.0.5&#039;
Driver info: org.openqa.selenium.firefox.FirefoxDriver
Command: [cbee3ab3-cec5-4e28-8800-9fd97a251dca, getAlertText {}]
Capabilities {acceptInsecureCerts: true, browserName: firefox, browserVersion: 133.0.3, moz:accessibilityChecks: false, moz:buildID: 20241209150345, moz:debuggerAddress: 127.0.0.1:24467, moz:geckodriverVersion: 0.35.0, moz:headless: false, moz:platformVersion: 10.0, moz:processID: 37464, moz:profile: C:\Users\vamsh\AppData\Loca..., moz:shutdownTimeout: 60000, moz:webdriverClick: true, moz:windowless: false, pageLoadStrategy: normal, platformName: windows, proxy: Proxy(), se:cdp: ws://127.0.0.1:24467/devtoo..., se:cdpVersion: 85.0, setWindowRect: true, strictFileInteractability: false, timeouts: {implicit: 0, pageLoad: 300000, script: 30000}, unhandledPromptBehavior: dismiss and notify, userAgent: Mozilla/5.0 (Windows NT 10....}
Session ID: cbee3ab3-cec5-4e28-8800-9fd97a251dca" type="org.openqa.selenium.NoAlertPresentException">
      <![CDATA[org.openqa.selenium.NoAlertPresentException: Build info: version: '4.26.0', revision: '8ccf0219d7'
System info: os.name: 'Windows 11', os.arch: 'amd64', os.version: '10.0', java.version: '21.0.5'
Driver info: org.openqa.selenium.firefox.FirefoxDriver
Command: [cbee3ab3-cec5-4e28-8800-9fd97a251dca, getAlertText {}]
Capabilities {acceptInsecureCerts: true, browserName: firefox, browserVersion: 133.0.3, moz:accessibilityChecks: false, moz:buildID: 20241209150345, moz:debuggerAddress: 127.0.0.1:24467, moz:geckodriverVersion: 0.35.0, moz:headless: false, moz:platformVersion: 10.0, moz:processID: 37464, moz:profile: C:\Users\vamsh\AppData\Loca..., moz:shutdownTimeout: 60000, moz:webdriverClick: true, moz:windowless: false, pageLoadStrategy: normal, platformName: windows, proxy: Proxy(), se:cdp: ws://127.0.0.1:24467/devtoo..., se:cdpVersion: 85.0, setWindowRect: true, strictFileInteractability: false, timeouts: {implicit: 0, pageLoad: 300000, script: 30000}, unhandledPromptBehavior: dismiss and notify, userAgent: Mozilla/5.0 (Windows NT 10....}
Session ID: cbee3ab3-cec5-4e28-8800-9fd97a251dca
at java.base/jdk.internal.reflect.DirectConstructorHandleAccessor.newInstance(DirectConstructorHandleAccessor.java:62)
at java.base/java.lang.reflect.Constructor.newInstanceWithCaller(Constructor.java:502)
at java.base/java.lang.reflect.Constructor.newInstance(Constructor.java:486)
at org.openqa.selenium.remote.ErrorCodec.decode(ErrorCodec.java:167)
at org.openqa.selenium.remote.codec.w3c.W3CHttpResponseCodec.decode(W3CHttpResponseCodec.java:138)
at org.openqa.selenium.remote.codec.w3c.W3CHttpResponseCodec.decode(W3CHttpResponseCodec.java:50)
at org.openqa.selenium.remote.HttpCommandExecutor.execute(HttpCommandExecutor.java:190)
at org.openqa.selenium.remote.service.DriverCommandExecutor.invokeExecute(DriverCommandExecutor.java:216)
at org.openqa.selenium.remote.service.DriverCommandExecutor.execute(DriverCommandExecutor.java:174)
at org.openqa.selenium.remote.RemoteWebDriver.execute(RemoteWebDriver.java:545)
at org.openqa.selenium.remote.RemoteWebDriver.execute(RemoteWebDriver.java:618)
at org.openqa.selenium.remote.RemoteWebDriver.execute(RemoteWebDriver.java:622)
at org.openqa.selenium.remote.RemoteWebDriver$RemoteTargetLocator.alert(RemoteWebDriver.java:1190)
at PageObjects.IntroductionPage.getAlertText(IntroductionPage.java:134)
at StepDefinitions.Tree.the_user_see_error_msg_in_alert_window(Tree.java:113)
at ✽.The user see error msg in alert window(file:///C:/Projects/newFolder-3/Repo1/src/test/resources/Features/Tree.feature:63)
]]>
    </error>
  </testcase> <!-- runScenario -->
  <testcase classname="TestRunners.TestRunner" name="runScenario" time="40.348">
    <failure message="expected [hello] but found []" type="java.lang.AssertionError">
      <![CDATA[java.lang.AssertionError: expected [hello] but found []
at org.testng.Assert.fail(Assert.java:111)
at org.testng.Assert.failNotEquals(Assert.java:1578)
at org.testng.Assert.assertEqualsImpl(Assert.java:150)
at org.testng.Assert.assertEquals(Assert.java:132)
at org.testng.Assert.assertEquals(Assert.java:656)
at org.testng.Assert.assertEquals(Assert.java:666)
at StepDefinitions.Tree.the_user_is_able_to_see_the_output_inside_the_console(Tree.java:101)
at ✽.The user is able to see the output inside the console.(file:///C:/Projects/newFolder-3/Repo1/src/test/resources/Features/Tree.feature:180)
]]>
    </failure>
  </testcase> <!-- runScenario -->
  <testcase classname="TestRunners.TestRunner" name="runScenario" time="7.965"/>
  <testcase classname="TestRunners.TestRunner" name="runScenario" time="7.313"/>
  <testcase classname="TestRunners.TestRunner" name="runScenario" time="4.359"/>
  <testcase classname="TestRunners.TestRunner" name="runScenario" time="7.255"/>
  <testcase classname="TestRunners.TestRunner" name="runScenario" time="38.127"/>
  <testcase classname="TestRunners.TestRunner" name="runScenario" time="13.219"/>
  <testcase classname="TestRunners.TestRunner" name="runScenario" time="4.417"/>
  <testcase classname="TestRunners.TestRunner" name="runScenario" time="7.095"/>
  <testcase classname="TestRunners.TestRunner" name="runScenario" time="13.184"/>
  <testcase classname="TestRunners.TestRunner" name="runScenario" time="11.654"/>
  <testcase classname="TestRunners.TestRunner" name="runScenario" time="2.717"/>
  <testcase classname="TestRunners.TestRunner" name="runScenario" time="4.635"/>
  <testcase classname="TestRunners.TestRunner" name="runScenario" time="6.977"/>
  <testcase classname="TestRunners.TestRunner" name="runScenario" time="7.343"/>
  <testcase classname="TestRunners.TestRunner" name="runScenario" time="4.180"/>
  <testcase classname="TestRunners.TestRunner" name="runScenario" time="12.027"/>
  <testcase classname="TestRunners.TestRunner" name="runScenario" time="9.728"/>
  <testcase classname="TestRunners.TestRunner" name="runScenario" time="3.129"/>
  <testcase classname="TestRunners.TestRunner" name="runScenario" time="14.292"/>
  <testcase classname="TestRunners.TestRunner" name="runScenario" time="5.024"/>
  <testcase classname="TestRunners.TestRunner" name="runScenario" time="4.560"/>
  <testcase classname="TestRunners.TestRunner" name="runScenario" time="5.543"/>
  <testcase classname="TestRunners.TestRunner" name="runScenario" time="10.480"/>
  <testcase classname="TestRunners.TestRunner" name="runScenario" time="10.200"/>
  <testcase classname="TestRunners.TestRunner" name="runScenario" time="11.085"/>
  <testcase classname="TestRunners.TestRunner" name="runScenario" time="8.134"/>
  <testcase classname="TestRunners.TestRunner" name="runScenario" time="12.990"/>
  <testcase classname="TestRunners.TestRunner" name="runScenario" time="11.415"/>
  <testcase classname="TestRunners.TestRunner" name="runScenario" time="6.595"/>
  <testcase classname="TestRunners.TestRunner" name="runScenario" time="15.905">
    <failure message="expected [ Some Tests failed. Please review code] but found [Error occurred during submission]" type="java.lang.AssertionError">
      <![CDATA[java.lang.AssertionError: expected [ Some Tests failed. Please review code] but found [Error occurred during submission]
at org.testng.Assert.fail(Assert.java:111)
at org.testng.Assert.failNotEquals(Assert.java:1578)
at org.testng.Assert.assertEqualsImpl(Assert.java:150)
at org.testng.Assert.assertEquals(Assert.java:132)
at org.testng.Assert.assertEquals(Assert.java:656)
at org.testng.Assert.assertEquals(Assert.java:666)
at StepDefinitions.ArrayStepDefintions.the_user_should_be_presented_with_the_run_result(ArrayStepDefintions.java:159)
at ✽.the user should be presented with the Run result from sheet "pythonCode" and row 1(file:///C:/Projects/newFolder-3/Repo1/src/test/resources/Features/ArrayDetailsPage.feature:142)
]]>
    </failure>
  </testcase> <!-- runScenario -->
  <testcase classname="TestRunners.TestRunner" name="runScenario" time="6.077"/>
  <testcase classname="TestRunners.TestRunner" name="runScenario" time="10.487"/>
  <testcase classname="TestRunners.TestRunner" name="runScenario" time="9.057"/>
  <testcase classname="TestRunners.TestRunner" name="runScenario" time="10.979"/>
  <testcase classname="TestRunners.TestRunner" name="runScenario" time="8.812"/>
  <testcase classname="TestRunners.TestRunner" name="runScenario" time="8.061"/>
  <testcase classname="TestRunners.TestRunner" name="runScenario" time="9.228">
    <error message="element not interactable
  (Session info: chrome=131.0.6778.140)
Build info: version: &#039;4.26.0&#039;, revision: &#039;8ccf0219d7&#039;
System info: os.name: &#039;Windows 11&#039;, os.arch: &#039;amd64&#039;, os.version: &#039;10.0&#039;, java.version: &#039;21.0.5&#039;
Driver info: org.openqa.selenium.chrome.ChromeDriver
Command: [61c43d27e13ba2bab0f057ee7af77edf, sendKeysToElement {id=f.DA7ECBC4B1CB8C14F2FB222D2EF0DC8C.d.F11C88D82C8C9F00AB41867914138599.e.49, value=[Ljava.lang.CharSequence;@43a0798b}]
Capabilities {acceptInsecureCerts: false, browserName: chrome, browserVersion: 131.0.6778.140, chrome: {chromedriverVersion: 131.0.6778.108 (3b014839fbc..., userDataDir: C:\Users\vamsh\AppData\Loca...}, fedcm:accounts: true, goog:chromeOptions: {debuggerAddress: localhost:61627}, networkConnectionEnabled: false, pageLoadStrategy: normal, platformName: windows, proxy: Proxy(), se:cdp: ws://localhost:61627/devtoo..., se:cdpVersion: 131.0.6778.140, setWindowRect: true, strictFileInteractability: false, timeouts: {implicit: 0, pageLoad: 300000, script: 30000}, unhandledPromptBehavior: dismiss and notify, webauthn:extension:credBlob: true, webauthn:extension:largeBlob: true, webauthn:extension:minPinLength: true, webauthn:extension:prf: true, webauthn:virtualAuthenticators: true}
Element: [[ChromeDriver: chrome on windows (61c43d27e13ba2bab0f057ee7af77edf)] -&gt; css selector: .CodeMirror textarea]
Session ID: 61c43d27e13ba2bab0f057ee7af77edf" type="org.openqa.selenium.ElementNotInteractableException">
      <![CDATA[org.openqa.selenium.ElementNotInteractableException: element not interactable
  (Session info: chrome=131.0.6778.140)
Build info: version: '4.26.0', revision: '8ccf0219d7'
System info: os.name: 'Windows 11', os.arch: 'amd64', os.version: '10.0', java.version: '21.0.5'
Driver info: org.openqa.selenium.chrome.ChromeDriver
Command: [61c43d27e13ba2bab0f057ee7af77edf, sendKeysToElement {id=f.DA7ECBC4B1CB8C14F2FB222D2EF0DC8C.d.F11C88D82C8C9F00AB41867914138599.e.49, value=[Ljava.lang.CharSequence;@43a0798b}]
Capabilities {acceptInsecureCerts: false, browserName: chrome, browserVersion: 131.0.6778.140, chrome: {chromedriverVersion: 131.0.6778.108 (3b014839fbc..., userDataDir: C:\Users\vamsh\AppData\Loca...}, fedcm:accounts: true, goog:chromeOptions: {debuggerAddress: localhost:61627}, networkConnectionEnabled: false, pageLoadStrategy: normal, platformName: windows, proxy: Proxy(), se:cdp: ws://localhost:61627/devtoo..., se:cdpVersion: 131.0.6778.140, setWindowRect: true, strictFileInteractability: false, timeouts: {implicit: 0, pageLoad: 300000, script: 30000}, unhandledPromptBehavior: dismiss and notify, webauthn:extension:credBlob: true, webauthn:extension:largeBlob: true, webauthn:extension:minPinLength: true, webauthn:extension:prf: true, webauthn:virtualAuthenticators: true}
Element: [[ChromeDriver: chrome on windows (61c43d27e13ba2bab0f057ee7af77edf)] -> css selector: .CodeMirror textarea]
Session ID: 61c43d27e13ba2bab0f057ee7af77edf
at java.base/jdk.internal.reflect.DirectConstructorHandleAccessor.newInstance(DirectConstructorHandleAccessor.java:62)
at java.base/java.lang.reflect.Constructor.newInstanceWithCaller(Constructor.java:502)
at java.base/java.lang.reflect.Constructor.newInstance(Constructor.java:486)
at org.openqa.selenium.remote.ErrorCodec.decode(ErrorCodec.java:167)
at org.openqa.selenium.remote.codec.w3c.W3CHttpResponseCodec.decode(W3CHttpResponseCodec.java:138)
at org.openqa.selenium.remote.codec.w3c.W3CHttpResponseCodec.decode(W3CHttpResponseCodec.java:50)
at org.openqa.selenium.remote.HttpCommandExecutor.execute(HttpCommandExecutor.java:190)
at org.openqa.selenium.remote.service.DriverCommandExecutor.invokeExecute(DriverCommandExecutor.java:216)
at org.openqa.selenium.remote.service.DriverCommandExecutor.execute(DriverCommandExecutor.java:174)
at org.openqa.selenium.remote.RemoteWebDriver.execute(RemoteWebDriver.java:545)
at org.openqa.selenium.remote.RemoteWebElement.execute(RemoteWebElement.java:223)
at org.openqa.selenium.remote.RemoteWebElement.sendKeys(RemoteWebElement.java:110)
at PageObjects.IntroductionPage.enterCodeInEditor(IntroductionPage.java:82)
at StepDefinitions.DSIntroductionDetails.user_writes_invalid_code_and_clicks_run_button(DSIntroductionDetails.java:184)
at ✽.User writes invalid code and clicks run button(file:///C:/Projects/newFolder-3/Repo1/src/test/resources/Features/ArrayDetailsPage.feature:22)
]]>
    </error>
  </testcase> <!-- runScenario -->
  <testcase classname="TestRunners.TestRunner" name="runScenario" time="10.418"/>
  <testcase classname="TestRunners.TestRunner" name="runScenario" time="7.984"/>
  <testcase classname="TestRunners.TestRunner" name="runScenario" time="4.651">
    <failure message="expected [Invalid password] but found [password_mismatch:The two password fields didn’t match.]" type="java.lang.AssertionError">
      <![CDATA[java.lang.AssertionError: expected [Invalid password] but found [password_mismatch:The two password fields didn’t match.]
at org.testng.Assert.fail(Assert.java:111)
at org.testng.Assert.failNotEquals(Assert.java:1578)
at org.testng.Assert.assertEqualsImpl(Assert.java:150)
at org.testng.Assert.assertEquals(Assert.java:132)
at org.testng.Assert.assertEquals(Assert.java:656)
at org.testng.Assert.assertEquals(Assert.java:666)
at StepDefinitions.Registration.the_user_is_displayed_the_appropriate_error_msg_after_entering_invalid_data_and_redirects_to_empty_confirm_password_textbox(Registration.java:112)
at ✽.The user is displayed the appropriate error msg after entering invalid data and redirects to empty confirm password textbox(file:///C:/Projects/newFolder-3/Repo1/src/test/resources/Features/Registration.feature:39)
]]>
    </failure>
  </testcase> <!-- runScenario -->
  <testcase classname="TestRunners.TestRunner" name="runScenario" time="8.998"/>
  <testcase classname="TestRunners.TestRunner" name="runScenario" time="7.558"/>
  <testcase classname="TestRunners.TestRunner" name="runScenario" time="11.917"/>
  <testcase classname="TestRunners.TestRunner" name="runScenario" time="6.353">
    <error message="element not interactable
  (Session info: chrome=131.0.6778.140)
Build info: version: &#039;4.26.0&#039;, revision: &#039;8ccf0219d7&#039;
System info: os.name: &#039;Windows 11&#039;, os.arch: &#039;amd64&#039;, os.version: &#039;10.0&#039;, java.version: &#039;21.0.5&#039;
Driver info: org.openqa.selenium.chrome.ChromeDriver
Command: [8edc02c4379250d3dc14d35c28a9d32f, sendKeysToElement {id=f.E42E10CA8FDC1A694AB65E7A9F14FCC2.d.46B9E4F0D29FC6F6361ED6333B31D537.e.52, value=[Ljava.lang.CharSequence;@6b63451d}]
Capabilities {acceptInsecureCerts: false, browserName: chrome, browserVersion: 131.0.6778.140, chrome: {chromedriverVersion: 131.0.6778.108 (3b014839fbc..., userDataDir: C:\Users\vamsh\AppData\Loca...}, fedcm:accounts: true, goog:chromeOptions: {debuggerAddress: localhost:62686}, networkConnectionEnabled: false, pageLoadStrategy: normal, platformName: windows, proxy: Proxy(), se:cdp: ws://localhost:62686/devtoo..., se:cdpVersion: 131.0.6778.140, setWindowRect: true, strictFileInteractability: false, timeouts: {implicit: 0, pageLoad: 300000, script: 30000}, unhandledPromptBehavior: dismiss and notify, webauthn:extension:credBlob: true, webauthn:extension:largeBlob: true, webauthn:extension:minPinLength: true, webauthn:extension:prf: true, webauthn:virtualAuthenticators: true}
Element: [[ChromeDriver: chrome on windows (8edc02c4379250d3dc14d35c28a9d32f)] -&gt; css selector: .CodeMirror textarea]
Session ID: 8edc02c4379250d3dc14d35c28a9d32f" type="org.openqa.selenium.ElementNotInteractableException">
      <![CDATA[org.openqa.selenium.ElementNotInteractableException: element not interactable
  (Session info: chrome=131.0.6778.140)
Build info: version: '4.26.0', revision: '8ccf0219d7'
System info: os.name: 'Windows 11', os.arch: 'amd64', os.version: '10.0', java.version: '21.0.5'
Driver info: org.openqa.selenium.chrome.ChromeDriver
Command: [8edc02c4379250d3dc14d35c28a9d32f, sendKeysToElement {id=f.E42E10CA8FDC1A694AB65E7A9F14FCC2.d.46B9E4F0D29FC6F6361ED6333B31D537.e.52, value=[Ljava.lang.CharSequence;@6b63451d}]
Capabilities {acceptInsecureCerts: false, browserName: chrome, browserVersion: 131.0.6778.140, chrome: {chromedriverVersion: 131.0.6778.108 (3b014839fbc..., userDataDir: C:\Users\vamsh\AppData\Loca...}, fedcm:accounts: true, goog:chromeOptions: {debuggerAddress: localhost:62686}, networkConnectionEnabled: false, pageLoadStrategy: normal, platformName: windows, proxy: Proxy(), se:cdp: ws://localhost:62686/devtoo..., se:cdpVersion: 131.0.6778.140, setWindowRect: true, strictFileInteractability: false, timeouts: {implicit: 0, pageLoad: 300000, script: 30000}, unhandledPromptBehavior: dismiss and notify, webauthn:extension:credBlob: true, webauthn:extension:largeBlob: true, webauthn:extension:minPinLength: true, webauthn:extension:prf: true, webauthn:virtualAuthenticators: true}
Element: [[ChromeDriver: chrome on windows (8edc02c4379250d3dc14d35c28a9d32f)] -> css selector: .CodeMirror textarea]
Session ID: 8edc02c4379250d3dc14d35c28a9d32f
at java.base/jdk.internal.reflect.DirectConstructorHandleAccessor.newInstance(DirectConstructorHandleAccessor.java:62)
at java.base/java.lang.reflect.Constructor.newInstanceWithCaller(Constructor.java:502)
at java.base/java.lang.reflect.Constructor.newInstance(Constructor.java:486)
at org.openqa.selenium.remote.ErrorCodec.decode(ErrorCodec.java:167)
at org.openqa.selenium.remote.codec.w3c.W3CHttpResponseCodec.decode(W3CHttpResponseCodec.java:138)
at org.openqa.selenium.remote.codec.w3c.W3CHttpResponseCodec.decode(W3CHttpResponseCodec.java:50)
at org.openqa.selenium.remote.HttpCommandExecutor.execute(HttpCommandExecutor.java:190)
at org.openqa.selenium.remote.service.DriverCommandExecutor.invokeExecute(DriverCommandExecutor.java:216)
at org.openqa.selenium.remote.service.DriverCommandExecutor.execute(DriverCommandExecutor.java:174)
at org.openqa.selenium.remote.RemoteWebDriver.execute(RemoteWebDriver.java:545)
at org.openqa.selenium.remote.RemoteWebElement.execute(RemoteWebElement.java:223)
at org.openqa.selenium.remote.RemoteWebElement.sendKeys(RemoteWebElement.java:110)
at PageObjects.IntroductionPage.enterCodeInEditor(IntroductionPage.java:82)
at StepDefinitions.DSIntroductionDetails.user_writes_valid_code_and_clicks_run_button(DSIntroductionDetails.java:197)
at ✽.User writes valid code and clicks run button(file:///C:/Projects/newFolder-3/Repo1/src/test/resources/Features/ArrayDetailsPage.feature:82)
]]>
    </error>
  </testcase> <!-- runScenario -->
  <testcase classname="TestRunners.TestRunner" name="runScenario" time="12.707"/>
  <testcase classname="TestRunners.TestRunner" name="runScenario" time="8.715"/>
  <testcase classname="TestRunners.TestRunner" name="runScenario" time="41.258"/>
  <testcase classname="TestRunners.TestRunner" name="runScenario" time="8.037"/>
  <testcase classname="TestRunners.TestRunner" name="runScenario" time="13.176"/>
  <testcase classname="TestRunners.TestRunner" name="runScenario" time="9.554"/>
  <testcase classname="TestRunners.TestRunner" name="runScenario" time="12.325"/>
  <testcase classname="TestRunners.TestRunner" name="runScenario" time="7.490"/>
  <testcase classname="TestRunners.TestRunner" name="runScenario" time="34.688"/>
  <testcase classname="TestRunners.TestRunner" name="runScenario" time="10.298"/>
  <testcase classname="TestRunners.TestRunner" name="runScenario" time="7.558"/>
  <testcase classname="TestRunners.TestRunner" name="runScenario" time="6.435"/>
  <testcase classname="TestRunners.TestRunner" name="runScenario" time="35.791"/>
  <testcase classname="TestRunners.TestRunner" name="runScenario" time="10.875"/>
  <testcase classname="TestRunners.TestRunner" name="runScenario" time="7.564"/>
  <testcase classname="TestRunners.TestRunner" name="runScenario" time="7.461"/>
  <testcase classname="TestRunners.TestRunner" name="runScenario" time="8.728"/>
  <testcase classname="TestRunners.TestRunner" name="runScenario" time="4.246">
    <failure message="expected [NumpyNinja] but found [Registration]" type="java.lang.AssertionError">
      <![CDATA[java.lang.AssertionError: expected [NumpyNinja] but found [Registration]
at org.testng.Assert.fail(Assert.java:111)
at org.testng.Assert.failNotEquals(Assert.java:1578)
at org.testng.Assert.assertEqualsImpl(Assert.java:150)
at org.testng.Assert.assertEquals(Assert.java:132)
at org.testng.Assert.assertEquals(Assert.java:656)
at org.testng.Assert.assertEquals(Assert.java:666)
at StepDefinitions.Registration.the_user_is_displayed_with_error_msg_after_entering_invalid_data_and_redirects_to_empty_username_textbox(Registration.java:94)
at ✽.The user is displayed with error msg after entering invalid data and redirects to empty username textbox(file:///C:/Projects/newFolder-3/Repo1/src/test/resources/Features/Registration.feature:32)
]]>
    </failure>
  </testcase> <!-- runScenario -->
  <testcase classname="TestRunners.TestRunner" name="runScenario" time="11.618"/>
  <testcase classname="TestRunners.TestRunner" name="runScenario" time="7.800"/>
  <testcase classname="TestRunners.TestRunner" name="runScenario" time="12.692"/>
  <testcase classname="TestRunners.TestRunner" name="runScenario" time="6.150"/>
  <testcase classname="TestRunners.TestRunner" name="runScenario" time="9.596"/>
  <testcase classname="TestRunners.TestRunner" name="runScenario" time="35.589"/>
  <testcase classname="TestRunners.TestRunner" name="runScenario" time="10.542"/>
  <testcase classname="TestRunners.TestRunner" name="runScenario" time="39.015"/>
  <testcase classname="TestRunners.TestRunner" name="runScenario" time="12.631"/>
  <testcase classname="TestRunners.TestRunner" name="runScenario" time="12.810">
    <error message="Build info: version: &#039;4.26.0&#039;, revision: &#039;8ccf0219d7&#039;
System info: os.name: &#039;Windows 11&#039;, os.arch: &#039;amd64&#039;, os.version: &#039;10.0&#039;, java.version: &#039;21.0.5&#039;
Driver info: org.openqa.selenium.firefox.FirefoxDriver
Command: [cb87a8ec-cffd-488b-a9cd-7c60d5aa4107, getAlertText {}]
Capabilities {acceptInsecureCerts: true, browserName: firefox, browserVersion: 133.0.3, moz:accessibilityChecks: false, moz:buildID: 20241209150345, moz:debuggerAddress: 127.0.0.1:14445, moz:geckodriverVersion: 0.35.0, moz:headless: false, moz:platformVersion: 10.0, moz:processID: 37864, moz:profile: C:\Users\vamsh\AppData\Loca..., moz:shutdownTimeout: 60000, moz:webdriverClick: true, moz:windowless: false, pageLoadStrategy: normal, platformName: windows, proxy: Proxy(), se:cdp: ws://127.0.0.1:14445/devtoo..., se:cdpVersion: 85.0, setWindowRect: true, strictFileInteractability: false, timeouts: {implicit: 0, pageLoad: 300000, script: 30000}, unhandledPromptBehavior: dismiss and notify, userAgent: Mozilla/5.0 (Windows NT 10....}
Session ID: cb87a8ec-cffd-488b-a9cd-7c60d5aa4107" type="org.openqa.selenium.NoAlertPresentException">
      <![CDATA[org.openqa.selenium.NoAlertPresentException: Build info: version: '4.26.0', revision: '8ccf0219d7'
System info: os.name: 'Windows 11', os.arch: 'amd64', os.version: '10.0', java.version: '21.0.5'
Driver info: org.openqa.selenium.firefox.FirefoxDriver
Command: [cb87a8ec-cffd-488b-a9cd-7c60d5aa4107, getAlertText {}]
Capabilities {acceptInsecureCerts: true, browserName: firefox, browserVersion: 133.0.3, moz:accessibilityChecks: false, moz:buildID: 20241209150345, moz:debuggerAddress: 127.0.0.1:14445, moz:geckodriverVersion: 0.35.0, moz:headless: false, moz:platformVersion: 10.0, moz:processID: 37864, moz:profile: C:\Users\vamsh\AppData\Loca..., moz:shutdownTimeout: 60000, moz:webdriverClick: true, moz:windowless: false, pageLoadStrategy: normal, platformName: windows, proxy: Proxy(), se:cdp: ws://127.0.0.1:14445/devtoo..., se:cdpVersion: 85.0, setWindowRect: true, strictFileInteractability: false, timeouts: {implicit: 0, pageLoad: 300000, script: 30000}, unhandledPromptBehavior: dismiss and notify, userAgent: Mozilla/5.0 (Windows NT 10....}
Session ID: cb87a8ec-cffd-488b-a9cd-7c60d5aa4107
at java.base/jdk.internal.reflect.DirectConstructorHandleAccessor.newInstance(DirectConstructorHandleAccessor.java:62)
at java.base/java.lang.reflect.Constructor.newInstanceWithCaller(Constructor.java:502)
at java.base/java.lang.reflect.Constructor.newInstance(Constructor.java:486)
at org.openqa.selenium.remote.ErrorCodec.decode(ErrorCodec.java:167)
at org.openqa.selenium.remote.codec.w3c.W3CHttpResponseCodec.decode(W3CHttpResponseCodec.java:138)
at org.openqa.selenium.remote.codec.w3c.W3CHttpResponseCodec.decode(W3CHttpResponseCodec.java:50)
at org.openqa.selenium.remote.HttpCommandExecutor.execute(HttpCommandExecutor.java:190)
at org.openqa.selenium.remote.service.DriverCommandExecutor.invokeExecute(DriverCommandExecutor.java:216)
at org.openqa.selenium.remote.service.DriverCommandExecutor.execute(DriverCommandExecutor.java:174)
at org.openqa.selenium.remote.RemoteWebDriver.execute(RemoteWebDriver.java:545)
at org.openqa.selenium.remote.RemoteWebDriver.execute(RemoteWebDriver.java:618)
at org.openqa.selenium.remote.RemoteWebDriver.execute(RemoteWebDriver.java:622)
at org.openqa.selenium.remote.RemoteWebDriver$RemoteTargetLocator.alert(RemoteWebDriver.java:1190)
at PageObjects.IntroductionPage.getAlertText(IntroductionPage.java:134)
at StepDefinitions.DSIntroductionDetails.the_user_should_able_to_see_an_error_message_in_alert_window(DSIntroductionDetails.java:203)
at ✽.The user should able to see an error message in alert window(file:///C:/Projects/newFolder-3/Repo1/src/test/resources/Features/DSIntroductionPage.feature:36)
]]>
    </error>
  </testcase> <!-- runScenario -->
  <testcase classname="TestRunners.TestRunner" name="runScenario" time="8.208"/>
  <testcase classname="TestRunners.TestRunner" name="runScenario" time="5.279"/>
  <testcase classname="TestRunners.TestRunner" name="runScenario" time="34.227"/>
  <testcase classname="TestRunners.TestRunner" name="runScenario" time="7.612"/>
  <testcase classname="TestRunners.TestRunner" name="runScenario" time="2.398"/>
  <testcase classname="TestRunners.TestRunner" name="runScenario" time="12.939"/>
  <testcase classname="TestRunners.TestRunner" name="runScenario" time="9.579"/>
  <testcase classname="TestRunners.TestRunner" name="runScenario" time="7.617"/>
  <testcase classname="TestRunners.TestRunner" name="runScenario" time="7.403"/>
  <testcase classname="TestRunners.TestRunner" name="runScenario" time="7.527"/>
  <testcase classname="TestRunners.TestRunner" name="runScenario" time="14.304"/>
  <testcase classname="TestRunners.TestRunner" name="runScenario" time="6.123"/>
  <testcase classname="TestRunners.TestRunner" name="runScenario" time="4.091"/>
  <testcase classname="TestRunners.TestRunner" name="runScenario" time="9.902"/>
  <testcase classname="TestRunners.TestRunner" name="runScenario" time="6.319"/>
  <testcase classname="TestRunners.TestRunner" name="runScenario" time="5.634"/>
  <testcase classname="TestRunners.TestRunner" name="runScenario" time="12.428"/>
  <testcase classname="TestRunners.TestRunner" name="runScenario" time="37.983"/>
  <testcase classname="TestRunners.TestRunner" name="runScenario" time="10.139"/>
  <testcase classname="TestRunners.TestRunner" name="runScenario" time="4.858"/>
  <testcase classname="TestRunners.TestRunner" name="runScenario" time="10.140"/>
  <testcase classname="TestRunners.TestRunner" name="runScenario" time="7.484"/>
  <testcase classname="TestRunners.TestRunner" name="runScenario" time="6.575"/>
  <testcase classname="TestRunners.TestRunner" name="runScenario" time="9.365"/>
  <testcase classname="TestRunners.TestRunner" name="runScenario" time="9.922"/>
  <testcase classname="TestRunners.TestRunner" name="runScenario" time="3.854"/>
  <testcase classname="TestRunners.TestRunner" name="runScenario" time="10.373"/>
  <testcase classname="TestRunners.TestRunner" name="runScenario" time="12.852"/>
  <testcase classname="TestRunners.TestRunner" name="runScenario" time="6.587"/>
  <testcase classname="TestRunners.TestRunner" name="runScenario" time="11.361"/>
  <testcase classname="TestRunners.TestRunner" name="runScenario" time="10.013"/>
  <testcase classname="TestRunners.TestRunner" name="runScenario" time="8.670"/>
  <testcase classname="TestRunners.TestRunner" name="runScenario" time="9.548"/>
  <testcase classname="TestRunners.TestRunner" name="runScenario" time="6.045"/>
  <testcase classname="TestRunners.TestRunner" name="runScenario" time="3.780"/>
  <testcase classname="TestRunners.TestRunner" name="runScenario" time="12.506"/>
  <testcase classname="TestRunners.TestRunner" name="runScenario" time="8.602">
    <error message="Build info: version: &#039;4.26.0&#039;, revision: &#039;8ccf0219d7&#039;
System info: os.name: &#039;Windows 11&#039;, os.arch: &#039;amd64&#039;, os.version: &#039;10.0&#039;, java.version: &#039;21.0.5&#039;
Driver info: org.openqa.selenium.firefox.FirefoxDriver
Command: [249a6f9c-ddbc-4f4d-9108-a2f6a763215b, getAlertText {}]
Capabilities {acceptInsecureCerts: true, browserName: firefox, browserVersion: 133.0.3, moz:accessibilityChecks: false, moz:buildID: 20241209150345, moz:debuggerAddress: 127.0.0.1:9098, moz:geckodriverVersion: 0.35.0, moz:headless: false, moz:platformVersion: 10.0, moz:processID: 7268, moz:profile: C:\Users\vamsh\AppData\Loca..., moz:shutdownTimeout: 60000, moz:webdriverClick: true, moz:windowless: false, pageLoadStrategy: normal, platformName: windows, proxy: Proxy(), se:cdp: ws://127.0.0.1:9098/devtool..., se:cdpVersion: 85.0, setWindowRect: true, strictFileInteractability: false, timeouts: {implicit: 0, pageLoad: 300000, script: 30000}, unhandledPromptBehavior: dismiss and notify, userAgent: Mozilla/5.0 (Windows NT 10....}
Session ID: 249a6f9c-ddbc-4f4d-9108-a2f6a763215b" type="org.openqa.selenium.NoAlertPresentException">
      <![CDATA[org.openqa.selenium.NoAlertPresentException: Build info: version: '4.26.0', revision: '8ccf0219d7'
System info: os.name: 'Windows 11', os.arch: 'amd64', os.version: '10.0', java.version: '21.0.5'
Driver info: org.openqa.selenium.firefox.FirefoxDriver
Command: [249a6f9c-ddbc-4f4d-9108-a2f6a763215b, getAlertText {}]
Capabilities {acceptInsecureCerts: true, browserName: firefox, browserVersion: 133.0.3, moz:accessibilityChecks: false, moz:buildID: 20241209150345, moz:debuggerAddress: 127.0.0.1:9098, moz:geckodriverVersion: 0.35.0, moz:headless: false, moz:platformVersion: 10.0, moz:processID: 7268, moz:profile: C:\Users\vamsh\AppData\Loca..., moz:shutdownTimeout: 60000, moz:webdriverClick: true, moz:windowless: false, pageLoadStrategy: normal, platformName: windows, proxy: Proxy(), se:cdp: ws://127.0.0.1:9098/devtool..., se:cdpVersion: 85.0, setWindowRect: true, strictFileInteractability: false, timeouts: {implicit: 0, pageLoad: 300000, script: 30000}, unhandledPromptBehavior: dismiss and notify, userAgent: Mozilla/5.0 (Windows NT 10....}
Session ID: 249a6f9c-ddbc-4f4d-9108-a2f6a763215b
at java.base/jdk.internal.reflect.DirectConstructorHandleAccessor.newInstance(DirectConstructorHandleAccessor.java:62)
at java.base/java.lang.reflect.Constructor.newInstanceWithCaller(Constructor.java:502)
at java.base/java.lang.reflect.Constructor.newInstance(Constructor.java:486)
at org.openqa.selenium.remote.ErrorCodec.decode(ErrorCodec.java:167)
at org.openqa.selenium.remote.codec.w3c.W3CHttpResponseCodec.decode(W3CHttpResponseCodec.java:138)
at org.openqa.selenium.remote.codec.w3c.W3CHttpResponseCodec.decode(W3CHttpResponseCodec.java:50)
at org.openqa.selenium.remote.HttpCommandExecutor.execute(HttpCommandExecutor.java:190)
at org.openqa.selenium.remote.service.DriverCommandExecutor.invokeExecute(DriverCommandExecutor.java:216)
at org.openqa.selenium.remote.service.DriverCommandExecutor.execute(DriverCommandExecutor.java:174)
at org.openqa.selenium.remote.RemoteWebDriver.execute(RemoteWebDriver.java:545)
at org.openqa.selenium.remote.RemoteWebDriver.execute(RemoteWebDriver.java:618)
at org.openqa.selenium.remote.RemoteWebDriver.execute(RemoteWebDriver.java:622)
at org.openqa.selenium.remote.RemoteWebDriver$RemoteTargetLocator.alert(RemoteWebDriver.java:1190)
at PageObjects.IntroductionPage.getAlertText(IntroductionPage.java:134)
at StepDefinitions.Tree.the_user_see_error_msg_in_alert_window(Tree.java:113)
at ✽.The user see error msg in alert window(file:///C:/Projects/newFolder-3/Repo1/src/test/resources/Features/Tree.feature:341)
]]>
    </error>
  </testcase> <!-- runScenario -->
  <testcase classname="TestRunners.TestRunner" name="runScenario" time="40.121"/>
  <testcase classname="TestRunners.TestRunner" name="runScenario" time="7.242"/>
  <testcase classname="TestRunners.TestRunner" name="runScenario" time="7.464"/>
  <testcase classname="TestRunners.TestRunner" name="runScenario" time="8.381"/>
  <testcase classname="TestRunners.TestRunner" name="runScenario" time="9.407"/>
  <testcase classname="TestRunners.TestRunner" name="runScenario" time="7.988"/>
  <testcase classname="TestRunners.TestRunner" name="runScenario" time="40.336"/>
  <testcase classname="TestRunners.TestRunner" name="runScenario" time="7.982"/>
  <testcase classname="TestRunners.TestRunner" name="runScenario" time="3.920"/>
  <testcase classname="TestRunners.TestRunner" name="runScenario" time="8.544"/>
  <testcase classname="TestRunners.TestRunner" name="runScenario" time="10.790"/>
  <testcase classname="TestRunners.TestRunner" name="runScenario" time="12.731"/>
  <testcase classname="TestRunners.TestRunner" name="runScenario" time="10.433"/>
  <testcase classname="TestRunners.TestRunner" name="runScenario" time="13.027"/>
  <testcase classname="TestRunners.TestRunner" name="runScenario" time="8.074"/>
  <testcase classname="TestRunners.TestRunner" name="runScenario" time="4.136"/>
  <testcase classname="TestRunners.TestRunner" name="runScenario" time="4.097"/>
  <testcase classname="TestRunners.TestRunner" name="runScenario" time="35.372"/>
  <testcase classname="TestRunners.TestRunner" name="runScenario" time="36.465"/>
  <testcase classname="TestRunners.TestRunner" name="runScenario" time="10.908"/>
  <testcase classname="TestRunners.TestRunner" name="runScenario" time="8.357"/>
  <testcase classname="TestRunners.TestRunner" name="runScenario" time="2.338"/>
  <testcase classname="TestRunners.TestRunner" name="runScenario" time="12.700"/>
  <testcase classname="TestRunners.TestRunner" name="runScenario" time="4.518">
    <failure message="expected [New Account Created. You are logged in as 11111dddfrtfg] but found [password_mismatch:The two password fields didn’t match.]" type="java.lang.AssertionError">
      <![CDATA[java.lang.AssertionError: expected [New Account Created. You are logged in as 11111dddfrtfg] but found [password_mismatch:The two password fields didn’t match.]
at org.testng.Assert.fail(Assert.java:111)
at org.testng.Assert.failNotEquals(Assert.java:1578)
at org.testng.Assert.assertEqualsImpl(Assert.java:150)
at org.testng.Assert.assertEquals(Assert.java:132)
at org.testng.Assert.assertEquals(Assert.java:656)
at org.testng.Assert.assertEquals(Assert.java:666)
at StepDefinitions.Registration.the_user_is_redirected_to_home_page_of_ds_algo_with_success_message_new_account_created_you_are_logged_in_as_username_on_the_ds_algo_home_page(Registration.java:167)
at ✽.The user is redirected to Home Page of DS Algo with success message - New Account Created. You are logged in as username on the DS Algo Home Page(file:///C:/Projects/newFolder-3/Repo1/src/test/resources/Features/Registration.feature:62)
]]>
    </failure>
  </testcase> <!-- runScenario -->
  <testcase classname="TestRunners.TestRunner" name="runScenario" time="8.318">
    <failure message="expected [rgba(0, 0, 255, 1)] but found [rgb(0, 0, 255)]" type="java.lang.AssertionError">
      <![CDATA[java.lang.AssertionError: expected [rgba(0, 0, 255, 1)] but found [rgb(0, 0, 255)]
at org.testng.Assert.fail(Assert.java:111)
at org.testng.Assert.failNotEquals(Assert.java:1578)
at org.testng.Assert.assertEqualsImpl(Assert.java:150)
at org.testng.Assert.assertEquals(Assert.java:132)
at org.testng.Assert.assertEquals(Assert.java:656)
at org.testng.Assert.assertEquals(Assert.java:666)
at StepDefinitions.HomeStepDefinitions.the_user_should_landed_on_the_ds_algo_get_started_page_with_message_you_are_at_the_right_place(HomeStepDefinitions.java:25)
at ✽.The user should landed on the DS_Algo Get Started page with message You are at the right place(file:///C:/Projects/newFolder-3/Repo1/src/test/resources/Features/HomePage.feature:5)
]]>
    </failure>
  </testcase> <!-- runScenario -->
  <testcase classname="TestRunners.TestRunner" name="runScenario" time="5.492"/>
  <testcase classname="TestRunners.TestRunner" name="runScenario" time="9.071"/>
  <testcase classname="TestRunners.TestRunner" name="runScenario" time="6.148"/>
  <testcase classname="TestRunners.TestRunner" name="runScenario" time="9.138"/>
  <testcase classname="TestRunners.TestRunner" name="runScenario" time="7.546">
    <failure message="expected [Invalid password] but found [password_mismatch:The two password fields didn’t match.]" type="java.lang.AssertionError">
      <![CDATA[java.lang.AssertionError: expected [Invalid password] but found [password_mismatch:The two password fields didn’t match.]
at org.testng.Assert.fail(Assert.java:111)
at org.testng.Assert.failNotEquals(Assert.java:1578)
at org.testng.Assert.assertEqualsImpl(Assert.java:150)
at org.testng.Assert.assertEquals(Assert.java:132)
at org.testng.Assert.assertEquals(Assert.java:656)
at org.testng.Assert.assertEquals(Assert.java:666)
at StepDefinitions.Registration.the_user_is_displayed_the_appropriate_error_msg_after_entering_invalid_data_and_redirects_to_empty_confirm_password_textbox(Registration.java:112)
at ✽.The user is displayed the appropriate error msg after entering invalid data and redirects to empty confirm password textbox(file:///C:/Projects/newFolder-3/Repo1/src/test/resources/Features/Registration.feature:39)
]]>
    </failure>
  </testcase> <!-- runScenario -->
  <testcase classname="TestRunners.TestRunner" name="runScenario" time="7.655"/>
  <testcase classname="TestRunners.TestRunner" name="runScenario" time="9.307"/>
  <testcase classname="TestRunners.TestRunner" name="runScenario" time="6.400"/>
  <testcase classname="TestRunners.TestRunner" name="runScenario" time="9.388"/>
  <testcase classname="TestRunners.TestRunner" name="runScenario" time="9.139"/>
  <testcase classname="TestRunners.TestRunner" name="runScenario" time="10.677"/>
  <testcase classname="TestRunners.TestRunner" name="runScenario" time="10.014"/>
  <testcase classname="TestRunners.TestRunner" name="runScenario" time="35.417"/>
  <testcase classname="TestRunners.TestRunner" name="runScenario" time="9.557"/>
  <testcase classname="TestRunners.TestRunner" name="runScenario" time="8.299"/>
  <testcase classname="TestRunners.TestRunner" name="runScenario" time="10.868"/>
  <testcase classname="TestRunners.TestRunner" name="runScenario" time="8.168"/>
  <testcase classname="TestRunners.TestRunner" name="runScenario" time="6.450"/>
  <testcase classname="TestRunners.TestRunner" name="runScenario" time="8.692"/>
  <testcase classname="TestRunners.TestRunner" name="runScenario" time="8.813"/>
  <testcase classname="TestRunners.TestRunner" name="runScenario" time="10.963"/>
  <testcase classname="TestRunners.TestRunner" name="runScenario" time="11.396"/>
  <testcase classname="TestRunners.TestRunner" name="runScenario" time="9.418"/>
  <testcase classname="TestRunners.TestRunner" name="runScenario" time="9.442"/>
  <testcase classname="TestRunners.TestRunner" name="runScenario" time="10.957"/>
  <testcase classname="TestRunners.TestRunner" name="runScenario" time="5.386"/>
  <testcase classname="TestRunners.TestRunner" name="runScenario" time="9.176"/>
  <testcase classname="TestRunners.TestRunner" name="runScenario" time="9.145"/>
  <testcase classname="TestRunners.TestRunner" name="runScenario" time="10.198"/>
  <testcase classname="TestRunners.TestRunner" name="runScenario" time="5.818"/>
  <testcase classname="TestRunners.TestRunner" name="runScenario" time="6.551"/>
  <testcase classname="TestRunners.TestRunner" name="runScenario" time="7.935"/>
  <testcase classname="TestRunners.TestRunner" name="runScenario" time="38.035"/>
  <testcase classname="TestRunners.TestRunner" name="runScenario" time="10.243"/>
  <testcase classname="TestRunners.TestRunner" name="runScenario" time="8.168"/>
  <testcase classname="TestRunners.TestRunner" name="runScenario" time="5.429"/>
  <testcase classname="TestRunners.TestRunner" name="runScenario" time="7.964"/>
  <testcase classname="TestRunners.TestRunner" name="runScenario" time="5.858"/>
  <testcase classname="TestRunners.TestRunner" name="runScenario" time="9.852"/>
  <testcase classname="TestRunners.TestRunner" name="runScenario" time="9.889">
    <error message="Build info: version: &#039;4.26.0&#039;, revision: &#039;8ccf0219d7&#039;
System info: os.name: &#039;Windows 11&#039;, os.arch: &#039;amd64&#039;, os.version: &#039;10.0&#039;, java.version: &#039;21.0.5&#039;
Driver info: org.openqa.selenium.firefox.FirefoxDriver
Command: [72b5655b-3a8d-4453-9b20-72d54edbfd8b, getAlertText {}]
Capabilities {acceptInsecureCerts: true, browserName: firefox, browserVersion: 133.0.3, moz:accessibilityChecks: false, moz:buildID: 20241209150345, moz:debuggerAddress: 127.0.0.1:44321, moz:geckodriverVersion: 0.35.0, moz:headless: false, moz:platformVersion: 10.0, moz:processID: 37120, moz:profile: C:\Users\vamsh\AppData\Loca..., moz:shutdownTimeout: 60000, moz:webdriverClick: true, moz:windowless: false, pageLoadStrategy: normal, platformName: windows, proxy: Proxy(), se:cdp: ws://127.0.0.1:44321/devtoo..., se:cdpVersion: 85.0, setWindowRect: true, strictFileInteractability: false, timeouts: {implicit: 0, pageLoad: 300000, script: 30000}, unhandledPromptBehavior: dismiss and notify, userAgent: Mozilla/5.0 (Windows NT 10....}
Session ID: 72b5655b-3a8d-4453-9b20-72d54edbfd8b" type="org.openqa.selenium.NoAlertPresentException">
      <![CDATA[org.openqa.selenium.NoAlertPresentException: Build info: version: '4.26.0', revision: '8ccf0219d7'
System info: os.name: 'Windows 11', os.arch: 'amd64', os.version: '10.0', java.version: '21.0.5'
Driver info: org.openqa.selenium.firefox.FirefoxDriver
Command: [72b5655b-3a8d-4453-9b20-72d54edbfd8b, getAlertText {}]
Capabilities {acceptInsecureCerts: true, browserName: firefox, browserVersion: 133.0.3, moz:accessibilityChecks: false, moz:buildID: 20241209150345, moz:debuggerAddress: 127.0.0.1:44321, moz:geckodriverVersion: 0.35.0, moz:headless: false, moz:platformVersion: 10.0, moz:processID: 37120, moz:profile: C:\Users\vamsh\AppData\Loca..., moz:shutdownTimeout: 60000, moz:webdriverClick: true, moz:windowless: false, pageLoadStrategy: normal, platformName: windows, proxy: Proxy(), se:cdp: ws://127.0.0.1:44321/devtoo..., se:cdpVersion: 85.0, setWindowRect: true, strictFileInteractability: false, timeouts: {implicit: 0, pageLoad: 300000, script: 30000}, unhandledPromptBehavior: dismiss and notify, userAgent: Mozilla/5.0 (Windows NT 10....}
Session ID: 72b5655b-3a8d-4453-9b20-72d54edbfd8b
at java.base/jdk.internal.reflect.DirectConstructorHandleAccessor.newInstance(DirectConstructorHandleAccessor.java:62)
at java.base/java.lang.reflect.Constructor.newInstanceWithCaller(Constructor.java:502)
at java.base/java.lang.reflect.Constructor.newInstance(Constructor.java:486)
at org.openqa.selenium.remote.ErrorCodec.decode(ErrorCodec.java:167)
at org.openqa.selenium.remote.codec.w3c.W3CHttpResponseCodec.decode(W3CHttpResponseCodec.java:138)
at org.openqa.selenium.remote.codec.w3c.W3CHttpResponseCodec.decode(W3CHttpResponseCodec.java:50)
at org.openqa.selenium.remote.HttpCommandExecutor.execute(HttpCommandExecutor.java:190)
at org.openqa.selenium.remote.service.DriverCommandExecutor.invokeExecute(DriverCommandExecutor.java:216)
at org.openqa.selenium.remote.service.DriverCommandExecutor.execute(DriverCommandExecutor.java:174)
at org.openqa.selenium.remote.RemoteWebDriver.execute(RemoteWebDriver.java:545)
at org.openqa.selenium.remote.RemoteWebDriver.execute(RemoteWebDriver.java:618)
at org.openqa.selenium.remote.RemoteWebDriver.execute(RemoteWebDriver.java:622)
at org.openqa.selenium.remote.RemoteWebDriver$RemoteTargetLocator.alert(RemoteWebDriver.java:1190)
at PageObjects.IntroductionPage.getAlertText(IntroductionPage.java:134)
at StepDefinitions.Tree.the_user_see_error_msg_in_alert_window(Tree.java:113)
at ✽.The user see error msg in alert window(file:///C:/Projects/newFolder-3/Repo1/src/test/resources/Features/LinkedList.feature:111)
]]>
    </error>
  </testcase> <!-- runScenario -->
  <testcase classname="TestRunners.TestRunner" name="runScenario" time="11.728"/>
  <testcase classname="TestRunners.TestRunner" name="runScenario" time="6.983"/>
  <testcase classname="TestRunners.TestRunner" name="runScenario" time="9.148"/>
  <testcase classname="TestRunners.TestRunner" name="runScenario" time="9.023"/>
  <testcase classname="TestRunners.TestRunner" name="runScenario" time="12.431"/>
  <testcase classname="TestRunners.TestRunner" name="runScenario" time="11.301"/>
  <testcase classname="TestRunners.TestRunner" name="runScenario" time="9.584"/>
  <testcase classname="TestRunners.TestRunner" name="runScenario" time="14.653"/>
  <testcase classname="TestRunners.TestRunner" name="runScenario" time="34.757"/>
  <testcase classname="TestRunners.TestRunner" name="runScenario" time="38.554"/>
  <testcase classname="TestRunners.TestRunner" name="runScenario" time="7.582"/>
  <testcase classname="TestRunners.TestRunner" name="runScenario" time="39.134"/>
  <testcase classname="TestRunners.TestRunner" name="runScenario" time="9.399"/>
  <testcase classname="TestRunners.TestRunner" name="runScenario" time="39.933">
    <failure message="expected [hello] but found []" type="java.lang.AssertionError">
      <![CDATA[java.lang.AssertionError: expected [hello] but found []
at org.testng.Assert.fail(Assert.java:111)
at org.testng.Assert.failNotEquals(Assert.java:1578)
at org.testng.Assert.assertEqualsImpl(Assert.java:150)
at org.testng.Assert.assertEquals(Assert.java:132)
at org.testng.Assert.assertEquals(Assert.java:656)
at org.testng.Assert.assertEquals(Assert.java:666)
at StepDefinitions.Tree.the_user_is_able_to_see_the_output_inside_the_console(Tree.java:101)
at ✽.The user is able to see the output inside the console.(file:///C:/Projects/newFolder-3/Repo1/src/test/resources/Features/Tree.feature:397)
]]>
    </failure>
  </testcase> <!-- runScenario -->
  <testcase classname="TestRunners.TestRunner" name="runScenario" time="7.041"/>
  <testcase classname="TestRunners.TestRunner" name="runScenario" time="7.627"/>
  <testcase classname="TestRunners.TestRunner" name="runScenario" time="5.590"/>
  <testcase classname="TestRunners.TestRunner" name="runScenario" time="9.556"/>
  <testcase classname="TestRunners.TestRunner" name="runScenario" time="10.685"/>
  <testcase classname="TestRunners.TestRunner" name="runScenario" time="9.998"/>
  <testcase classname="TestRunners.TestRunner" name="runScenario" time="6.686"/>
  <testcase classname="TestRunners.TestRunner" name="runScenario" time="7.387">
    <error message="element not interactable
  (Session info: chrome=131.0.6778.140)
Build info: version: &#039;4.26.0&#039;, revision: &#039;8ccf0219d7&#039;
System info: os.name: &#039;Windows 11&#039;, os.arch: &#039;amd64&#039;, os.version: &#039;10.0&#039;, java.version: &#039;21.0.5&#039;
Driver info: org.openqa.selenium.chrome.ChromeDriver
Command: [c80d7d8bd73bada49e4c63029b51640d, sendKeysToElement {id=f.21E18419C4D7BDD03A5A70F3C42E60D4.d.4317B6A93EF05C8AFC35DBC547BCFDDC.e.55, value=[Ljava.lang.CharSequence;@161d6c96}]
Capabilities {acceptInsecureCerts: false, browserName: chrome, browserVersion: 131.0.6778.140, chrome: {chromedriverVersion: 131.0.6778.108 (3b014839fbc..., userDataDir: C:\Users\vamsh\AppData\Loca...}, fedcm:accounts: true, goog:chromeOptions: {debuggerAddress: localhost:65347}, networkConnectionEnabled: false, pageLoadStrategy: normal, platformName: windows, proxy: Proxy(), se:cdp: ws://localhost:65347/devtoo..., se:cdpVersion: 131.0.6778.140, setWindowRect: true, strictFileInteractability: false, timeouts: {implicit: 0, pageLoad: 300000, script: 30000}, unhandledPromptBehavior: dismiss and notify, webauthn:extension:credBlob: true, webauthn:extension:largeBlob: true, webauthn:extension:minPinLength: true, webauthn:extension:prf: true, webauthn:virtualAuthenticators: true}
Element: [[ChromeDriver: chrome on windows (c80d7d8bd73bada49e4c63029b51640d)] -&gt; css selector: .CodeMirror textarea]
Session ID: c80d7d8bd73bada49e4c63029b51640d" type="org.openqa.selenium.ElementNotInteractableException">
      <![CDATA[org.openqa.selenium.ElementNotInteractableException: element not interactable
  (Session info: chrome=131.0.6778.140)
Build info: version: '4.26.0', revision: '8ccf0219d7'
System info: os.name: 'Windows 11', os.arch: 'amd64', os.version: '10.0', java.version: '21.0.5'
Driver info: org.openqa.selenium.chrome.ChromeDriver
Command: [c80d7d8bd73bada49e4c63029b51640d, sendKeysToElement {id=f.21E18419C4D7BDD03A5A70F3C42E60D4.d.4317B6A93EF05C8AFC35DBC547BCFDDC.e.55, value=[Ljava.lang.CharSequence;@161d6c96}]
Capabilities {acceptInsecureCerts: false, browserName: chrome, browserVersion: 131.0.6778.140, chrome: {chromedriverVersion: 131.0.6778.108 (3b014839fbc..., userDataDir: C:\Users\vamsh\AppData\Loca...}, fedcm:accounts: true, goog:chromeOptions: {debuggerAddress: localhost:65347}, networkConnectionEnabled: false, pageLoadStrategy: normal, platformName: windows, proxy: Proxy(), se:cdp: ws://localhost:65347/devtoo..., se:cdpVersion: 131.0.6778.140, setWindowRect: true, strictFileInteractability: false, timeouts: {implicit: 0, pageLoad: 300000, script: 30000}, unhandledPromptBehavior: dismiss and notify, webauthn:extension:credBlob: true, webauthn:extension:largeBlob: true, webauthn:extension:minPinLength: true, webauthn:extension:prf: true, webauthn:virtualAuthenticators: true}
Element: [[ChromeDriver: chrome on windows (c80d7d8bd73bada49e4c63029b51640d)] -> css selector: .CodeMirror textarea]
Session ID: c80d7d8bd73bada49e4c63029b51640d
at java.base/jdk.internal.reflect.DirectConstructorHandleAccessor.newInstance(DirectConstructorHandleAccessor.java:62)
at java.base/java.lang.reflect.Constructor.newInstanceWithCaller(Constructor.java:502)
at java.base/java.lang.reflect.Constructor.newInstance(Constructor.java:486)
at org.openqa.selenium.remote.ErrorCodec.decode(ErrorCodec.java:167)
at org.openqa.selenium.remote.codec.w3c.W3CHttpResponseCodec.decode(W3CHttpResponseCodec.java:138)
at org.openqa.selenium.remote.codec.w3c.W3CHttpResponseCodec.decode(W3CHttpResponseCodec.java:50)
at org.openqa.selenium.remote.HttpCommandExecutor.execute(HttpCommandExecutor.java:190)
at org.openqa.selenium.remote.service.DriverCommandExecutor.invokeExecute(DriverCommandExecutor.java:216)
at org.openqa.selenium.remote.service.DriverCommandExecutor.execute(DriverCommandExecutor.java:174)
at org.openqa.selenium.remote.RemoteWebDriver.execute(RemoteWebDriver.java:545)
at org.openqa.selenium.remote.RemoteWebElement.execute(RemoteWebElement.java:223)
at org.openqa.selenium.remote.RemoteWebElement.sendKeys(RemoteWebElement.java:110)
at PageObjects.IntroductionPage.enterCodeInEditor(IntroductionPage.java:82)
at StepDefinitions.DSIntroductionDetails.user_writes_valid_code_and_clicks_run_button(DSIntroductionDetails.java:197)
at ✽.User writes valid code and clicks run button(file:///C:/Projects/newFolder-3/Repo1/src/test/resources/Features/DSIntroductionPage.feature:45)
]]>
    </error>
  </testcase> <!-- runScenario -->
  <testcase classname="TestRunners.TestRunner" name="runScenario" time="7.171"/>
  <testcase classname="TestRunners.TestRunner" name="runScenario" time="12.474"/>
  <testcase classname="TestRunners.TestRunner" name="runScenario" time="11.916"/>
  <testcase classname="TestRunners.TestRunner" name="runScenario" time="5.569"/>
  <testcase classname="TestRunners.TestRunner" name="runScenario" time="8.809"/>
  <testcase classname="TestRunners.TestRunner" name="runScenario" time="9.487"/>
  <testcase classname="TestRunners.TestRunner" name="runScenario" time="3.445"/>
  <testcase classname="TestRunners.TestRunner" name="runScenario" time="4.524"/>
  <testcase classname="TestRunners.TestRunner" name="runScenario" time="6.848">
    <error message="element not interactable
  (Session info: chrome=131.0.6778.140)
Build info: version: &#039;4.26.0&#039;, revision: &#039;8ccf0219d7&#039;
System info: os.name: &#039;Windows 11&#039;, os.arch: &#039;amd64&#039;, os.version: &#039;10.0&#039;, java.version: &#039;21.0.5&#039;
Driver info: org.openqa.selenium.chrome.ChromeDriver
Command: [aa40b5c0c3807e1502a9275400d6c945, sendKeysToElement {id=f.9DF824D5DEB35A0993AD02E8979532FB.d.988EA8860C2976801D6D8AE871F99141.e.55, value=[Ljava.lang.CharSequence;@76ca42f8}]
Capabilities {acceptInsecureCerts: false, browserName: chrome, browserVersion: 131.0.6778.140, chrome: {chromedriverVersion: 131.0.6778.108 (3b014839fbc..., userDataDir: C:\Users\vamsh\AppData\Loca...}, fedcm:accounts: true, goog:chromeOptions: {debuggerAddress: localhost:65192}, networkConnectionEnabled: false, pageLoadStrategy: normal, platformName: windows, proxy: Proxy(), se:cdp: ws://localhost:65192/devtoo..., se:cdpVersion: 131.0.6778.140, setWindowRect: true, strictFileInteractability: false, timeouts: {implicit: 0, pageLoad: 300000, script: 30000}, unhandledPromptBehavior: dismiss and notify, webauthn:extension:credBlob: true, webauthn:extension:largeBlob: true, webauthn:extension:minPinLength: true, webauthn:extension:prf: true, webauthn:virtualAuthenticators: true}
Element: [[ChromeDriver: chrome on windows (aa40b5c0c3807e1502a9275400d6c945)] -&gt; css selector: .CodeMirror textarea]
Session ID: aa40b5c0c3807e1502a9275400d6c945" type="org.openqa.selenium.ElementNotInteractableException">
      <![CDATA[org.openqa.selenium.ElementNotInteractableException: element not interactable
  (Session info: chrome=131.0.6778.140)
Build info: version: '4.26.0', revision: '8ccf0219d7'
System info: os.name: 'Windows 11', os.arch: 'amd64', os.version: '10.0', java.version: '21.0.5'
Driver info: org.openqa.selenium.chrome.ChromeDriver
Command: [aa40b5c0c3807e1502a9275400d6c945, sendKeysToElement {id=f.9DF824D5DEB35A0993AD02E8979532FB.d.988EA8860C2976801D6D8AE871F99141.e.55, value=[Ljava.lang.CharSequence;@76ca42f8}]
Capabilities {acceptInsecureCerts: false, browserName: chrome, browserVersion: 131.0.6778.140, chrome: {chromedriverVersion: 131.0.6778.108 (3b014839fbc..., userDataDir: C:\Users\vamsh\AppData\Loca...}, fedcm:accounts: true, goog:chromeOptions: {debuggerAddress: localhost:65192}, networkConnectionEnabled: false, pageLoadStrategy: normal, platformName: windows, proxy: Proxy(), se:cdp: ws://localhost:65192/devtoo..., se:cdpVersion: 131.0.6778.140, setWindowRect: true, strictFileInteractability: false, timeouts: {implicit: 0, pageLoad: 300000, script: 30000}, unhandledPromptBehavior: dismiss and notify, webauthn:extension:credBlob: true, webauthn:extension:largeBlob: true, webauthn:extension:minPinLength: true, webauthn:extension:prf: true, webauthn:virtualAuthenticators: true}
Element: [[ChromeDriver: chrome on windows (aa40b5c0c3807e1502a9275400d6c945)] -> css selector: .CodeMirror textarea]
Session ID: aa40b5c0c3807e1502a9275400d6c945
at java.base/jdk.internal.reflect.DirectConstructorHandleAccessor.newInstance(DirectConstructorHandleAccessor.java:62)
at java.base/java.lang.reflect.Constructor.newInstanceWithCaller(Constructor.java:502)
at java.base/java.lang.reflect.Constructor.newInstance(Constructor.java:486)
at org.openqa.selenium.remote.ErrorCodec.decode(ErrorCodec.java:167)
at org.openqa.selenium.remote.codec.w3c.W3CHttpResponseCodec.decode(W3CHttpResponseCodec.java:138)
at org.openqa.selenium.remote.codec.w3c.W3CHttpResponseCodec.decode(W3CHttpResponseCodec.java:50)
at org.openqa.selenium.remote.HttpCommandExecutor.execute(HttpCommandExecutor.java:190)
at org.openqa.selenium.remote.service.DriverCommandExecutor.invokeExecute(DriverCommandExecutor.java:216)
at org.openqa.selenium.remote.service.DriverCommandExecutor.execute(DriverCommandExecutor.java:174)
at org.openqa.selenium.remote.RemoteWebDriver.execute(RemoteWebDriver.java:545)
at org.openqa.selenium.remote.RemoteWebElement.execute(RemoteWebElement.java:223)
at org.openqa.selenium.remote.RemoteWebElement.sendKeys(RemoteWebElement.java:110)
at PageObjects.IntroductionPage.enterCodeInEditor(IntroductionPage.java:82)
at StepDefinitions.DSIntroductionDetails.user_writes_invalid_code_and_clicks_run_button(DSIntroductionDetails.java:184)
at ✽.User writes invalid code and clicks run button(file:///C:/Projects/newFolder-3/Repo1/src/test/resources/Features/DSIntroductionPage.feature:35)
]]>
    </error>
  </testcase> <!-- runScenario -->
  <testcase classname="TestRunners.TestRunner" name="runScenario" time="8.819"/>
  <testcase classname="TestRunners.TestRunner" name="runScenario" time="9.821"/>
  <testcase classname="TestRunners.TestRunner" name="runScenario" time="5.801"/>
  <testcase classname="TestRunners.TestRunner" name="runScenario" time="13.388"/>
  <testcase classname="TestRunners.TestRunner" name="runScenario" time="8.551"/>
  <testcase classname="TestRunners.TestRunner" name="runScenario" time="12.672"/>
  <testcase classname="TestRunners.TestRunner" name="runScenario" time="7.644"/>
  <testcase classname="TestRunners.TestRunner" name="runScenario" time="4.441"/>
  <testcase classname="TestRunners.TestRunner" name="runScenario" time="7.852"/>
  <testcase classname="TestRunners.TestRunner" name="runScenario" time="3.746"/>
  <testcase classname="TestRunners.TestRunner" name="runScenario" time="11.731"/>
  <testcase classname="TestRunners.TestRunner" name="runScenario" time="8.078"/>
  <testcase classname="TestRunners.TestRunner" name="runScenario" time="11.676"/>
  <testcase classname="TestRunners.TestRunner" name="runScenario" time="12.623"/>
  <testcase classname="TestRunners.TestRunner" name="runScenario" time="7.286"/>
  <testcase classname="TestRunners.TestRunner" name="runScenario" time="9.298">
    <error message="Build info: version: &#039;4.26.0&#039;, revision: &#039;8ccf0219d7&#039;
System info: os.name: &#039;Windows 11&#039;, os.arch: &#039;amd64&#039;, os.version: &#039;10.0&#039;, java.version: &#039;21.0.5&#039;
Driver info: org.openqa.selenium.firefox.FirefoxDriver
Command: [320b9ccb-5a18-4cf6-9dc8-579e3fe0a700, getAlertText {}]
Capabilities {acceptInsecureCerts: true, browserName: firefox, browserVersion: 133.0.3, moz:accessibilityChecks: false, moz:buildID: 20241209150345, moz:debuggerAddress: 127.0.0.1:24374, moz:geckodriverVersion: 0.35.0, moz:headless: false, moz:platformVersion: 10.0, moz:processID: 38992, moz:profile: C:\Users\vamsh\AppData\Loca..., moz:shutdownTimeout: 60000, moz:webdriverClick: true, moz:windowless: false, pageLoadStrategy: normal, platformName: windows, proxy: Proxy(), se:cdp: ws://127.0.0.1:24374/devtoo..., se:cdpVersion: 85.0, setWindowRect: true, strictFileInteractability: false, timeouts: {implicit: 0, pageLoad: 300000, script: 30000}, unhandledPromptBehavior: dismiss and notify, userAgent: Mozilla/5.0 (Windows NT 10....}
Session ID: 320b9ccb-5a18-4cf6-9dc8-579e3fe0a700" type="org.openqa.selenium.NoAlertPresentException">
      <![CDATA[org.openqa.selenium.NoAlertPresentException: Build info: version: '4.26.0', revision: '8ccf0219d7'
System info: os.name: 'Windows 11', os.arch: 'amd64', os.version: '10.0', java.version: '21.0.5'
Driver info: org.openqa.selenium.firefox.FirefoxDriver
Command: [320b9ccb-5a18-4cf6-9dc8-579e3fe0a700, getAlertText {}]
Capabilities {acceptInsecureCerts: true, browserName: firefox, browserVersion: 133.0.3, moz:accessibilityChecks: false, moz:buildID: 20241209150345, moz:debuggerAddress: 127.0.0.1:24374, moz:geckodriverVersion: 0.35.0, moz:headless: false, moz:platformVersion: 10.0, moz:processID: 38992, moz:profile: C:\Users\vamsh\AppData\Loca..., moz:shutdownTimeout: 60000, moz:webdriverClick: true, moz:windowless: false, pageLoadStrategy: normal, platformName: windows, proxy: Proxy(), se:cdp: ws://127.0.0.1:24374/devtoo..., se:cdpVersion: 85.0, setWindowRect: true, strictFileInteractability: false, timeouts: {implicit: 0, pageLoad: 300000, script: 30000}, unhandledPromptBehavior: dismiss and notify, userAgent: Mozilla/5.0 (Windows NT 10....}
Session ID: 320b9ccb-5a18-4cf6-9dc8-579e3fe0a700
at java.base/jdk.internal.reflect.DirectConstructorHandleAccessor.newInstance(DirectConstructorHandleAccessor.java:62)
at java.base/java.lang.reflect.Constructor.newInstanceWithCaller(Constructor.java:502)
at java.base/java.lang.reflect.Constructor.newInstance(Constructor.java:486)
at org.openqa.selenium.remote.ErrorCodec.decode(ErrorCodec.java:167)
at org.openqa.selenium.remote.codec.w3c.W3CHttpResponseCodec.decode(W3CHttpResponseCodec.java:138)
at org.openqa.selenium.remote.codec.w3c.W3CHttpResponseCodec.decode(W3CHttpResponseCodec.java:50)
at org.openqa.selenium.remote.HttpCommandExecutor.execute(HttpCommandExecutor.java:190)
at org.openqa.selenium.remote.service.DriverCommandExecutor.invokeExecute(DriverCommandExecutor.java:216)
at org.openqa.selenium.remote.service.DriverCommandExecutor.execute(DriverCommandExecutor.java:174)
at org.openqa.selenium.remote.RemoteWebDriver.execute(RemoteWebDriver.java:545)
at org.openqa.selenium.remote.RemoteWebDriver.execute(RemoteWebDriver.java:618)
at org.openqa.selenium.remote.RemoteWebDriver.execute(RemoteWebDriver.java:622)
at org.openqa.selenium.remote.RemoteWebDriver$RemoteTargetLocator.alert(RemoteWebDriver.java:1190)
at PageObjects.IntroductionPage.getAlertText(IntroductionPage.java:134)
at StepDefinitions.Tree.the_user_see_error_msg_in_alert_window(Tree.java:113)
at ✽.The user see error msg in alert window(file:///C:/Projects/newFolder-3/Repo1/src/test/resources/Features/Tree.feature:372)
]]>
    </error>
  </testcase> <!-- runScenario -->
  <testcase classname="TestRunners.TestRunner" name="runScenario" time="10.146"/>
  <testcase classname="TestRunners.TestRunner" name="runScenario" time="37.866"/>
  <testcase classname="TestRunners.TestRunner" name="runScenario" time="5.087"/>
  <testcase classname="TestRunners.TestRunner" name="runScenario" time="10.314"/>
  <testcase classname="TestRunners.TestRunner" name="runScenario" time="4.575"/>
  <testcase classname="TestRunners.TestRunner" name="runScenario" time="10.765"/>
  <testcase classname="TestRunners.TestRunner" name="runScenario" time="40.643"/>
  <testcase classname="TestRunners.TestRunner" name="runScenario" time="7.547"/>
  <testcase classname="TestRunners.TestRunner" name="runScenario" time="17.888"/>
  <testcase classname="TestRunners.TestRunner" name="runScenario" time="8.356">
    <error message="element not interactable
  (Session info: chrome=131.0.6778.140)
Build info: version: &#039;4.26.0&#039;, revision: &#039;8ccf0219d7&#039;
System info: os.name: &#039;Windows 11&#039;, os.arch: &#039;amd64&#039;, os.version: &#039;10.0&#039;, java.version: &#039;21.0.5&#039;
Driver info: org.openqa.selenium.chrome.ChromeDriver
Command: [1e4a6db735c4d41f4fc6119fbbdd9999, sendKeysToElement {id=f.EE14D467F59E7A20091F8327C63E36B8.d.FAC85149312621757C7E211731F07ABA.e.50, value=[Ljava.lang.CharSequence;@562ea8bd}]
Capabilities {acceptInsecureCerts: false, browserName: chrome, browserVersion: 131.0.6778.140, chrome: {chromedriverVersion: 131.0.6778.108 (3b014839fbc..., userDataDir: C:\Users\vamsh\AppData\Loca...}, fedcm:accounts: true, goog:chromeOptions: {debuggerAddress: localhost:49315}, networkConnectionEnabled: false, pageLoadStrategy: normal, platformName: windows, proxy: Proxy(), se:cdp: ws://localhost:49315/devtoo..., se:cdpVersion: 131.0.6778.140, setWindowRect: true, strictFileInteractability: false, timeouts: {implicit: 0, pageLoad: 300000, script: 30000}, unhandledPromptBehavior: dismiss and notify, webauthn:extension:credBlob: true, webauthn:extension:largeBlob: true, webauthn:extension:minPinLength: true, webauthn:extension:prf: true, webauthn:virtualAuthenticators: true}
Element: [[ChromeDriver: chrome on windows (1e4a6db735c4d41f4fc6119fbbdd9999)] -&gt; css selector: .CodeMirror textarea]
Session ID: 1e4a6db735c4d41f4fc6119fbbdd9999" type="org.openqa.selenium.ElementNotInteractableException">
      <![CDATA[org.openqa.selenium.ElementNotInteractableException: element not interactable
  (Session info: chrome=131.0.6778.140)
Build info: version: '4.26.0', revision: '8ccf0219d7'
System info: os.name: 'Windows 11', os.arch: 'amd64', os.version: '10.0', java.version: '21.0.5'
Driver info: org.openqa.selenium.chrome.ChromeDriver
Command: [1e4a6db735c4d41f4fc6119fbbdd9999, sendKeysToElement {id=f.EE14D467F59E7A20091F8327C63E36B8.d.FAC85149312621757C7E211731F07ABA.e.50, value=[Ljava.lang.CharSequence;@562ea8bd}]
Capabilities {acceptInsecureCerts: false, browserName: chrome, browserVersion: 131.0.6778.140, chrome: {chromedriverVersion: 131.0.6778.108 (3b014839fbc..., userDataDir: C:\Users\vamsh\AppData\Loca...}, fedcm:accounts: true, goog:chromeOptions: {debuggerAddress: localhost:49315}, networkConnectionEnabled: false, pageLoadStrategy: normal, platformName: windows, proxy: Proxy(), se:cdp: ws://localhost:49315/devtoo..., se:cdpVersion: 131.0.6778.140, setWindowRect: true, strictFileInteractability: false, timeouts: {implicit: 0, pageLoad: 300000, script: 30000}, unhandledPromptBehavior: dismiss and notify, webauthn:extension:credBlob: true, webauthn:extension:largeBlob: true, webauthn:extension:minPinLength: true, webauthn:extension:prf: true, webauthn:virtualAuthenticators: true}
Element: [[ChromeDriver: chrome on windows (1e4a6db735c4d41f4fc6119fbbdd9999)] -> css selector: .CodeMirror textarea]
Session ID: 1e4a6db735c4d41f4fc6119fbbdd9999
at java.base/jdk.internal.reflect.DirectConstructorHandleAccessor.newInstance(DirectConstructorHandleAccessor.java:62)
at java.base/java.lang.reflect.Constructor.newInstanceWithCaller(Constructor.java:502)
at java.base/java.lang.reflect.Constructor.newInstance(Constructor.java:486)
at org.openqa.selenium.remote.ErrorCodec.decode(ErrorCodec.java:167)
at org.openqa.selenium.remote.codec.w3c.W3CHttpResponseCodec.decode(W3CHttpResponseCodec.java:138)
at org.openqa.selenium.remote.codec.w3c.W3CHttpResponseCodec.decode(W3CHttpResponseCodec.java:50)
at org.openqa.selenium.remote.HttpCommandExecutor.execute(HttpCommandExecutor.java:190)
at org.openqa.selenium.remote.service.DriverCommandExecutor.invokeExecute(DriverCommandExecutor.java:216)
at org.openqa.selenium.remote.service.DriverCommandExecutor.execute(DriverCommandExecutor.java:174)
at org.openqa.selenium.remote.RemoteWebDriver.execute(RemoteWebDriver.java:545)
at org.openqa.selenium.remote.RemoteWebElement.execute(RemoteWebElement.java:223)
at org.openqa.selenium.remote.RemoteWebElement.sendKeys(RemoteWebElement.java:110)
at PageObjects.IntroductionPage.enterCodeInEditor(IntroductionPage.java:82)
at StepDefinitions.DSIntroductionDetails.user_writes_invalid_code_and_clicks_run_button(DSIntroductionDetails.java:184)
at ✽.User writes invalid code and clicks run button(file:///C:/Projects/newFolder-3/Repo1/src/test/resources/Features/GraphHomepage.feature:23)
]]>
    </error>
  </testcase> <!-- runScenario -->
  <testcase classname="TestRunners.TestRunner" name="runScenario" time="40.942">
    <failure message="expected [hello] but found []" type="java.lang.AssertionError">
      <![CDATA[java.lang.AssertionError: expected [hello] but found []
at org.testng.Assert.fail(Assert.java:111)
at org.testng.Assert.failNotEquals(Assert.java:1578)
at org.testng.Assert.assertEqualsImpl(Assert.java:150)
at org.testng.Assert.assertEquals(Assert.java:132)
at org.testng.Assert.assertEquals(Assert.java:656)
at org.testng.Assert.assertEquals(Assert.java:666)
at StepDefinitions.Tree.the_user_is_able_to_see_the_output_inside_the_console(Tree.java:101)
at ✽.The user is able to see the output inside the console.(file:///C:/Projects/newFolder-3/Repo1/src/test/resources/Features/LinkedList.feature:131)
]]>
    </failure>
  </testcase> <!-- runScenario -->
  <testcase classname="TestRunners.TestRunner" name="runScenario" time="9.638"/>
  <testcase classname="TestRunners.TestRunner" name="runScenario" time="13.895">
    <error message="Unexpected alert dialog detected. Performed handler &quot;dismiss&quot;. Dialog text: SyntaxError: bad input on line 2: 
Build info: version: &#039;4.26.0&#039;, revision: &#039;8ccf0219d7&#039;
System info: os.name: &#039;Windows 11&#039;, os.arch: &#039;amd64&#039;, os.version: &#039;10.0&#039;, java.version: &#039;21.0.5&#039;
Driver info: org.openqa.selenium.firefox.FirefoxDriver
Command: [efe0b8ee-6ff6-4ad1-8317-19370f7472aa, findElement {using=css selector, value=#output}]
Capabilities {acceptInsecureCerts: true, browserName: firefox, browserVersion: 133.0.3, moz:accessibilityChecks: false, moz:buildID: 20241209150345, moz:debuggerAddress: 127.0.0.1:21490, moz:geckodriverVersion: 0.35.0, moz:headless: false, moz:platformVersion: 10.0, moz:processID: 38676, moz:profile: C:\Users\vamsh\AppData\Loca..., moz:shutdownTimeout: 60000, moz:webdriverClick: true, moz:windowless: false, pageLoadStrategy: normal, platformName: windows, proxy: Proxy(), se:cdp: ws://127.0.0.1:21490/devtoo..., se:cdpVersion: 85.0, setWindowRect: true, strictFileInteractability: false, timeouts: {implicit: 0, pageLoad: 300000, script: 30000}, unhandledPromptBehavior: dismiss and notify, userAgent: Mozilla/5.0 (Windows NT 10....}
Session ID: efe0b8ee-6ff6-4ad1-8317-19370f7472aa" type="org.openqa.selenium.UnhandledAlertException">
      <![CDATA[org.openqa.selenium.UnhandledAlertException: Unexpected alert dialog detected. Performed handler "dismiss". Dialog text: SyntaxError: bad input on line 2: 
Build info: version: '4.26.0', revision: '8ccf0219d7'
System info: os.name: 'Windows 11', os.arch: 'amd64', os.version: '10.0', java.version: '21.0.5'
Driver info: org.openqa.selenium.firefox.FirefoxDriver
Command: [efe0b8ee-6ff6-4ad1-8317-19370f7472aa, findElement {using=css selector, value=#output}]
Capabilities {acceptInsecureCerts: true, browserName: firefox, browserVersion: 133.0.3, moz:accessibilityChecks: false, moz:buildID: 20241209150345, moz:debuggerAddress: 127.0.0.1:21490, moz:geckodriverVersion: 0.35.0, moz:headless: false, moz:platformVersion: 10.0, moz:processID: 38676, moz:profile: C:\Users\vamsh\AppData\Loca..., moz:shutdownTimeout: 60000, moz:webdriverClick: true, moz:windowless: false, pageLoadStrategy: normal, platformName: windows, proxy: Proxy(), se:cdp: ws://127.0.0.1:21490/devtoo..., se:cdpVersion: 85.0, setWindowRect: true, strictFileInteractability: false, timeouts: {implicit: 0, pageLoad: 300000, script: 30000}, unhandledPromptBehavior: dismiss and notify, userAgent: Mozilla/5.0 (Windows NT 10....}
Session ID: efe0b8ee-6ff6-4ad1-8317-19370f7472aa
at org.openqa.selenium.remote.codec.w3c.W3CHttpResponseCodec.decode(W3CHttpResponseCodec.java:136)
at org.openqa.selenium.remote.codec.w3c.W3CHttpResponseCodec.decode(W3CHttpResponseCodec.java:50)
at org.openqa.selenium.remote.HttpCommandExecutor.execute(HttpCommandExecutor.java:190)
at org.openqa.selenium.remote.service.DriverCommandExecutor.invokeExecute(DriverCommandExecutor.java:216)
at org.openqa.selenium.remote.service.DriverCommandExecutor.execute(DriverCommandExecutor.java:174)
at org.openqa.selenium.remote.RemoteWebDriver.execute(RemoteWebDriver.java:545)
at org.openqa.selenium.remote.ElementLocation$ElementFinder$2.findElement(ElementLocation.java:165)
at org.openqa.selenium.remote.ElementLocation.findElement(ElementLocation.java:59)
at org.openqa.selenium.remote.RemoteWebDriver.findElement(RemoteWebDriver.java:368)
at org.openqa.selenium.remote.RemoteWebDriver.findElement(RemoteWebDriver.java:362)
at PageObjects.IntroductionPage.getTextForElement(IntroductionPage.java:106)
at StepDefinitions.ArrayStepDefintions.the_user_should_be_presented_with_the_run_result(ArrayStepDefintions.java:159)
at ✽.the user should be presented with the Run result from sheet "pythonCode" and row 4(file:///C:/Projects/newFolder-3/Repo1/src/test/resources/Features/ArrayDetailsPage.feature:179)
]]>
    </error>
  </testcase> <!-- runScenario -->
  <testcase classname="TestRunners.TestRunner" name="runScenario" time="8.666"/>
  <testcase classname="TestRunners.TestRunner" name="runScenario" time="9.672"/>
  <testcase classname="TestRunners.TestRunner" name="runScenario" time="12.890"/>
  <testcase classname="TestRunners.TestRunner" name="runScenario" time="7.573"/>
  <testcase classname="TestRunners.TestRunner" name="runScenario" time="11.542"/>
  <testcase classname="TestRunners.TestRunner" name="runScenario" time="4.157"/>
  <testcase classname="TestRunners.TestRunner" name="runScenario" time="8.360"/>
  <testcase classname="TestRunners.TestRunner" name="runScenario" time="10.479"/>
  <testcase classname="TestRunners.TestRunner" name="runScenario" time="7.075"/>
  <testcase classname="TestRunners.TestRunner" name="runScenario" time="4.270"/>
  <testcase classname="TestRunners.TestRunner" name="runScenario" time="40.894"/>
  <testcase classname="TestRunners.TestRunner" name="runScenario" time="7.104"/>
  <testcase classname="TestRunners.TestRunner" name="runScenario" time="8.486"/>
  <testcase classname="TestRunners.TestRunner" name="runScenario" time="3.409"/>
  <testcase classname="TestRunners.TestRunner" name="runScenario" time="9.582"/>
  <testcase classname="TestRunners.TestRunner" name="runScenario" time="9.892"/>
  <testcase classname="TestRunners.TestRunner" name="runScenario" time="8.859"/>
  <testcase classname="TestRunners.TestRunner" name="runScenario" time="8.288"/>
  <testcase classname="TestRunners.TestRunner" name="runScenario" time="7.760"/>
  <testcase classname="TestRunners.TestRunner" name="runScenario" time="3.992"/>
  <testcase classname="TestRunners.TestRunner" name="runScenario" time="13.594"/>
  <testcase classname="TestRunners.TestRunner" name="runScenario" time="5.422"/>
  <testcase classname="TestRunners.TestRunner" name="runScenario" time="9.562"/>
  <testcase classname="TestRunners.TestRunner" name="runScenario" time="9.630"/>
  <testcase classname="TestRunners.TestRunner" name="runScenario" time="3.743"/>
  <testcase classname="TestRunners.TestRunner" name="runScenario" time="13.034"/>
  <testcase classname="TestRunners.TestRunner" name="runScenario" time="43.377"/>
  <testcase classname="TestRunners.TestRunner" name="runScenario" time="15.151"/>
  <testcase classname="TestRunners.TestRunner" name="runScenario" time="4.421"/>
  <testcase classname="TestRunners.TestRunner" name="runScenario" time="7.427"/>
  <testcase classname="TestRunners.TestRunner" name="runScenario" time="7.953"/>
  <testcase classname="TestRunners.TestRunner" name="runScenario" time="4.836"/>
  <testcase classname="TestRunners.TestRunner" name="runScenario" time="3.770"/>
  <testcase classname="TestRunners.TestRunner" name="runScenario" time="4.326"/>
  <testcase classname="TestRunners.TestRunner" name="runScenario" time="8.221"/>
  <testcase classname="TestRunners.TestRunner" name="runScenario" time="7.930"/>
  <testcase classname="TestRunners.TestRunner" name="runScenario" time="13.368">
    <error message="Build info: version: &#039;4.26.0&#039;, revision: &#039;8ccf0219d7&#039;
System info: os.name: &#039;Windows 11&#039;, os.arch: &#039;amd64&#039;, os.version: &#039;10.0&#039;, java.version: &#039;21.0.5&#039;
Driver info: org.openqa.selenium.firefox.FirefoxDriver
Command: [fa0bfbff-da0a-4873-a7bb-ec3136d05ecb, getAlertText {}]
Capabilities {acceptInsecureCerts: true, browserName: firefox, browserVersion: 133.0.3, moz:accessibilityChecks: false, moz:buildID: 20241209150345, moz:debuggerAddress: 127.0.0.1:23959, moz:geckodriverVersion: 0.35.0, moz:headless: false, moz:platformVersion: 10.0, moz:processID: 37148, moz:profile: C:\Users\vamsh\AppData\Loca..., moz:shutdownTimeout: 60000, moz:webdriverClick: true, moz:windowless: false, pageLoadStrategy: normal, platformName: windows, proxy: Proxy(), se:cdp: ws://127.0.0.1:23959/devtoo..., se:cdpVersion: 85.0, setWindowRect: true, strictFileInteractability: false, timeouts: {implicit: 0, pageLoad: 300000, script: 30000}, unhandledPromptBehavior: dismiss and notify, userAgent: Mozilla/5.0 (Windows NT 10....}
Session ID: fa0bfbff-da0a-4873-a7bb-ec3136d05ecb" type="org.openqa.selenium.NoAlertPresentException">
      <![CDATA[org.openqa.selenium.NoAlertPresentException: Build info: version: '4.26.0', revision: '8ccf0219d7'
System info: os.name: 'Windows 11', os.arch: 'amd64', os.version: '10.0', java.version: '21.0.5'
Driver info: org.openqa.selenium.firefox.FirefoxDriver
Command: [fa0bfbff-da0a-4873-a7bb-ec3136d05ecb, getAlertText {}]
Capabilities {acceptInsecureCerts: true, browserName: firefox, browserVersion: 133.0.3, moz:accessibilityChecks: false, moz:buildID: 20241209150345, moz:debuggerAddress: 127.0.0.1:23959, moz:geckodriverVersion: 0.35.0, moz:headless: false, moz:platformVersion: 10.0, moz:processID: 37148, moz:profile: C:\Users\vamsh\AppData\Loca..., moz:shutdownTimeout: 60000, moz:webdriverClick: true, moz:windowless: false, pageLoadStrategy: normal, platformName: windows, proxy: Proxy(), se:cdp: ws://127.0.0.1:23959/devtoo..., se:cdpVersion: 85.0, setWindowRect: true, strictFileInteractability: false, timeouts: {implicit: 0, pageLoad: 300000, script: 30000}, unhandledPromptBehavior: dismiss and notify, userAgent: Mozilla/5.0 (Windows NT 10....}
Session ID: fa0bfbff-da0a-4873-a7bb-ec3136d05ecb
at java.base/jdk.internal.reflect.DirectConstructorHandleAccessor.newInstance(DirectConstructorHandleAccessor.java:62)
at java.base/java.lang.reflect.Constructor.newInstanceWithCaller(Constructor.java:502)
at java.base/java.lang.reflect.Constructor.newInstance(Constructor.java:486)
at org.openqa.selenium.remote.ErrorCodec.decode(ErrorCodec.java:167)
at org.openqa.selenium.remote.codec.w3c.W3CHttpResponseCodec.decode(W3CHttpResponseCodec.java:138)
at org.openqa.selenium.remote.codec.w3c.W3CHttpResponseCodec.decode(W3CHttpResponseCodec.java:50)
at org.openqa.selenium.remote.HttpCommandExecutor.execute(HttpCommandExecutor.java:190)
at org.openqa.selenium.remote.service.DriverCommandExecutor.invokeExecute(DriverCommandExecutor.java:216)
at org.openqa.selenium.remote.service.DriverCommandExecutor.execute(DriverCommandExecutor.java:174)
at org.openqa.selenium.remote.RemoteWebDriver.execute(RemoteWebDriver.java:545)
at org.openqa.selenium.remote.RemoteWebDriver.execute(RemoteWebDriver.java:618)
at org.openqa.selenium.remote.RemoteWebDriver.execute(RemoteWebDriver.java:622)
at org.openqa.selenium.remote.RemoteWebDriver$RemoteTargetLocator.alert(RemoteWebDriver.java:1190)
at PageObjects.IntroductionPage.getAlertText(IntroductionPage.java:134)
at StepDefinitions.DSIntroductionDetails.the_user_should_able_to_see_an_error_message_in_alert_window(DSIntroductionDetails.java:203)
at ✽.The user should able to see an error message in alert window(file:///C:/Projects/newFolder-3/Repo1/src/test/resources/Features/ArrayDetailsPage.feature:73)
]]>
    </error>
  </testcase> <!-- runScenario -->
  <testcase classname="TestRunners.TestRunner" name="runScenario" time="12.885"/>
  <testcase classname="TestRunners.TestRunner" name="runScenario" time="13.308"/>
  <testcase classname="TestRunners.TestRunner" name="runScenario" time="4.815"/>
  <testcase classname="TestRunners.TestRunner" name="runScenario" time="7.838"/>
  <testcase classname="TestRunners.TestRunner" name="runScenario" time="10.109"/>
  <testcase classname="TestRunners.TestRunner" name="runScenario" time="10.742">
    <error message="Build info: version: &#039;4.26.0&#039;, revision: &#039;8ccf0219d7&#039;
System info: os.name: &#039;Windows 11&#039;, os.arch: &#039;amd64&#039;, os.version: &#039;10.0&#039;, java.version: &#039;21.0.5&#039;
Driver info: org.openqa.selenium.firefox.FirefoxDriver
Command: [8a5f77b9-e19c-44a1-8c42-aa4e967c58c4, getAlertText {}]
Capabilities {acceptInsecureCerts: true, browserName: firefox, browserVersion: 133.0.3, moz:accessibilityChecks: false, moz:buildID: 20241209150345, moz:debuggerAddress: 127.0.0.1:29096, moz:geckodriverVersion: 0.35.0, moz:headless: false, moz:platformVersion: 10.0, moz:processID: 44272, moz:profile: C:\Users\vamsh\AppData\Loca..., moz:shutdownTimeout: 60000, moz:webdriverClick: true, moz:windowless: false, pageLoadStrategy: normal, platformName: windows, proxy: Proxy(), se:cdp: ws://127.0.0.1:29096/devtoo..., se:cdpVersion: 85.0, setWindowRect: true, strictFileInteractability: false, timeouts: {implicit: 0, pageLoad: 300000, script: 30000}, unhandledPromptBehavior: dismiss and notify, userAgent: Mozilla/5.0 (Windows NT 10....}
Session ID: 8a5f77b9-e19c-44a1-8c42-aa4e967c58c4" type="org.openqa.selenium.NoAlertPresentException">
      <![CDATA[org.openqa.selenium.NoAlertPresentException: Build info: version: '4.26.0', revision: '8ccf0219d7'
System info: os.name: 'Windows 11', os.arch: 'amd64', os.version: '10.0', java.version: '21.0.5'
Driver info: org.openqa.selenium.firefox.FirefoxDriver
Command: [8a5f77b9-e19c-44a1-8c42-aa4e967c58c4, getAlertText {}]
Capabilities {acceptInsecureCerts: true, browserName: firefox, browserVersion: 133.0.3, moz:accessibilityChecks: false, moz:buildID: 20241209150345, moz:debuggerAddress: 127.0.0.1:29096, moz:geckodriverVersion: 0.35.0, moz:headless: false, moz:platformVersion: 10.0, moz:processID: 44272, moz:profile: C:\Users\vamsh\AppData\Loca..., moz:shutdownTimeout: 60000, moz:webdriverClick: true, moz:windowless: false, pageLoadStrategy: normal, platformName: windows, proxy: Proxy(), se:cdp: ws://127.0.0.1:29096/devtoo..., se:cdpVersion: 85.0, setWindowRect: true, strictFileInteractability: false, timeouts: {implicit: 0, pageLoad: 300000, script: 30000}, unhandledPromptBehavior: dismiss and notify, userAgent: Mozilla/5.0 (Windows NT 10....}
Session ID: 8a5f77b9-e19c-44a1-8c42-aa4e967c58c4
at java.base/jdk.internal.reflect.DirectConstructorHandleAccessor.newInstance(DirectConstructorHandleAccessor.java:62)
at java.base/java.lang.reflect.Constructor.newInstanceWithCaller(Constructor.java:502)
at java.base/java.lang.reflect.Constructor.newInstance(Constructor.java:486)
at org.openqa.selenium.remote.ErrorCodec.decode(ErrorCodec.java:167)
at org.openqa.selenium.remote.codec.w3c.W3CHttpResponseCodec.decode(W3CHttpResponseCodec.java:138)
at org.openqa.selenium.remote.codec.w3c.W3CHttpResponseCodec.decode(W3CHttpResponseCodec.java:50)
at org.openqa.selenium.remote.HttpCommandExecutor.execute(HttpCommandExecutor.java:190)
at org.openqa.selenium.remote.service.DriverCommandExecutor.invokeExecute(DriverCommandExecutor.java:216)
at org.openqa.selenium.remote.service.DriverCommandExecutor.execute(DriverCommandExecutor.java:174)
at org.openqa.selenium.remote.RemoteWebDriver.execute(RemoteWebDriver.java:545)
at org.openqa.selenium.remote.RemoteWebDriver.execute(RemoteWebDriver.java:618)
at org.openqa.selenium.remote.RemoteWebDriver.execute(RemoteWebDriver.java:622)
at org.openqa.selenium.remote.RemoteWebDriver$RemoteTargetLocator.alert(RemoteWebDriver.java:1190)
at PageObjects.IntroductionPage.getAlertText(IntroductionPage.java:134)
at StepDefinitions.Tree.the_user_see_error_msg_in_alert_window(Tree.java:113)
at ✽.The user see error msg in alert window(file:///C:/Projects/newFolder-3/Repo1/src/test/resources/Features/LinkedList.feature:61)
]]>
    </error>
  </testcase> <!-- runScenario -->
  <testcase classname="TestRunners.TestRunner" name="runScenario" time="9.091"/>
  <testcase classname="TestRunners.TestRunner" name="runScenario" time="4.408"/>
  <testcase classname="TestRunners.TestRunner" name="runScenario" time="40.448">
    <failure message="expected [hello] but found []" type="java.lang.AssertionError">
      <![CDATA[java.lang.AssertionError: expected [hello] but found []
at org.testng.Assert.fail(Assert.java:111)
at org.testng.Assert.failNotEquals(Assert.java:1578)
at org.testng.Assert.assertEqualsImpl(Assert.java:150)
at org.testng.Assert.assertEquals(Assert.java:132)
at org.testng.Assert.assertEquals(Assert.java:656)
at org.testng.Assert.assertEquals(Assert.java:666)
at StepDefinitions.Tree.the_user_is_able_to_see_the_output_inside_the_console(Tree.java:101)
at ✽.The user is able to see the output inside the console.(file:///C:/Projects/newFolder-3/Repo1/src/test/resources/Features/Tree.feature:304)
]]>
    </failure>
  </testcase> <!-- runScenario -->
  <testcase classname="TestRunners.TestRunner" name="runScenario" time="3.735"/>
  <testcase classname="TestRunners.TestRunner" name="runScenario" time="11.450"/>
  <testcase classname="TestRunners.TestRunner" name="runScenario" time="6.505"/>
  <testcase classname="TestRunners.TestRunner" name="runScenario" time="4.556"/>
  <testcase classname="TestRunners.TestRunner" name="runScenario" time="40.219"/>
  <testcase classname="TestRunners.TestRunner" name="runScenario" time="36.221"/>
  <testcase classname="TestRunners.TestRunner" name="runScenario" time="5.109"/>
  <testcase classname="TestRunners.TestRunner" name="runScenario" time="7.418"/>
  <testcase classname="TestRunners.TestRunner" name="runScenario" time="10.268">
    <error message="element not interactable
  (Session info: chrome=131.0.6778.140)
Build info: version: &#039;4.26.0&#039;, revision: &#039;8ccf0219d7&#039;
System info: os.name: &#039;Windows 11&#039;, os.arch: &#039;amd64&#039;, os.version: &#039;10.0&#039;, java.version: &#039;21.0.5&#039;
Driver info: org.openqa.selenium.chrome.ChromeDriver
Command: [91f3d01a5c694524ccb9dd007ac22d5f, sendKeysToElement {id=f.5E6C787A34CDD0EDE1706A9221F42270.d.78B07BBB101947A207B86079050FBC6D.e.48, value=[Ljava.lang.CharSequence;@436e38dd}]
Capabilities {acceptInsecureCerts: false, browserName: chrome, browserVersion: 131.0.6778.140, chrome: {chromedriverVersion: 131.0.6778.108 (3b014839fbc..., userDataDir: C:\Users\vamsh\AppData\Loca...}, fedcm:accounts: true, goog:chromeOptions: {debuggerAddress: localhost:62038}, networkConnectionEnabled: false, pageLoadStrategy: normal, platformName: windows, proxy: Proxy(), se:cdp: ws://localhost:62038/devtoo..., se:cdpVersion: 131.0.6778.140, setWindowRect: true, strictFileInteractability: false, timeouts: {implicit: 0, pageLoad: 300000, script: 30000}, unhandledPromptBehavior: dismiss and notify, webauthn:extension:credBlob: true, webauthn:extension:largeBlob: true, webauthn:extension:minPinLength: true, webauthn:extension:prf: true, webauthn:virtualAuthenticators: true}
Element: [[ChromeDriver: chrome on windows (91f3d01a5c694524ccb9dd007ac22d5f)] -&gt; css selector: .CodeMirror textarea]
Session ID: 91f3d01a5c694524ccb9dd007ac22d5f" type="org.openqa.selenium.ElementNotInteractableException">
      <![CDATA[org.openqa.selenium.ElementNotInteractableException: element not interactable
  (Session info: chrome=131.0.6778.140)
Build info: version: '4.26.0', revision: '8ccf0219d7'
System info: os.name: 'Windows 11', os.arch: 'amd64', os.version: '10.0', java.version: '21.0.5'
Driver info: org.openqa.selenium.chrome.ChromeDriver
Command: [91f3d01a5c694524ccb9dd007ac22d5f, sendKeysToElement {id=f.5E6C787A34CDD0EDE1706A9221F42270.d.78B07BBB101947A207B86079050FBC6D.e.48, value=[Ljava.lang.CharSequence;@436e38dd}]
Capabilities {acceptInsecureCerts: false, browserName: chrome, browserVersion: 131.0.6778.140, chrome: {chromedriverVersion: 131.0.6778.108 (3b014839fbc..., userDataDir: C:\Users\vamsh\AppData\Loca...}, fedcm:accounts: true, goog:chromeOptions: {debuggerAddress: localhost:62038}, networkConnectionEnabled: false, pageLoadStrategy: normal, platformName: windows, proxy: Proxy(), se:cdp: ws://localhost:62038/devtoo..., se:cdpVersion: 131.0.6778.140, setWindowRect: true, strictFileInteractability: false, timeouts: {implicit: 0, pageLoad: 300000, script: 30000}, unhandledPromptBehavior: dismiss and notify, webauthn:extension:credBlob: true, webauthn:extension:largeBlob: true, webauthn:extension:minPinLength: true, webauthn:extension:prf: true, webauthn:virtualAuthenticators: true}
Element: [[ChromeDriver: chrome on windows (91f3d01a5c694524ccb9dd007ac22d5f)] -> css selector: .CodeMirror textarea]
Session ID: 91f3d01a5c694524ccb9dd007ac22d5f
at java.base/jdk.internal.reflect.DirectConstructorHandleAccessor.newInstance(DirectConstructorHandleAccessor.java:62)
at java.base/java.lang.reflect.Constructor.newInstanceWithCaller(Constructor.java:502)
at java.base/java.lang.reflect.Constructor.newInstance(Constructor.java:486)
at org.openqa.selenium.remote.ErrorCodec.decode(ErrorCodec.java:167)
at org.openqa.selenium.remote.codec.w3c.W3CHttpResponseCodec.decode(W3CHttpResponseCodec.java:138)
at org.openqa.selenium.remote.codec.w3c.W3CHttpResponseCodec.decode(W3CHttpResponseCodec.java:50)
at org.openqa.selenium.remote.HttpCommandExecutor.execute(HttpCommandExecutor.java:190)
at org.openqa.selenium.remote.service.DriverCommandExecutor.invokeExecute(DriverCommandExecutor.java:216)
at org.openqa.selenium.remote.service.DriverCommandExecutor.execute(DriverCommandExecutor.java:174)
at org.openqa.selenium.remote.RemoteWebDriver.execute(RemoteWebDriver.java:545)
at org.openqa.selenium.remote.RemoteWebElement.execute(RemoteWebElement.java:223)
at org.openqa.selenium.remote.RemoteWebElement.sendKeys(RemoteWebElement.java:110)
at PageObjects.IntroductionPage.enterCodeInEditor(IntroductionPage.java:82)
at StepDefinitions.DSIntroductionDetails.user_writes_invalid_code_and_clicks_run_button(DSIntroductionDetails.java:184)
at ✽.User writes invalid code and clicks run button(file:///C:/Projects/newFolder-3/Repo1/src/test/resources/Features/ArrayDetailsPage.feature:47)
]]>
    </error>
  </testcase> <!-- runScenario -->
  <testcase classname="TestRunners.TestRunner" name="runScenario" time="7.576"/>
  <testcase classname="TestRunners.TestRunner" name="runScenario" time="6.309"/>
  <testcase classname="TestRunners.TestRunner" name="runScenario" time="11.008"/>
  <testcase classname="TestRunners.TestRunner" name="runScenario" time="35.455"/>
  <testcase classname="TestRunners.TestRunner" name="runScenario" time="3.592"/>
  <testcase classname="TestRunners.TestRunner" name="runScenario" time="9.809"/>
  <testcase classname="TestRunners.TestRunner" name="runScenario" time="9.634"/>
  <testcase classname="TestRunners.TestRunner" name="runScenario" time="8.787"/>
  <testcase classname="TestRunners.TestRunner" name="runScenario" time="13.263"/>
  <testcase classname="TestRunners.TestRunner" name="runScenario" time="6.489"/>
  <testcase classname="TestRunners.TestRunner" name="runScenario" time="6.154"/>
  <testcase classname="TestRunners.TestRunner" name="runScenario" time="8.321"/>
  <testcase classname="TestRunners.TestRunner" name="runScenario" time="8.395"/>
  <testcase classname="TestRunners.TestRunner" name="runScenario" time="5.390"/>
  <testcase classname="TestRunners.TestRunner" name="runScenario" time="8.428"/>
  <testcase classname="TestRunners.TestRunner" name="runScenario" time="9.881"/>
  <testcase classname="TestRunners.TestRunner" name="runScenario" time="8.125"/>
  <testcase classname="TestRunners.TestRunner" name="runScenario" time="11.930">
    <error message="Build info: version: &#039;4.26.0&#039;, revision: &#039;8ccf0219d7&#039;
System info: os.name: &#039;Windows 11&#039;, os.arch: &#039;amd64&#039;, os.version: &#039;10.0&#039;, java.version: &#039;21.0.5&#039;
Driver info: org.openqa.selenium.firefox.FirefoxDriver
Command: [d2bdc711-5394-4e13-8bc6-ce4de2910796, getAlertText {}]
Capabilities {acceptInsecureCerts: true, browserName: firefox, browserVersion: 133.0.3, moz:accessibilityChecks: false, moz:buildID: 20241209150345, moz:debuggerAddress: 127.0.0.1:25925, moz:geckodriverVersion: 0.35.0, moz:headless: false, moz:platformVersion: 10.0, moz:processID: 12736, moz:profile: C:\Users\vamsh\AppData\Loca..., moz:shutdownTimeout: 60000, moz:webdriverClick: true, moz:windowless: false, pageLoadStrategy: normal, platformName: windows, proxy: Proxy(), se:cdp: ws://127.0.0.1:25925/devtoo..., se:cdpVersion: 85.0, setWindowRect: true, strictFileInteractability: false, timeouts: {implicit: 0, pageLoad: 300000, script: 30000}, unhandledPromptBehavior: dismiss and notify, userAgent: Mozilla/5.0 (Windows NT 10....}
Session ID: d2bdc711-5394-4e13-8bc6-ce4de2910796" type="org.openqa.selenium.NoAlertPresentException">
      <![CDATA[org.openqa.selenium.NoAlertPresentException: Build info: version: '4.26.0', revision: '8ccf0219d7'
System info: os.name: 'Windows 11', os.arch: 'amd64', os.version: '10.0', java.version: '21.0.5'
Driver info: org.openqa.selenium.firefox.FirefoxDriver
Command: [d2bdc711-5394-4e13-8bc6-ce4de2910796, getAlertText {}]
Capabilities {acceptInsecureCerts: true, browserName: firefox, browserVersion: 133.0.3, moz:accessibilityChecks: false, moz:buildID: 20241209150345, moz:debuggerAddress: 127.0.0.1:25925, moz:geckodriverVersion: 0.35.0, moz:headless: false, moz:platformVersion: 10.0, moz:processID: 12736, moz:profile: C:\Users\vamsh\AppData\Loca..., moz:shutdownTimeout: 60000, moz:webdriverClick: true, moz:windowless: false, pageLoadStrategy: normal, platformName: windows, proxy: Proxy(), se:cdp: ws://127.0.0.1:25925/devtoo..., se:cdpVersion: 85.0, setWindowRect: true, strictFileInteractability: false, timeouts: {implicit: 0, pageLoad: 300000, script: 30000}, unhandledPromptBehavior: dismiss and notify, userAgent: Mozilla/5.0 (Windows NT 10....}
Session ID: d2bdc711-5394-4e13-8bc6-ce4de2910796
at java.base/jdk.internal.reflect.DirectConstructorHandleAccessor.newInstance(DirectConstructorHandleAccessor.java:62)
at java.base/java.lang.reflect.Constructor.newInstanceWithCaller(Constructor.java:502)
at java.base/java.lang.reflect.Constructor.newInstance(Constructor.java:486)
at org.openqa.selenium.remote.ErrorCodec.decode(ErrorCodec.java:167)
at org.openqa.selenium.remote.codec.w3c.W3CHttpResponseCodec.decode(W3CHttpResponseCodec.java:138)
at org.openqa.selenium.remote.codec.w3c.W3CHttpResponseCodec.decode(W3CHttpResponseCodec.java:50)
at org.openqa.selenium.remote.HttpCommandExecutor.execute(HttpCommandExecutor.java:190)
at org.openqa.selenium.remote.service.DriverCommandExecutor.invokeExecute(DriverCommandExecutor.java:216)
at org.openqa.selenium.remote.service.DriverCommandExecutor.execute(DriverCommandExecutor.java:174)
at org.openqa.selenium.remote.RemoteWebDriver.execute(RemoteWebDriver.java:545)
at org.openqa.selenium.remote.RemoteWebDriver.execute(RemoteWebDriver.java:618)
at org.openqa.selenium.remote.RemoteWebDriver.execute(RemoteWebDriver.java:622)
at org.openqa.selenium.remote.RemoteWebDriver$RemoteTargetLocator.alert(RemoteWebDriver.java:1190)
at PageObjects.IntroductionPage.getAlertText(IntroductionPage.java:134)
at StepDefinitions.DSIntroductionDetails.the_user_should_able_to_see_an_error_message_in_alert_window(DSIntroductionDetails.java:203)
at ✽.The user should able to see an error message in alert window(file:///C:/Projects/newFolder-3/Repo1/src/test/resources/Features/ArrayDetailsPage.feature:98)
]]>
    </error>
  </testcase> <!-- runScenario -->
  <testcase classname="TestRunners.TestRunner" name="runScenario" time="39.046"/>
  <testcase classname="TestRunners.TestRunner" name="runScenario" time="8.582"/>
  <testcase classname="TestRunners.TestRunner" name="runScenario" time="37.982"/>
  <testcase classname="TestRunners.TestRunner" name="runScenario" time="5.177"/>
  <testcase classname="TestRunners.TestRunner" name="runScenario" time="9.204"/>
  <testcase classname="TestRunners.TestRunner" name="runScenario" time="12.184"/>
  <testcase classname="TestRunners.TestRunner" name="runScenario" time="8.830"/>
  <testcase classname="TestRunners.TestRunner" name="runScenario" time="4.500"/>
  <testcase classname="TestRunners.TestRunner" name="runScenario" time="9.532"/>
  <testcase classname="TestRunners.TestRunner" name="runScenario" time="9.457"/>
  <testcase classname="TestRunners.TestRunner" name="runScenario" time="4.877"/>
  <testcase classname="TestRunners.TestRunner" name="runScenario" time="37.606"/>
  <testcase classname="TestRunners.TestRunner" name="runScenario" time="8.192"/>
  <testcase classname="TestRunners.TestRunner" name="runScenario" time="4.170"/>
  <testcase classname="TestRunners.TestRunner" name="runScenario" time="8.707"/>
  <testcase classname="TestRunners.TestRunner" name="runScenario" time="7.840"/>
  <testcase classname="TestRunners.TestRunner" name="runScenario" time="7.200"/>
  <testcase classname="TestRunners.TestRunner" name="runScenario" time="7.891"/>
  <testcase classname="TestRunners.TestRunner" name="runScenario" time="7.665"/>
  <testcase classname="TestRunners.TestRunner" name="runScenario" time="10.387"/>
  <testcase classname="TestRunners.TestRunner" name="runScenario" time="8.280"/>
  <testcase classname="TestRunners.TestRunner" name="runScenario" time="4.235"/>
  <testcase classname="TestRunners.TestRunner" name="runScenario" time="43.680"/>
  <testcase classname="TestRunners.TestRunner" name="runScenario" time="8.513"/>
  <testcase classname="TestRunners.TestRunner" name="runScenario" time="12.490"/>
  <testcase classname="TestRunners.TestRunner" name="runScenario" time="9.838"/>
  <testcase classname="TestRunners.TestRunner" name="runScenario" time="8.161"/>
  <testcase classname="TestRunners.TestRunner" name="runScenario" time="13.328"/>
  <testcase classname="TestRunners.TestRunner" name="runScenario" time="6.933"/>
  <testcase classname="TestRunners.TestRunner" name="runScenario" time="7.423"/>
  <testcase classname="TestRunners.TestRunner" name="runScenario" time="5.461"/>
  <testcase classname="TestRunners.TestRunner" name="runScenario" time="7.757"/>
  <testcase classname="TestRunners.TestRunner" name="runScenario" time="10.313"/>
  <testcase classname="TestRunners.TestRunner" name="runScenario" time="3.754"/>
  <testcase classname="TestRunners.TestRunner" name="runScenario" time="5.429"/>
  <testcase classname="TestRunners.TestRunner" name="runScenario" time="3.786"/>
  <testcase classname="TestRunners.TestRunner" name="runScenario" time="9.991"/>
  <testcase classname="TestRunners.TestRunner" name="runScenario" time="37.651"/>
  <testcase classname="TestRunners.TestRunner" name="runScenario" time="10.376"/>
  <testcase classname="TestRunners.TestRunner" name="runScenario" time="10.145"/>
  <testcase classname="TestRunners.TestRunner" name="runScenario" time="7.939"/>
  <testcase classname="TestRunners.TestRunner" name="runScenario" time="7.065"/>
  <testcase classname="TestRunners.TestRunner" name="runScenario" time="10.447"/>
  <testcase classname="TestRunners.TestRunner" name="runScenario" time="10.085"/>
  <testcase classname="TestRunners.TestRunner" name="runScenario" time="8.534"/>
  <testcase classname="TestRunners.TestRunner" name="runScenario" time="7.424"/>
  <testcase classname="TestRunners.TestRunner" name="runScenario" time="12.160"/>
  <testcase classname="TestRunners.TestRunner" name="runScenario" time="8.905"/>
  <testcase classname="TestRunners.TestRunner" name="runScenario" time="12.649"/>
  <testcase classname="TestRunners.TestRunner" name="runScenario" time="9.054"/>
  <testcase classname="TestRunners.TestRunner" name="runScenario" time="7.646"/>
  <testcase classname="TestRunners.TestRunner" name="runScenario" time="9.734"/>
  <testcase classname="TestRunners.TestRunner" name="runScenario" time="6.863"/>
</testsuite> <!-- TestRunners.TestRunner -->
